
 Run on time: 2022-06-29 16:01:05.133365

 Arguments:
	 gpu                  : True
	 log                  : True
	 seed                 : 0
	 momentum             : 0.9
	 amsgrad              : True
	 dataset              : STL10
	 batch_size           : 8
	 architecture         : RESNET18_LIP
	 im_size              : 128
	 relu_threshold       : 4.0
	 learning_rate        : 0.01
	 pretrained_backbone  : 
	 pretrained_ann       : 
	 weight_decay         : 0.0
	 test_only            : False
	 epochs               : 300
	 lr_interval          : [180, 240, 270]
	 lr_reduce            : 5
	 optimizer            : SGD
	 dropout              : 0.2
	 kernel_size          : 3
	 dont_save            : False
	 visualize            : False
	 devices              : 0
 DataParallel(
  (module): NetworkByName(
    (net): ResNet(
      (conv1): Conv2d(3, 64, kernel_size=(7, 7), stride=(2, 2), padding=(3, 3), bias=False)
      (bn1): BatchNorm2d(64, eps=1e-05, momentum=0.1, affine=True, track_running_stats=True)
      (relu): ReLU(inplace=True)
      (pool): MaxPool2d(kernel_size=2, stride=2, padding=0, dilation=1, ceil_mode=False)
      (layer1): Sequential(
        (0): BasicBlock(
          (conv1): Conv2d(64, 64, kernel_size=(3, 3), stride=(1, 1), padding=(1, 1), bias=False)
          (bn1): BatchNorm2d(64, eps=1e-05, momentum=0.1, affine=True, track_running_stats=True)
          (relu): ReLU(inplace=True)
          (conv2): Conv2d(64, 64, kernel_size=(3, 3), stride=(1, 1), padding=(1, 1), bias=False)
          (bn2): BatchNorm2d(64, eps=1e-05, momentum=0.1, affine=True, track_running_stats=True)
        )
        (1): BasicBlock(
          (conv1): Conv2d(64, 64, kernel_size=(3, 3), stride=(1, 1), padding=(1, 1), bias=False)
          (bn1): BatchNorm2d(64, eps=1e-05, momentum=0.1, affine=True, track_running_stats=True)
          (relu): ReLU(inplace=True)
          (conv2): Conv2d(64, 64, kernel_size=(3, 3), stride=(1, 1), padding=(1, 1), bias=False)
          (bn2): BatchNorm2d(64, eps=1e-05, momentum=0.1, affine=True, track_running_stats=True)
        )
      )
      (layer2): Sequential(
        (0): BasicBlock(
          (conv1): Conv2d(64, 128, kernel_size=(3, 3), stride=(1, 1), padding=(1, 1), bias=False)
          (bn1): BatchNorm2d(128, eps=1e-05, momentum=0.1, affine=True, track_running_stats=True)
          (relu): ReLU(inplace=True)
          (conv2): Conv2d(128, 128, kernel_size=(3, 3), stride=(1, 1), padding=(1, 1), bias=False)
          (bn2): BatchNorm2d(128, eps=1e-05, momentum=0.1, affine=True, track_running_stats=True)
          (downsample): Sequential(
            (0): Conv2d(64, 128, kernel_size=(1, 1), stride=(1, 1), bias=False)
            (1): BatchNorm2d(128, eps=1e-05, momentum=0.1, affine=True, track_running_stats=True)
          )
        )
        (1): BasicBlock(
          (conv1): Conv2d(128, 128, kernel_size=(3, 3), stride=(1, 1), padding=(1, 1), bias=False)
          (bn1): BatchNorm2d(128, eps=1e-05, momentum=0.1, affine=True, track_running_stats=True)
          (relu): ReLU(inplace=True)
          (conv2): Conv2d(128, 128, kernel_size=(3, 3), stride=(1, 1), padding=(1, 1), bias=False)
          (bn2): BatchNorm2d(128, eps=1e-05, momentum=0.1, affine=True, track_running_stats=True)
        )
        (pool): Pool2d(
          (logit): Sequential(
            (pool_weight): LIP_BASE(
              (logit): Sequential(
                (0): Conv2d(128, 128, kernel_size=(1, 1), stride=(1, 1))
                (1): BatchNorm2d(128, eps=1e-05, momentum=0.1, affine=True, track_running_stats=True)
                (2): Sigmoid()
              )
            )
          )
          (pool): AvgPool2d(kernel_size=2, stride=2, padding=0)
        )
      )
      (layer3): Sequential(
        (0): BasicBlock(
          (conv1): Conv2d(128, 256, kernel_size=(3, 3), stride=(1, 1), padding=(1, 1), bias=False)
          (bn1): BatchNorm2d(256, eps=1e-05, momentum=0.1, affine=True, track_running_stats=True)
          (relu): ReLU(inplace=True)
          (conv2): Conv2d(256, 256, kernel_size=(3, 3), stride=(1, 1), padding=(1, 1), bias=False)
          (bn2): BatchNorm2d(256, eps=1e-05, momentum=0.1, affine=True, track_running_stats=True)
          (downsample): Sequential(
            (0): Conv2d(128, 256, kernel_size=(1, 1), stride=(1, 1), bias=False)
            (1): BatchNorm2d(256, eps=1e-05, momentum=0.1, affine=True, track_running_stats=True)
          )
        )
        (1): BasicBlock(
          (conv1): Conv2d(256, 256, kernel_size=(3, 3), stride=(1, 1), padding=(1, 1), bias=False)
          (bn1): BatchNorm2d(256, eps=1e-05, momentum=0.1, affine=True, track_running_stats=True)
          (relu): ReLU(inplace=True)
          (conv2): Conv2d(256, 256, kernel_size=(3, 3), stride=(1, 1), padding=(1, 1), bias=False)
          (bn2): BatchNorm2d(256, eps=1e-05, momentum=0.1, affine=True, track_running_stats=True)
        )
        (pool): Pool2d(
          (logit): Sequential(
            (pool_weight): LIP_BASE(
              (logit): Sequential(
                (0): Conv2d(256, 256, kernel_size=(1, 1), stride=(1, 1))
                (1): BatchNorm2d(256, eps=1e-05, momentum=0.1, affine=True, track_running_stats=True)
                (2): Sigmoid()
              )
            )
          )
          (pool): AvgPool2d(kernel_size=2, stride=2, padding=0)
        )
      )
      (layer4): Sequential(
        (0): BasicBlock(
          (conv1): Conv2d(256, 512, kernel_size=(3, 3), stride=(1, 1), padding=(1, 1), bias=False)
          (bn1): BatchNorm2d(512, eps=1e-05, momentum=0.1, affine=True, track_running_stats=True)
          (relu): ReLU(inplace=True)
          (conv2): Conv2d(512, 512, kernel_size=(3, 3), stride=(1, 1), padding=(1, 1), bias=False)
          (bn2): BatchNorm2d(512, eps=1e-05, momentum=0.1, affine=True, track_running_stats=True)
          (downsample): Sequential(
            (0): Conv2d(256, 512, kernel_size=(1, 1), stride=(1, 1), bias=False)
            (1): BatchNorm2d(512, eps=1e-05, momentum=0.1, affine=True, track_running_stats=True)
          )
        )
        (1): BasicBlock(
          (conv1): Conv2d(512, 512, kernel_size=(3, 3), stride=(1, 1), padding=(1, 1), bias=False)
          (bn1): BatchNorm2d(512, eps=1e-05, momentum=0.1, affine=True, track_running_stats=True)
          (relu): ReLU(inplace=True)
          (conv2): Conv2d(512, 512, kernel_size=(3, 3), stride=(1, 1), padding=(1, 1), bias=False)
          (bn2): BatchNorm2d(512, eps=1e-05, momentum=0.1, affine=True, track_running_stats=True)
        )
        (pool): Pool2d(
          (logit): Sequential(
            (pool_weight): LIP_BASE(
              (logit): Sequential(
                (0): Conv2d(512, 512, kernel_size=(1, 1), stride=(1, 1))
                (1): BatchNorm2d(512, eps=1e-05, momentum=0.1, affine=True, track_running_stats=True)
                (2): Sigmoid()
              )
            )
          )
          (pool): AvgPool2d(kernel_size=2, stride=2, padding=0)
        )
      )
      (avgpool): AdaptiveAvgPool2d(output_size=(1, 1))
      (fc): Linear(in_features=512, out_features=10, bias=True)
    )
  )
)
 SGD (
Parameter Group 0
    dampening: 0
    lr: 0.01
    momentum: 0.9
    nesterov: False
    weight_decay: 0.0
)
 Epoch: 1, lr: 1.0e-02, train_loss: 2.2154, train_acc: 0.2120 test_loss: 2.0755, test_acc: 0.2605, best: 0.2605, time: 0:01:02
 Epoch: 2, lr: 1.0e-02, train_loss: 1.9333, train_acc: 0.2582 test_loss: 1.7240, test_acc: 0.3345, best: 0.3345, time: 0:01:01
 Epoch: 3, lr: 1.0e-02, train_loss: 1.8507, train_acc: 0.2848 test_loss: 1.6889, test_acc: 0.3611, best: 0.3611, time: 0:01:00
 Epoch: 4, lr: 1.0e-02, train_loss: 1.8249, train_acc: 0.3020 test_loss: 1.6174, test_acc: 0.3719, best: 0.3719, time: 0:01:01
 Epoch: 5, lr: 1.0e-02, train_loss: 1.7585, train_acc: 0.3422 test_loss: 1.5988, test_acc: 0.4034, best: 0.4034, time: 0:01:00
 Epoch: 6, lr: 1.0e-02, train_loss: 1.7040, train_acc: 0.3640 test_loss: 1.5707, test_acc: 0.4384, best: 0.4384, time: 0:01:01
 Epoch: 7, lr: 1.0e-02, train_loss: 1.6210, train_acc: 0.3938 test_loss: 1.3848, test_acc: 0.4731, best: 0.4731, time: 0:01:01
 Epoch: 8, lr: 1.0e-02, train_loss: 1.5758, train_acc: 0.4164 test_loss: 1.5267, test_acc: 0.4335, best: 0.4731, time: 0:01:01
 Epoch: 9, lr: 1.0e-02, train_loss: 1.5456, train_acc: 0.4198 test_loss: 1.4437, test_acc: 0.4714, best: 0.4731, time: 0:01:00
 Epoch: 10, lr: 1.0e-02, train_loss: 1.4994, train_acc: 0.4492 test_loss: 1.3746, test_acc: 0.4943, best: 0.4943, time: 0:01:00
 Epoch: 11, lr: 1.0e-02, train_loss: 1.4495, train_acc: 0.4598 test_loss: 1.4664, test_acc: 0.4783, best: 0.4943, time: 0:01:00
 Epoch: 12, lr: 1.0e-02, train_loss: 1.4182, train_acc: 0.4768 test_loss: 1.3881, test_acc: 0.5111, best: 0.5111, time: 0:01:00
 Epoch: 13, lr: 1.0e-02, train_loss: 1.4063, train_acc: 0.4810 test_loss: 1.3244, test_acc: 0.5248, best: 0.5248, time: 0:01:00
 Epoch: 14, lr: 1.0e-02, train_loss: 1.3662, train_acc: 0.4938 test_loss: 1.2269, test_acc: 0.5465, best: 0.5465, time: 0:01:00
 Epoch: 15, lr: 1.0e-02, train_loss: 1.3453, train_acc: 0.5050 test_loss: 1.3114, test_acc: 0.5216, best: 0.5465, time: 0:00:59
 Epoch: 16, lr: 1.0e-02, train_loss: 1.3122, train_acc: 0.5202 test_loss: 1.1753, test_acc: 0.5716, best: 0.5716, time: 0:01:00
 Epoch: 17, lr: 1.0e-02, train_loss: 1.2699, train_acc: 0.5334 test_loss: 1.2556, test_acc: 0.5583, best: 0.5716, time: 0:01:00
 Epoch: 18, lr: 1.0e-02, train_loss: 1.2516, train_acc: 0.5452 test_loss: 1.2519, test_acc: 0.5497, best: 0.5716, time: 0:01:00
 Epoch: 19, lr: 1.0e-02, train_loss: 1.2338, train_acc: 0.5554 test_loss: 1.0874, test_acc: 0.6028, best: 0.6028, time: 0:01:00
 Epoch: 20, lr: 1.0e-02, train_loss: 1.2046, train_acc: 0.5634 test_loss: 1.1419, test_acc: 0.5945, best: 0.6028, time: 0:01:00
 Epoch: 21, lr: 1.0e-02, train_loss: 1.1782, train_acc: 0.5698 test_loss: 1.0217, test_acc: 0.6281, best: 0.6281, time: 0:01:00
 Epoch: 22, lr: 1.0e-02, train_loss: 1.1475, train_acc: 0.5834 test_loss: 1.2573, test_acc: 0.5810, best: 0.6281, time: 0:01:00
 Epoch: 23, lr: 1.0e-02, train_loss: 1.1444, train_acc: 0.5840 test_loss: 1.1403, test_acc: 0.5986, best: 0.6281, time: 0:01:00
 Epoch: 24, lr: 1.0e-02, train_loss: 1.1217, train_acc: 0.5912 test_loss: 1.0925, test_acc: 0.6210, best: 0.6281, time: 0:01:00
 Epoch: 25, lr: 1.0e-02, train_loss: 1.1000, train_acc: 0.6060 test_loss: 1.3830, test_acc: 0.5444, best: 0.6281, time: 0:01:00
 Epoch: 26, lr: 1.0e-02, train_loss: 1.1031, train_acc: 0.5992 test_loss: 1.0588, test_acc: 0.6329, best: 0.6329, time: 0:01:00
 Epoch: 27, lr: 1.0e-02, train_loss: 1.0741, train_acc: 0.6142 test_loss: 1.0673, test_acc: 0.6214, best: 0.6329, time: 0:01:00
 Epoch: 28, lr: 1.0e-02, train_loss: 1.0305, train_acc: 0.6304 test_loss: 0.9921, test_acc: 0.6481, best: 0.6481, time: 0:01:00
 Epoch: 29, lr: 1.0e-02, train_loss: 1.0425, train_acc: 0.6252 test_loss: 1.0246, test_acc: 0.6349, best: 0.6481, time: 0:01:00
 Epoch: 30, lr: 1.0e-02, train_loss: 0.9952, train_acc: 0.6340 test_loss: 0.9899, test_acc: 0.6590, best: 0.6590, time: 0:01:00
 Epoch: 31, lr: 1.0e-02, train_loss: 0.9958, train_acc: 0.6454 test_loss: 1.1014, test_acc: 0.6302, best: 0.6590, time: 0:01:00
 Epoch: 32, lr: 1.0e-02, train_loss: 0.9699, train_acc: 0.6558 test_loss: 0.9614, test_acc: 0.6594, best: 0.6594, time: 0:01:00
 Epoch: 33, lr: 1.0e-02, train_loss: 0.9490, train_acc: 0.6612 test_loss: 0.9619, test_acc: 0.6736, best: 0.6736, time: 0:01:00
 Epoch: 34, lr: 1.0e-02, train_loss: 0.9311, train_acc: 0.6630 test_loss: 0.8968, test_acc: 0.6751, best: 0.6751, time: 0:01:00
 Epoch: 35, lr: 1.0e-02, train_loss: 0.9290, train_acc: 0.6754 test_loss: 0.8900, test_acc: 0.6984, best: 0.6984, time: 0:01:00
 Epoch: 36, lr: 1.0e-02, train_loss: 0.8956, train_acc: 0.6752 test_loss: 1.0074, test_acc: 0.6607, best: 0.6984, time: 0:01:00
 Epoch: 37, lr: 1.0e-02, train_loss: 0.9016, train_acc: 0.6742 test_loss: 0.8470, test_acc: 0.7053, best: 0.7053, time: 0:01:00
 Epoch: 38, lr: 1.0e-02, train_loss: 0.8999, train_acc: 0.6676 test_loss: 0.8798, test_acc: 0.6976, best: 0.7053, time: 0:01:00
 Epoch: 39, lr: 1.0e-02, train_loss: 0.8737, train_acc: 0.6894 test_loss: 0.8583, test_acc: 0.7019, best: 0.7053, time: 0:01:00
 Epoch: 40, lr: 1.0e-02, train_loss: 0.8569, train_acc: 0.6936 test_loss: 0.8460, test_acc: 0.7040, best: 0.7053, time: 0:01:01
 Epoch: 41, lr: 1.0e-02, train_loss: 0.8280, train_acc: 0.7016 test_loss: 0.8722, test_acc: 0.6914, best: 0.7053, time: 0:01:00
 Epoch: 42, lr: 1.0e-02, train_loss: 0.8237, train_acc: 0.7026 test_loss: 0.8832, test_acc: 0.7064, best: 0.7064, time: 0:01:00
 Epoch: 43, lr: 1.0e-02, train_loss: 0.8012, train_acc: 0.7094 test_loss: 1.0332, test_acc: 0.6886, best: 0.7064, time: 0:01:00
 Epoch: 44, lr: 1.0e-02, train_loss: 0.8069, train_acc: 0.7124 test_loss: 0.8529, test_acc: 0.7167, best: 0.7167, time: 0:01:00
 Epoch: 45, lr: 1.0e-02, train_loss: 0.7757, train_acc: 0.7202 test_loss: 0.8071, test_acc: 0.7184, best: 0.7184, time: 0:01:01
 Epoch: 46, lr: 1.0e-02, train_loss: 0.7840, train_acc: 0.7166 test_loss: 0.8318, test_acc: 0.7136, best: 0.7184, time: 0:01:00
 Epoch: 47, lr: 1.0e-02, train_loss: 0.7751, train_acc: 0.7210 test_loss: 0.7636, test_acc: 0.7349, best: 0.7349, time: 0:01:00
 Epoch: 48, lr: 1.0e-02, train_loss: 0.7469, train_acc: 0.7334 test_loss: 0.8928, test_acc: 0.6964, best: 0.7349, time: 0:01:00
 Epoch: 49, lr: 1.0e-02, train_loss: 0.7266, train_acc: 0.7390 test_loss: 0.8554, test_acc: 0.7103, best: 0.7349, time: 0:00:59
 Epoch: 50, lr: 1.0e-02, train_loss: 0.7218, train_acc: 0.7380 test_loss: 0.7599, test_acc: 0.7369, best: 0.7369, time: 0:01:02
 Epoch: 51, lr: 1.0e-02, train_loss: 0.7276, train_acc: 0.7460 test_loss: 0.7797, test_acc: 0.7445, best: 0.7445, time: 0:01:00
 Epoch: 52, lr: 1.0e-02, train_loss: 0.7164, train_acc: 0.7430 test_loss: 0.8590, test_acc: 0.7137, best: 0.7445, time: 0:01:00
 Epoch: 53, lr: 1.0e-02, train_loss: 0.6863, train_acc: 0.7480 test_loss: 0.8474, test_acc: 0.7215, best: 0.7445, time: 0:01:00
 Epoch: 54, lr: 1.0e-02, train_loss: 0.7012, train_acc: 0.7556 test_loss: 0.7837, test_acc: 0.7412, best: 0.7445, time: 0:01:00
 Epoch: 55, lr: 1.0e-02, train_loss: 0.6643, train_acc: 0.7616 test_loss: 0.7386, test_acc: 0.7546, best: 0.7546, time: 0:01:00
 Epoch: 56, lr: 1.0e-02, train_loss: 0.6779, train_acc: 0.7598 test_loss: 0.7762, test_acc: 0.7404, best: 0.7546, time: 0:01:00
 Epoch: 57, lr: 1.0e-02, train_loss: 0.6553, train_acc: 0.7720 test_loss: 0.8011, test_acc: 0.7386, best: 0.7546, time: 0:01:00
 Epoch: 58, lr: 1.0e-02, train_loss: 0.6196, train_acc: 0.7706 test_loss: 0.7874, test_acc: 0.7501, best: 0.7546, time: 0:00:59
 Epoch: 59, lr: 1.0e-02, train_loss: 0.6484, train_acc: 0.7650 test_loss: 0.7703, test_acc: 0.7448, best: 0.7546, time: 0:01:00
 Epoch: 60, lr: 1.0e-02, train_loss: 0.6306, train_acc: 0.7720 test_loss: 0.7899, test_acc: 0.7410, best: 0.7546, time: 0:01:00
 Epoch: 61, lr: 1.0e-02, train_loss: 0.6351, train_acc: 0.7734 test_loss: 0.8868, test_acc: 0.7150, best: 0.7546, time: 0:01:00
 Epoch: 62, lr: 1.0e-02, train_loss: 0.5963, train_acc: 0.7930 test_loss: 0.7684, test_acc: 0.7615, best: 0.7615, time: 0:01:00
 Epoch: 63, lr: 1.0e-02, train_loss: 0.5976, train_acc: 0.7858 test_loss: 0.8722, test_acc: 0.7446, best: 0.7615, time: 0:01:00
 Epoch: 64, lr: 1.0e-02, train_loss: 0.5890, train_acc: 0.7870 test_loss: 0.7535, test_acc: 0.7575, best: 0.7615, time: 0:01:00
 Epoch: 65, lr: 1.0e-02, train_loss: 0.5983, train_acc: 0.7914 test_loss: 0.7875, test_acc: 0.7315, best: 0.7615, time: 0:01:00
 Epoch: 66, lr: 1.0e-02, train_loss: 0.5754, train_acc: 0.7978 test_loss: 0.7789, test_acc: 0.7586, best: 0.7615, time: 0:01:00
 Epoch: 67, lr: 1.0e-02, train_loss: 0.5772, train_acc: 0.8016 test_loss: 0.9780, test_acc: 0.7260, best: 0.7615, time: 0:01:00
 Epoch: 68, lr: 1.0e-02, train_loss: 0.5440, train_acc: 0.8054 test_loss: 0.8619, test_acc: 0.7361, best: 0.7615, time: 0:01:00
 Epoch: 69, lr: 1.0e-02, train_loss: 0.5492, train_acc: 0.8042 test_loss: 0.7597, test_acc: 0.7516, best: 0.7615, time: 0:01:00
 Epoch: 70, lr: 1.0e-02, train_loss: 0.5404, train_acc: 0.8092 test_loss: 0.8197, test_acc: 0.7498, best: 0.7615, time: 0:01:00
 Epoch: 71, lr: 1.0e-02, train_loss: 0.5227, train_acc: 0.8180 test_loss: 0.8493, test_acc: 0.7448, best: 0.7615, time: 0:01:00
 Epoch: 72, lr: 1.0e-02, train_loss: 0.5529, train_acc: 0.8030 test_loss: 0.8253, test_acc: 0.7655, best: 0.7655, time: 0:01:00
 Epoch: 73, lr: 1.0e-02, train_loss: 0.5292, train_acc: 0.8092 test_loss: 0.7544, test_acc: 0.7661, best: 0.7661, time: 0:01:00
 Epoch: 74, lr: 1.0e-02, train_loss: 0.5054, train_acc: 0.8174 test_loss: 0.7996, test_acc: 0.7640, best: 0.7661, time: 0:01:00
 Epoch: 75, lr: 1.0e-02, train_loss: 0.5037, train_acc: 0.8206 test_loss: 0.8111, test_acc: 0.7539, best: 0.7661, time: 0:01:00
 Epoch: 76, lr: 1.0e-02, train_loss: 0.4838, train_acc: 0.8302 test_loss: 0.8551, test_acc: 0.7422, best: 0.7661, time: 0:01:00
 Epoch: 77, lr: 1.0e-02, train_loss: 0.5022, train_acc: 0.8290 test_loss: 0.7687, test_acc: 0.7606, best: 0.7661, time: 0:01:00
 Epoch: 78, lr: 1.0e-02, train_loss: 0.4924, train_acc: 0.8192 test_loss: 0.8287, test_acc: 0.7466, best: 0.7661, time: 0:01:00
 Epoch: 79, lr: 1.0e-02, train_loss: 0.4981, train_acc: 0.8214 test_loss: 0.7222, test_acc: 0.7739, best: 0.7739, time: 0:01:00
 Epoch: 80, lr: 1.0e-02, train_loss: 0.4870, train_acc: 0.8330 test_loss: 0.8428, test_acc: 0.7622, best: 0.7739, time: 0:01:00
 Epoch: 81, lr: 1.0e-02, train_loss: 0.4716, train_acc: 0.8332 test_loss: 0.8797, test_acc: 0.7534, best: 0.7739, time: 0:01:00
 Epoch: 82, lr: 1.0e-02, train_loss: 0.4644, train_acc: 0.8308 test_loss: 0.8557, test_acc: 0.7648, best: 0.7739, time: 0:01:00
 Epoch: 83, lr: 1.0e-02, train_loss: 0.4615, train_acc: 0.8388 test_loss: 0.7914, test_acc: 0.7615, best: 0.7739, time: 0:00:59
 Epoch: 84, lr: 1.0e-02, train_loss: 0.4540, train_acc: 0.8390 test_loss: 0.8725, test_acc: 0.7541, best: 0.7739, time: 0:01:00
 Epoch: 85, lr: 1.0e-02, train_loss: 0.4538, train_acc: 0.8362 test_loss: 0.7863, test_acc: 0.7742, best: 0.7742, time: 0:01:00
 Epoch: 86, lr: 1.0e-02, train_loss: 0.4326, train_acc: 0.8424 test_loss: 0.9069, test_acc: 0.7501, best: 0.7742, time: 0:01:00
 Epoch: 87, lr: 1.0e-02, train_loss: 0.4349, train_acc: 0.8500 test_loss: 0.7707, test_acc: 0.7731, best: 0.7742, time: 0:01:02
 Epoch: 88, lr: 1.0e-02, train_loss: 0.4300, train_acc: 0.8532 test_loss: 0.7470, test_acc: 0.7778, best: 0.7778, time: 0:01:00
 Epoch: 89, lr: 1.0e-02, train_loss: 0.4241, train_acc: 0.8500 test_loss: 0.8521, test_acc: 0.7666, best: 0.7778, time: 0:01:00
 Epoch: 90, lr: 1.0e-02, train_loss: 0.4451, train_acc: 0.8456 test_loss: 0.8376, test_acc: 0.7555, best: 0.7778, time: 0:00:59
 Epoch: 91, lr: 1.0e-02, train_loss: 0.4031, train_acc: 0.8618 test_loss: 0.8471, test_acc: 0.7610, best: 0.7778, time: 0:01:00
 Epoch: 92, lr: 1.0e-02, train_loss: 0.4116, train_acc: 0.8572 test_loss: 0.7989, test_acc: 0.7751, best: 0.7778, time: 0:00:59
 Epoch: 93, lr: 1.0e-02, train_loss: 0.4099, train_acc: 0.8590 test_loss: 0.7813, test_acc: 0.7754, best: 0.7778, time: 0:01:00
 Epoch: 94, lr: 1.0e-02, train_loss: 0.4114, train_acc: 0.8560 test_loss: 0.7332, test_acc: 0.7738, best: 0.7778, time: 0:01:00
 Epoch: 95, lr: 1.0e-02, train_loss: 0.3979, train_acc: 0.8630 test_loss: 0.8014, test_acc: 0.7669, best: 0.7778, time: 0:01:01
 Epoch: 96, lr: 1.0e-02, train_loss: 0.3956, train_acc: 0.8644 test_loss: 0.7947, test_acc: 0.7849, best: 0.7849, time: 0:01:00
 Epoch: 97, lr: 1.0e-02, train_loss: 0.3998, train_acc: 0.8594 test_loss: 0.9557, test_acc: 0.7554, best: 0.7849, time: 0:00:59
 Epoch: 98, lr: 1.0e-02, train_loss: 0.3927, train_acc: 0.8666 test_loss: 0.8314, test_acc: 0.7708, best: 0.7849, time: 0:01:00
 Epoch: 99, lr: 1.0e-02, train_loss: 0.3821, train_acc: 0.8660 test_loss: 0.8779, test_acc: 0.7619, best: 0.7849, time: 0:01:00
 Epoch: 100, lr: 1.0e-02, train_loss: 0.3751, train_acc: 0.8706 test_loss: 0.9278, test_acc: 0.7544, best: 0.7849, time: 0:00:59
 Epoch: 101, lr: 1.0e-02, train_loss: 0.3872, train_acc: 0.8628 test_loss: 0.8187, test_acc: 0.7716, best: 0.7849, time: 0:01:00
 Epoch: 102, lr: 1.0e-02, train_loss: 0.3600, train_acc: 0.8734 test_loss: 0.8634, test_acc: 0.7668, best: 0.7849, time: 0:01:00
 Epoch: 103, lr: 1.0e-02, train_loss: 0.3763, train_acc: 0.8702 test_loss: 0.8565, test_acc: 0.7652, best: 0.7849, time: 0:01:00
 Epoch: 104, lr: 1.0e-02, train_loss: 0.3788, train_acc: 0.8724 test_loss: 0.8781, test_acc: 0.7801, best: 0.7849, time: 0:01:00
 Epoch: 105, lr: 1.0e-02, train_loss: 0.3528, train_acc: 0.8760 test_loss: 0.8362, test_acc: 0.7748, best: 0.7849, time: 0:01:00
 Epoch: 106, lr: 1.0e-02, train_loss: 0.3623, train_acc: 0.8708 test_loss: 0.8209, test_acc: 0.7808, best: 0.7849, time: 0:01:00
 Epoch: 107, lr: 1.0e-02, train_loss: 0.3506, train_acc: 0.8794 test_loss: 0.9256, test_acc: 0.7590, best: 0.7849, time: 0:01:00
 Epoch: 108, lr: 1.0e-02, train_loss: 0.3412, train_acc: 0.8840 test_loss: 0.7464, test_acc: 0.7926, best: 0.7926, time: 0:01:00
 Epoch: 109, lr: 1.0e-02, train_loss: 0.3604, train_acc: 0.8754 test_loss: 0.8371, test_acc: 0.7829, best: 0.7926, time: 0:01:00
 Epoch: 110, lr: 1.0e-02, train_loss: 0.3404, train_acc: 0.8828 test_loss: 0.7464, test_acc: 0.7911, best: 0.7926, time: 0:01:00
 Epoch: 111, lr: 1.0e-02, train_loss: 0.3198, train_acc: 0.8912 test_loss: 0.8956, test_acc: 0.7661, best: 0.7926, time: 0:01:00
 Epoch: 112, lr: 1.0e-02, train_loss: 0.3272, train_acc: 0.8854 test_loss: 0.7564, test_acc: 0.7901, best: 0.7926, time: 0:00:59
 Epoch: 113, lr: 1.0e-02, train_loss: 0.3340, train_acc: 0.8882 test_loss: 0.7936, test_acc: 0.7847, best: 0.7926, time: 0:01:00
 Epoch: 114, lr: 1.0e-02, train_loss: 0.3393, train_acc: 0.8842 test_loss: 0.8728, test_acc: 0.7789, best: 0.7926, time: 0:00:59
 Epoch: 115, lr: 1.0e-02, train_loss: 0.3198, train_acc: 0.8914 test_loss: 0.8330, test_acc: 0.7802, best: 0.7926, time: 0:01:00
 Epoch: 116, lr: 1.0e-02, train_loss: 0.3381, train_acc: 0.8820 test_loss: 0.8082, test_acc: 0.7826, best: 0.7926, time: 0:00:59
 Epoch: 117, lr: 1.0e-02, train_loss: 0.3156, train_acc: 0.8890 test_loss: 0.8668, test_acc: 0.7664, best: 0.7926, time: 0:01:00
 Epoch: 118, lr: 1.0e-02, train_loss: 0.3092, train_acc: 0.8948 test_loss: 0.8668, test_acc: 0.7786, best: 0.7926, time: 0:01:00
 Epoch: 119, lr: 1.0e-02, train_loss: 0.3183, train_acc: 0.8856 test_loss: 0.7716, test_acc: 0.7879, best: 0.7926, time: 0:00:59
 Epoch: 120, lr: 1.0e-02, train_loss: 0.3160, train_acc: 0.8880 test_loss: 0.8749, test_acc: 0.7712, best: 0.7926, time: 0:01:01
 Epoch: 121, lr: 1.0e-02, train_loss: 0.3101, train_acc: 0.8916 test_loss: 0.8058, test_acc: 0.7839, best: 0.7926, time: 0:01:00
 Epoch: 122, lr: 1.0e-02, train_loss: 0.3096, train_acc: 0.8924 test_loss: 0.8403, test_acc: 0.7816, best: 0.7926, time: 0:00:59
 Epoch: 123, lr: 1.0e-02, train_loss: 0.3196, train_acc: 0.8918 test_loss: 0.8112, test_acc: 0.7873, best: 0.7926, time: 0:01:00
 Epoch: 124, lr: 1.0e-02, train_loss: 0.2964, train_acc: 0.8962 test_loss: 0.9395, test_acc: 0.7624, best: 0.7926, time: 0:01:00
 Epoch: 125, lr: 1.0e-02, train_loss: 0.2872, train_acc: 0.8968 test_loss: 1.0752, test_acc: 0.7559, best: 0.7926, time: 0:01:00
 Epoch: 126, lr: 1.0e-02, train_loss: 0.3184, train_acc: 0.8918 test_loss: 0.8417, test_acc: 0.7821, best: 0.7926, time: 0:01:00
 Epoch: 127, lr: 1.0e-02, train_loss: 0.2999, train_acc: 0.8976 test_loss: 0.8353, test_acc: 0.7837, best: 0.7926, time: 0:01:00
 Epoch: 128, lr: 1.0e-02, train_loss: 0.2880, train_acc: 0.9014 test_loss: 0.8372, test_acc: 0.7865, best: 0.7926, time: 0:01:00
 Epoch: 129, lr: 1.0e-02, train_loss: 0.2900, train_acc: 0.8994 test_loss: 0.8741, test_acc: 0.7788, best: 0.7926, time: 0:01:00
 Epoch: 130, lr: 1.0e-02, train_loss: 0.2800, train_acc: 0.9058 test_loss: 0.8096, test_acc: 0.7875, best: 0.7926, time: 0:01:01
 Epoch: 131, lr: 1.0e-02, train_loss: 0.2903, train_acc: 0.9034 test_loss: 0.9604, test_acc: 0.7791, best: 0.7926, time: 0:01:00
 Epoch: 132, lr: 1.0e-02, train_loss: 0.2879, train_acc: 0.9022 test_loss: 0.7957, test_acc: 0.7906, best: 0.7926, time: 0:01:00
 Epoch: 133, lr: 1.0e-02, train_loss: 0.3029, train_acc: 0.8962 test_loss: 1.1558, test_acc: 0.7312, best: 0.7926, time: 0:01:00
 Epoch: 134, lr: 1.0e-02, train_loss: 0.3090, train_acc: 0.8918 test_loss: 0.7497, test_acc: 0.7947, best: 0.7947, time: 0:01:00
 Epoch: 135, lr: 1.0e-02, train_loss: 0.2804, train_acc: 0.9018 test_loss: 0.8499, test_acc: 0.7850, best: 0.7947, time: 0:01:00
 Epoch: 136, lr: 1.0e-02, train_loss: 0.2785, train_acc: 0.9004 test_loss: 0.9248, test_acc: 0.7860, best: 0.7947, time: 0:01:00
 Epoch: 137, lr: 1.0e-02, train_loss: 0.2720, train_acc: 0.9068 test_loss: 0.8613, test_acc: 0.7907, best: 0.7947, time: 0:01:00
 Epoch: 138, lr: 1.0e-02, train_loss: 0.2740, train_acc: 0.9086 test_loss: 0.8560, test_acc: 0.7847, best: 0.7947, time: 0:01:00
 Epoch: 139, lr: 1.0e-02, train_loss: 0.2628, train_acc: 0.9096 test_loss: 0.8812, test_acc: 0.7851, best: 0.7947, time: 0:01:00
 Epoch: 140, lr: 1.0e-02, train_loss: 0.2646, train_acc: 0.9096 test_loss: 0.8675, test_acc: 0.7855, best: 0.7947, time: 0:01:00
 Epoch: 141, lr: 1.0e-02, train_loss: 0.2629, train_acc: 0.9122 test_loss: 0.9616, test_acc: 0.7782, best: 0.7947, time: 0:01:00
 Epoch: 142, lr: 1.0e-02, train_loss: 0.2414, train_acc: 0.9184 test_loss: 0.8708, test_acc: 0.7850, best: 0.7947, time: 0:01:00
 Epoch: 143, lr: 1.0e-02, train_loss: 0.2632, train_acc: 0.9082 test_loss: 0.8624, test_acc: 0.7830, best: 0.7947, time: 0:01:00
 Epoch: 144, lr: 1.0e-02, train_loss: 0.2500, train_acc: 0.9202 test_loss: 0.8201, test_acc: 0.7931, best: 0.7947, time: 0:01:00
 Epoch: 145, lr: 1.0e-02, train_loss: 0.2566, train_acc: 0.9096 test_loss: 0.9497, test_acc: 0.7799, best: 0.7947, time: 0:01:00
 Epoch: 146, lr: 1.0e-02, train_loss: 0.2639, train_acc: 0.9088 test_loss: 0.9569, test_acc: 0.7875, best: 0.7947, time: 0:01:00
 Epoch: 147, lr: 1.0e-02, train_loss: 0.2720, train_acc: 0.9048 test_loss: 0.9051, test_acc: 0.7836, best: 0.7947, time: 0:01:00
 Epoch: 148, lr: 1.0e-02, train_loss: 0.2598, train_acc: 0.9096 test_loss: 0.8578, test_acc: 0.7879, best: 0.7947, time: 0:01:00
 Epoch: 149, lr: 1.0e-02, train_loss: 0.2449, train_acc: 0.9156 test_loss: 0.8501, test_acc: 0.7873, best: 0.7947, time: 0:01:00
 Epoch: 150, lr: 1.0e-02, train_loss: 0.2643, train_acc: 0.9090 test_loss: 0.8020, test_acc: 0.7923, best: 0.7947, time: 0:01:00
 Epoch: 151, lr: 1.0e-02, train_loss: 0.2472, train_acc: 0.9132 test_loss: 0.7762, test_acc: 0.8029, best: 0.8029, time: 0:01:00
 Epoch: 152, lr: 1.0e-02, train_loss: 0.2706, train_acc: 0.9078 test_loss: 0.8197, test_acc: 0.7933, best: 0.8029, time: 0:01:00
 Epoch: 153, lr: 1.0e-02, train_loss: 0.2389, train_acc: 0.9148 test_loss: 0.8446, test_acc: 0.7946, best: 0.8029, time: 0:01:00
 Epoch: 154, lr: 1.0e-02, train_loss: 0.2510, train_acc: 0.9150 test_loss: 0.8281, test_acc: 0.7899, best: 0.8029, time: 0:01:00
 Epoch: 155, lr: 1.0e-02, train_loss: 0.2446, train_acc: 0.9146 test_loss: 0.8903, test_acc: 0.7971, best: 0.8029, time: 0:01:00
 Epoch: 156, lr: 1.0e-02, train_loss: 0.2351, train_acc: 0.9196 test_loss: 0.8843, test_acc: 0.7834, best: 0.8029, time: 0:01:00
 Epoch: 157, lr: 1.0e-02, train_loss: 0.2586, train_acc: 0.9086 test_loss: 0.9536, test_acc: 0.7750, best: 0.8029, time: 0:01:00
 Epoch: 158, lr: 1.0e-02, train_loss: 0.2353, train_acc: 0.9220 test_loss: 0.8506, test_acc: 0.8020, best: 0.8029, time: 0:01:00
 Epoch: 159, lr: 1.0e-02, train_loss: 0.2438, train_acc: 0.9192 test_loss: 0.8634, test_acc: 0.7929, best: 0.8029, time: 0:01:02
 Epoch: 160, lr: 1.0e-02, train_loss: 0.2313, train_acc: 0.9234 test_loss: 0.9486, test_acc: 0.7844, best: 0.8029, time: 0:01:00
 Epoch: 161, lr: 1.0e-02, train_loss: 0.2527, train_acc: 0.9108 test_loss: 0.8238, test_acc: 0.8005, best: 0.8029, time: 0:01:00
 Epoch: 162, lr: 1.0e-02, train_loss: 0.2516, train_acc: 0.9140 test_loss: 0.9585, test_acc: 0.7798, best: 0.8029, time: 0:01:00
 Epoch: 163, lr: 1.0e-02, train_loss: 0.2389, train_acc: 0.9190 test_loss: 0.8328, test_acc: 0.7910, best: 0.8029, time: 0:01:00
 Epoch: 164, lr: 1.0e-02, train_loss: 0.2181, train_acc: 0.9222 test_loss: 0.8642, test_acc: 0.8001, best: 0.8029, time: 0:01:00
 Epoch: 165, lr: 1.0e-02, train_loss: 0.2471, train_acc: 0.9164 test_loss: 0.8146, test_acc: 0.7975, best: 0.8029, time: 0:01:00
 Epoch: 166, lr: 1.0e-02, train_loss: 0.2156, train_acc: 0.9266 test_loss: 0.9255, test_acc: 0.7889, best: 0.8029, time: 0:01:00
 Epoch: 167, lr: 1.0e-02, train_loss: 0.2289, train_acc: 0.9210 test_loss: 0.8388, test_acc: 0.7997, best: 0.8029, time: 0:01:00
 Epoch: 168, lr: 1.0e-02, train_loss: 0.2353, train_acc: 0.9196 test_loss: 0.8290, test_acc: 0.7999, best: 0.8029, time: 0:01:00
 Epoch: 169, lr: 1.0e-02, train_loss: 0.2356, train_acc: 0.9168 test_loss: 0.8744, test_acc: 0.7895, best: 0.8029, time: 0:01:00
 Epoch: 170, lr: 1.0e-02, train_loss: 0.2397, train_acc: 0.9136 test_loss: 0.9777, test_acc: 0.7796, best: 0.8029, time: 0:01:00
 Epoch: 171, lr: 1.0e-02, train_loss: 0.2229, train_acc: 0.9246 test_loss: 0.8081, test_acc: 0.8025, best: 0.8029, time: 0:01:00
 Epoch: 172, lr: 1.0e-02, train_loss: 0.2286, train_acc: 0.9210 test_loss: 0.9342, test_acc: 0.7827, best: 0.8029, time: 0:01:00
 Epoch: 173, lr: 1.0e-02, train_loss: 0.2262, train_acc: 0.9222 test_loss: 0.9177, test_acc: 0.7927, best: 0.8029, time: 0:01:00
 Epoch: 174, lr: 1.0e-02, train_loss: 0.2330, train_acc: 0.9210 test_loss: 0.7788, test_acc: 0.8037, best: 0.8037, time: 0:01:02
 Epoch: 175, lr: 1.0e-02, train_loss: 0.2282, train_acc: 0.9212 test_loss: 0.8580, test_acc: 0.7937, best: 0.8037, time: 0:01:00
 Epoch: 176, lr: 1.0e-02, train_loss: 0.2214, train_acc: 0.9242 test_loss: 0.9857, test_acc: 0.7690, best: 0.8037, time: 0:01:00
 Epoch: 177, lr: 1.0e-02, train_loss: 0.2216, train_acc: 0.9256 test_loss: 0.9831, test_acc: 0.7679, best: 0.8037, time: 0:00:59
 Epoch: 178, lr: 1.0e-02, train_loss: 0.2195, train_acc: 0.9262 test_loss: 0.7932, test_acc: 0.7969, best: 0.8037, time: 0:01:00
 Epoch: 179, lr: 1.0e-02, train_loss: 0.2345, train_acc: 0.9176 test_loss: 0.8821, test_acc: 0.7812, best: 0.8037, time: 0:01:00
 Epoch: 180, lr: 2.0e-03, train_loss: 0.1960, train_acc: 0.9340 test_loss: 0.8439, test_acc: 0.8026, best: 0.8037, time: 0:01:00
 Epoch: 181, lr: 2.0e-03, train_loss: 0.1741, train_acc: 0.9420 test_loss: 0.7701, test_acc: 0.8071, best: 0.8071, time: 0:01:00
 Epoch: 182, lr: 2.0e-03, train_loss: 0.1714, train_acc: 0.9392 test_loss: 0.8128, test_acc: 0.8113, best: 0.8113, time: 0:01:00
 Epoch: 183, lr: 2.0e-03, train_loss: 0.1608, train_acc: 0.9428 test_loss: 0.8335, test_acc: 0.8059, best: 0.8113, time: 0:01:00
 Epoch: 184, lr: 2.0e-03, train_loss: 0.1536, train_acc: 0.9478 test_loss: 0.7998, test_acc: 0.8081, best: 0.8113, time: 0:01:00
 Epoch: 185, lr: 2.0e-03, train_loss: 0.1588, train_acc: 0.9456 test_loss: 0.8203, test_acc: 0.8117, best: 0.8117, time: 0:01:00
 Epoch: 186, lr: 2.0e-03, train_loss: 0.1582, train_acc: 0.9454 test_loss: 0.7793, test_acc: 0.8127, best: 0.8127, time: 0:01:00
 Epoch: 187, lr: 2.0e-03, train_loss: 0.1511, train_acc: 0.9470 test_loss: 0.7692, test_acc: 0.8184, best: 0.8184, time: 0:01:00
 Epoch: 188, lr: 2.0e-03, train_loss: 0.1570, train_acc: 0.9476 test_loss: 0.7822, test_acc: 0.8137, best: 0.8184, time: 0:01:00
 Epoch: 189, lr: 2.0e-03, train_loss: 0.1548, train_acc: 0.9482 test_loss: 0.8135, test_acc: 0.8139, best: 0.8184, time: 0:01:00
 Epoch: 190, lr: 2.0e-03, train_loss: 0.1551, train_acc: 0.9474 test_loss: 0.7730, test_acc: 0.8147, best: 0.8184, time: 0:01:00
 Epoch: 191, lr: 2.0e-03, train_loss: 0.1472, train_acc: 0.9544 test_loss: 0.7867, test_acc: 0.8174, best: 0.8184, time: 0:01:00
 Epoch: 192, lr: 2.0e-03, train_loss: 0.1463, train_acc: 0.9492 test_loss: 0.7877, test_acc: 0.8185, best: 0.8185, time: 0:01:00
 Epoch: 193, lr: 2.0e-03, train_loss: 0.1345, train_acc: 0.9522 test_loss: 0.7830, test_acc: 0.8159, best: 0.8185, time: 0:01:00
 Epoch: 194, lr: 2.0e-03, train_loss: 0.1341, train_acc: 0.9566 test_loss: 0.7856, test_acc: 0.8184, best: 0.8185, time: 0:00:59
 Epoch: 195, lr: 2.0e-03, train_loss: 0.1395, train_acc: 0.9514 test_loss: 0.7939, test_acc: 0.8119, best: 0.8185, time: 0:01:00
 Epoch: 196, lr: 2.0e-03, train_loss: 0.1459, train_acc: 0.9522 test_loss: 0.8023, test_acc: 0.8134, best: 0.8185, time: 0:01:00
 Epoch: 197, lr: 2.0e-03, train_loss: 0.1433, train_acc: 0.9506 test_loss: 0.8069, test_acc: 0.8140, best: 0.8185, time: 0:01:00
 Epoch: 198, lr: 2.0e-03, train_loss: 0.1508, train_acc: 0.9468 test_loss: 0.8045, test_acc: 0.8130, best: 0.8185, time: 0:01:00
 Epoch: 199, lr: 2.0e-03, train_loss: 0.1384, train_acc: 0.9526 test_loss: 0.8139, test_acc: 0.8099, best: 0.8185, time: 0:01:00
 Epoch: 200, lr: 2.0e-03, train_loss: 0.1442, train_acc: 0.9526 test_loss: 0.7793, test_acc: 0.8113, best: 0.8185, time: 0:01:00
 Epoch: 201, lr: 2.0e-03, train_loss: 0.1356, train_acc: 0.9552 test_loss: 0.7949, test_acc: 0.8154, best: 0.8185, time: 0:00:59
 Epoch: 202, lr: 2.0e-03, train_loss: 0.1356, train_acc: 0.9534 test_loss: 0.8261, test_acc: 0.8111, best: 0.8185, time: 0:01:00
 Epoch: 203, lr: 2.0e-03, train_loss: 0.1332, train_acc: 0.9562 test_loss: 0.8109, test_acc: 0.8144, best: 0.8185, time: 0:01:00
 Epoch: 204, lr: 2.0e-03, train_loss: 0.1409, train_acc: 0.9528 test_loss: 0.7874, test_acc: 0.8136, best: 0.8185, time: 0:00:59
 Epoch: 205, lr: 2.0e-03, train_loss: 0.1324, train_acc: 0.9570 test_loss: 0.8014, test_acc: 0.8127, best: 0.8185, time: 0:00:59
 Epoch: 206, lr: 2.0e-03, train_loss: 0.1266, train_acc: 0.9576 test_loss: 0.7900, test_acc: 0.8169, best: 0.8185, time: 0:01:00
 Epoch: 207, lr: 2.0e-03, train_loss: 0.1355, train_acc: 0.9544 test_loss: 0.7947, test_acc: 0.8141, best: 0.8185, time: 0:01:00
 Epoch: 208, lr: 2.0e-03, train_loss: 0.1252, train_acc: 0.9574 test_loss: 0.7898, test_acc: 0.8116, best: 0.8185, time: 0:00:59
 Epoch: 209, lr: 2.0e-03, train_loss: 0.1343, train_acc: 0.9546 test_loss: 0.7772, test_acc: 0.8194, best: 0.8194, time: 0:01:02
 Epoch: 210, lr: 2.0e-03, train_loss: 0.1363, train_acc: 0.9498 test_loss: 0.7903, test_acc: 0.8180, best: 0.8194, time: 0:01:00
 Epoch: 211, lr: 2.0e-03, train_loss: 0.1332, train_acc: 0.9536 test_loss: 0.7923, test_acc: 0.8135, best: 0.8194, time: 0:01:00
 Epoch: 212, lr: 2.0e-03, train_loss: 0.1270, train_acc: 0.9582 test_loss: 0.8085, test_acc: 0.8144, best: 0.8194, time: 0:01:00
 Epoch: 213, lr: 2.0e-03, train_loss: 0.1342, train_acc: 0.9556 test_loss: 0.8486, test_acc: 0.8100, best: 0.8194, time: 0:01:00
 Epoch: 214, lr: 2.0e-03, train_loss: 0.1223, train_acc: 0.9584 test_loss: 0.8068, test_acc: 0.8151, best: 0.8194, time: 0:01:00
 Epoch: 215, lr: 2.0e-03, train_loss: 0.1296, train_acc: 0.9536 test_loss: 0.7852, test_acc: 0.8140, best: 0.8194, time: 0:01:00
 Epoch: 216, lr: 2.0e-03, train_loss: 0.1372, train_acc: 0.9514 test_loss: 0.7731, test_acc: 0.8133, best: 0.8194, time: 0:01:00
 Epoch: 217, lr: 2.0e-03, train_loss: 0.1263, train_acc: 0.9544 test_loss: 0.7877, test_acc: 0.8185, best: 0.8194, time: 0:01:02
 Epoch: 218, lr: 2.0e-03, train_loss: 0.1378, train_acc: 0.9544 test_loss: 0.8008, test_acc: 0.8165, best: 0.8194, time: 0:00:59
 Epoch: 219, lr: 2.0e-03, train_loss: 0.1273, train_acc: 0.9562 test_loss: 0.8059, test_acc: 0.8123, best: 0.8194, time: 0:01:00
 Epoch: 220, lr: 2.0e-03, train_loss: 0.1281, train_acc: 0.9558 test_loss: 0.8093, test_acc: 0.8151, best: 0.8194, time: 0:01:00
 Epoch: 221, lr: 2.0e-03, train_loss: 0.1354, train_acc: 0.9532 test_loss: 0.8080, test_acc: 0.8129, best: 0.8194, time: 0:01:00
 Epoch: 222, lr: 2.0e-03, train_loss: 0.1351, train_acc: 0.9516 test_loss: 0.7905, test_acc: 0.8130, best: 0.8194, time: 0:01:00
 Epoch: 223, lr: 2.0e-03, train_loss: 0.1461, train_acc: 0.9480 test_loss: 0.7735, test_acc: 0.8173, best: 0.8194, time: 0:01:00
 Epoch: 224, lr: 2.0e-03, train_loss: 0.1333, train_acc: 0.9532 test_loss: 0.7715, test_acc: 0.8187, best: 0.8194, time: 0:01:00
 Epoch: 225, lr: 2.0e-03, train_loss: 0.1285, train_acc: 0.9560 test_loss: 0.8199, test_acc: 0.8105, best: 0.8194, time: 0:01:00
 Epoch: 226, lr: 2.0e-03, train_loss: 0.1407, train_acc: 0.9510 test_loss: 0.7854, test_acc: 0.8154, best: 0.8194, time: 0:01:00
 Epoch: 227, lr: 2.0e-03, train_loss: 0.1192, train_acc: 0.9572 test_loss: 0.8017, test_acc: 0.8137, best: 0.8194, time: 0:01:00
 Epoch: 228, lr: 2.0e-03, train_loss: 0.1175, train_acc: 0.9610 test_loss: 0.8185, test_acc: 0.8110, best: 0.8194, time: 0:00:59
 Epoch: 229, lr: 2.0e-03, train_loss: 0.1160, train_acc: 0.9578 test_loss: 0.8133, test_acc: 0.8161, best: 0.8194, time: 0:01:00
 Epoch: 230, lr: 2.0e-03, train_loss: 0.1272, train_acc: 0.9554 test_loss: 0.7955, test_acc: 0.8109, best: 0.8194, time: 0:01:00
 Epoch: 231, lr: 2.0e-03, train_loss: 0.1285, train_acc: 0.9558 test_loss: 0.7977, test_acc: 0.8164, best: 0.8194, time: 0:01:00
 Epoch: 232, lr: 2.0e-03, train_loss: 0.1256, train_acc: 0.9596 test_loss: 0.8076, test_acc: 0.8149, best: 0.8194, time: 0:01:02
 Epoch: 233, lr: 2.0e-03, train_loss: 0.1179, train_acc: 0.9578 test_loss: 0.8244, test_acc: 0.8085, best: 0.8194, time: 0:01:00
 Epoch: 234, lr: 2.0e-03, train_loss: 0.1199, train_acc: 0.9614 test_loss: 0.7980, test_acc: 0.8135, best: 0.8194, time: 0:01:00
 Epoch: 235, lr: 2.0e-03, train_loss: 0.1083, train_acc: 0.9650 test_loss: 0.8429, test_acc: 0.8071, best: 0.8194, time: 0:01:00
 Epoch: 236, lr: 2.0e-03, train_loss: 0.1274, train_acc: 0.9584 test_loss: 0.7950, test_acc: 0.8124, best: 0.8194, time: 0:01:00
 Epoch: 237, lr: 2.0e-03, train_loss: 0.1289, train_acc: 0.9546 test_loss: 0.8026, test_acc: 0.8107, best: 0.8194, time: 0:00:59
 Epoch: 238, lr: 2.0e-03, train_loss: 0.1187, train_acc: 0.9576 test_loss: 0.8344, test_acc: 0.8084, best: 0.8194, time: 0:01:00
 Epoch: 239, lr: 2.0e-03, train_loss: 0.1337, train_acc: 0.9546 test_loss: 0.8140, test_acc: 0.8110, best: 0.8194, time: 0:01:00
 Epoch: 240, lr: 4.0e-04, train_loss: 0.1286, train_acc: 0.9558 test_loss: 0.7939, test_acc: 0.8121, best: 0.8194, time: 0:00:59
 Epoch: 241, lr: 4.0e-04, train_loss: 0.1143, train_acc: 0.9592 test_loss: 0.8104, test_acc: 0.8123, best: 0.8194, time: 0:01:00
 Epoch: 242, lr: 4.0e-04, train_loss: 0.1218, train_acc: 0.9584 test_loss: 0.7780, test_acc: 0.8135, best: 0.8194, time: 0:01:00
 Epoch: 243, lr: 4.0e-04, train_loss: 0.1211, train_acc: 0.9538 test_loss: 0.8155, test_acc: 0.8137, best: 0.8194, time: 0:00:59
 Epoch: 244, lr: 4.0e-04, train_loss: 0.1150, train_acc: 0.9608 test_loss: 0.8045, test_acc: 0.8160, best: 0.8194, time: 0:01:01
 Epoch: 245, lr: 4.0e-04, train_loss: 0.1219, train_acc: 0.9602 test_loss: 0.8043, test_acc: 0.8159, best: 0.8194, time: 0:01:00
 Epoch: 246, lr: 4.0e-04, train_loss: 0.1254, train_acc: 0.9594 test_loss: 0.7822, test_acc: 0.8136, best: 0.8194, time: 0:00:59
 Epoch: 247, lr: 4.0e-04, train_loss: 0.1083, train_acc: 0.9664 test_loss: 0.7986, test_acc: 0.8174, best: 0.8194, time: 0:00:59
 Epoch: 248, lr: 4.0e-04, train_loss: 0.1203, train_acc: 0.9562 test_loss: 0.8007, test_acc: 0.8149, best: 0.8194, time: 0:01:00
 Epoch: 249, lr: 4.0e-04, train_loss: 0.1180, train_acc: 0.9602 test_loss: 0.7988, test_acc: 0.8159, best: 0.8194, time: 0:01:01
 Epoch: 250, lr: 4.0e-04, train_loss: 0.1191, train_acc: 0.9588 test_loss: 0.8043, test_acc: 0.8140, best: 0.8194, time: 0:01:00
 Epoch: 251, lr: 4.0e-04, train_loss: 0.1158, train_acc: 0.9606 test_loss: 0.7687, test_acc: 0.8166, best: 0.8194, time: 0:01:00
 Epoch: 252, lr: 4.0e-04, train_loss: 0.1062, train_acc: 0.9622 test_loss: 0.7935, test_acc: 0.8157, best: 0.8194, time: 0:01:00
 Epoch: 253, lr: 4.0e-04, train_loss: 0.1294, train_acc: 0.9552 test_loss: 0.7861, test_acc: 0.8151, best: 0.8194, time: 0:01:00
 Epoch: 254, lr: 4.0e-04, train_loss: 0.1162, train_acc: 0.9624 test_loss: 0.8054, test_acc: 0.8134, best: 0.8194, time: 0:01:00
 Epoch: 255, lr: 4.0e-04, train_loss: 0.1116, train_acc: 0.9642 test_loss: 0.7973, test_acc: 0.8136, best: 0.8194, time: 0:01:00
 Epoch: 256, lr: 4.0e-04, train_loss: 0.1082, train_acc: 0.9636 test_loss: 0.8165, test_acc: 0.8140, best: 0.8194, time: 0:01:00
 Epoch: 257, lr: 4.0e-04, train_loss: 0.1206, train_acc: 0.9594 test_loss: 0.7906, test_acc: 0.8143, best: 0.8194, time: 0:01:00
 Epoch: 258, lr: 4.0e-04, train_loss: 0.1022, train_acc: 0.9646 test_loss: 0.7998, test_acc: 0.8136, best: 0.8194, time: 0:01:00
 Epoch: 259, lr: 4.0e-04, train_loss: 0.1215, train_acc: 0.9550 test_loss: 0.8150, test_acc: 0.8127, best: 0.8194, time: 0:01:00
 Epoch: 260, lr: 4.0e-04, train_loss: 0.1029, train_acc: 0.9616 test_loss: 0.7992, test_acc: 0.8124, best: 0.8194, time: 0:01:00
 Epoch: 261, lr: 4.0e-04, train_loss: 0.1089, train_acc: 0.9622 test_loss: 0.7991, test_acc: 0.8145, best: 0.8194, time: 0:01:00
 Epoch: 262, lr: 4.0e-04, train_loss: 0.1148, train_acc: 0.9612 test_loss: 0.7928, test_acc: 0.8140, best: 0.8194, time: 0:01:00
 Epoch: 263, lr: 4.0e-04, train_loss: 0.1093, train_acc: 0.9626 test_loss: 0.7836, test_acc: 0.8157, best: 0.8194, time: 0:01:00
 Epoch: 264, lr: 4.0e-04, train_loss: 0.1185, train_acc: 0.9602 test_loss: 0.8152, test_acc: 0.8141, best: 0.8194, time: 0:01:00
 Epoch: 265, lr: 4.0e-04, train_loss: 0.1206, train_acc: 0.9586 test_loss: 0.8022, test_acc: 0.8141, best: 0.8194, time: 0:00:59
 Epoch: 266, lr: 4.0e-04, train_loss: 0.1184, train_acc: 0.9580 test_loss: 0.7964, test_acc: 0.8149, best: 0.8194, time: 0:00:59
 Epoch: 267, lr: 4.0e-04, train_loss: 0.1059, train_acc: 0.9634 test_loss: 0.7868, test_acc: 0.8171, best: 0.8194, time: 0:00:58
 Epoch: 268, lr: 4.0e-04, train_loss: 0.1143, train_acc: 0.9640 test_loss: 0.8022, test_acc: 0.8166, best: 0.8194, time: 0:00:59
 Epoch: 269, lr: 4.0e-04, train_loss: 0.1235, train_acc: 0.9580 test_loss: 0.7970, test_acc: 0.8151, best: 0.8194, time: 0:00:59
 Epoch: 270, lr: 8.0e-05, train_loss: 0.1025, train_acc: 0.9662 test_loss: 0.8087, test_acc: 0.8155, best: 0.8194, time: 0:01:00
 Epoch: 271, lr: 8.0e-05, train_loss: 0.1171, train_acc: 0.9600 test_loss: 0.7890, test_acc: 0.8153, best: 0.8194, time: 0:00:59
 Epoch: 272, lr: 8.0e-05, train_loss: 0.1111, train_acc: 0.9630 test_loss: 0.7802, test_acc: 0.8180, best: 0.8194, time: 0:00:59
 Epoch: 273, lr: 8.0e-05, train_loss: 0.1079, train_acc: 0.9644 test_loss: 0.7852, test_acc: 0.8164, best: 0.8194, time: 0:00:59
 Epoch: 274, lr: 8.0e-05, train_loss: 0.1082, train_acc: 0.9612 test_loss: 0.7942, test_acc: 0.8154, best: 0.8194, time: 0:00:59
 Epoch: 275, lr: 8.0e-05, train_loss: 0.1239, train_acc: 0.9606 test_loss: 0.7786, test_acc: 0.8166, best: 0.8194, time: 0:00:59
 Epoch: 276, lr: 8.0e-05, train_loss: 0.1073, train_acc: 0.9638 test_loss: 0.7768, test_acc: 0.8165, best: 0.8194, time: 0:00:59
 Epoch: 277, lr: 8.0e-05, train_loss: 0.1073, train_acc: 0.9642 test_loss: 0.7844, test_acc: 0.8160, best: 0.8194, time: 0:01:01
 Epoch: 278, lr: 8.0e-05, train_loss: 0.1067, train_acc: 0.9650 test_loss: 0.8018, test_acc: 0.8173, best: 0.8194, time: 0:00:59
 Epoch: 279, lr: 8.0e-05, train_loss: 0.1073, train_acc: 0.9630 test_loss: 0.8066, test_acc: 0.8143, best: 0.8194, time: 0:00:59
 Epoch: 280, lr: 8.0e-05, train_loss: 0.1190, train_acc: 0.9576 test_loss: 0.8064, test_acc: 0.8133, best: 0.8194, time: 0:00:59
 Epoch: 281, lr: 8.0e-05, train_loss: 0.1196, train_acc: 0.9596 test_loss: 0.7841, test_acc: 0.8167, best: 0.8194, time: 0:00:59
 Epoch: 282, lr: 8.0e-05, train_loss: 0.1184, train_acc: 0.9628 test_loss: 0.7991, test_acc: 0.8146, best: 0.8194, time: 0:00:59
 Epoch: 283, lr: 8.0e-05, train_loss: 0.1154, train_acc: 0.9616 test_loss: 0.7891, test_acc: 0.8183, best: 0.8194, time: 0:00:59
 Epoch: 284, lr: 8.0e-05, train_loss: 0.1193, train_acc: 0.9566 test_loss: 0.8171, test_acc: 0.8141, best: 0.8194, time: 0:00:59
 Epoch: 285, lr: 8.0e-05, train_loss: 0.1181, train_acc: 0.9602 test_loss: 0.7942, test_acc: 0.8136, best: 0.8194, time: 0:00:59
 Epoch: 286, lr: 8.0e-05, train_loss: 0.1180, train_acc: 0.9612 test_loss: 0.7915, test_acc: 0.8146, best: 0.8194, time: 0:00:59
 Epoch: 287, lr: 8.0e-05, train_loss: 0.1106, train_acc: 0.9632 test_loss: 0.7938, test_acc: 0.8174, best: 0.8194, time: 0:01:02
 Epoch: 288, lr: 8.0e-05, train_loss: 0.0997, train_acc: 0.9656 test_loss: 0.7997, test_acc: 0.8157, best: 0.8194, time: 0:00:59
 Epoch: 289, lr: 8.0e-05, train_loss: 0.1096, train_acc: 0.9638 test_loss: 0.7899, test_acc: 0.8166, best: 0.8194, time: 0:00:59
 Epoch: 290, lr: 8.0e-05, train_loss: 0.1124, train_acc: 0.9600 test_loss: 0.7929, test_acc: 0.8165, best: 0.8194, time: 0:00:59
 Epoch: 291, lr: 8.0e-05, train_loss: 0.1027, train_acc: 0.9646 test_loss: 0.7751, test_acc: 0.8169, best: 0.8194, time: 0:00:59
 Epoch: 292, lr: 8.0e-05, train_loss: 0.1154, train_acc: 0.9592 test_loss: 0.7812, test_acc: 0.8145, best: 0.8194, time: 0:00:59
 Epoch: 293, lr: 8.0e-05, train_loss: 0.1116, train_acc: 0.9622 test_loss: 0.8083, test_acc: 0.8115, best: 0.8194, time: 0:00:59
 Epoch: 294, lr: 8.0e-05, train_loss: 0.1130, train_acc: 0.9608 test_loss: 0.7977, test_acc: 0.8144, best: 0.8194, time: 0:00:59
 Epoch: 295, lr: 8.0e-05, train_loss: 0.1197, train_acc: 0.9588 test_loss: 0.7964, test_acc: 0.8145, best: 0.8194, time: 0:00:59
 Epoch: 296, lr: 8.0e-05, train_loss: 0.1204, train_acc: 0.9582 test_loss: 0.7938, test_acc: 0.8139, best: 0.8194, time: 0:00:59
 Epoch: 297, lr: 8.0e-05, train_loss: 0.1032, train_acc: 0.9638 test_loss: 0.7931, test_acc: 0.8146, best: 0.8194, time: 0:00:59
 Epoch: 298, lr: 8.0e-05, train_loss: 0.1068, train_acc: 0.9642 test_loss: 0.7839, test_acc: 0.8110, best: 0.8194, time: 0:00:59
 Epoch: 299, lr: 8.0e-05, train_loss: 0.1036, train_acc: 0.9688 test_loss: 0.8067, test_acc: 0.8173, best: 0.8194, time: 0:00:59
 Highest accuracy: 0.8194