
 Run on time: 2022-07-13 00:07:55.274074

 Architecture: resnet18-nlpnosigmoid_headfix2_nowin-1222

 Pool Config: {
    "arch": "resnet18",
    "conv1": {
        "_conv2d": "norm",
        "pool_cfg": {
            "_ptype": "skip",
            "_stride": 2,
            "_psize": null,
            "_dim_reduced_ratio": null,
            "_num_heads": null,
            "_conv2d": null,
            "_win_norm": null
        }
    },
    "pool": {
        "_conv2d": null,
        "pool_cfg": {
            "_ptype": "maxp",
            "_stride": 2,
            "_psize": null,
            "_dim_reduced_ratio": null,
            "_num_heads": null,
            "_conv2d": null,
            "_win_norm": null
        }
    },
    "layer1": {
        "_conv2d": "norm",
        "pool_cfg": {
            "_ptype": "skip",
            "_stride": 1,
            "_psize": null,
            "_dim_reduced_ratio": null,
            "_num_heads": 2,
            "_conv2d": null,
            "_win_norm": false
        }
    },
    "layer2": {
        "_conv2d": "norm",
        "pool_cfg": {
            "_ptype": "nlpnosigmoid",
            "_stride": 2,
            "_psize": 1,
            "_dim_reduced_ratio": 1,
            "_num_heads": 2,
            "_conv2d": "norm",
            "_win_norm": false
        }
    },
    "layer3": {
        "_conv2d": "norm",
        "pool_cfg": {
            "_ptype": "nlpnosigmoid",
            "_stride": 2,
            "_psize": 1,
            "_dim_reduced_ratio": 1,
            "_num_heads": 2,
            "_conv2d": "norm",
            "_win_norm": false
        }
    },
    "layer4": {
        "_conv2d": "norm",
        "pool_cfg": {
            "_ptype": "nlpnosigmoid",
            "_stride": 2,
            "_psize": 1,
            "_dim_reduced_ratio": 1,
            "_num_heads": 2,
            "_conv2d": "norm",
            "_win_norm": false
        }
    }
}

 Arguments:
	 gpu                  : True
	 log                  : True
	 seed                 : 0
	 momentum             : 0.9
	 amsgrad              : True
	 dataset              : STL10
	 batch_size           : 8
	 architecture         : resnet18-nlpnosigmoid_headfix2_nowin-1222
	 im_size              : 128
	 relu_threshold       : 4.0
	 learning_rate        : 0.01
	 pretrained_backbone  : 
	 pretrained_ann       : 
	 weight_decay         : 0.0
	 test_only            : False
	 epochs               : 300
	 lr_interval          : [180, 240, 270]
	 lr_reduce            : 5
	 optimizer            : SGD
	 dropout              : 0.2
	 kernel_size          : 3
	 dont_save            : False
	 visualize            : False
	 devices              : 0
 DataParallel(
  (module): Network(
    (net): ResNet(
      (conv1): Conv2d(3, 64, kernel_size=(7, 7), stride=(2, 2), padding=(3, 3), bias=False)
      (bn1): BatchNorm2d(64, eps=1e-05, momentum=0.1, affine=True, track_running_stats=True)
      (relu): ReLU(inplace=True)
      (pool): MaxPool2d(kernel_size=2, stride=2, padding=0, dilation=1, ceil_mode=False)
      (layer1): Sequential(
        (0): BasicBlock(
          (conv1): Conv2d(64, 64, kernel_size=(3, 3), stride=(1, 1), padding=(1, 1), bias=False)
          (bn1): BatchNorm2d(64, eps=1e-05, momentum=0.1, affine=True, track_running_stats=True)
          (relu): ReLU(inplace=True)
          (conv2): Conv2d(64, 64, kernel_size=(3, 3), stride=(1, 1), padding=(1, 1), bias=False)
          (bn2): BatchNorm2d(64, eps=1e-05, momentum=0.1, affine=True, track_running_stats=True)
        )
        (1): BasicBlock(
          (conv1): Conv2d(64, 64, kernel_size=(3, 3), stride=(1, 1), padding=(1, 1), bias=False)
          (bn1): BatchNorm2d(64, eps=1e-05, momentum=0.1, affine=True, track_running_stats=True)
          (relu): ReLU(inplace=True)
          (conv2): Conv2d(64, 64, kernel_size=(3, 3), stride=(1, 1), padding=(1, 1), bias=False)
          (bn2): BatchNorm2d(64, eps=1e-05, momentum=0.1, affine=True, track_running_stats=True)
        )
      )
      (layer2): Sequential(
        (0): BasicBlock(
          (conv1): Conv2d(64, 128, kernel_size=(3, 3), stride=(1, 1), padding=(1, 1), bias=False)
          (bn1): BatchNorm2d(128, eps=1e-05, momentum=0.1, affine=True, track_running_stats=True)
          (relu): ReLU(inplace=True)
          (conv2): Conv2d(128, 128, kernel_size=(3, 3), stride=(1, 1), padding=(1, 1), bias=False)
          (bn2): BatchNorm2d(128, eps=1e-05, momentum=0.1, affine=True, track_running_stats=True)
          (downsample): Sequential(
            (0): Conv2d(64, 128, kernel_size=(1, 1), stride=(1, 1), bias=False)
            (1): BatchNorm2d(128, eps=1e-05, momentum=0.1, affine=True, track_running_stats=True)
          )
        )
        (1): BasicBlock(
          (conv1): Conv2d(128, 128, kernel_size=(3, 3), stride=(1, 1), padding=(1, 1), bias=False)
          (bn1): BatchNorm2d(128, eps=1e-05, momentum=0.1, affine=True, track_running_stats=True)
          (relu): ReLU(inplace=True)
          (conv2): Conv2d(128, 128, kernel_size=(3, 3), stride=(1, 1), padding=(1, 1), bias=False)
          (bn2): BatchNorm2d(128, eps=1e-05, momentum=0.1, affine=True, track_running_stats=True)
        )
        (pool): Pool2d(
          (logit): Sequential(
            (pool_weight): NLP_BASE(
              (downsample): Sequential(
                (0): Conv2d(128, 128, kernel_size=(1, 1), stride=(1, 1))
                (1): BatchNorm2d(128, eps=1e-05, momentum=0.1, affine=True, track_running_stats=True)
                (2): ReLU(inplace=True)
              )
              (multihead_attn): MultiheadAttention(
                (out_proj): NonDynamicallyQuantizableLinear(in_features=128, out_features=128, bias=True)
              )
              (restore): Sequential(
                (0): Conv2d(128, 128, kernel_size=(1, 1), stride=(1, 1))
                (1): BatchNorm2d(128, eps=1e-05, momentum=0.1, affine=True, track_running_stats=True)
              )
              (pos_embed): PositionEmbeddingLearned(
                (row_embed): Embedding(256, 64)
                (col_embed): Embedding(256, 64)
              )
            )
          )
          (pool): AvgPool2d(kernel_size=2, stride=2, padding=0)
        )
      )
      (layer3): Sequential(
        (0): BasicBlock(
          (conv1): Conv2d(128, 256, kernel_size=(3, 3), stride=(1, 1), padding=(1, 1), bias=False)
          (bn1): BatchNorm2d(256, eps=1e-05, momentum=0.1, affine=True, track_running_stats=True)
          (relu): ReLU(inplace=True)
          (conv2): Conv2d(256, 256, kernel_size=(3, 3), stride=(1, 1), padding=(1, 1), bias=False)
          (bn2): BatchNorm2d(256, eps=1e-05, momentum=0.1, affine=True, track_running_stats=True)
          (downsample): Sequential(
            (0): Conv2d(128, 256, kernel_size=(1, 1), stride=(1, 1), bias=False)
            (1): BatchNorm2d(256, eps=1e-05, momentum=0.1, affine=True, track_running_stats=True)
          )
        )
        (1): BasicBlock(
          (conv1): Conv2d(256, 256, kernel_size=(3, 3), stride=(1, 1), padding=(1, 1), bias=False)
          (bn1): BatchNorm2d(256, eps=1e-05, momentum=0.1, affine=True, track_running_stats=True)
          (relu): ReLU(inplace=True)
          (conv2): Conv2d(256, 256, kernel_size=(3, 3), stride=(1, 1), padding=(1, 1), bias=False)
          (bn2): BatchNorm2d(256, eps=1e-05, momentum=0.1, affine=True, track_running_stats=True)
        )
        (pool): Pool2d(
          (logit): Sequential(
            (pool_weight): NLP_BASE(
              (downsample): Sequential(
                (0): Conv2d(256, 256, kernel_size=(1, 1), stride=(1, 1))
                (1): BatchNorm2d(256, eps=1e-05, momentum=0.1, affine=True, track_running_stats=True)
                (2): ReLU(inplace=True)
              )
              (multihead_attn): MultiheadAttention(
                (out_proj): NonDynamicallyQuantizableLinear(in_features=256, out_features=256, bias=True)
              )
              (restore): Sequential(
                (0): Conv2d(256, 256, kernel_size=(1, 1), stride=(1, 1))
                (1): BatchNorm2d(256, eps=1e-05, momentum=0.1, affine=True, track_running_stats=True)
              )
              (pos_embed): PositionEmbeddingLearned(
                (row_embed): Embedding(256, 128)
                (col_embed): Embedding(256, 128)
              )
            )
          )
          (pool): AvgPool2d(kernel_size=2, stride=2, padding=0)
        )
      )
      (layer4): Sequential(
        (0): BasicBlock(
          (conv1): Conv2d(256, 512, kernel_size=(3, 3), stride=(1, 1), padding=(1, 1), bias=False)
          (bn1): BatchNorm2d(512, eps=1e-05, momentum=0.1, affine=True, track_running_stats=True)
          (relu): ReLU(inplace=True)
          (conv2): Conv2d(512, 512, kernel_size=(3, 3), stride=(1, 1), padding=(1, 1), bias=False)
          (bn2): BatchNorm2d(512, eps=1e-05, momentum=0.1, affine=True, track_running_stats=True)
          (downsample): Sequential(
            (0): Conv2d(256, 512, kernel_size=(1, 1), stride=(1, 1), bias=False)
            (1): BatchNorm2d(512, eps=1e-05, momentum=0.1, affine=True, track_running_stats=True)
          )
        )
        (1): BasicBlock(
          (conv1): Conv2d(512, 512, kernel_size=(3, 3), stride=(1, 1), padding=(1, 1), bias=False)
          (bn1): BatchNorm2d(512, eps=1e-05, momentum=0.1, affine=True, track_running_stats=True)
          (relu): ReLU(inplace=True)
          (conv2): Conv2d(512, 512, kernel_size=(3, 3), stride=(1, 1), padding=(1, 1), bias=False)
          (bn2): BatchNorm2d(512, eps=1e-05, momentum=0.1, affine=True, track_running_stats=True)
        )
        (pool): Pool2d(
          (logit): Sequential(
            (pool_weight): NLP_BASE(
              (downsample): Sequential(
                (0): Conv2d(512, 512, kernel_size=(1, 1), stride=(1, 1))
                (1): BatchNorm2d(512, eps=1e-05, momentum=0.1, affine=True, track_running_stats=True)
                (2): ReLU(inplace=True)
              )
              (multihead_attn): MultiheadAttention(
                (out_proj): NonDynamicallyQuantizableLinear(in_features=512, out_features=512, bias=True)
              )
              (restore): Sequential(
                (0): Conv2d(512, 512, kernel_size=(1, 1), stride=(1, 1))
                (1): BatchNorm2d(512, eps=1e-05, momentum=0.1, affine=True, track_running_stats=True)
              )
              (pos_embed): PositionEmbeddingLearned(
                (row_embed): Embedding(256, 256)
                (col_embed): Embedding(256, 256)
              )
            )
          )
          (pool): AvgPool2d(kernel_size=2, stride=2, padding=0)
        )
      )
      (avgpool): AdaptiveAvgPool2d(output_size=(1, 1))
      (fc): Linear(in_features=512, out_features=10, bias=True)
    )
  )
)
 SGD (
Parameter Group 0
    dampening: 0
    lr: 0.01
    momentum: 0.9
    nesterov: False
    weight_decay: 0.0
)
 Epoch: 1, lr: 1.0e-02, train_loss: nan, train_acc: 0.0998 test_loss: nan, test_acc: 0.1000, best: 0.1000, time: 0:01:05
 Epoch: 2, lr: 1.0e-02, train_loss: nan, train_acc: 0.1000 test_loss: nan, test_acc: 0.1000, best: 0.1000, time: 0:01:04
 Epoch: 3, lr: 1.0e-02, train_loss: nan, train_acc: 0.1000 test_loss: nan, test_acc: 0.1000, best: 0.1000, time: 0:01:04
 Epoch: 4, lr: 1.0e-02, train_loss: nan, train_acc: 0.1000 test_loss: nan, test_acc: 0.1000, best: 0.1000, time: 0:01:05
 Epoch: 5, lr: 1.0e-02, train_loss: nan, train_acc: 0.1000 test_loss: nan, test_acc: 0.1000, best: 0.1000, time: 0:01:05
 Epoch: 6, lr: 1.0e-02, train_loss: nan, train_acc: 0.1000 test_loss: nan, test_acc: 0.1000, best: 0.1000, time: 0:01:05
 Epoch: 7, lr: 1.0e-02, train_loss: nan, train_acc: 0.1000 test_loss: nan, test_acc: 0.1000, best: 0.1000, time: 0:01:05
 Epoch: 8, lr: 1.0e-02, train_loss: nan, train_acc: 0.1000 test_loss: nan, test_acc: 0.1000, best: 0.1000, time: 0:01:05
 Epoch: 9, lr: 1.0e-02, train_loss: nan, train_acc: 0.1000 test_loss: nan, test_acc: 0.1000, best: 0.1000, time: 0:01:05
 Epoch: 10, lr: 1.0e-02, train_loss: nan, train_acc: 0.1000 test_loss: nan, test_acc: 0.1000, best: 0.1000, time: 0:01:05
 Epoch: 11, lr: 1.0e-02, train_loss: nan, train_acc: 0.1000 test_loss: nan, test_acc: 0.1000, best: 0.1000, time: 0:01:05
 Epoch: 12, lr: 1.0e-02, train_loss: nan, train_acc: 0.1000 test_loss: nan, test_acc: 0.1000, best: 0.1000, time: 0:01:05
 Epoch: 13, lr: 1.0e-02, train_loss: nan, train_acc: 0.1000 test_loss: nan, test_acc: 0.1000, best: 0.1000, time: 0:01:05
 Epoch: 14, lr: 1.0e-02, train_loss: nan, train_acc: 0.1000 test_loss: nan, test_acc: 0.1000, best: 0.1000, time: 0:01:05
 Epoch: 15, lr: 1.0e-02, train_loss: nan, train_acc: 0.1000 test_loss: nan, test_acc: 0.1000, best: 0.1000, time: 0:01:05
 Epoch: 16, lr: 1.0e-02, train_loss: nan, train_acc: 0.1000 test_loss: nan, test_acc: 0.1000, best: 0.1000, time: 0:01:05
 Epoch: 17, lr: 1.0e-02, train_loss: nan, train_acc: 0.1000 test_loss: nan, test_acc: 0.1000, best: 0.1000, time: 0:01:05
 Epoch: 18, lr: 1.0e-02, train_loss: nan, train_acc: 0.1000 test_loss: nan, test_acc: 0.1000, best: 0.1000, time: 0:01:05
 Epoch: 19, lr: 1.0e-02, train_loss: nan, train_acc: 0.1000 test_loss: nan, test_acc: 0.1000, best: 0.1000, time: 0:01:05
 Epoch: 20, lr: 1.0e-02, train_loss: nan, train_acc: 0.1000 test_loss: nan, test_acc: 0.1000, best: 0.1000, time: 0:01:05
 Epoch: 21, lr: 1.0e-02, train_loss: nan, train_acc: 0.1000 test_loss: nan, test_acc: 0.1000, best: 0.1000, time: 0:01:05
 Epoch: 22, lr: 1.0e-02, train_loss: nan, train_acc: 0.1000 test_loss: nan, test_acc: 0.1000, best: 0.1000, time: 0:01:05
 Epoch: 23, lr: 1.0e-02, train_loss: nan, train_acc: 0.1000 test_loss: nan, test_acc: 0.1000, best: 0.1000, time: 0:01:05
 Epoch: 24, lr: 1.0e-02, train_loss: nan, train_acc: 0.1000 test_loss: nan, test_acc: 0.1000, best: 0.1000, time: 0:01:05
 Epoch: 25, lr: 1.0e-02, train_loss: nan, train_acc: 0.1000 test_loss: nan, test_acc: 0.1000, best: 0.1000, time: 0:01:05
 Epoch: 26, lr: 1.0e-02, train_loss: nan, train_acc: 0.1000 test_loss: nan, test_acc: 0.1000, best: 0.1000, time: 0:01:05
 Epoch: 27, lr: 1.0e-02, train_loss: nan, train_acc: 0.1000 test_loss: nan, test_acc: 0.1000, best: 0.1000, time: 0:01:05
 Epoch: 28, lr: 1.0e-02, train_loss: nan, train_acc: 0.1000 test_loss: nan, test_acc: 0.1000, best: 0.1000, time: 0:01:05
 Epoch: 29, lr: 1.0e-02, train_loss: nan, train_acc: 0.1000 test_loss: nan, test_acc: 0.1000, best: 0.1000, time: 0:01:05
 Epoch: 30, lr: 1.0e-02, train_loss: nan, train_acc: 0.1000 test_loss: nan, test_acc: 0.1000, best: 0.1000, time: 0:01:05
 Epoch: 31, lr: 1.0e-02, train_loss: nan, train_acc: 0.1000