
 Run on time: 2022-07-13 00:07:07.903097

 Architecture: mobilenet_v2-nlpnope_headfix2_nowin-1222121

 Pool Config: {
    "arch": "mobilenet_v2",
    "conv1": {
        "_conv2d": "norm",
        "pool_cfg": {
            "_ptype": "skip",
            "_stride": 2,
            "_psize": null,
            "_dim_reduced_ratio": null,
            "_num_heads": null,
            "_conv2d": null,
            "_win_norm": null
        }
    },
    "layer1": {
        "_conv2d": "norm",
        "pool_cfg": {
            "_ptype": "skip",
            "_stride": 1,
            "_psize": null,
            "_dim_reduced_ratio": null,
            "_num_heads": 2,
            "_conv2d": null,
            "_win_norm": false
        }
    },
    "layer2": {
        "_conv2d": "norm",
        "pool_cfg": {
            "_ptype": "nlpnope",
            "_stride": 2,
            "_psize": 1,
            "_dim_reduced_ratio": 1,
            "_num_heads": 2,
            "_conv2d": "norm",
            "_win_norm": false
        }
    },
    "layer3": {
        "_conv2d": "norm",
        "pool_cfg": {
            "_ptype": "nlpnope",
            "_stride": 2,
            "_psize": 1,
            "_dim_reduced_ratio": 1,
            "_num_heads": 2,
            "_conv2d": "norm",
            "_win_norm": false
        }
    },
    "layer4": {
        "_conv2d": "norm",
        "pool_cfg": {
            "_ptype": "nlpnope",
            "_stride": 2,
            "_psize": 1,
            "_dim_reduced_ratio": 1,
            "_num_heads": 2,
            "_conv2d": "norm",
            "_win_norm": false
        }
    },
    "layer5": {
        "_conv2d": "norm",
        "pool_cfg": {
            "_ptype": "skip",
            "_stride": 1,
            "_psize": null,
            "_dim_reduced_ratio": null,
            "_num_heads": 2,
            "_conv2d": null,
            "_win_norm": false
        }
    },
    "layer6": {
        "_conv2d": "norm",
        "pool_cfg": {
            "_ptype": "nlpnope",
            "_stride": 2,
            "_psize": 1,
            "_dim_reduced_ratio": 1,
            "_num_heads": 2,
            "_conv2d": "norm",
            "_win_norm": false
        }
    },
    "layer7": {
        "_conv2d": "norm",
        "pool_cfg": {
            "_ptype": "skip",
            "_stride": 1,
            "_psize": null,
            "_dim_reduced_ratio": null,
            "_num_heads": 2,
            "_conv2d": null,
            "_win_norm": false
        }
    },
    "conv2": {
        "_conv2d": "norm",
        "pool_cfg": {}
    }
}

 Arguments:
	 gpu                  : True
	 log                  : True
	 seed                 : 0
	 momentum             : 0.9
	 amsgrad              : True
	 dataset              : STL10
	 batch_size           : 8
	 architecture         : mobilenet_v2-nlpnope_headfix2_nowin-1222121
	 im_size              : 128
	 relu_threshold       : 4.0
	 learning_rate        : 0.01
	 pretrained_backbone  : 
	 pretrained_ann       : 
	 weight_decay         : 0.0
	 test_only            : False
	 epochs               : 300
	 lr_interval          : [180, 240, 270]
	 lr_reduce            : 5
	 optimizer            : SGD
	 dropout              : 0.2
	 kernel_size          : 3
	 dont_save            : False
	 visualize            : False
	 devices              : 0
 DataParallel(
  (module): Network(
    (net): MobileNetV2(
      (conv1): Sequential(
        (0): Conv2d(3, 32, kernel_size=(3, 3), stride=(2, 2), padding=(1, 1), bias=False)
        (1): BatchNorm2d(32, eps=1e-05, momentum=0.1, affine=True, track_running_stats=True)
        (2): ReLU6(inplace=True)
      )
      (features): Sequential(
        (0): Sequential(
          (0): InvertedResidual(
            (conv): Sequential(
              (0): Conv2d(32, 32, kernel_size=(3, 3), stride=(1, 1), padding=(1, 1), groups=32, bias=False)
              (1): BatchNorm2d(32, eps=1e-05, momentum=0.1, affine=True, track_running_stats=True)
              (2): ReLU6(inplace=True)
              (3): Conv2d(32, 16, kernel_size=(1, 1), stride=(1, 1), bias=False)
              (4): BatchNorm2d(16, eps=1e-05, momentum=0.1, affine=True, track_running_stats=True)
            )
          )
        )
        (1): Sequential(
          (0): InvertedResidual(
            (pooling): Pool2d(
              (logit): Sequential(
                (pool_weight): NLP_BASE(
                  (downsample): Sequential(
                    (0): Conv2d(24, 24, kernel_size=(1, 1), stride=(1, 1))
                    (1): BatchNorm2d(24, eps=1e-05, momentum=0.1, affine=True, track_running_stats=True)
                    (2): ReLU(inplace=True)
                  )
                  (multihead_attn): MultiheadAttention(
                    (out_proj): NonDynamicallyQuantizableLinear(in_features=24, out_features=24, bias=True)
                  )
                  (restore): Sequential(
                    (0): Conv2d(24, 24, kernel_size=(1, 1), stride=(1, 1))
                    (1): BatchNorm2d(24, eps=1e-05, momentum=0.1, affine=True, track_running_stats=True)
                    (2): Sigmoid()
                  )
                )
              )
              (pool): AvgPool2d(kernel_size=2, stride=2, padding=0)
            )
            (conv): Sequential(
              (0): Conv2d(16, 96, kernel_size=(1, 1), stride=(1, 1), bias=False)
              (1): BatchNorm2d(96, eps=1e-05, momentum=0.1, affine=True, track_running_stats=True)
              (2): ReLU6(inplace=True)
              (3): Conv2d(96, 96, kernel_size=(3, 3), stride=(1, 1), padding=(1, 1), groups=96, bias=False)
              (4): BatchNorm2d(96, eps=1e-05, momentum=0.1, affine=True, track_running_stats=True)
              (5): ReLU6(inplace=True)
              (6): Conv2d(96, 24, kernel_size=(1, 1), stride=(1, 1), bias=False)
              (7): BatchNorm2d(24, eps=1e-05, momentum=0.1, affine=True, track_running_stats=True)
            )
          )
          (1): InvertedResidual(
            (conv): Sequential(
              (0): Conv2d(24, 144, kernel_size=(1, 1), stride=(1, 1), bias=False)
              (1): BatchNorm2d(144, eps=1e-05, momentum=0.1, affine=True, track_running_stats=True)
              (2): ReLU6(inplace=True)
              (3): Conv2d(144, 144, kernel_size=(3, 3), stride=(1, 1), padding=(1, 1), groups=144, bias=False)
              (4): BatchNorm2d(144, eps=1e-05, momentum=0.1, affine=True, track_running_stats=True)
              (5): ReLU6(inplace=True)
              (6): Conv2d(144, 24, kernel_size=(1, 1), stride=(1, 1), bias=False)
              (7): BatchNorm2d(24, eps=1e-05, momentum=0.1, affine=True, track_running_stats=True)
            )
          )
        )
        (2): Sequential(
          (0): InvertedResidual(
            (pooling): Pool2d(
              (logit): Sequential(
                (pool_weight): NLP_BASE(
                  (downsample): Sequential(
                    (0): Conv2d(32, 32, kernel_size=(1, 1), stride=(1, 1))
                    (1): BatchNorm2d(32, eps=1e-05, momentum=0.1, affine=True, track_running_stats=True)
                    (2): ReLU(inplace=True)
                  )
                  (multihead_attn): MultiheadAttention(
                    (out_proj): NonDynamicallyQuantizableLinear(in_features=32, out_features=32, bias=True)
                  )
                  (restore): Sequential(
                    (0): Conv2d(32, 32, kernel_size=(1, 1), stride=(1, 1))
                    (1): BatchNorm2d(32, eps=1e-05, momentum=0.1, affine=True, track_running_stats=True)
                    (2): Sigmoid()
                  )
                )
              )
              (pool): AvgPool2d(kernel_size=2, stride=2, padding=0)
            )
            (conv): Sequential(
              (0): Conv2d(24, 144, kernel_size=(1, 1), stride=(1, 1), bias=False)
              (1): BatchNorm2d(144, eps=1e-05, momentum=0.1, affine=True, track_running_stats=True)
              (2): ReLU6(inplace=True)
              (3): Conv2d(144, 144, kernel_size=(3, 3), stride=(1, 1), padding=(1, 1), groups=144, bias=False)
              (4): BatchNorm2d(144, eps=1e-05, momentum=0.1, affine=True, track_running_stats=True)
              (5): ReLU6(inplace=True)
              (6): Conv2d(144, 32, kernel_size=(1, 1), stride=(1, 1), bias=False)
              (7): BatchNorm2d(32, eps=1e-05, momentum=0.1, affine=True, track_running_stats=True)
            )
          )
          (1): InvertedResidual(
            (conv): Sequential(
              (0): Conv2d(32, 192, kernel_size=(1, 1), stride=(1, 1), bias=False)
              (1): BatchNorm2d(192, eps=1e-05, momentum=0.1, affine=True, track_running_stats=True)
              (2): ReLU6(inplace=True)
              (3): Conv2d(192, 192, kernel_size=(3, 3), stride=(1, 1), padding=(1, 1), groups=192, bias=False)
              (4): BatchNorm2d(192, eps=1e-05, momentum=0.1, affine=True, track_running_stats=True)
              (5): ReLU6(inplace=True)
              (6): Conv2d(192, 32, kernel_size=(1, 1), stride=(1, 1), bias=False)
              (7): BatchNorm2d(32, eps=1e-05, momentum=0.1, affine=True, track_running_stats=True)
            )
          )
          (2): InvertedResidual(
            (conv): Sequential(
              (0): Conv2d(32, 192, kernel_size=(1, 1), stride=(1, 1), bias=False)
              (1): BatchNorm2d(192, eps=1e-05, momentum=0.1, affine=True, track_running_stats=True)
              (2): ReLU6(inplace=True)
              (3): Conv2d(192, 192, kernel_size=(3, 3), stride=(1, 1), padding=(1, 1), groups=192, bias=False)
              (4): BatchNorm2d(192, eps=1e-05, momentum=0.1, affine=True, track_running_stats=True)
              (5): ReLU6(inplace=True)
              (6): Conv2d(192, 32, kernel_size=(1, 1), stride=(1, 1), bias=False)
              (7): BatchNorm2d(32, eps=1e-05, momentum=0.1, affine=True, track_running_stats=True)
            )
          )
        )
        (3): Sequential(
          (0): InvertedResidual(
            (pooling): Pool2d(
              (logit): Sequential(
                (pool_weight): NLP_BASE(
                  (downsample): Sequential(
                    (0): Conv2d(64, 64, kernel_size=(1, 1), stride=(1, 1))
                    (1): BatchNorm2d(64, eps=1e-05, momentum=0.1, affine=True, track_running_stats=True)
                    (2): ReLU(inplace=True)
                  )
                  (multihead_attn): MultiheadAttention(
                    (out_proj): NonDynamicallyQuantizableLinear(in_features=64, out_features=64, bias=True)
                  )
                  (restore): Sequential(
                    (0): Conv2d(64, 64, kernel_size=(1, 1), stride=(1, 1))
                    (1): BatchNorm2d(64, eps=1e-05, momentum=0.1, affine=True, track_running_stats=True)
                    (2): Sigmoid()
                  )
                )
              )
              (pool): AvgPool2d(kernel_size=2, stride=2, padding=0)
            )
            (conv): Sequential(
              (0): Conv2d(32, 192, kernel_size=(1, 1), stride=(1, 1), bias=False)
              (1): BatchNorm2d(192, eps=1e-05, momentum=0.1, affine=True, track_running_stats=True)
              (2): ReLU6(inplace=True)
              (3): Conv2d(192, 192, kernel_size=(3, 3), stride=(1, 1), padding=(1, 1), groups=192, bias=False)
              (4): BatchNorm2d(192, eps=1e-05, momentum=0.1, affine=True, track_running_stats=True)
              (5): ReLU6(inplace=True)
              (6): Conv2d(192, 64, kernel_size=(1, 1), stride=(1, 1), bias=False)
              (7): BatchNorm2d(64, eps=1e-05, momentum=0.1, affine=True, track_running_stats=True)
            )
          )
          (1): InvertedResidual(
            (conv): Sequential(
              (0): Conv2d(64, 384, kernel_size=(1, 1), stride=(1, 1), bias=False)
              (1): BatchNorm2d(384, eps=1e-05, momentum=0.1, affine=True, track_running_stats=True)
              (2): ReLU6(inplace=True)
              (3): Conv2d(384, 384, kernel_size=(3, 3), stride=(1, 1), padding=(1, 1), groups=384, bias=False)
              (4): BatchNorm2d(384, eps=1e-05, momentum=0.1, affine=True, track_running_stats=True)
              (5): ReLU6(inplace=True)
              (6): Conv2d(384, 64, kernel_size=(1, 1), stride=(1, 1), bias=False)
              (7): BatchNorm2d(64, eps=1e-05, momentum=0.1, affine=True, track_running_stats=True)
            )
          )
          (2): InvertedResidual(
            (conv): Sequential(
              (0): Conv2d(64, 384, kernel_size=(1, 1), stride=(1, 1), bias=False)
              (1): BatchNorm2d(384, eps=1e-05, momentum=0.1, affine=True, track_running_stats=True)
              (2): ReLU6(inplace=True)
              (3): Conv2d(384, 384, kernel_size=(3, 3), stride=(1, 1), padding=(1, 1), groups=384, bias=False)
              (4): BatchNorm2d(384, eps=1e-05, momentum=0.1, affine=True, track_running_stats=True)
              (5): ReLU6(inplace=True)
              (6): Conv2d(384, 64, kernel_size=(1, 1), stride=(1, 1), bias=False)
              (7): BatchNorm2d(64, eps=1e-05, momentum=0.1, affine=True, track_running_stats=True)
            )
          )
          (3): InvertedResidual(
            (conv): Sequential(
              (0): Conv2d(64, 384, kernel_size=(1, 1), stride=(1, 1), bias=False)
              (1): BatchNorm2d(384, eps=1e-05, momentum=0.1, affine=True, track_running_stats=True)
              (2): ReLU6(inplace=True)
              (3): Conv2d(384, 384, kernel_size=(3, 3), stride=(1, 1), padding=(1, 1), groups=384, bias=False)
              (4): BatchNorm2d(384, eps=1e-05, momentum=0.1, affine=True, track_running_stats=True)
              (5): ReLU6(inplace=True)
              (6): Conv2d(384, 64, kernel_size=(1, 1), stride=(1, 1), bias=False)
              (7): BatchNorm2d(64, eps=1e-05, momentum=0.1, affine=True, track_running_stats=True)
            )
          )
        )
        (4): Sequential(
          (0): InvertedResidual(
            (conv): Sequential(
              (0): Conv2d(64, 384, kernel_size=(1, 1), stride=(1, 1), bias=False)
              (1): BatchNorm2d(384, eps=1e-05, momentum=0.1, affine=True, track_running_stats=True)
              (2): ReLU6(inplace=True)
              (3): Conv2d(384, 384, kernel_size=(3, 3), stride=(1, 1), padding=(1, 1), groups=384, bias=False)
              (4): BatchNorm2d(384, eps=1e-05, momentum=0.1, affine=True, track_running_stats=True)
              (5): ReLU6(inplace=True)
              (6): Conv2d(384, 96, kernel_size=(1, 1), stride=(1, 1), bias=False)
              (7): BatchNorm2d(96, eps=1e-05, momentum=0.1, affine=True, track_running_stats=True)
            )
          )
          (1): InvertedResidual(
            (conv): Sequential(
              (0): Conv2d(96, 576, kernel_size=(1, 1), stride=(1, 1), bias=False)
              (1): BatchNorm2d(576, eps=1e-05, momentum=0.1, affine=True, track_running_stats=True)
              (2): ReLU6(inplace=True)
              (3): Conv2d(576, 576, kernel_size=(3, 3), stride=(1, 1), padding=(1, 1), groups=576, bias=False)
              (4): BatchNorm2d(576, eps=1e-05, momentum=0.1, affine=True, track_running_stats=True)
              (5): ReLU6(inplace=True)
              (6): Conv2d(576, 96, kernel_size=(1, 1), stride=(1, 1), bias=False)
              (7): BatchNorm2d(96, eps=1e-05, momentum=0.1, affine=True, track_running_stats=True)
            )
          )
          (2): InvertedResidual(
            (conv): Sequential(
              (0): Conv2d(96, 576, kernel_size=(1, 1), stride=(1, 1), bias=False)
              (1): BatchNorm2d(576, eps=1e-05, momentum=0.1, affine=True, track_running_stats=True)
              (2): ReLU6(inplace=True)
              (3): Conv2d(576, 576, kernel_size=(3, 3), stride=(1, 1), padding=(1, 1), groups=576, bias=False)
              (4): BatchNorm2d(576, eps=1e-05, momentum=0.1, affine=True, track_running_stats=True)
              (5): ReLU6(inplace=True)
              (6): Conv2d(576, 96, kernel_size=(1, 1), stride=(1, 1), bias=False)
              (7): BatchNorm2d(96, eps=1e-05, momentum=0.1, affine=True, track_running_stats=True)
            )
          )
        )
        (5): Sequential(
          (0): InvertedResidual(
            (pooling): Pool2d(
              (logit): Sequential(
                (pool_weight): NLP_BASE(
                  (downsample): Sequential(
                    (0): Conv2d(160, 160, kernel_size=(1, 1), stride=(1, 1))
                    (1): BatchNorm2d(160, eps=1e-05, momentum=0.1, affine=True, track_running_stats=True)
                    (2): ReLU(inplace=True)
                  )
                  (multihead_attn): MultiheadAttention(
                    (out_proj): NonDynamicallyQuantizableLinear(in_features=160, out_features=160, bias=True)
                  )
                  (restore): Sequential(
                    (0): Conv2d(160, 160, kernel_size=(1, 1), stride=(1, 1))
                    (1): BatchNorm2d(160, eps=1e-05, momentum=0.1, affine=True, track_running_stats=True)
                    (2): Sigmoid()
                  )
                )
              )
              (pool): AvgPool2d(kernel_size=2, stride=2, padding=0)
            )
            (conv): Sequential(
              (0): Conv2d(96, 576, kernel_size=(1, 1), stride=(1, 1), bias=False)
              (1): BatchNorm2d(576, eps=1e-05, momentum=0.1, affine=True, track_running_stats=True)
              (2): ReLU6(inplace=True)
              (3): Conv2d(576, 576, kernel_size=(3, 3), stride=(1, 1), padding=(1, 1), groups=576, bias=False)
              (4): BatchNorm2d(576, eps=1e-05, momentum=0.1, affine=True, track_running_stats=True)
              (5): ReLU6(inplace=True)
              (6): Conv2d(576, 160, kernel_size=(1, 1), stride=(1, 1), bias=False)
              (7): BatchNorm2d(160, eps=1e-05, momentum=0.1, affine=True, track_running_stats=True)
            )
          )
          (1): InvertedResidual(
            (conv): Sequential(
              (0): Conv2d(160, 960, kernel_size=(1, 1), stride=(1, 1), bias=False)
              (1): BatchNorm2d(960, eps=1e-05, momentum=0.1, affine=True, track_running_stats=True)
              (2): ReLU6(inplace=True)
              (3): Conv2d(960, 960, kernel_size=(3, 3), stride=(1, 1), padding=(1, 1), groups=960, bias=False)
              (4): BatchNorm2d(960, eps=1e-05, momentum=0.1, affine=True, track_running_stats=True)
              (5): ReLU6(inplace=True)
              (6): Conv2d(960, 160, kernel_size=(1, 1), stride=(1, 1), bias=False)
              (7): BatchNorm2d(160, eps=1e-05, momentum=0.1, affine=True, track_running_stats=True)
            )
          )
          (2): InvertedResidual(
            (conv): Sequential(
              (0): Conv2d(160, 960, kernel_size=(1, 1), stride=(1, 1), bias=False)
              (1): BatchNorm2d(960, eps=1e-05, momentum=0.1, affine=True, track_running_stats=True)
              (2): ReLU6(inplace=True)
              (3): Conv2d(960, 960, kernel_size=(3, 3), stride=(1, 1), padding=(1, 1), groups=960, bias=False)
              (4): BatchNorm2d(960, eps=1e-05, momentum=0.1, affine=True, track_running_stats=True)
              (5): ReLU6(inplace=True)
              (6): Conv2d(960, 160, kernel_size=(1, 1), stride=(1, 1), bias=False)
              (7): BatchNorm2d(160, eps=1e-05, momentum=0.1, affine=True, track_running_stats=True)
            )
          )
        )
        (6): Sequential(
          (0): InvertedResidual(
            (conv): Sequential(
              (0): Conv2d(160, 960, kernel_size=(1, 1), stride=(1, 1), bias=False)
              (1): BatchNorm2d(960, eps=1e-05, momentum=0.1, affine=True, track_running_stats=True)
              (2): ReLU6(inplace=True)
              (3): Conv2d(960, 960, kernel_size=(3, 3), stride=(1, 1), padding=(1, 1), groups=960, bias=False)
              (4): BatchNorm2d(960, eps=1e-05, momentum=0.1, affine=True, track_running_stats=True)
              (5): ReLU6(inplace=True)
              (6): Conv2d(960, 320, kernel_size=(1, 1), stride=(1, 1), bias=False)
              (7): BatchNorm2d(320, eps=1e-05, momentum=0.1, affine=True, track_running_stats=True)
            )
          )
        )
      )
      (conv2): Sequential(
        (0): Conv2d(320, 1280, kernel_size=(1, 1), stride=(1, 1), bias=False)
        (1): BatchNorm2d(1280, eps=1e-05, momentum=0.1, affine=True, track_running_stats=True)
        (2): ReLU6(inplace=True)
      )
      (avgpool): AdaptiveAvgPool2d(output_size=(1, 1))
      (classifier): Linear(in_features=1280, out_features=10, bias=True)
    )
  )
)
 SGD (
Parameter Group 0
    dampening: 0
    lr: 0.01
    momentum: 0.9
    nesterov: False
    weight_decay: 0.0
)
 Epoch: 1, lr: 1.0e-02, train_loss: 2.5085, train_acc: 0.1706 test_loss: 1.8436, test_acc: 0.2669, best: 0.2669, time: 0:02:06
 Epoch: 2, lr: 1.0e-02, train_loss: 1.9974, train_acc: 0.2334 test_loss: 1.7452, test_acc: 0.2825, best: 0.2825, time: 0:02:06
 Epoch: 3, lr: 1.0e-02, train_loss: 1.9248, train_acc: 0.2634 test_loss: 1.6978, test_acc: 0.3265, best: 0.3265, time: 0:02:06
 Epoch: 4, lr: 1.0e-02, train_loss: 1.8706, train_acc: 0.2912 test_loss: 1.6499, test_acc: 0.3574, best: 0.3574, time: 0:02:06
 Epoch: 5, lr: 1.0e-02, train_loss: 1.8153, train_acc: 0.3160 test_loss: 1.6241, test_acc: 0.3633, best: 0.3633, time: 0:02:06
 Epoch: 6, lr: 1.0e-02, train_loss: 1.7678, train_acc: 0.3304 test_loss: 1.5620, test_acc: 0.4045, best: 0.4045, time: 0:02:06
 Epoch: 7, lr: 1.0e-02, train_loss: 1.7314, train_acc: 0.3432 test_loss: 1.5532, test_acc: 0.4070, best: 0.4070, time: 0:02:06
 Epoch: 8, lr: 1.0e-02, train_loss: 1.6955, train_acc: 0.3564 test_loss: 1.4838, test_acc: 0.4296, best: 0.4296, time: 0:02:06
 Epoch: 9, lr: 1.0e-02, train_loss: 1.6676, train_acc: 0.3762 test_loss: 1.5541, test_acc: 0.4083, best: 0.4296, time: 0:02:06
 Epoch: 10, lr: 1.0e-02, train_loss: 1.6221, train_acc: 0.4000 test_loss: 1.3654, test_acc: 0.4845, best: 0.4845, time: 0:02:06
 Epoch: 11, lr: 1.0e-02, train_loss: 1.5891, train_acc: 0.4178 test_loss: 1.3661, test_acc: 0.4923, best: 0.4923, time: 0:02:06
 Epoch: 12, lr: 1.0e-02, train_loss: 1.5323, train_acc: 0.4392 test_loss: 1.3693, test_acc: 0.4816, best: 0.4923, time: 0:02:06
 Epoch: 13, lr: 1.0e-02, train_loss: 1.5188, train_acc: 0.4410 test_loss: 1.3469, test_acc: 0.4978, best: 0.4978, time: 0:02:06
 Epoch: 14, lr: 1.0e-02, train_loss: 1.4668, train_acc: 0.4614 test_loss: 1.2488, test_acc: 0.5299, best: 0.5299, time: 0:02:06
 Epoch: 15, lr: 1.0e-02, train_loss: 1.4601, train_acc: 0.4766 test_loss: 1.2064, test_acc: 0.5650, best: 0.5650, time: 0:02:06
 Epoch: 16, lr: 1.0e-02, train_loss: 1.4071, train_acc: 0.4830