
 Run on time: 2022-06-22 09:37:11.585631

 Arguments:
	 gpu                  : True
	 log                  : True
	 seed                 : 0
	 momentum             : 0.9
	 amsgrad              : True
	 dataset              : STL10
	 batch_size           : 8
	 architecture         : RESNET18_4222
	 im_size              : 224
	 relu_threshold       : 4.0
	 learning_rate        : 0.01
	 pretrained_backbone  : 
	 pretrained_ann       : 
	 weight_decay         : 0.0
	 test_only            : False
	 epochs               : 300
	 lr_interval          : [180, 240, 270]
	 lr_reduce            : 5
	 optimizer            : SGD
	 dropout              : 0.2
	 kernel_size          : 3
	 dont_save            : False
	 visualize            : False
	 devices              : 0,1
 DataParallel(
  (module): NetworkByName(
    (net): ResNet(
      (conv1): Conv2d(3, 64, kernel_size=(7, 7), stride=(2, 2), padding=(3, 3), bias=False)
      (bn1): BatchNorm2d(64, eps=1e-05, momentum=0.1, affine=True, track_running_stats=True)
      (relu): ReLU(inplace=True)
      (pool): MaxPool2d(kernel_size=2, stride=2, padding=0, dilation=1, ceil_mode=False)
      (layer1): Sequential(
        (0): BasicBlock(
          (conv1): Conv2d(64, 64, kernel_size=(3, 3), stride=(4, 4), padding=(1, 1), bias=False)
          (bn1): BatchNorm2d(64, eps=1e-05, momentum=0.1, affine=True, track_running_stats=True)
          (relu): ReLU(inplace=True)
          (conv2): Conv2d(64, 64, kernel_size=(3, 3), stride=(1, 1), padding=(1, 1), bias=False)
          (bn2): BatchNorm2d(64, eps=1e-05, momentum=0.1, affine=True, track_running_stats=True)
          (downsample): Sequential(
            (0): Conv2d(64, 64, kernel_size=(1, 1), stride=(4, 4), bias=False)
            (1): BatchNorm2d(64, eps=1e-05, momentum=0.1, affine=True, track_running_stats=True)
          )
        )
        (1): BasicBlock(
          (conv1): Conv2d(64, 64, kernel_size=(3, 3), stride=(1, 1), padding=(1, 1), bias=False)
          (bn1): BatchNorm2d(64, eps=1e-05, momentum=0.1, affine=True, track_running_stats=True)
          (relu): ReLU(inplace=True)
          (conv2): Conv2d(64, 64, kernel_size=(3, 3), stride=(1, 1), padding=(1, 1), bias=False)
          (bn2): BatchNorm2d(64, eps=1e-05, momentum=0.1, affine=True, track_running_stats=True)
        )
      )
      (layer2): Sequential(
        (0): BasicBlock(
          (conv1): Conv2d(64, 128, kernel_size=(3, 3), stride=(2, 2), padding=(1, 1), bias=False)
          (bn1): BatchNorm2d(128, eps=1e-05, momentum=0.1, affine=True, track_running_stats=True)
          (relu): ReLU(inplace=True)
          (conv2): Conv2d(128, 128, kernel_size=(3, 3), stride=(1, 1), padding=(1, 1), bias=False)
          (bn2): BatchNorm2d(128, eps=1e-05, momentum=0.1, affine=True, track_running_stats=True)
          (downsample): Sequential(
            (0): Conv2d(64, 128, kernel_size=(1, 1), stride=(2, 2), bias=False)
            (1): BatchNorm2d(128, eps=1e-05, momentum=0.1, affine=True, track_running_stats=True)
          )
        )
        (1): BasicBlock(
          (conv1): Conv2d(128, 128, kernel_size=(3, 3), stride=(1, 1), padding=(1, 1), bias=False)
          (bn1): BatchNorm2d(128, eps=1e-05, momentum=0.1, affine=True, track_running_stats=True)
          (relu): ReLU(inplace=True)
          (conv2): Conv2d(128, 128, kernel_size=(3, 3), stride=(1, 1), padding=(1, 1), bias=False)
          (bn2): BatchNorm2d(128, eps=1e-05, momentum=0.1, affine=True, track_running_stats=True)
        )
      )
      (layer3): Sequential(
        (0): BasicBlock(
          (conv1): Conv2d(128, 256, kernel_size=(3, 3), stride=(2, 2), padding=(1, 1), bias=False)
          (bn1): BatchNorm2d(256, eps=1e-05, momentum=0.1, affine=True, track_running_stats=True)
          (relu): ReLU(inplace=True)
          (conv2): Conv2d(256, 256, kernel_size=(3, 3), stride=(1, 1), padding=(1, 1), bias=False)
          (bn2): BatchNorm2d(256, eps=1e-05, momentum=0.1, affine=True, track_running_stats=True)
          (downsample): Sequential(
            (0): Conv2d(128, 256, kernel_size=(1, 1), stride=(2, 2), bias=False)
            (1): BatchNorm2d(256, eps=1e-05, momentum=0.1, affine=True, track_running_stats=True)
          )
        )
        (1): BasicBlock(
          (conv1): Conv2d(256, 256, kernel_size=(3, 3), stride=(1, 1), padding=(1, 1), bias=False)
          (bn1): BatchNorm2d(256, eps=1e-05, momentum=0.1, affine=True, track_running_stats=True)
          (relu): ReLU(inplace=True)
          (conv2): Conv2d(256, 256, kernel_size=(3, 3), stride=(1, 1), padding=(1, 1), bias=False)
          (bn2): BatchNorm2d(256, eps=1e-05, momentum=0.1, affine=True, track_running_stats=True)
        )
      )
      (layer4): Sequential(
        (0): BasicBlock(
          (conv1): Conv2d(256, 512, kernel_size=(3, 3), stride=(2, 2), padding=(1, 1), bias=False)
          (bn1): BatchNorm2d(512, eps=1e-05, momentum=0.1, affine=True, track_running_stats=True)
          (relu): ReLU(inplace=True)
          (conv2): Conv2d(512, 512, kernel_size=(3, 3), stride=(1, 1), padding=(1, 1), bias=False)
          (bn2): BatchNorm2d(512, eps=1e-05, momentum=0.1, affine=True, track_running_stats=True)
          (downsample): Sequential(
            (0): Conv2d(256, 512, kernel_size=(1, 1), stride=(2, 2), bias=False)
            (1): BatchNorm2d(512, eps=1e-05, momentum=0.1, affine=True, track_running_stats=True)
          )
        )
        (1): BasicBlock(
          (conv1): Conv2d(512, 512, kernel_size=(3, 3), stride=(1, 1), padding=(1, 1), bias=False)
          (bn1): BatchNorm2d(512, eps=1e-05, momentum=0.1, affine=True, track_running_stats=True)
          (relu): ReLU(inplace=True)
          (conv2): Conv2d(512, 512, kernel_size=(3, 3), stride=(1, 1), padding=(1, 1), bias=False)
          (bn2): BatchNorm2d(512, eps=1e-05, momentum=0.1, affine=True, track_running_stats=True)
        )
      )
      (avgpool): AdaptiveAvgPool2d(output_size=(1, 1))
      (fc): Linear(in_features=512, out_features=10, bias=True)
    )
  )
)
 SGD (
Parameter Group 0
    dampening: 0
    lr: 0.01
    maximize: False
    momentum: 0.9
    nesterov: False
    weight_decay: 0.0
)
 Epoch: 1, lr: 1.0e-02, train_loss: 2.4600, train_acc: 0.1814 test_loss: 2.0710, test_acc: 0.2535, best: 0.2535, time: 0:01:00
 Epoch: 2, lr: 1.0e-02, train_loss: 2.1140, train_acc: 0.2218 test_loss: 2.1199, test_acc: 0.2435, best: 0.2535, time: 0:00:44
 Epoch: 3, lr: 1.0e-02, train_loss: 1.9613, train_acc: 0.2552 test_loss: 1.7614, test_acc: 0.3364, best: 0.3364, time: 0:00:43
 Epoch: 4, lr: 1.0e-02, train_loss: 1.9031, train_acc: 0.2744 test_loss: 1.6216, test_acc: 0.3618, best: 0.3618, time: 0:00:44
 Epoch: 5, lr: 1.0e-02, train_loss: 1.8322, train_acc: 0.3034 test_loss: 1.6058, test_acc: 0.3831, best: 0.3831, time: 0:00:42
 Epoch: 6, lr: 1.0e-02, train_loss: 1.7812, train_acc: 0.3292 test_loss: 1.5579, test_acc: 0.4069, best: 0.4069, time: 0:00:43
 Epoch: 7, lr: 1.0e-02, train_loss: 1.7407, train_acc: 0.3468 test_loss: 2.0027, test_acc: 0.3300, best: 0.4069, time: 0:00:42
 Epoch: 8, lr: 1.0e-02, train_loss: 1.7227, train_acc: 0.3520 test_loss: 1.6607, test_acc: 0.3859, best: 0.4069, time: 0:00:42
 Epoch: 9, lr: 1.0e-02, train_loss: 1.6796, train_acc: 0.3670 test_loss: 1.4523, test_acc: 0.4440, best: 0.4440, time: 0:00:43
 Epoch: 10, lr: 1.0e-02, train_loss: 1.6495, train_acc: 0.3808 test_loss: 1.6882, test_acc: 0.3957, best: 0.4440, time: 0:00:43
 Epoch: 11, lr: 1.0e-02, train_loss: 1.6229, train_acc: 0.3910 test_loss: 1.4317, test_acc: 0.4786, best: 0.4786, time: 0:00:44
 Epoch: 12, lr: 1.0e-02, train_loss: 1.6064, train_acc: 0.4042 test_loss: 1.3482, test_acc: 0.5032, best: 0.5032, time: 0:00:42
 Epoch: 13, lr: 1.0e-02, train_loss: 1.5565, train_acc: 0.4162 test_loss: 1.3641, test_acc: 0.4836, best: 0.5032, time: 0:00:42
 Epoch: 14, lr: 1.0e-02, train_loss: 1.5463, train_acc: 0.4226 test_loss: 1.4218, test_acc: 0.4915, best: 0.5032, time: 0:00:42
 Epoch: 15, lr: 1.0e-02, train_loss: 1.5054, train_acc: 0.4290 test_loss: 1.5669, test_acc: 0.4415, best: 0.5032, time: 0:00:43
 Epoch: 16, lr: 1.0e-02, train_loss: 1.4987, train_acc: 0.4420 test_loss: 1.4506, test_acc: 0.4750, best: 0.5032, time: 0:00:42
 Epoch: 17, lr: 1.0e-02, train_loss: 1.4629, train_acc: 0.4500 test_loss: 1.4988, test_acc: 0.4620, best: 0.5032, time: 0:00:42
 Epoch: 18, lr: 1.0e-02, train_loss: 1.4616, train_acc: 0.4604 test_loss: 1.3519, test_acc: 0.4969, best: 0.5032, time: 0:00:42
 Epoch: 19, lr: 1.0e-02, train_loss: 1.4230, train_acc: 0.4722 test_loss: 1.3492, test_acc: 0.5208, best: 0.5208, time: 0:00:43
 Epoch: 20, lr: 1.0e-02, train_loss: 1.4136, train_acc: 0.4822 test_loss: 1.2691, test_acc: 0.5446, best: 0.5446, time: 0:00:43
 Epoch: 21, lr: 1.0e-02, train_loss: 1.4009, train_acc: 0.4790 test_loss: 1.3078, test_acc: 0.5252, best: 0.5446, time: 0:00:43
 Epoch: 22, lr: 1.0e-02, train_loss: 1.3819, train_acc: 0.4922 test_loss: 1.2341, test_acc: 0.5544, best: 0.5544, time: 0:00:42
 Epoch: 23, lr: 1.0e-02, train_loss: 1.3563, train_acc: 0.5046 test_loss: 1.2009, test_acc: 0.5599, best: 0.5599, time: 0:00:43
 Epoch: 24, lr: 1.0e-02, train_loss: 1.3507, train_acc: 0.5022 test_loss: 1.1831, test_acc: 0.5701, best: 0.5701, time: 0:00:43
 Epoch: 25, lr: 1.0e-02, train_loss: 1.3306, train_acc: 0.5050 test_loss: 1.2182, test_acc: 0.5601, best: 0.5701, time: 0:00:43
 Epoch: 26, lr: 1.0e-02, train_loss: 1.2930, train_acc: 0.5188 test_loss: 1.1902, test_acc: 0.5646, best: 0.5701, time: 0:00:43
 Epoch: 27, lr: 1.0e-02, train_loss: 1.3031, train_acc: 0.5324 test_loss: 1.1182, test_acc: 0.5929, best: 0.5929, time: 0:00:42
 Epoch: 28, lr: 1.0e-02, train_loss: 1.2969, train_acc: 0.5316 test_loss: 1.3273, test_acc: 0.5351, best: 0.5929, time: 0:00:42
 Epoch: 29, lr: 1.0e-02, train_loss: 1.2852, train_acc: 0.5246 test_loss: 1.2187, test_acc: 0.5684, best: 0.5929, time: 0:00:42
 Epoch: 30, lr: 1.0e-02, train_loss: 1.2685, train_acc: 0.5386 test_loss: 1.1574, test_acc: 0.5729, best: 0.5929, time: 0:00:43
 Epoch: 31, lr: 1.0e-02, train_loss: 1.2376, train_acc: 0.5524 test_loss: 1.1223, test_acc: 0.5990, best: 0.5990, time: 0:00:43
 Epoch: 32, lr: 1.0e-02, train_loss: 1.2472, train_acc: 0.5464 test_loss: 1.1463, test_acc: 0.5884, best: 0.5990, time: 0:00:41
 Epoch: 33, lr: 1.0e-02, train_loss: 1.2284, train_acc: 0.5482 test_loss: 1.1383, test_acc: 0.5835, best: 0.5990, time: 0:00:43
 Epoch: 34, lr: 1.0e-02, train_loss: 1.2162, train_acc: 0.5618 test_loss: 1.1293, test_acc: 0.5933, best: 0.5990, time: 0:00:43
 Epoch: 35, lr: 1.0e-02, train_loss: 1.2094, train_acc: 0.5598 test_loss: 1.1515, test_acc: 0.5874, best: 0.5990, time: 0:00:42
 Epoch: 36, lr: 1.0e-02, train_loss: 1.1804, train_acc: 0.5732 test_loss: 1.1574, test_acc: 0.5915, best: 0.5990, time: 0:00:43
 Epoch: 37, lr: 1.0e-02, train_loss: 1.1932, train_acc: 0.5670 test_loss: 1.1150, test_acc: 0.5940, best: 0.5990, time: 0:00:42
 Epoch: 38, lr: 1.0e-02, train_loss: 1.1788, train_acc: 0.5758 test_loss: 1.0523, test_acc: 0.6211, best: 0.6211, time: 0:00:42
 Epoch: 39, lr: 1.0e-02, train_loss: 1.1613, train_acc: 0.5798 test_loss: 1.1224, test_acc: 0.6034, best: 0.6211, time: 0:00:42
 Epoch: 40, lr: 1.0e-02, train_loss: 1.1419, train_acc: 0.5828 test_loss: 1.1425, test_acc: 0.5985, best: 0.6211, time: 0:00:42
 Epoch: 41, lr: 1.0e-02, train_loss: 1.1400, train_acc: 0.5930 test_loss: 1.1208, test_acc: 0.6050, best: 0.6211, time: 0:00:42
 Epoch: 42, lr: 1.0e-02, train_loss: 1.1207, train_acc: 0.5954 test_loss: 1.2258, test_acc: 0.5861, best: 0.6211, time: 0:00:42
 Epoch: 43, lr: 1.0e-02, train_loss: 1.1270, train_acc: 0.5920 test_loss: 1.1193, test_acc: 0.6095, best: 0.6211, time: 0:00:42
 Epoch: 44, lr: 1.0e-02, train_loss: 1.1227, train_acc: 0.5914 test_loss: 1.1025, test_acc: 0.6066, best: 0.6211, time: 0:00:43
 Epoch: 45, lr: 1.0e-02, train_loss: 1.1270, train_acc: 0.5950 test_loss: 1.1010, test_acc: 0.6041, best: 0.6211, time: 0:00:43
 Epoch: 46, lr: 1.0e-02, train_loss: 1.0989, train_acc: 0.5988 test_loss: 1.1331, test_acc: 0.6036, best: 0.6211, time: 0:00:43
 Epoch: 47, lr: 1.0e-02, train_loss: 1.1062, train_acc: 0.6002 test_loss: 1.0102, test_acc: 0.6464, best: 0.6464, time: 0:00:42
 Epoch: 48, lr: 1.0e-02, train_loss: 1.0646, train_acc: 0.6116 test_loss: 1.0696, test_acc: 0.6340, best: 0.6464, time: 0:00:42
 Epoch: 49, lr: 1.0e-02, train_loss: 1.0928, train_acc: 0.6070 test_loss: 0.9898, test_acc: 0.6448, best: 0.6464, time: 0:00:43
 Epoch: 50, lr: 1.0e-02, train_loss: 1.0649, train_acc: 0.6126 test_loss: 0.9682, test_acc: 0.6585, best: 0.6585, time: 0:00:43
 Epoch: 51, lr: 1.0e-02, train_loss: 1.0650, train_acc: 0.6148 test_loss: 1.0136, test_acc: 0.6402, best: 0.6585, time: 0:00:43
 Epoch: 52, lr: 1.0e-02, train_loss: 1.0713, train_acc: 0.6166 test_loss: 0.9810, test_acc: 0.6480, best: 0.6585, time: 0:00:42
 Epoch: 53, lr: 1.0e-02, train_loss: 1.0450, train_acc: 0.6266 test_loss: 1.0136, test_acc: 0.6500, best: 0.6585, time: 0:00:42
 Epoch: 54, lr: 1.0e-02, train_loss: 1.0244, train_acc: 0.6274 test_loss: 1.0834, test_acc: 0.6336, best: 0.6585, time: 0:00:42
 Epoch: 55, lr: 1.0e-02, train_loss: 1.0398, train_acc: 0.6248 test_loss: 1.0912, test_acc: 0.6341, best: 0.6585, time: 0:00:44
 Epoch: 56, lr: 1.0e-02, train_loss: 1.0330, train_acc: 0.6298 test_loss: 1.0530, test_acc: 0.6379, best: 0.6585, time: 0:00:43
 Epoch: 57, lr: 1.0e-02, train_loss: 1.0123, train_acc: 0.6356 test_loss: 1.0173, test_acc: 0.6465, best: 0.6585, time: 0:00:44
 Epoch: 58, lr: 1.0e-02, train_loss: 1.0333, train_acc: 0.6308 test_loss: 0.9757, test_acc: 0.6536, best: 0.6585, time: 0:00:42
 Epoch: 59, lr: 1.0e-02, train_loss: 0.9968, train_acc: 0.6446 test_loss: 0.9935, test_acc: 0.6596, best: 0.6596, time: 0:00:43
 Epoch: 60, lr: 1.0e-02, train_loss: 0.9885, train_acc: 0.6472 test_loss: 1.1002, test_acc: 0.6274, best: 0.6596, time: 0:00:43
 Epoch: 61, lr: 1.0e-02, train_loss: 0.9982, train_acc: 0.6344 test_loss: 0.9804, test_acc: 0.6667, best: 0.6667, time: 0:00:44
 Epoch: 62, lr: 1.0e-02, train_loss: 0.9855, train_acc: 0.6460 test_loss: 1.0050, test_acc: 0.6594, best: 0.6667, time: 0:00:42
 Epoch: 63, lr: 1.0e-02, train_loss: 0.9748, train_acc: 0.6582 test_loss: 1.0141, test_acc: 0.6505, best: 0.6667, time: 0:00:42
 Epoch: 64, lr: 1.0e-02, train_loss: 0.9873, train_acc: 0.6494 test_loss: 1.0129, test_acc: 0.6485, best: 0.6667, time: 0:00:43
 Epoch: 65, lr: 1.0e-02, train_loss: 0.9809, train_acc: 0.6510 test_loss: 0.9232, test_acc: 0.6779, best: 0.6779, time: 0:00:42
 Epoch: 66, lr: 1.0e-02, train_loss: 0.9746, train_acc: 0.6534 test_loss: 0.9880, test_acc: 0.6703, best: 0.6779, time: 0:00:43
 Epoch: 67, lr: 1.0e-02, train_loss: 0.9388, train_acc: 0.6614 test_loss: 0.9250, test_acc: 0.6736, best: 0.6779, time: 0:00:44
 Epoch: 68, lr: 1.0e-02, train_loss: 0.9398, train_acc: 0.6634 test_loss: 0.9561, test_acc: 0.6636, best: 0.6779, time: 0:00:42
 Epoch: 69, lr: 1.0e-02, train_loss: 0.9368, train_acc: 0.6590 test_loss: 0.9928, test_acc: 0.6552, best: 0.6779, time: 0:00:42
 Epoch: 70, lr: 1.0e-02, train_loss: 0.9528, train_acc: 0.6602 test_loss: 1.0059, test_acc: 0.6610, best: 0.6779, time: 0:00:43
 Epoch: 71, lr: 1.0e-02, train_loss: 0.9139, train_acc: 0.6762 test_loss: 1.0457, test_acc: 0.6566, best: 0.6779, time: 0:00:42
 Epoch: 72, lr: 1.0e-02, train_loss: 0.9156, train_acc: 0.6722 test_loss: 0.9553, test_acc: 0.6704, best: 0.6779, time: 0:00:43
 Epoch: 73, lr: 1.0e-02, train_loss: 0.9067, train_acc: 0.6776 test_loss: 0.9570, test_acc: 0.6695, best: 0.6779, time: 0:00:43
 Epoch: 74, lr: 1.0e-02, train_loss: 0.9242, train_acc: 0.6688 test_loss: 0.9772, test_acc: 0.6584, best: 0.6779, time: 0:00:42
 Epoch: 75, lr: 1.0e-02, train_loss: 0.9047, train_acc: 0.6654 test_loss: 0.9346, test_acc: 0.6830, best: 0.6830, time: 0:00:42
 Epoch: 76, lr: 1.0e-02, train_loss: 0.9133, train_acc: 0.6700 test_loss: 0.9664, test_acc: 0.6670, best: 0.6830, time: 0:00:43
 Epoch: 77, lr: 1.0e-02, train_loss: 0.8920, train_acc: 0.6802 test_loss: 1.0571, test_acc: 0.6390, best: 0.6830, time: 0:00:43
 Epoch: 78, lr: 1.0e-02, train_loss: 0.8937, train_acc: 0.6854 test_loss: 0.9958, test_acc: 0.6651, best: 0.6830, time: 0:00:42
 Epoch: 79, lr: 1.0e-02, train_loss: 0.8814, train_acc: 0.6810 test_loss: 0.9865, test_acc: 0.6704, best: 0.6830, time: 0:00:42
 Epoch: 80, lr: 1.0e-02, train_loss: 0.8885, train_acc: 0.6760 test_loss: 0.9420, test_acc: 0.6855, best: 0.6855, time: 0:00:42
 Epoch: 81, lr: 1.0e-02, train_loss: 0.8811, train_acc: 0.6882 test_loss: 1.0013, test_acc: 0.6725, best: 0.6855, time: 0:00:42
 Epoch: 82, lr: 1.0e-02, train_loss: 0.8632, train_acc: 0.6958 test_loss: 0.9376, test_acc: 0.6804, best: 0.6855, time: 0:00:43
 Epoch: 83, lr: 1.0e-02, train_loss: 0.8689, train_acc: 0.6920 test_loss: 0.9923, test_acc: 0.6694, best: 0.6855, time: 0:00:43
 Epoch: 84, lr: 1.0e-02, train_loss: 0.8564, train_acc: 0.6908 test_loss: 1.0503, test_acc: 0.6681, best: 0.6855, time: 0:00:42
 Epoch: 85, lr: 1.0e-02, train_loss: 0.8539, train_acc: 0.6954 test_loss: 0.9337, test_acc: 0.6877, best: 0.6877, time: 0:00:42
 Epoch: 86, lr: 1.0e-02, train_loss: 0.8496, train_acc: 0.6994 test_loss: 0.9814, test_acc: 0.6681, best: 0.6877, time: 0:00:42
 Epoch: 87, lr: 1.0e-02, train_loss: 0.8647, train_acc: 0.6882 test_loss: 0.9404, test_acc: 0.6759, best: 0.6877, time: 0:00:42
 Epoch: 88, lr: 1.0e-02, train_loss: 0.8376, train_acc: 0.7044 test_loss: 0.9631, test_acc: 0.6744, best: 0.6877, time: 0:00:43
 Epoch: 89, lr: 1.0e-02, train_loss: 0.8305, train_acc: 0.7056 test_loss: 0.9483, test_acc: 0.6901, best: 0.6901, time: 0:00:43
 Epoch: 90, lr: 1.0e-02, train_loss: 0.8528, train_acc: 0.7002 test_loss: 0.9884, test_acc: 0.6797, best: 0.6901, time: 0:00:42
 Epoch: 91, lr: 1.0e-02, train_loss: 0.8400, train_acc: 0.6990 test_loss: 1.0597, test_acc: 0.6544, best: 0.6901, time: 0:00:41
 Epoch: 92, lr: 1.0e-02, train_loss: 0.8242, train_acc: 0.7046 test_loss: 1.0330, test_acc: 0.6763, best: 0.6901, time: 0:00:43
 Epoch: 93, lr: 1.0e-02, train_loss: 0.8211, train_acc: 0.7122 test_loss: 0.9726, test_acc: 0.6781, best: 0.6901, time: 0:00:42
 Epoch: 94, lr: 1.0e-02, train_loss: 0.8405, train_acc: 0.6958 test_loss: 0.9645, test_acc: 0.6885, best: 0.6901, time: 0:00:42
 Epoch: 95, lr: 1.0e-02, train_loss: 0.8245, train_acc: 0.7024 test_loss: 0.9507, test_acc: 0.6836, best: 0.6901, time: 0:00:42
 Epoch: 96, lr: 1.0e-02, train_loss: 0.7991, train_acc: 0.7106 test_loss: 1.2405, test_acc: 0.6170, best: 0.6901, time: 0:00:42
 Epoch: 97, lr: 1.0e-02, train_loss: 0.8030, train_acc: 0.7100 test_loss: 0.9918, test_acc: 0.6789, best: 0.6901, time: 0:00:44
 Epoch: 98, lr: 1.0e-02, train_loss: 0.8206, train_acc: 0.7058 test_loss: 0.9229, test_acc: 0.6927, best: 0.6927, time: 0:00:42
 Epoch: 99, lr: 1.0e-02, train_loss: 0.7740, train_acc: 0.7250 test_loss: 0.9409, test_acc: 0.6896, best: 0.6927, time: 0:00:43
 Epoch: 100, lr: 1.0e-02, train_loss: 0.7909, train_acc: 0.7168 test_loss: 0.9249, test_acc: 0.6933, best: 0.6933, time: 0:00:42
 Epoch: 101, lr: 1.0e-02, train_loss: 0.7835, train_acc: 0.7212 test_loss: 0.9265, test_acc: 0.6986, best: 0.6986, time: 0:00:43
 Epoch: 102, lr: 1.0e-02, train_loss: 0.7786, train_acc: 0.7212 test_loss: 0.9420, test_acc: 0.6886, best: 0.6986, time: 0:00:43
 Epoch: 103, lr: 1.0e-02, train_loss: 0.7714, train_acc: 0.7232 test_loss: 1.0358, test_acc: 0.6754, best: 0.6986, time: 0:00:43
 Epoch: 104, lr: 1.0e-02, train_loss: 0.7794, train_acc: 0.7142 test_loss: 0.9504, test_acc: 0.6833, best: 0.6986, time: 0:00:43
 Epoch: 105, lr: 1.0e-02, train_loss: 0.7828, train_acc: 0.7252 test_loss: 1.0186, test_acc: 0.6684, best: 0.6986, time: 0:00:42
 Epoch: 106, lr: 1.0e-02, train_loss: 0.7891, train_acc: 0.7242 test_loss: 1.0241, test_acc: 0.6724, best: 0.6986, time: 0:00:42
 Epoch: 107, lr: 1.0e-02, train_loss: 0.7528, train_acc: 0.7364 test_loss: 0.9021, test_acc: 0.7043, best: 0.7043, time: 0:00:44
 Epoch: 108, lr: 1.0e-02, train_loss: 0.7632, train_acc: 0.7276 test_loss: 0.9886, test_acc: 0.6877, best: 0.7043, time: 0:00:43
 Epoch: 109, lr: 1.0e-02, train_loss: 0.7325, train_acc: 0.7388 test_loss: 1.0296, test_acc: 0.6816, best: 0.7043, time: 0:00:42
 Epoch: 110, lr: 1.0e-02, train_loss: 0.7518, train_acc: 0.7340 test_loss: 1.0022, test_acc: 0.6851, best: 0.7043, time: 0:00:42
 Epoch: 111, lr: 1.0e-02, train_loss: 0.7623, train_acc: 0.7248 test_loss: 0.9440, test_acc: 0.7014, best: 0.7043, time: 0:00:43
 Epoch: 112, lr: 1.0e-02, train_loss: 0.7668, train_acc: 0.7280 test_loss: 0.9595, test_acc: 0.7025, best: 0.7043, time: 0:00:43
 Epoch: 113, lr: 1.0e-02, train_loss: 0.7335, train_acc: 0.7448 test_loss: 1.0480, test_acc: 0.6813, best: 0.7043, time: 0:00:42
 Epoch: 114, lr: 1.0e-02, train_loss: 0.7441, train_acc: 0.7374 test_loss: 0.9895, test_acc: 0.6840, best: 0.7043, time: 0:00:43
 Epoch: 115, lr: 1.0e-02, train_loss: 0.7425, train_acc: 0.7378 test_loss: 0.9169, test_acc: 0.6950, best: 0.7043, time: 0:00:42
 Epoch: 116, lr: 1.0e-02, train_loss: 0.7412, train_acc: 0.7408 test_loss: 0.9303, test_acc: 0.7024, best: 0.7043, time: 0:00:42
 Epoch: 117, lr: 1.0e-02, train_loss: 0.7370, train_acc: 0.7348 test_loss: 1.0739, test_acc: 0.6800, best: 0.7043, time: 0:00:43
 Epoch: 118, lr: 1.0e-02, train_loss: 0.7265, train_acc: 0.7396 test_loss: 1.0351, test_acc: 0.6905, best: 0.7043, time: 0:00:42
 Epoch: 119, lr: 1.0e-02, train_loss: 0.7323, train_acc: 0.7404 test_loss: 0.9529, test_acc: 0.6906, best: 0.7043, time: 0:00:42
 Epoch: 120, lr: 1.0e-02, train_loss: 0.7118, train_acc: 0.7456 test_loss: 0.9928, test_acc: 0.6984, best: 0.7043, time: 0:00:43
 Epoch: 121, lr: 1.0e-02, train_loss: 0.7227, train_acc: 0.7500 test_loss: 1.0504, test_acc: 0.6846, best: 0.7043, time: 0:00:42
 Epoch: 122, lr: 1.0e-02, train_loss: 0.6958, train_acc: 0.7530 test_loss: 1.0026, test_acc: 0.6987, best: 0.7043, time: 0:00:43
 Epoch: 123, lr: 1.0e-02, train_loss: 0.7231, train_acc: 0.7418 test_loss: 0.9752, test_acc: 0.6973, best: 0.7043, time: 0:00:43
 Epoch: 124, lr: 1.0e-02, train_loss: 0.7070, train_acc: 0.7514 test_loss: 0.9668, test_acc: 0.6966, best: 0.7043, time: 0:00:42
 Epoch: 125, lr: 1.0e-02, train_loss: 0.7026, train_acc: 0.7482 test_loss: 0.9978, test_acc: 0.6963, best: 0.7043, time: 0:00:43
 Epoch: 126, lr: 1.0e-02, train_loss: 0.6479, train_acc: 0.7726 test_loss: 0.9962, test_acc: 0.6935, best: 0.7043, time: 0:00:43
 Epoch: 127, lr: 1.0e-02, train_loss: 0.6864, train_acc: 0.7568 test_loss: 1.0773, test_acc: 0.6784, best: 0.7043, time: 0:00:42
 Epoch: 128, lr: 1.0e-02, train_loss: 0.7043, train_acc: 0.7536 test_loss: 1.0827, test_acc: 0.6811, best: 0.7043, time: 0:00:43
 Epoch: 129, lr: 1.0e-02, train_loss: 0.7240, train_acc: 0.7454 test_loss: 0.9470, test_acc: 0.7009, best: 0.7043, time: 0:00:43
 Epoch: 130, lr: 1.0e-02, train_loss: 0.6968, train_acc: 0.7542 test_loss: 0.9656, test_acc: 0.7074, best: 0.7074, time: 0:00:44
 Epoch: 131, lr: 1.0e-02, train_loss: 0.6987, train_acc: 0.7552 test_loss: 1.0132, test_acc: 0.6911, best: 0.7074, time: 0:00:42
 Epoch: 132, lr: 1.0e-02, train_loss: 0.6810, train_acc: 0.7608 test_loss: 0.9027, test_acc: 0.7154, best: 0.7154, time: 0:00:43
 Epoch: 133, lr: 1.0e-02, train_loss: 0.6825, train_acc: 0.7572 test_loss: 0.9578, test_acc: 0.7063, best: 0.7154, time: 0:00:42
 Epoch: 134, lr: 1.0e-02, train_loss: 0.6684, train_acc: 0.7638 test_loss: 0.9552, test_acc: 0.7075, best: 0.7154, time: 0:00:43
 Epoch: 135, lr: 1.0e-02, train_loss: 0.6548, train_acc: 0.7682 test_loss: 1.0359, test_acc: 0.6915, best: 0.7154, time: 0:00:44
 Epoch: 136, lr: 1.0e-02, train_loss: 0.6886, train_acc: 0.7538 test_loss: 0.9937, test_acc: 0.7019, best: 0.7154, time: 0:00:43
 Epoch: 137, lr: 1.0e-02, train_loss: 0.6553, train_acc: 0.7698 test_loss: 1.0843, test_acc: 0.6910, best: 0.7154, time: 0:00:43
 Epoch: 138, lr: 1.0e-02, train_loss: 0.6630, train_acc: 0.7636 test_loss: 0.9811, test_acc: 0.6955, best: 0.7154, time: 0:00:43
 Epoch: 139, lr: 1.0e-02, train_loss: 0.6853, train_acc: 0.7542 test_loss: 0.9269, test_acc: 0.7081, best: 0.7154, time: 0:00:42
 Epoch: 140, lr: 1.0e-02, train_loss: 0.6668, train_acc: 0.7678 test_loss: 1.0232, test_acc: 0.6970, best: 0.7154, time: 0:00:43
 Epoch: 141, lr: 1.0e-02, train_loss: 0.6584, train_acc: 0.7674 test_loss: 0.9963, test_acc: 0.6997, best: 0.7154, time: 0:00:43
 Epoch: 142, lr: 1.0e-02, train_loss: 0.6607, train_acc: 0.7702 test_loss: 1.0755, test_acc: 0.6929, best: 0.7154, time: 0:00:43
 Epoch: 143, lr: 1.0e-02, train_loss: 0.6679, train_acc: 0.7628 test_loss: 1.0459, test_acc: 0.6885, best: 0.7154, time: 0:00:42
 Epoch: 144, lr: 1.0e-02, train_loss: 0.6795, train_acc: 0.7590 test_loss: 0.9712, test_acc: 0.7076, best: 0.7154, time: 0:00:42
 Epoch: 145, lr: 1.0e-02, train_loss: 0.6519, train_acc: 0.7728 test_loss: 1.0072, test_acc: 0.7017, best: 0.7154, time: 0:00:41
 Epoch: 146, lr: 1.0e-02, train_loss: 0.6571, train_acc: 0.7748 test_loss: 0.8978, test_acc: 0.7230, best: 0.7230, time: 0:00:44
 Epoch: 147, lr: 1.0e-02, train_loss: 0.6347, train_acc: 0.7760 test_loss: 1.0325, test_acc: 0.6969, best: 0.7230, time: 0:00:42
 Epoch: 148, lr: 1.0e-02, train_loss: 0.6293, train_acc: 0.7762 test_loss: 0.9660, test_acc: 0.7192, best: 0.7230, time: 0:00:43
 Epoch: 149, lr: 1.0e-02, train_loss: 0.6484, train_acc: 0.7718 test_loss: 1.0212, test_acc: 0.7045, best: 0.7230, time: 0:00:43
 Epoch: 150, lr: 1.0e-02, train_loss: 0.6418, train_acc: 0.7784 test_loss: 0.9487, test_acc: 0.7123, best: 0.7230, time: 0:00:43
 Epoch: 151, lr: 1.0e-02, train_loss: 0.6372, train_acc: 0.7780 test_loss: 0.9668, test_acc: 0.7119, best: 0.7230, time: 0:00:42
 Epoch: 152, lr: 1.0e-02, train_loss: 0.6262, train_acc: 0.7752 test_loss: 0.9721, test_acc: 0.7084, best: 0.7230, time: 0:00:43
 Epoch: 153, lr: 1.0e-02, train_loss: 0.6294, train_acc: 0.7776 test_loss: 0.9491, test_acc: 0.7201, best: 0.7230, time: 0:00:42
 Epoch: 154, lr: 1.0e-02, train_loss: 0.6292, train_acc: 0.7774 test_loss: 1.0083, test_acc: 0.7111, best: 0.7230, time: 0:00:42
 Epoch: 155, lr: 1.0e-02, train_loss: 0.6276, train_acc: 0.7816 test_loss: 0.9818, test_acc: 0.7079, best: 0.7230, time: 0:00:42
 Epoch: 156, lr: 1.0e-02, train_loss: 0.6241, train_acc: 0.7814 test_loss: 1.0345, test_acc: 0.6960, best: 0.7230, time: 0:00:42
 Epoch: 157, lr: 1.0e-02, train_loss: 0.6195, train_acc: 0.7880 test_loss: 1.0524, test_acc: 0.7004, best: 0.7230, time: 0:00:43
 Epoch: 158, lr: 1.0e-02, train_loss: 0.6289, train_acc: 0.7814 test_loss: 1.0703, test_acc: 0.6999, best: 0.7230, time: 0:00:42
 Epoch: 159, lr: 1.0e-02, train_loss: 0.6275, train_acc: 0.7808 test_loss: 0.9996, test_acc: 0.7147, best: 0.7230, time: 0:00:42
 Epoch: 160, lr: 1.0e-02, train_loss: 0.6299, train_acc: 0.7768 test_loss: 1.1193, test_acc: 0.6915, best: 0.7230, time: 0:00:43
 Epoch: 161, lr: 1.0e-02, train_loss: 0.6095, train_acc: 0.7814 test_loss: 1.0326, test_acc: 0.7033, best: 0.7230, time: 0:00:42
 Epoch: 162, lr: 1.0e-02, train_loss: 0.6070, train_acc: 0.7868 test_loss: 0.9336, test_acc: 0.7252, best: 0.7252, time: 0:00:44
 Epoch: 163, lr: 1.0e-02, train_loss: 0.6140, train_acc: 0.7872 test_loss: 0.9738, test_acc: 0.7137, best: 0.7252, time: 0:00:43
 Epoch: 164, lr: 1.0e-02, train_loss: 0.6023, train_acc: 0.7880 test_loss: 0.9260, test_acc: 0.7318, best: 0.7318, time: 0:00:43
 Epoch: 165, lr: 1.0e-02, train_loss: 0.6004, train_acc: 0.7908 test_loss: 0.9857, test_acc: 0.7119, best: 0.7318, time: 0:00:43
 Epoch: 166, lr: 1.0e-02, train_loss: 0.6020, train_acc: 0.7822 test_loss: 0.9675, test_acc: 0.7091, best: 0.7318, time: 0:00:42
 Epoch: 167, lr: 1.0e-02, train_loss: 0.5829, train_acc: 0.8018 test_loss: 0.9364, test_acc: 0.7226, best: 0.7318, time: 0:00:42
 Epoch: 168, lr: 1.0e-02, train_loss: 0.6099, train_acc: 0.7858 test_loss: 0.9648, test_acc: 0.7238, best: 0.7318, time: 0:00:42
 Epoch: 169, lr: 1.0e-02, train_loss: 0.6069, train_acc: 0.7872 test_loss: 0.9855, test_acc: 0.7097, best: 0.7318, time: 0:00:42
 Epoch: 170, lr: 1.0e-02, train_loss: 0.5890, train_acc: 0.7890 test_loss: 0.9335, test_acc: 0.7185, best: 0.7318, time: 0:00:43
 Epoch: 171, lr: 1.0e-02, train_loss: 0.6022, train_acc: 0.7838 test_loss: 0.8806, test_acc: 0.7289, best: 0.7318, time: 0:00:42
 Epoch: 172, lr: 1.0e-02, train_loss: 0.6018, train_acc: 0.7886 test_loss: 0.9989, test_acc: 0.7009, best: 0.7318, time: 0:00:42
 Epoch: 173, lr: 1.0e-02, train_loss: 0.5981, train_acc: 0.7904 test_loss: 0.9734, test_acc: 0.7154, best: 0.7318, time: 0:00:43
 Epoch: 174, lr: 1.0e-02, train_loss: 0.5736, train_acc: 0.8014 test_loss: 1.0498, test_acc: 0.7113, best: 0.7318, time: 0:00:42
 Epoch: 175, lr: 1.0e-02, train_loss: 0.5670, train_acc: 0.8028 test_loss: 1.1235, test_acc: 0.6923, best: 0.7318, time: 0:00:42
 Epoch: 176, lr: 1.0e-02, train_loss: 0.5810, train_acc: 0.7982 test_loss: 0.9337, test_acc: 0.7259, best: 0.7318, time: 0:00:42
 Epoch: 177, lr: 1.0e-02, train_loss: 0.5757, train_acc: 0.7936 test_loss: 1.0175, test_acc: 0.7083, best: 0.7318, time: 0:00:42
 Epoch: 178, lr: 1.0e-02, train_loss: 0.5825, train_acc: 0.7956 test_loss: 0.9776, test_acc: 0.7100, best: 0.7318, time: 0:00:44
 Epoch: 179, lr: 1.0e-02, train_loss: 0.5909, train_acc: 0.7916 test_loss: 0.9600, test_acc: 0.7189, best: 0.7318, time: 0:00:42
 Epoch: 180, lr: 2.0e-03, train_loss: 0.5289, train_acc: 0.8164 test_loss: 0.9440, test_acc: 0.7252, best: 0.7318, time: 0:00:42
 Epoch: 181, lr: 2.0e-03, train_loss: 0.5078, train_acc: 0.8254 test_loss: 0.9620, test_acc: 0.7335, best: 0.7335, time: 0:00:42
 Epoch: 182, lr: 2.0e-03, train_loss: 0.4932, train_acc: 0.8252 test_loss: 0.9165, test_acc: 0.7395, best: 0.7395, time: 0:00:43
 Epoch: 183, lr: 2.0e-03, train_loss: 0.4847, train_acc: 0.8322 test_loss: 0.8801, test_acc: 0.7428, best: 0.7428, time: 0:00:43
 Epoch: 184, lr: 2.0e-03, train_loss: 0.4753, train_acc: 0.8356 test_loss: 0.9237, test_acc: 0.7369, best: 0.7428, time: 0:00:43
 Epoch: 185, lr: 2.0e-03, train_loss: 0.4686, train_acc: 0.8412 test_loss: 0.9464, test_acc: 0.7348, best: 0.7428, time: 0:00:43
 Epoch: 186, lr: 2.0e-03, train_loss: 0.4890, train_acc: 0.8298 test_loss: 0.9760, test_acc: 0.7385, best: 0.7428, time: 0:00:42
 Epoch: 187, lr: 2.0e-03, train_loss: 0.4586, train_acc: 0.8442 test_loss: 0.9233, test_acc: 0.7371, best: 0.7428, time: 0:00:43
 Epoch: 188, lr: 2.0e-03, train_loss: 0.4565, train_acc: 0.8412 test_loss: 1.0017, test_acc: 0.7352, best: 0.7428, time: 0:00:43
 Epoch: 189, lr: 2.0e-03, train_loss: 0.4498, train_acc: 0.8400 test_loss: 0.9538, test_acc: 0.7394, best: 0.7428, time: 0:00:42
 Epoch: 190, lr: 2.0e-03, train_loss: 0.4590, train_acc: 0.8444 test_loss: 0.9818, test_acc: 0.7268, best: 0.7428, time: 0:00:43
 Epoch: 191, lr: 2.0e-03, train_loss: 0.4409, train_acc: 0.8474 test_loss: 0.9449, test_acc: 0.7380, best: 0.7428, time: 0:00:43
 Epoch: 192, lr: 2.0e-03, train_loss: 0.4322, train_acc: 0.8516 test_loss: 0.9869, test_acc: 0.7304, best: 0.7428, time: 0:00:43
 Epoch: 193, lr: 2.0e-03, train_loss: 0.4377, train_acc: 0.8514 test_loss: 0.9328, test_acc: 0.7430, best: 0.7430, time: 0:00:43
 Epoch: 194, lr: 2.0e-03, train_loss: 0.4714, train_acc: 0.8320 test_loss: 0.9919, test_acc: 0.7292, best: 0.7430, time: 0:00:43
 Epoch: 195, lr: 2.0e-03, train_loss: 0.4602, train_acc: 0.8410 test_loss: 0.9109, test_acc: 0.7398, best: 0.7430, time: 0:00:43
 Epoch: 196, lr: 2.0e-03, train_loss: 0.4213, train_acc: 0.8554 test_loss: 0.9379, test_acc: 0.7428, best: 0.7430, time: 0:00:42
 Epoch: 197, lr: 2.0e-03, train_loss: 0.4479, train_acc: 0.8458 test_loss: 0.9272, test_acc: 0.7414, best: 0.7430, time: 0:00:43
 Epoch: 198, lr: 2.0e-03, train_loss: 0.4210, train_acc: 0.8534 test_loss: 0.9633, test_acc: 0.7425, best: 0.7430, time: 0:00:42
 Epoch: 199, lr: 2.0e-03, train_loss: 0.4357, train_acc: 0.8556 test_loss: 0.9257, test_acc: 0.7445, best: 0.7445, time: 0:00:43
 Epoch: 200, lr: 2.0e-03, train_loss: 0.4332, train_acc: 0.8498 test_loss: 0.9294, test_acc: 0.7444, best: 0.7445, time: 0:00:43
 Epoch: 201, lr: 2.0e-03, train_loss: 0.4386, train_acc: 0.8486 test_loss: 0.9583, test_acc: 0.7346, best: 0.7445, time: 0:00:43
 Epoch: 202, lr: 2.0e-03, train_loss: 0.4296, train_acc: 0.8522 test_loss: 0.9225, test_acc: 0.7378, best: 0.7445, time: 0:00:43
 Epoch: 203, lr: 2.0e-03, train_loss: 0.4289, train_acc: 0.8596 test_loss: 0.9632, test_acc: 0.7304, best: 0.7445, time: 0:00:43
 Epoch: 204, lr: 2.0e-03, train_loss: 0.4482, train_acc: 0.8496 test_loss: 0.9173, test_acc: 0.7444, best: 0.7445, time: 0:00:44
 Epoch: 205, lr: 2.0e-03, train_loss: 0.4358, train_acc: 0.8508 test_loss: 1.0034, test_acc: 0.7326, best: 0.7445, time: 0:00:43
 Epoch: 206, lr: 2.0e-03, train_loss: 0.4346, train_acc: 0.8544 test_loss: 0.9120, test_acc: 0.7438, best: 0.7445, time: 0:00:42
 Epoch: 207, lr: 2.0e-03, train_loss: 0.4379, train_acc: 0.8494 test_loss: 0.9796, test_acc: 0.7406, best: 0.7445, time: 0:00:42
 Epoch: 208, lr: 2.0e-03, train_loss: 0.4478, train_acc: 0.8446 test_loss: 0.9699, test_acc: 0.7366, best: 0.7445, time: 0:00:43
 Epoch: 209, lr: 2.0e-03, train_loss: 0.4363, train_acc: 0.8536 test_loss: 0.9529, test_acc: 0.7381, best: 0.7445, time: 0:00:42
 Epoch: 210, lr: 2.0e-03, train_loss: 0.4287, train_acc: 0.8540 test_loss: 0.9828, test_acc: 0.7330, best: 0.7445, time: 0:00:43
 Epoch: 211, lr: 2.0e-03, train_loss: 0.4143, train_acc: 0.8512 test_loss: 0.9548, test_acc: 0.7395, best: 0.7445, time: 0:00:43
 Epoch: 212, lr: 2.0e-03, train_loss: 0.4356, train_acc: 0.8544 test_loss: 0.9928, test_acc: 0.7351, best: 0.7445, time: 0:00:42
 Epoch: 213, lr: 2.0e-03, train_loss: 0.4263, train_acc: 0.8584 test_loss: 0.9525, test_acc: 0.7436, best: 0.7445, time: 0:00:42
 Epoch: 214, lr: 2.0e-03, train_loss: 0.4400, train_acc: 0.8526 test_loss: 0.9519, test_acc: 0.7380, best: 0.7445, time: 0:00:44
 Epoch: 215, lr: 2.0e-03, train_loss: 0.4245, train_acc: 0.8598 test_loss: 0.9444, test_acc: 0.7399, best: 0.7445, time: 0:00:43
 Epoch: 216, lr: 2.0e-03, train_loss: 0.3891, train_acc: 0.8616 test_loss: 0.9180, test_acc: 0.7438, best: 0.7445, time: 0:00:43
 Epoch: 217, lr: 2.0e-03, train_loss: 0.4092, train_acc: 0.8626 test_loss: 0.9963, test_acc: 0.7354, best: 0.7445, time: 0:00:43
 Epoch: 218, lr: 2.0e-03, train_loss: 0.4104, train_acc: 0.8586 test_loss: 0.9557, test_acc: 0.7395, best: 0.7445, time: 0:00:43
 Epoch: 219, lr: 2.0e-03, train_loss: 0.4091, train_acc: 0.8602 test_loss: 0.9878, test_acc: 0.7326, best: 0.7445, time: 0:00:42
 Epoch: 220, lr: 2.0e-03, train_loss: 0.4154, train_acc: 0.8572 test_loss: 0.9491, test_acc: 0.7385, best: 0.7445, time: 0:00:43
 Epoch: 221, lr: 2.0e-03, train_loss: 0.4251, train_acc: 0.8534 test_loss: 0.9571, test_acc: 0.7358, best: 0.7445, time: 0:00:43
 Epoch: 222, lr: 2.0e-03, train_loss: 0.4274, train_acc: 0.8536 test_loss: 0.9662, test_acc: 0.7365, best: 0.7445, time: 0:00:43
 Epoch: 223, lr: 2.0e-03, train_loss: 0.3999, train_acc: 0.8628 test_loss: 0.9762, test_acc: 0.7331, best: 0.7445, time: 0:00:42
 Epoch: 224, lr: 2.0e-03, train_loss: 0.4135, train_acc: 0.8636 test_loss: 0.9562, test_acc: 0.7394, best: 0.7445, time: 0:00:42
 Epoch: 225, lr: 2.0e-03, train_loss: 0.3997, train_acc: 0.8614 test_loss: 0.9093, test_acc: 0.7445, best: 0.7445, time: 0:00:43
 Epoch: 226, lr: 2.0e-03, train_loss: 0.4154, train_acc: 0.8554 test_loss: 0.9666, test_acc: 0.7406, best: 0.7445, time: 0:00:42
 Epoch: 227, lr: 2.0e-03, train_loss: 0.4113, train_acc: 0.8526 test_loss: 1.0067, test_acc: 0.7322, best: 0.7445, time: 0:00:43
 Epoch: 228, lr: 2.0e-03, train_loss: 0.4001, train_acc: 0.8580 test_loss: 0.9537, test_acc: 0.7388, best: 0.7445, time: 0:00:43
 Epoch: 229, lr: 2.0e-03, train_loss: 0.4080, train_acc: 0.8582 test_loss: 0.9759, test_acc: 0.7368, best: 0.7445, time: 0:00:42
 Epoch: 230, lr: 2.0e-03, train_loss: 0.4028, train_acc: 0.8572 test_loss: 0.9641, test_acc: 0.7382, best: 0.7445, time: 0:00:42
 Epoch: 231, lr: 2.0e-03, train_loss: 0.4108, train_acc: 0.8582 test_loss: 0.9976, test_acc: 0.7314, best: 0.7445, time: 0:00:42
 Epoch: 232, lr: 2.0e-03, train_loss: 0.4041, train_acc: 0.8618 test_loss: 0.9666, test_acc: 0.7380, best: 0.7445, time: 0:00:44
 Epoch: 233, lr: 2.0e-03, train_loss: 0.4187, train_acc: 0.8616 test_loss: 0.9436, test_acc: 0.7334, best: 0.7445, time: 0:00:44
 Epoch: 234, lr: 2.0e-03, train_loss: 0.3994, train_acc: 0.8654 test_loss: 0.9692, test_acc: 0.7368, best: 0.7445, time: 0:00:43
 Epoch: 235, lr: 2.0e-03, train_loss: 0.4040, train_acc: 0.8592 test_loss: 0.9639, test_acc: 0.7406, best: 0.7445, time: 0:00:42
 Epoch: 236, lr: 2.0e-03, train_loss: 0.3938, train_acc: 0.8666 test_loss: 0.9932, test_acc: 0.7346, best: 0.7445, time: 0:00:42
 Epoch: 237, lr: 2.0e-03, train_loss: 0.4032, train_acc: 0.8582 test_loss: 1.0073, test_acc: 0.7300, best: 0.7445, time: 0:00:43
 Epoch: 238, lr: 2.0e-03, train_loss: 0.3868, train_acc: 0.8636 test_loss: 1.0214, test_acc: 0.7322, best: 0.7445, time: 0:00:42
 Epoch: 239, lr: 2.0e-03, train_loss: 0.3921, train_acc: 0.8648 test_loss: 1.0262, test_acc: 0.7334, best: 0.7445, time: 0:00:43
 Epoch: 240, lr: 4.0e-04, train_loss: 0.3929, train_acc: 0.8646 test_loss: 0.9812, test_acc: 0.7386, best: 0.7445, time: 0:00:42
 Epoch: 241, lr: 4.0e-04, train_loss: 0.3799, train_acc: 0.8714 test_loss: 0.9891, test_acc: 0.7376, best: 0.7445, time: 0:00:44
 Epoch: 242, lr: 4.0e-04, train_loss: 0.3978, train_acc: 0.8624 test_loss: 0.9866, test_acc: 0.7362, best: 0.7445, time: 0:00:42
 Epoch: 243, lr: 4.0e-04, train_loss: 0.4049, train_acc: 0.8580 test_loss: 1.0035, test_acc: 0.7348, best: 0.7445, time: 0:00:42
 Epoch: 244, lr: 4.0e-04, train_loss: 0.3875, train_acc: 0.8664 test_loss: 0.9838, test_acc: 0.7365, best: 0.7445, time: 0:00:42
 Epoch: 245, lr: 4.0e-04, train_loss: 0.3833, train_acc: 0.8680 test_loss: 0.9557, test_acc: 0.7425, best: 0.7445, time: 0:00:43
 Epoch: 246, lr: 4.0e-04, train_loss: 0.3916, train_acc: 0.8660 test_loss: 0.9868, test_acc: 0.7336, best: 0.7445, time: 0:00:44
 Epoch: 247, lr: 4.0e-04, train_loss: 0.3781, train_acc: 0.8728 test_loss: 0.9869, test_acc: 0.7378, best: 0.7445, time: 0:00:43
 Epoch: 248, lr: 4.0e-04, train_loss: 0.3772, train_acc: 0.8748 test_loss: 1.0058, test_acc: 0.7351, best: 0.7445, time: 0:00:42
 Epoch: 249, lr: 4.0e-04, train_loss: 0.3762, train_acc: 0.8712 test_loss: 0.9716, test_acc: 0.7378, best: 0.7445, time: 0:00:42
 Epoch: 250, lr: 4.0e-04, train_loss: 0.3669, train_acc: 0.8730 test_loss: 0.9965, test_acc: 0.7400, best: 0.7445, time: 0:00:42
 Epoch: 251, lr: 4.0e-04, train_loss: 0.3836, train_acc: 0.8698 test_loss: 0.9736, test_acc: 0.7390, best: 0.7445, time: 0:00:43
 Epoch: 252, lr: 4.0e-04, train_loss: 0.3655, train_acc: 0.8768 test_loss: 0.9928, test_acc: 0.7356, best: 0.7445, time: 0:00:43
 Epoch: 253, lr: 4.0e-04, train_loss: 0.3863, train_acc: 0.8664 test_loss: 0.9423, test_acc: 0.7479, best: 0.7479, time: 0:00:43
 Epoch: 254, lr: 4.0e-04, train_loss: 0.3802, train_acc: 0.8710 test_loss: 0.9777, test_acc: 0.7366, best: 0.7479, time: 0:00:42
 Epoch: 255, lr: 4.0e-04, train_loss: 0.3740, train_acc: 0.8712 test_loss: 0.9904, test_acc: 0.7372, best: 0.7479, time: 0:00:43
 Epoch: 256, lr: 4.0e-04, train_loss: 0.3718, train_acc: 0.8732 test_loss: 0.9841, test_acc: 0.7382, best: 0.7479, time: 0:00:42
 Epoch: 257, lr: 4.0e-04, train_loss: 0.3787, train_acc: 0.8712 test_loss: 0.9650, test_acc: 0.7422, best: 0.7479, time: 0:00:44
 Epoch: 258, lr: 4.0e-04, train_loss: 0.3614, train_acc: 0.8730 test_loss: 0.9874, test_acc: 0.7390, best: 0.7479, time: 0:00:41
 Epoch: 259, lr: 4.0e-04, train_loss: 0.3747, train_acc: 0.8710 test_loss: 0.9743, test_acc: 0.7400, best: 0.7479, time: 0:00:44
 Epoch: 260, lr: 4.0e-04, train_loss: 0.3795, train_acc: 0.8694 test_loss: 0.9886, test_acc: 0.7352, best: 0.7479, time: 0:00:42
 Epoch: 261, lr: 4.0e-04, train_loss: 0.3704, train_acc: 0.8772 test_loss: 0.9443, test_acc: 0.7381, best: 0.7479, time: 0:00:43
 Epoch: 262, lr: 4.0e-04, train_loss: 0.3737, train_acc: 0.8722 test_loss: 0.9796, test_acc: 0.7408, best: 0.7479, time: 0:00:42
 Epoch: 263, lr: 4.0e-04, train_loss: 0.3717, train_acc: 0.8674 test_loss: 0.9729, test_acc: 0.7410, best: 0.7479, time: 0:00:42
 Epoch: 264, lr: 4.0e-04, train_loss: 0.3724, train_acc: 0.8746 test_loss: 1.0028, test_acc: 0.7361, best: 0.7479, time: 0:00:43
 Epoch: 265, lr: 4.0e-04, train_loss: 0.3782, train_acc: 0.8698 test_loss: 1.0068, test_acc: 0.7355, best: 0.7479, time: 0:00:42
 Epoch: 266, lr: 4.0e-04, train_loss: 0.3706, train_acc: 0.8720 test_loss: 1.0198, test_acc: 0.7339, best: 0.7479, time: 0:00:42
 Epoch: 267, lr: 4.0e-04, train_loss: 0.3648, train_acc: 0.8746 test_loss: 0.9984, test_acc: 0.7331, best: 0.7479, time: 0:00:43
 Epoch: 268, lr: 4.0e-04, train_loss: 0.3796, train_acc: 0.8682 test_loss: 0.9690, test_acc: 0.7386, best: 0.7479, time: 0:00:42
 Epoch: 269, lr: 4.0e-04, train_loss: 0.3771, train_acc: 0.8676 test_loss: 0.9908, test_acc: 0.7381, best: 0.7479, time: 0:00:43
 Epoch: 270, lr: 8.0e-05, train_loss: 0.3616, train_acc: 0.8760 test_loss: 0.9636, test_acc: 0.7389, best: 0.7479, time: 0:00:43
 Epoch: 271, lr: 8.0e-05, train_loss: 0.3898, train_acc: 0.8658 test_loss: 0.9919, test_acc: 0.7419, best: 0.7479, time: 0:00:42
 Epoch: 272, lr: 8.0e-05, train_loss: 0.3768, train_acc: 0.8702 test_loss: 0.9858, test_acc: 0.7394, best: 0.7479, time: 0:00:42
 Epoch: 273, lr: 8.0e-05, train_loss: 0.3799, train_acc: 0.8708 test_loss: 0.9904, test_acc: 0.7358, best: 0.7479, time: 0:00:42
 Epoch: 274, lr: 8.0e-05, train_loss: 0.3749, train_acc: 0.8728 test_loss: 0.9901, test_acc: 0.7364, best: 0.7479, time: 0:00:42
 Epoch: 275, lr: 8.0e-05, train_loss: 0.3670, train_acc: 0.8762 test_loss: 1.0005, test_acc: 0.7375, best: 0.7479, time: 0:00:42
 Epoch: 276, lr: 8.0e-05, train_loss: 0.3933, train_acc: 0.8684 test_loss: 0.9701, test_acc: 0.7400, best: 0.7479, time: 0:00:43
 Epoch: 277, lr: 8.0e-05, train_loss: 0.3887, train_acc: 0.8658 test_loss: 0.9539, test_acc: 0.7400, best: 0.7479, time: 0:00:43
 Epoch: 278, lr: 8.0e-05, train_loss: 0.3595, train_acc: 0.8738 test_loss: 0.9849, test_acc: 0.7360, best: 0.7479, time: 0:00:42
 Epoch: 279, lr: 8.0e-05, train_loss: 0.3842, train_acc: 0.8694 test_loss: 0.9891, test_acc: 0.7339, best: 0.7479, time: 0:00:42
 Epoch: 280, lr: 8.0e-05, train_loss: 0.3808, train_acc: 0.8690 test_loss: 0.9502, test_acc: 0.7392, best: 0.7479, time: 0:00:42
 Epoch: 281, lr: 8.0e-05, train_loss: 0.3772, train_acc: 0.8714 test_loss: 0.9342, test_acc: 0.7414, best: 0.7479, time: 0:00:43
 Epoch: 282, lr: 8.0e-05, train_loss: 0.3734, train_acc: 0.8734 test_loss: 0.9850, test_acc: 0.7350, best: 0.7479, time: 0:00:41
 Epoch: 283, lr: 8.0e-05, train_loss: 0.3655, train_acc: 0.8774 test_loss: 0.9985, test_acc: 0.7376, best: 0.7479, time: 0:00:43
 Epoch: 284, lr: 8.0e-05, train_loss: 0.3552, train_acc: 0.8752 test_loss: 0.9386, test_acc: 0.7440, best: 0.7479, time: 0:00:42
 Epoch: 285, lr: 8.0e-05, train_loss: 0.3504, train_acc: 0.8856 test_loss: 0.9604, test_acc: 0.7378, best: 0.7479, time: 0:00:42
 Epoch: 286, lr: 8.0e-05, train_loss: 0.3588, train_acc: 0.8762 test_loss: 0.9712, test_acc: 0.7422, best: 0.7479, time: 0:00:42
 Epoch: 287, lr: 8.0e-05, train_loss: 0.3684, train_acc: 0.8724 test_loss: 0.9818, test_acc: 0.7398, best: 0.7479, time: 0:00:43
 Epoch: 288, lr: 8.0e-05, train_loss: 0.3595, train_acc: 0.8734 test_loss: 1.0132, test_acc: 0.7389, best: 0.7479, time: 0:00:43
 Epoch: 289, lr: 8.0e-05, train_loss: 0.3578, train_acc: 0.8716 test_loss: 0.9807, test_acc: 0.7389, best: 0.7479, time: 0:00:43
 Epoch: 290, lr: 8.0e-05, train_loss: 0.3663, train_acc: 0.8776 test_loss: 0.9786, test_acc: 0.7376, best: 0.7479, time: 0:00:43
 Epoch: 291, lr: 8.0e-05, train_loss: 0.3744, train_acc: 0.8678 test_loss: 0.9929, test_acc: 0.7338, best: 0.7479, time: 0:00:42
 Epoch: 292, lr: 8.0e-05, train_loss: 0.3607, train_acc: 0.8804 test_loss: 1.0031, test_acc: 0.7409, best: 0.7479, time: 0:00:42
 Epoch: 293, lr: 8.0e-05, train_loss: 0.3681, train_acc: 0.8742 test_loss: 1.0145, test_acc: 0.7328, best: 0.7479, time: 0:00:42
 Epoch: 294, lr: 8.0e-05, train_loss: 0.3780, train_acc: 0.8704 test_loss: 1.0211, test_acc: 0.7338, best: 0.7479, time: 0:00:41
 Epoch: 295, lr: 8.0e-05, train_loss: 0.3772, train_acc: 0.8686 test_loss: 1.0105, test_acc: 0.7344, best: 0.7479, time: 0:00:43
 Epoch: 296, lr: 8.0e-05, train_loss: 0.3649, train_acc: 0.8724 test_loss: 1.0025, test_acc: 0.7372, best: 0.7479, time: 0:00:43
 Epoch: 297, lr: 8.0e-05, train_loss: 0.3669, train_acc: 0.8756 test_loss: 0.9884, test_acc: 0.7366, best: 0.7479, time: 0:00:42
 Epoch: 298, lr: 8.0e-05, train_loss: 0.3692, train_acc: 0.8748 test_loss: 0.9656, test_acc: 0.7400, best: 0.7479, time: 0:00:45
 Epoch: 299, lr: 8.0e-05, train_loss: 0.4011, train_acc: 0.8606 test_loss: 1.0053, test_acc: 0.7374, best: 0.7479, time: 0:00:42
 Highest accuracy: 0.7479