
 Run on time: 2022-06-30 11:32:15.355801

 Arguments:
	 gpu                  : True
	 log                  : True
	 seed                 : 0
	 momentum             : 0.9
	 amsgrad              : True
	 dataset              : STL10
	 batch_size           : 8
	 architecture         : PREPOOL_RESNET18_MAXP_8
	 im_size              : None
	 relu_threshold       : 4.0
	 learning_rate        : 0.01
	 pretrained_backbone  : 
	 pretrained_ann       : 
	 weight_decay         : 0.0
	 test_only            : False
	 epochs               : 300
	 lr_interval          : [180, 240, 270]
	 lr_reduce            : 5
	 optimizer            : SGD
	 dropout              : 0.2
	 kernel_size          : 3
	 dont_save            : False
	 visualize            : False
	 devices              : 0
 DataParallel(
  (module): NetworkByName(
    (net): ResNet(
      (conv1): Conv2d(3, 64, kernel_size=(7, 7), stride=(1, 1), padding=(3, 3), bias=False)
      (bn1): BatchNorm2d(64, eps=1e-05, momentum=0.1, affine=True, track_running_stats=True)
      (relu): ReLU(inplace=True)
      (pool): MaxPool2d(kernel_size=8, stride=8, padding=0, dilation=1, ceil_mode=False)
      (layer1): Sequential(
        (0): BasicBlock(
          (conv1): Conv2d(64, 64, kernel_size=(3, 3), stride=(1, 1), padding=(1, 1), bias=False)
          (bn1): BatchNorm2d(64, eps=1e-05, momentum=0.1, affine=True, track_running_stats=True)
          (relu): ReLU(inplace=True)
          (conv2): Conv2d(64, 64, kernel_size=(3, 3), stride=(1, 1), padding=(1, 1), bias=False)
          (bn2): BatchNorm2d(64, eps=1e-05, momentum=0.1, affine=True, track_running_stats=True)
        )
        (1): BasicBlock(
          (conv1): Conv2d(64, 64, kernel_size=(3, 3), stride=(1, 1), padding=(1, 1), bias=False)
          (bn1): BatchNorm2d(64, eps=1e-05, momentum=0.1, affine=True, track_running_stats=True)
          (relu): ReLU(inplace=True)
          (conv2): Conv2d(64, 64, kernel_size=(3, 3), stride=(1, 1), padding=(1, 1), bias=False)
          (bn2): BatchNorm2d(64, eps=1e-05, momentum=0.1, affine=True, track_running_stats=True)
        )
      )
      (layer2): Sequential(
        (0): BasicBlock(
          (conv1): Conv2d(64, 128, kernel_size=(3, 3), stride=(2, 2), padding=(1, 1), bias=False)
          (bn1): BatchNorm2d(128, eps=1e-05, momentum=0.1, affine=True, track_running_stats=True)
          (relu): ReLU(inplace=True)
          (conv2): Conv2d(128, 128, kernel_size=(3, 3), stride=(1, 1), padding=(1, 1), bias=False)
          (bn2): BatchNorm2d(128, eps=1e-05, momentum=0.1, affine=True, track_running_stats=True)
          (downsample): Sequential(
            (0): Conv2d(64, 128, kernel_size=(1, 1), stride=(2, 2), bias=False)
            (1): BatchNorm2d(128, eps=1e-05, momentum=0.1, affine=True, track_running_stats=True)
          )
        )
        (1): BasicBlock(
          (conv1): Conv2d(128, 128, kernel_size=(3, 3), stride=(1, 1), padding=(1, 1), bias=False)
          (bn1): BatchNorm2d(128, eps=1e-05, momentum=0.1, affine=True, track_running_stats=True)
          (relu): ReLU(inplace=True)
          (conv2): Conv2d(128, 128, kernel_size=(3, 3), stride=(1, 1), padding=(1, 1), bias=False)
          (bn2): BatchNorm2d(128, eps=1e-05, momentum=0.1, affine=True, track_running_stats=True)
        )
      )
      (layer3): Sequential(
        (0): BasicBlock(
          (conv1): Conv2d(128, 256, kernel_size=(3, 3), stride=(2, 2), padding=(1, 1), bias=False)
          (bn1): BatchNorm2d(256, eps=1e-05, momentum=0.1, affine=True, track_running_stats=True)
          (relu): ReLU(inplace=True)
          (conv2): Conv2d(256, 256, kernel_size=(3, 3), stride=(1, 1), padding=(1, 1), bias=False)
          (bn2): BatchNorm2d(256, eps=1e-05, momentum=0.1, affine=True, track_running_stats=True)
          (downsample): Sequential(
            (0): Conv2d(128, 256, kernel_size=(1, 1), stride=(2, 2), bias=False)
            (1): BatchNorm2d(256, eps=1e-05, momentum=0.1, affine=True, track_running_stats=True)
          )
        )
        (1): BasicBlock(
          (conv1): Conv2d(256, 256, kernel_size=(3, 3), stride=(1, 1), padding=(1, 1), bias=False)
          (bn1): BatchNorm2d(256, eps=1e-05, momentum=0.1, affine=True, track_running_stats=True)
          (relu): ReLU(inplace=True)
          (conv2): Conv2d(256, 256, kernel_size=(3, 3), stride=(1, 1), padding=(1, 1), bias=False)
          (bn2): BatchNorm2d(256, eps=1e-05, momentum=0.1, affine=True, track_running_stats=True)
        )
      )
      (layer4): Sequential(
        (0): BasicBlock(
          (conv1): Conv2d(256, 512, kernel_size=(3, 3), stride=(2, 2), padding=(1, 1), bias=False)
          (bn1): BatchNorm2d(512, eps=1e-05, momentum=0.1, affine=True, track_running_stats=True)
          (relu): ReLU(inplace=True)
          (conv2): Conv2d(512, 512, kernel_size=(3, 3), stride=(1, 1), padding=(1, 1), bias=False)
          (bn2): BatchNorm2d(512, eps=1e-05, momentum=0.1, affine=True, track_running_stats=True)
          (downsample): Sequential(
            (0): Conv2d(256, 512, kernel_size=(1, 1), stride=(2, 2), bias=False)
            (1): BatchNorm2d(512, eps=1e-05, momentum=0.1, affine=True, track_running_stats=True)
          )
        )
        (1): BasicBlock(
          (conv1): Conv2d(512, 512, kernel_size=(3, 3), stride=(1, 1), padding=(1, 1), bias=False)
          (bn1): BatchNorm2d(512, eps=1e-05, momentum=0.1, affine=True, track_running_stats=True)
          (relu): ReLU(inplace=True)
          (conv2): Conv2d(512, 512, kernel_size=(3, 3), stride=(1, 1), padding=(1, 1), bias=False)
          (bn2): BatchNorm2d(512, eps=1e-05, momentum=0.1, affine=True, track_running_stats=True)
        )
      )
      (avgpool): AdaptiveAvgPool2d(output_size=(1, 1))
      (fc): Linear(in_features=512, out_features=10, bias=True)
    )
  )
)
 SGD (
Parameter Group 0
    dampening: 0
    lr: 0.01
    momentum: 0.9
    nesterov: False
    weight_decay: 0.0
)
 Epoch: 1, lr: 1.0e-02, train_loss: 2.4059, train_acc: 0.1784 test_loss: 2.4713, test_acc: 0.2524, best: 0.2524, time: 0:00:36
 Epoch: 2, lr: 1.0e-02, train_loss: 1.9864, train_acc: 0.2404 test_loss: 1.7842, test_acc: 0.3105, best: 0.3105, time: 0:00:36
 Epoch: 3, lr: 1.0e-02, train_loss: 1.9246, train_acc: 0.2598 test_loss: 1.7385, test_acc: 0.2980, best: 0.3105, time: 0:00:36
 Epoch: 4, lr: 1.0e-02, train_loss: 1.8619, train_acc: 0.2954 test_loss: 1.5925, test_acc: 0.3599, best: 0.3599, time: 0:00:36
 Epoch: 5, lr: 1.0e-02, train_loss: 1.8174, train_acc: 0.3116 test_loss: 1.6480, test_acc: 0.3616, best: 0.3616, time: 0:00:36
 Epoch: 6, lr: 1.0e-02, train_loss: 1.7693, train_acc: 0.3260 test_loss: 1.5518, test_acc: 0.3999, best: 0.3999, time: 0:00:36
 Epoch: 7, lr: 1.0e-02, train_loss: 1.7337, train_acc: 0.3446 test_loss: 1.5308, test_acc: 0.4095, best: 0.4095, time: 0:00:36
 Epoch: 8, lr: 1.0e-02, train_loss: 1.7289, train_acc: 0.3454 test_loss: 1.6185, test_acc: 0.4006, best: 0.4095, time: 0:00:36
 Epoch: 9, lr: 1.0e-02, train_loss: 1.6772, train_acc: 0.3666 test_loss: 1.5417, test_acc: 0.4370, best: 0.4370, time: 0:00:36
 Epoch: 10, lr: 1.0e-02, train_loss: 1.6649, train_acc: 0.3796 test_loss: 1.3927, test_acc: 0.4672, best: 0.4672, time: 0:00:36
 Epoch: 11, lr: 1.0e-02, train_loss: 1.6010, train_acc: 0.4118 test_loss: 1.4572, test_acc: 0.4666, best: 0.4672, time: 0:00:36
 Epoch: 12, lr: 1.0e-02, train_loss: 1.5782, train_acc: 0.4158 test_loss: 1.3453, test_acc: 0.5068, best: 0.5068, time: 0:00:36
 Epoch: 13, lr: 1.0e-02, train_loss: 1.5685, train_acc: 0.4170 test_loss: 1.3728, test_acc: 0.4820, best: 0.5068, time: 0:00:36
 Epoch: 14, lr: 1.0e-02, train_loss: 1.5337, train_acc: 0.4318 test_loss: 1.3092, test_acc: 0.5158, best: 0.5158, time: 0:00:36
 Epoch: 15, lr: 1.0e-02, train_loss: 1.5196, train_acc: 0.4302 test_loss: 1.3000, test_acc: 0.5061, best: 0.5158, time: 0:00:36
 Epoch: 16, lr: 1.0e-02, train_loss: 1.4941, train_acc: 0.4520 test_loss: 1.2986, test_acc: 0.5319, best: 0.5319, time: 0:00:37
 Epoch: 17, lr: 1.0e-02, train_loss: 1.4638, train_acc: 0.4566 test_loss: 1.3054, test_acc: 0.5165, best: 0.5319, time: 0:00:36
 Epoch: 18, lr: 1.0e-02, train_loss: 1.4609, train_acc: 0.4590 test_loss: 1.2204, test_acc: 0.5507, best: 0.5507, time: 0:00:37
 Epoch: 19, lr: 1.0e-02, train_loss: 1.4264, train_acc: 0.4746 test_loss: 1.2870, test_acc: 0.5319, best: 0.5507, time: 0:00:36
 Epoch: 20, lr: 1.0e-02, train_loss: 1.3991, train_acc: 0.4862 test_loss: 1.1778, test_acc: 0.5749, best: 0.5749, time: 0:00:37
 Epoch: 21, lr: 1.0e-02, train_loss: 1.3834, train_acc: 0.4888 test_loss: 1.2104, test_acc: 0.5591, best: 0.5749, time: 0:00:36
 Epoch: 22, lr: 1.0e-02, train_loss: 1.3658, train_acc: 0.4964 test_loss: 1.2177, test_acc: 0.5627, best: 0.5749, time: 0:00:37
 Epoch: 23, lr: 1.0e-02, train_loss: 1.3398, train_acc: 0.5060 test_loss: 1.1606, test_acc: 0.5779, best: 0.5779, time: 0:00:37
 Epoch: 24, lr: 1.0e-02, train_loss: 1.3500, train_acc: 0.5048 test_loss: 1.1865, test_acc: 0.5750, best: 0.5779, time: 0:00:36
 Epoch: 25, lr: 1.0e-02, train_loss: 1.3390, train_acc: 0.5158 test_loss: 1.2054, test_acc: 0.5693, best: 0.5779, time: 0:00:36
 Epoch: 26, lr: 1.0e-02, train_loss: 1.3032, train_acc: 0.5278 test_loss: 1.0896, test_acc: 0.6014, best: 0.6014, time: 0:00:37
 Epoch: 27, lr: 1.0e-02, train_loss: 1.2852, train_acc: 0.5332 test_loss: 1.1340, test_acc: 0.5989, best: 0.6014, time: 0:00:36
 Epoch: 28, lr: 1.0e-02, train_loss: 1.2710, train_acc: 0.5284 test_loss: 1.0818, test_acc: 0.6110, best: 0.6110, time: 0:00:37
 Epoch: 29, lr: 1.0e-02, train_loss: 1.2745, train_acc: 0.5390 test_loss: 1.3659, test_acc: 0.5326, best: 0.6110, time: 0:00:36
 Epoch: 30, lr: 1.0e-02, train_loss: 1.2645, train_acc: 0.5362 test_loss: 1.1288, test_acc: 0.5836, best: 0.6110, time: 0:00:36
 Epoch: 31, lr: 1.0e-02, train_loss: 1.2424, train_acc: 0.5434 test_loss: 1.2778, test_acc: 0.5595, best: 0.6110, time: 0:00:36
 Epoch: 32, lr: 1.0e-02, train_loss: 1.2388, train_acc: 0.5434 test_loss: 1.1085, test_acc: 0.6025, best: 0.6110, time: 0:00:36
 Epoch: 33, lr: 1.0e-02, train_loss: 1.2426, train_acc: 0.5466 test_loss: 1.0952, test_acc: 0.6032, best: 0.6110, time: 0:00:36
 Epoch: 34, lr: 1.0e-02, train_loss: 1.2099, train_acc: 0.5652 test_loss: 1.0619, test_acc: 0.6232, best: 0.6232, time: 0:00:37
 Epoch: 35, lr: 1.0e-02, train_loss: 1.1891, train_acc: 0.5656 test_loss: 1.1430, test_acc: 0.5971, best: 0.6232, time: 0:00:36
 Epoch: 36, lr: 1.0e-02, train_loss: 1.1809, train_acc: 0.5624 test_loss: 1.1182, test_acc: 0.6028, best: 0.6232, time: 0:00:36
 Epoch: 37, lr: 1.0e-02, train_loss: 1.1987, train_acc: 0.5710 test_loss: 1.1477, test_acc: 0.5964, best: 0.6232, time: 0:00:36
 Epoch: 38, lr: 1.0e-02, train_loss: 1.1557, train_acc: 0.5806 test_loss: 1.0800, test_acc: 0.6186, best: 0.6232, time: 0:00:36
 Epoch: 39, lr: 1.0e-02, train_loss: 1.1614, train_acc: 0.5804 test_loss: 1.0570, test_acc: 0.6188, best: 0.6232, time: 0:00:36
 Epoch: 40, lr: 1.0e-02, train_loss: 1.1435, train_acc: 0.5832 test_loss: 1.0696, test_acc: 0.6164, best: 0.6232, time: 0:00:36
 Epoch: 41, lr: 1.0e-02, train_loss: 1.1299, train_acc: 0.5890 test_loss: 1.0484, test_acc: 0.6370, best: 0.6370, time: 0:00:37
 Epoch: 42, lr: 1.0e-02, train_loss: 1.1415, train_acc: 0.5740 test_loss: 1.0171, test_acc: 0.6472, best: 0.6472, time: 0:00:36
 Epoch: 43, lr: 1.0e-02, train_loss: 1.1111, train_acc: 0.5974 test_loss: 1.0220, test_acc: 0.6362, best: 0.6472, time: 0:00:36
 Epoch: 44, lr: 1.0e-02, train_loss: 1.1028, train_acc: 0.5972 test_loss: 1.0447, test_acc: 0.6294, best: 0.6472, time: 0:00:36
 Epoch: 45, lr: 1.0e-02, train_loss: 1.0954, train_acc: 0.6008 test_loss: 1.0343, test_acc: 0.6470, best: 0.6472, time: 0:00:36
 Epoch: 46, lr: 1.0e-02, train_loss: 1.1009, train_acc: 0.6026 test_loss: 1.1025, test_acc: 0.6191, best: 0.6472, time: 0:00:36
 Epoch: 47, lr: 1.0e-02, train_loss: 1.0762, train_acc: 0.6144 test_loss: 1.0998, test_acc: 0.6248, best: 0.6472, time: 0:00:36
 Epoch: 48, lr: 1.0e-02, train_loss: 1.0898, train_acc: 0.6070 test_loss: 1.0166, test_acc: 0.6425, best: 0.6472, time: 0:00:36
 Epoch: 49, lr: 1.0e-02, train_loss: 1.0726, train_acc: 0.6150 test_loss: 1.0735, test_acc: 0.6261, best: 0.6472, time: 0:00:36
 Epoch: 50, lr: 1.0e-02, train_loss: 1.0563, train_acc: 0.6170 test_loss: 1.0434, test_acc: 0.6361, best: 0.6472, time: 0:00:36
 Epoch: 51, lr: 1.0e-02, train_loss: 1.0647, train_acc: 0.6122 test_loss: 1.0190, test_acc: 0.6512, best: 0.6512, time: 0:00:36
 Epoch: 52, lr: 1.0e-02, train_loss: 1.0652, train_acc: 0.6166 test_loss: 1.0361, test_acc: 0.6465, best: 0.6512, time: 0:00:36
 Epoch: 53, lr: 1.0e-02, train_loss: 1.0496, train_acc: 0.6200 test_loss: 0.9747, test_acc: 0.6551, best: 0.6551, time: 0:00:36
 Epoch: 54, lr: 1.0e-02, train_loss: 1.0295, train_acc: 0.6338 test_loss: 1.0950, test_acc: 0.6266, best: 0.6551, time: 0:00:36
 Epoch: 55, lr: 1.0e-02, train_loss: 1.0176, train_acc: 0.6210 test_loss: 1.0461, test_acc: 0.6446, best: 0.6551, time: 0:00:36
 Epoch: 56, lr: 1.0e-02, train_loss: 1.0231, train_acc: 0.6278 test_loss: 1.0121, test_acc: 0.6528, best: 0.6551, time: 0:00:36
 Epoch: 57, lr: 1.0e-02, train_loss: 1.0140, train_acc: 0.6310 test_loss: 1.0427, test_acc: 0.6416, best: 0.6551, time: 0:00:36
 Epoch: 58, lr: 1.0e-02, train_loss: 1.0205, train_acc: 0.6268 test_loss: 1.0135, test_acc: 0.6461, best: 0.6551, time: 0:00:36
 Epoch: 59, lr: 1.0e-02, train_loss: 1.0127, train_acc: 0.6368 test_loss: 1.0579, test_acc: 0.6394, best: 0.6551, time: 0:00:36
 Epoch: 60, lr: 1.0e-02, train_loss: 0.9904, train_acc: 0.6392 test_loss: 1.0489, test_acc: 0.6508, best: 0.6551, time: 0:00:36
 Epoch: 61, lr: 1.0e-02, train_loss: 0.9890, train_acc: 0.6420 test_loss: 1.1943, test_acc: 0.6228, best: 0.6551, time: 0:00:36
 Epoch: 62, lr: 1.0e-02, train_loss: 0.9806, train_acc: 0.6458 test_loss: 1.0074, test_acc: 0.6446, best: 0.6551, time: 0:00:36
 Epoch: 63, lr: 1.0e-02, train_loss: 0.9634, train_acc: 0.6576 test_loss: 1.0176, test_acc: 0.6475, best: 0.6551, time: 0:00:36
 Epoch: 64, lr: 1.0e-02, train_loss: 0.9588, train_acc: 0.6582 test_loss: 1.0765, test_acc: 0.6514, best: 0.6551, time: 0:00:36
 Epoch: 65, lr: 1.0e-02, train_loss: 0.9658, train_acc: 0.6512 test_loss: 0.9958, test_acc: 0.6603, best: 0.6603, time: 0:00:36
 Epoch: 66, lr: 1.0e-02, train_loss: 0.9567, train_acc: 0.6600 test_loss: 1.0063, test_acc: 0.6664, best: 0.6664, time: 0:00:36
 Epoch: 67, lr: 1.0e-02, train_loss: 0.9209, train_acc: 0.6734 test_loss: 1.1299, test_acc: 0.6329, best: 0.6664, time: 0:00:36
 Epoch: 68, lr: 1.0e-02, train_loss: 0.9489, train_acc: 0.6640 test_loss: 1.1846, test_acc: 0.6131, best: 0.6664, time: 0:00:36
 Epoch: 69, lr: 1.0e-02, train_loss: 0.9335, train_acc: 0.6632 test_loss: 0.9810, test_acc: 0.6674, best: 0.6674, time: 0:00:36
 Epoch: 70, lr: 1.0e-02, train_loss: 0.9103, train_acc: 0.6742 test_loss: 1.0252, test_acc: 0.6685, best: 0.6685, time: 0:00:36
 Epoch: 71, lr: 1.0e-02, train_loss: 0.9007, train_acc: 0.6710 test_loss: 1.0134, test_acc: 0.6620, best: 0.6685, time: 0:00:36
 Epoch: 72, lr: 1.0e-02, train_loss: 0.9131, train_acc: 0.6774 test_loss: 0.9957, test_acc: 0.6777, best: 0.6777, time: 0:00:36
 Epoch: 73, lr: 1.0e-02, train_loss: 0.9152, train_acc: 0.6826 test_loss: 1.0029, test_acc: 0.6695, best: 0.6777, time: 0:00:36
 Epoch: 74, lr: 1.0e-02, train_loss: 0.9109, train_acc: 0.6728 test_loss: 0.9670, test_acc: 0.6776, best: 0.6777, time: 0:00:36
 Epoch: 75, lr: 1.0e-02, train_loss: 0.9145, train_acc: 0.6672 test_loss: 0.9918, test_acc: 0.6697, best: 0.6777, time: 0:00:36
 Epoch: 76, lr: 1.0e-02, train_loss: 0.8849, train_acc: 0.6790 test_loss: 0.9944, test_acc: 0.6691, best: 0.6777, time: 0:00:36
 Epoch: 77, lr: 1.0e-02, train_loss: 0.9219, train_acc: 0.6732 test_loss: 0.9585, test_acc: 0.6785, best: 0.6785, time: 0:00:36
 Epoch: 78, lr: 1.0e-02, train_loss: 0.8902, train_acc: 0.6838 test_loss: 0.9689, test_acc: 0.6764, best: 0.6785, time: 0:00:36
 Epoch: 79, lr: 1.0e-02, train_loss: 0.8737, train_acc: 0.6880 test_loss: 0.9866, test_acc: 0.6816, best: 0.6816, time: 0:00:36
 Epoch: 80, lr: 1.0e-02, train_loss: 0.8836, train_acc: 0.6870 test_loss: 0.9965, test_acc: 0.6705, best: 0.6816, time: 0:00:36
 Epoch: 81, lr: 1.0e-02, train_loss: 0.8602, train_acc: 0.6978 test_loss: 0.9773, test_acc: 0.6783, best: 0.6816, time: 0:00:36
 Epoch: 82, lr: 1.0e-02, train_loss: 0.8606, train_acc: 0.6890 test_loss: 1.0030, test_acc: 0.6753, best: 0.6816, time: 0:00:36
 Epoch: 83, lr: 1.0e-02, train_loss: 0.8627, train_acc: 0.6898 test_loss: 1.0748, test_acc: 0.6647, best: 0.6816, time: 0:00:36
 Epoch: 84, lr: 1.0e-02, train_loss: 0.8322, train_acc: 0.6924 test_loss: 1.0817, test_acc: 0.6519, best: 0.6816, time: 0:00:36
 Epoch: 85, lr: 1.0e-02, train_loss: 0.8505, train_acc: 0.6956 test_loss: 0.9676, test_acc: 0.6805, best: 0.6816, time: 0:00:36
 Epoch: 86, lr: 1.0e-02, train_loss: 0.8717, train_acc: 0.6896 test_loss: 0.9383, test_acc: 0.6929, best: 0.6929, time: 0:00:36
 Epoch: 87, lr: 1.0e-02, train_loss: 0.8345, train_acc: 0.6960 test_loss: 0.9634, test_acc: 0.6936, best: 0.6936, time: 0:00:36
 Epoch: 88, lr: 1.0e-02, train_loss: 0.8431, train_acc: 0.6986 test_loss: 1.0520, test_acc: 0.6774, best: 0.6936, time: 0:00:36
 Epoch: 89, lr: 1.0e-02, train_loss: 0.8176, train_acc: 0.7110 test_loss: 1.0298, test_acc: 0.6829, best: 0.6936, time: 0:00:36
 Epoch: 90, lr: 1.0e-02, train_loss: 0.8336, train_acc: 0.7056 test_loss: 0.9191, test_acc: 0.6965, best: 0.6965, time: 0:00:36
 Epoch: 91, lr: 1.0e-02, train_loss: 0.8187, train_acc: 0.7084 test_loss: 0.9291, test_acc: 0.7010, best: 0.7010, time: 0:00:36
 Epoch: 92, lr: 1.0e-02, train_loss: 0.8304, train_acc: 0.7050 test_loss: 1.0383, test_acc: 0.6813, best: 0.7010, time: 0:00:36
 Epoch: 93, lr: 1.0e-02, train_loss: 0.8156, train_acc: 0.6946 test_loss: 1.0091, test_acc: 0.6809, best: 0.7010, time: 0:00:36
 Epoch: 94, lr: 1.0e-02, train_loss: 0.8077, train_acc: 0.7092 test_loss: 1.0618, test_acc: 0.6839, best: 0.7010, time: 0:00:36
 Epoch: 95, lr: 1.0e-02, train_loss: 0.8105, train_acc: 0.7158 test_loss: 1.0383, test_acc: 0.6819, best: 0.7010, time: 0:00:36
 Epoch: 96, lr: 1.0e-02, train_loss: 0.8081, train_acc: 0.7142 test_loss: 0.9754, test_acc: 0.7014, best: 0.7014, time: 0:00:36
 Epoch: 97, lr: 1.0e-02, train_loss: 0.7771, train_acc: 0.7266 test_loss: 0.9728, test_acc: 0.7001, best: 0.7014, time: 0:00:36
 Epoch: 98, lr: 1.0e-02, train_loss: 0.7774, train_acc: 0.7206 test_loss: 1.0021, test_acc: 0.6875, best: 0.7014, time: 0:00:36
 Epoch: 99, lr: 1.0e-02, train_loss: 0.7820, train_acc: 0.7276 test_loss: 1.0255, test_acc: 0.6889, best: 0.7014, time: 0:00:36
 Epoch: 100, lr: 1.0e-02, train_loss: 0.7858, train_acc: 0.7182 test_loss: 1.0487, test_acc: 0.6810, best: 0.7014, time: 0:00:36
 Epoch: 101, lr: 1.0e-02, train_loss: 0.7723, train_acc: 0.7270 test_loss: 0.9331, test_acc: 0.7015, best: 0.7015, time: 0:00:36
 Epoch: 102, lr: 1.0e-02, train_loss: 0.7790, train_acc: 0.7214 test_loss: 0.9295, test_acc: 0.7011, best: 0.7015, time: 0:00:36
 Epoch: 103, lr: 1.0e-02, train_loss: 0.7501, train_acc: 0.7316 test_loss: 1.0244, test_acc: 0.6897, best: 0.7015, time: 0:00:36
 Epoch: 104, lr: 1.0e-02, train_loss: 0.7539, train_acc: 0.7314 test_loss: 1.0011, test_acc: 0.6983, best: 0.7015, time: 0:00:36
 Epoch: 105, lr: 1.0e-02, train_loss: 0.7609, train_acc: 0.7280 test_loss: 0.9485, test_acc: 0.7036, best: 0.7036, time: 0:00:36
 Epoch: 106, lr: 1.0e-02, train_loss: 0.7472, train_acc: 0.7270 test_loss: 0.9920, test_acc: 0.6946, best: 0.7036, time: 0:00:36
 Epoch: 107, lr: 1.0e-02, train_loss: 0.7731, train_acc: 0.7220 test_loss: 0.9642, test_acc: 0.6986, best: 0.7036, time: 0:00:36
 Epoch: 108, lr: 1.0e-02, train_loss: 0.7585, train_acc: 0.7300 test_loss: 0.9536, test_acc: 0.7029, best: 0.7036, time: 0:00:36
 Epoch: 109, lr: 1.0e-02, train_loss: 0.7456, train_acc: 0.7352 test_loss: 1.0347, test_acc: 0.6943, best: 0.7036, time: 0:00:36
 Epoch: 110, lr: 1.0e-02, train_loss: 0.7348, train_acc: 0.7412 test_loss: 0.9931, test_acc: 0.7027, best: 0.7036, time: 0:00:36
 Epoch: 111, lr: 1.0e-02, train_loss: 0.7458, train_acc: 0.7362 test_loss: 0.9686, test_acc: 0.7029, best: 0.7036, time: 0:00:36
 Epoch: 112, lr: 1.0e-02, train_loss: 0.7378, train_acc: 0.7344 test_loss: 1.0084, test_acc: 0.6900, best: 0.7036, time: 0:00:36
 Epoch: 113, lr: 1.0e-02, train_loss: 0.7268, train_acc: 0.7374 test_loss: 0.9860, test_acc: 0.6990, best: 0.7036, time: 0:00:36
 Epoch: 114, lr: 1.0e-02, train_loss: 0.7452, train_acc: 0.7382 test_loss: 1.0085, test_acc: 0.6921, best: 0.7036, time: 0:00:36
 Epoch: 115, lr: 1.0e-02, train_loss: 0.7257, train_acc: 0.7424 test_loss: 0.9662, test_acc: 0.7096, best: 0.7096, time: 0:00:36
 Epoch: 116, lr: 1.0e-02, train_loss: 0.7405, train_acc: 0.7356 test_loss: 0.9439, test_acc: 0.7086, best: 0.7096, time: 0:00:36
 Epoch: 117, lr: 1.0e-02, train_loss: 0.7186, train_acc: 0.7494 test_loss: 1.0426, test_acc: 0.7029, best: 0.7096, time: 0:00:36
 Epoch: 118, lr: 1.0e-02, train_loss: 0.7298, train_acc: 0.7436 test_loss: 0.9225, test_acc: 0.7110, best: 0.7110, time: 0:00:36
 Epoch: 119, lr: 1.0e-02, train_loss: 0.7038, train_acc: 0.7472 test_loss: 1.0419, test_acc: 0.6966, best: 0.7110, time: 0:00:36
 Epoch: 120, lr: 1.0e-02, train_loss: 0.7216, train_acc: 0.7408 test_loss: 0.9875, test_acc: 0.7081, best: 0.7110, time: 0:00:36
 Epoch: 121, lr: 1.0e-02, train_loss: 0.6877, train_acc: 0.7534 test_loss: 1.1151, test_acc: 0.6774, best: 0.7110, time: 0:00:36
 Epoch: 122, lr: 1.0e-02, train_loss: 0.7032, train_acc: 0.7480 test_loss: 1.0602, test_acc: 0.6841, best: 0.7110, time: 0:00:36
 Epoch: 123, lr: 1.0e-02, train_loss: 0.6805, train_acc: 0.7596 test_loss: 1.0437, test_acc: 0.6865, best: 0.7110, time: 0:00:36
 Epoch: 124, lr: 1.0e-02, train_loss: 0.6928, train_acc: 0.7554 test_loss: 1.0566, test_acc: 0.6951, best: 0.7110, time: 0:00:36
 Epoch: 125, lr: 1.0e-02, train_loss: 0.6959, train_acc: 0.7480 test_loss: 1.0110, test_acc: 0.7064, best: 0.7110, time: 0:00:36
 Epoch: 126, lr: 1.0e-02, train_loss: 0.6792, train_acc: 0.7608 test_loss: 0.9759, test_acc: 0.7011, best: 0.7110, time: 0:00:36
 Epoch: 127, lr: 1.0e-02, train_loss: 0.6725, train_acc: 0.7610 test_loss: 1.0365, test_acc: 0.6986, best: 0.7110, time: 0:00:36
 Epoch: 128, lr: 1.0e-02, train_loss: 0.6683, train_acc: 0.7662 test_loss: 0.9856, test_acc: 0.7126, best: 0.7126, time: 0:00:36
 Epoch: 129, lr: 1.0e-02, train_loss: 0.6818, train_acc: 0.7548 test_loss: 1.0054, test_acc: 0.7050, best: 0.7126, time: 0:00:36
 Epoch: 130, lr: 1.0e-02, train_loss: 0.6664, train_acc: 0.7650 test_loss: 1.1235, test_acc: 0.6886, best: 0.7126, time: 0:00:36
 Epoch: 131, lr: 1.0e-02, train_loss: 0.6850, train_acc: 0.7584 test_loss: 1.0355, test_acc: 0.6985, best: 0.7126, time: 0:00:36
 Epoch: 132, lr: 1.0e-02, train_loss: 0.6454, train_acc: 0.7722 test_loss: 1.0815, test_acc: 0.7021, best: 0.7126, time: 0:00:36
 Epoch: 133, lr: 1.0e-02, train_loss: 0.6539, train_acc: 0.7706 test_loss: 1.0464, test_acc: 0.6963, best: 0.7126, time: 0:00:36
 Epoch: 134, lr: 1.0e-02, train_loss: 0.6745, train_acc: 0.7612 test_loss: 1.0660, test_acc: 0.7046, best: 0.7126, time: 0:00:36
 Epoch: 135, lr: 1.0e-02, train_loss: 0.6650, train_acc: 0.7624 test_loss: 1.2827, test_acc: 0.6544, best: 0.7126, time: 0:00:36
 Epoch: 136, lr: 1.0e-02, train_loss: 0.6606, train_acc: 0.7618 test_loss: 1.0542, test_acc: 0.7026, best: 0.7126, time: 0:00:36
 Epoch: 137, lr: 1.0e-02, train_loss: 0.6577, train_acc: 0.7628 test_loss: 0.9859, test_acc: 0.7055, best: 0.7126, time: 0:00:36
 Epoch: 138, lr: 1.0e-02, train_loss: 0.6459, train_acc: 0.7750 test_loss: 1.0345, test_acc: 0.7081, best: 0.7126, time: 0:00:36
 Epoch: 139, lr: 1.0e-02, train_loss: 0.6402, train_acc: 0.7762 test_loss: 1.0979, test_acc: 0.7006, best: 0.7126, time: 0:00:36
 Epoch: 140, lr: 1.0e-02, train_loss: 0.6303, train_acc: 0.7760 test_loss: 0.9942, test_acc: 0.7219, best: 0.7219, time: 0:00:36
 Epoch: 141, lr: 1.0e-02, train_loss: 0.6349, train_acc: 0.7720 test_loss: 1.0488, test_acc: 0.7105, best: 0.7219, time: 0:00:36
 Epoch: 142, lr: 1.0e-02, train_loss: 0.6348, train_acc: 0.7804 test_loss: 1.1053, test_acc: 0.6983, best: 0.7219, time: 0:00:36
 Epoch: 143, lr: 1.0e-02, train_loss: 0.6239, train_acc: 0.7820 test_loss: 1.0617, test_acc: 0.6975, best: 0.7219, time: 0:00:36
 Epoch: 144, lr: 1.0e-02, train_loss: 0.6414, train_acc: 0.7704 test_loss: 1.0252, test_acc: 0.7093, best: 0.7219, time: 0:00:36
 Epoch: 145, lr: 1.0e-02, train_loss: 0.6276, train_acc: 0.7766 test_loss: 1.0490, test_acc: 0.7071, best: 0.7219, time: 0:00:36
 Epoch: 146, lr: 1.0e-02, train_loss: 0.6311, train_acc: 0.7688 test_loss: 1.0386, test_acc: 0.7166, best: 0.7219, time: 0:00:36
 Epoch: 147, lr: 1.0e-02, train_loss: 0.6091, train_acc: 0.7818 test_loss: 1.2497, test_acc: 0.6753, best: 0.7219, time: 0:00:36
 Epoch: 148, lr: 1.0e-02, train_loss: 0.5986, train_acc: 0.7910 test_loss: 1.1127, test_acc: 0.7059, best: 0.7219, time: 0:00:36
 Epoch: 149, lr: 1.0e-02, train_loss: 0.6355, train_acc: 0.7816 test_loss: 1.0786, test_acc: 0.7059, best: 0.7219, time: 0:00:36
 Epoch: 150, lr: 1.0e-02, train_loss: 0.6265, train_acc: 0.7802 test_loss: 0.9816, test_acc: 0.7140, best: 0.7219, time: 0:00:36
 Epoch: 151, lr: 1.0e-02, train_loss: 0.5962, train_acc: 0.7930 test_loss: 1.0710, test_acc: 0.7071, best: 0.7219, time: 0:00:36
 Epoch: 152, lr: 1.0e-02, train_loss: 0.6282, train_acc: 0.7826 test_loss: 0.9908, test_acc: 0.7133, best: 0.7219, time: 0:00:36
 Epoch: 153, lr: 1.0e-02, train_loss: 0.6176, train_acc: 0.7820 test_loss: 1.1235, test_acc: 0.6970, best: 0.7219, time: 0:00:36
 Epoch: 154, lr: 1.0e-02, train_loss: 0.6294, train_acc: 0.7740 test_loss: 1.1432, test_acc: 0.7030, best: 0.7219, time: 0:00:36
 Epoch: 155, lr: 1.0e-02, train_loss: 0.5965, train_acc: 0.7916 test_loss: 1.0121, test_acc: 0.7155, best: 0.7219, time: 0:00:36
 Epoch: 156, lr: 1.0e-02, train_loss: 0.6286, train_acc: 0.7776 test_loss: 1.0164, test_acc: 0.7163, best: 0.7219, time: 0:00:36
 Epoch: 157, lr: 1.0e-02, train_loss: 0.5914, train_acc: 0.7936 test_loss: 1.0491, test_acc: 0.7121, best: 0.7219, time: 0:00:36
 Epoch: 158, lr: 1.0e-02, train_loss: 0.5965, train_acc: 0.7930 test_loss: 1.0239, test_acc: 0.7070, best: 0.7219, time: 0:00:36
 Epoch: 159, lr: 1.0e-02, train_loss: 0.5795, train_acc: 0.7902 test_loss: 1.0751, test_acc: 0.7117, best: 0.7219, time: 0:00:36
 Epoch: 160, lr: 1.0e-02, train_loss: 0.5962, train_acc: 0.7872 test_loss: 1.0621, test_acc: 0.7137, best: 0.7219, time: 0:00:36
 Epoch: 161, lr: 1.0e-02, train_loss: 0.5973, train_acc: 0.7812 test_loss: 1.1295, test_acc: 0.7025, best: 0.7219, time: 0:00:36
 Epoch: 162, lr: 1.0e-02, train_loss: 0.5647, train_acc: 0.7996 test_loss: 1.0177, test_acc: 0.7309, best: 0.7309, time: 0:00:36
 Epoch: 163, lr: 1.0e-02, train_loss: 0.5995, train_acc: 0.7904 test_loss: 1.0425, test_acc: 0.7180, best: 0.7309, time: 0:00:36
 Epoch: 164, lr: 1.0e-02, train_loss: 0.5844, train_acc: 0.7890 test_loss: 1.1320, test_acc: 0.7105, best: 0.7309, time: 0:00:36
 Epoch: 165, lr: 1.0e-02, train_loss: 0.5699, train_acc: 0.7988 test_loss: 1.0505, test_acc: 0.7218, best: 0.7309, time: 0:00:36
 Epoch: 166, lr: 1.0e-02, train_loss: 0.5769, train_acc: 0.8022 test_loss: 1.0959, test_acc: 0.7086, best: 0.7309, time: 0:00:36
 Epoch: 167, lr: 1.0e-02, train_loss: 0.5681, train_acc: 0.7994 test_loss: 1.1621, test_acc: 0.7036, best: 0.7309, time: 0:00:36
 Epoch: 168, lr: 1.0e-02, train_loss: 0.5527, train_acc: 0.8066 test_loss: 1.0716, test_acc: 0.7181, best: 0.7309, time: 0:00:36
 Epoch: 169, lr: 1.0e-02, train_loss: 0.5671, train_acc: 0.8044 test_loss: 1.0875, test_acc: 0.7106, best: 0.7309, time: 0:00:36
 Epoch: 170, lr: 1.0e-02, train_loss: 0.5922, train_acc: 0.7900 test_loss: 1.0775, test_acc: 0.7050, best: 0.7309, time: 0:00:36
 Epoch: 171, lr: 1.0e-02, train_loss: 0.5579, train_acc: 0.8028 test_loss: 1.0658, test_acc: 0.7186, best: 0.7309, time: 0:00:36
 Epoch: 172, lr: 1.0e-02, train_loss: 0.5621, train_acc: 0.8026 test_loss: 1.1511, test_acc: 0.7050, best: 0.7309, time: 0:00:36
 Epoch: 173, lr: 1.0e-02, train_loss: 0.5647, train_acc: 0.8022 test_loss: 1.0805, test_acc: 0.7124, best: 0.7309, time: 0:00:36
 Epoch: 174, lr: 1.0e-02, train_loss: 0.5657, train_acc: 0.8028 test_loss: 1.0774, test_acc: 0.7204, best: 0.7309, time: 0:00:36
 Epoch: 175, lr: 1.0e-02, train_loss: 0.5523, train_acc: 0.8108 test_loss: 1.1238, test_acc: 0.7120, best: 0.7309, time: 0:00:36
 Epoch: 176, lr: 1.0e-02, train_loss: 0.5664, train_acc: 0.8022 test_loss: 1.1159, test_acc: 0.7053, best: 0.7309, time: 0:00:36
 Epoch: 177, lr: 1.0e-02, train_loss: 0.5559, train_acc: 0.8050 test_loss: 1.0980, test_acc: 0.7073, best: 0.7309, time: 0:00:36
 Epoch: 178, lr: 1.0e-02, train_loss: 0.5425, train_acc: 0.8070 test_loss: 1.0350, test_acc: 0.7166, best: 0.7309, time: 0:00:36
 Epoch: 179, lr: 1.0e-02, train_loss: 0.5470, train_acc: 0.8038 test_loss: 1.0104, test_acc: 0.7258, best: 0.7309, time: 0:00:36
 Epoch: 180, lr: 2.0e-03, train_loss: 0.4993, train_acc: 0.8238 test_loss: 0.9742, test_acc: 0.7356, best: 0.7356, time: 0:00:36
 Epoch: 181, lr: 2.0e-03, train_loss: 0.4657, train_acc: 0.8428 test_loss: 0.9732, test_acc: 0.7409, best: 0.7409, time: 0:00:36
 Epoch: 182, lr: 2.0e-03, train_loss: 0.4554, train_acc: 0.8424 test_loss: 0.9845, test_acc: 0.7384, best: 0.7409, time: 0:00:36
 Epoch: 183, lr: 2.0e-03, train_loss: 0.4572, train_acc: 0.8350 test_loss: 0.9764, test_acc: 0.7410, best: 0.7410, time: 0:00:36
 Epoch: 184, lr: 2.0e-03, train_loss: 0.4677, train_acc: 0.8356 test_loss: 0.9551, test_acc: 0.7434, best: 0.7434, time: 0:00:36
 Epoch: 185, lr: 2.0e-03, train_loss: 0.4180, train_acc: 0.8538 test_loss: 1.0115, test_acc: 0.7410, best: 0.7434, time: 0:00:36
 Epoch: 186, lr: 2.0e-03, train_loss: 0.4251, train_acc: 0.8526 test_loss: 1.0317, test_acc: 0.7361, best: 0.7434, time: 0:00:36
 Epoch: 187, lr: 2.0e-03, train_loss: 0.4493, train_acc: 0.8442 test_loss: 1.0109, test_acc: 0.7401, best: 0.7434, time: 0:00:36
 Epoch: 188, lr: 2.0e-03, train_loss: 0.4336, train_acc: 0.8450 test_loss: 1.0164, test_acc: 0.7371, best: 0.7434, time: 0:00:36
 Epoch: 189, lr: 2.0e-03, train_loss: 0.4226, train_acc: 0.8546 test_loss: 1.0359, test_acc: 0.7422, best: 0.7434, time: 0:00:36
 Epoch: 190, lr: 2.0e-03, train_loss: 0.4319, train_acc: 0.8528 test_loss: 1.0402, test_acc: 0.7398, best: 0.7434, time: 0:00:36
 Epoch: 191, lr: 2.0e-03, train_loss: 0.4138, train_acc: 0.8538 test_loss: 1.0306, test_acc: 0.7390, best: 0.7434, time: 0:00:36
 Epoch: 192, lr: 2.0e-03, train_loss: 0.4199, train_acc: 0.8558 test_loss: 1.0413, test_acc: 0.7390, best: 0.7434, time: 0:00:36
 Epoch: 193, lr: 2.0e-03, train_loss: 0.4132, train_acc: 0.8512 test_loss: 1.0393, test_acc: 0.7371, best: 0.7434, time: 0:00:36
 Epoch: 194, lr: 2.0e-03, train_loss: 0.4367, train_acc: 0.8488 test_loss: 1.0548, test_acc: 0.7355, best: 0.7434, time: 0:00:36
 Epoch: 195, lr: 2.0e-03, train_loss: 0.4163, train_acc: 0.8518 test_loss: 1.0165, test_acc: 0.7409, best: 0.7434, time: 0:00:36
 Epoch: 196, lr: 2.0e-03, train_loss: 0.4259, train_acc: 0.8516 test_loss: 0.9916, test_acc: 0.7445, best: 0.7445, time: 0:00:36
 Epoch: 197, lr: 2.0e-03, train_loss: 0.3991, train_acc: 0.8586 test_loss: 1.0535, test_acc: 0.7378, best: 0.7445, time: 0:00:36
 Epoch: 198, lr: 2.0e-03, train_loss: 0.4269, train_acc: 0.8508 test_loss: 1.0495, test_acc: 0.7425, best: 0.7445, time: 0:00:36
 Epoch: 199, lr: 2.0e-03, train_loss: 0.3912, train_acc: 0.8638 test_loss: 1.0629, test_acc: 0.7388, best: 0.7445, time: 0:00:36
 Epoch: 200, lr: 2.0e-03, train_loss: 0.4145, train_acc: 0.8584 test_loss: 1.0809, test_acc: 0.7378, best: 0.7445, time: 0:00:36
 Epoch: 201, lr: 2.0e-03, train_loss: 0.4066, train_acc: 0.8562 test_loss: 1.0335, test_acc: 0.7445, best: 0.7445, time: 0:00:36
 Epoch: 202, lr: 2.0e-03, train_loss: 0.4096, train_acc: 0.8608 test_loss: 1.0292, test_acc: 0.7364, best: 0.7445, time: 0:00:36
 Epoch: 203, lr: 2.0e-03, train_loss: 0.3996, train_acc: 0.8598 test_loss: 1.0265, test_acc: 0.7410, best: 0.7445, time: 0:00:36
 Epoch: 204, lr: 2.0e-03, train_loss: 0.4101, train_acc: 0.8604 test_loss: 1.0147, test_acc: 0.7458, best: 0.7458, time: 0:00:36
 Epoch: 205, lr: 2.0e-03, train_loss: 0.4093, train_acc: 0.8572 test_loss: 1.0148, test_acc: 0.7400, best: 0.7458, time: 0:00:36
 Epoch: 206, lr: 2.0e-03, train_loss: 0.4067, train_acc: 0.8598 test_loss: 1.0243, test_acc: 0.7389, best: 0.7458, time: 0:00:36
 Epoch: 207, lr: 2.0e-03, train_loss: 0.4026, train_acc: 0.8580 test_loss: 1.0114, test_acc: 0.7456, best: 0.7458, time: 0:00:36
 Epoch: 208, lr: 2.0e-03, train_loss: 0.3897, train_acc: 0.8640 test_loss: 1.0574, test_acc: 0.7399, best: 0.7458, time: 0:00:36
 Epoch: 209, lr: 2.0e-03, train_loss: 0.3916, train_acc: 0.8644 test_loss: 1.0688, test_acc: 0.7421, best: 0.7458, time: 0:00:36
 Epoch: 210, lr: 2.0e-03, train_loss: 0.3996, train_acc: 0.8640 test_loss: 1.0492, test_acc: 0.7392, best: 0.7458, time: 0:00:36
 Epoch: 211, lr: 2.0e-03, train_loss: 0.3926, train_acc: 0.8716 test_loss: 1.0977, test_acc: 0.7408, best: 0.7458, time: 0:00:36
 Epoch: 212, lr: 2.0e-03, train_loss: 0.4087, train_acc: 0.8574 test_loss: 1.0083, test_acc: 0.7472, best: 0.7472, time: 0:00:36
 Epoch: 213, lr: 2.0e-03, train_loss: 0.3751, train_acc: 0.8700 test_loss: 1.0446, test_acc: 0.7369, best: 0.7472, time: 0:00:36
 Epoch: 214, lr: 2.0e-03, train_loss: 0.3830, train_acc: 0.8682 test_loss: 1.0913, test_acc: 0.7391, best: 0.7472, time: 0:00:36
 Epoch: 215, lr: 2.0e-03, train_loss: 0.4040, train_acc: 0.8600 test_loss: 1.0680, test_acc: 0.7340, best: 0.7472, time: 0:00:36
 Epoch: 216, lr: 2.0e-03, train_loss: 0.3947, train_acc: 0.8584 test_loss: 1.0447, test_acc: 0.7460, best: 0.7472, time: 0:00:36
 Epoch: 217, lr: 2.0e-03, train_loss: 0.3850, train_acc: 0.8664 test_loss: 1.0609, test_acc: 0.7410, best: 0.7472, time: 0:00:36
 Epoch: 218, lr: 2.0e-03, train_loss: 0.3896, train_acc: 0.8696 test_loss: 1.0407, test_acc: 0.7416, best: 0.7472, time: 0:00:36
 Epoch: 219, lr: 2.0e-03, train_loss: 0.3728, train_acc: 0.8696 test_loss: 1.0283, test_acc: 0.7420, best: 0.7472, time: 0:00:36
 Epoch: 220, lr: 2.0e-03, train_loss: 0.3791, train_acc: 0.8642 test_loss: 1.0700, test_acc: 0.7434, best: 0.7472, time: 0:00:36
 Epoch: 221, lr: 2.0e-03, train_loss: 0.4046, train_acc: 0.8588 test_loss: 1.0348, test_acc: 0.7470, best: 0.7472, time: 0:00:36
 Epoch: 222, lr: 2.0e-03, train_loss: 0.3874, train_acc: 0.8688 test_loss: 1.0604, test_acc: 0.7431, best: 0.7472, time: 0:00:36
 Epoch: 223, lr: 2.0e-03, train_loss: 0.3947, train_acc: 0.8620 test_loss: 1.0618, test_acc: 0.7466, best: 0.7472, time: 0:00:36
 Epoch: 224, lr: 2.0e-03, train_loss: 0.3886, train_acc: 0.8644 test_loss: 1.0731, test_acc: 0.7439, best: 0.7472, time: 0:00:36
 Epoch: 225, lr: 2.0e-03, train_loss: 0.3908, train_acc: 0.8656 test_loss: 1.0613, test_acc: 0.7432, best: 0.7472, time: 0:00:36
 Epoch: 226, lr: 2.0e-03, train_loss: 0.3844, train_acc: 0.8658 test_loss: 1.0419, test_acc: 0.7499, best: 0.7499, time: 0:00:36
 Epoch: 227, lr: 2.0e-03, train_loss: 0.3699, train_acc: 0.8748 test_loss: 1.0556, test_acc: 0.7441, best: 0.7499, time: 0:00:36
 Epoch: 228, lr: 2.0e-03, train_loss: 0.3858, train_acc: 0.8672 test_loss: 1.0609, test_acc: 0.7370, best: 0.7499, time: 0:00:36
 Epoch: 229, lr: 2.0e-03, train_loss: 0.3765, train_acc: 0.8720 test_loss: 1.0541, test_acc: 0.7449, best: 0.7499, time: 0:00:36
 Epoch: 230, lr: 2.0e-03, train_loss: 0.3748, train_acc: 0.8710 test_loss: 1.0787, test_acc: 0.7389, best: 0.7499, time: 0:00:36
 Epoch: 231, lr: 2.0e-03, train_loss: 0.3918, train_acc: 0.8608 test_loss: 1.0729, test_acc: 0.7392, best: 0.7499, time: 0:00:36
 Epoch: 232, lr: 2.0e-03, train_loss: 0.3808, train_acc: 0.8678 test_loss: 1.0327, test_acc: 0.7434, best: 0.7499, time: 0:00:36
 Epoch: 233, lr: 2.0e-03, train_loss: 0.3681, train_acc: 0.8708 test_loss: 1.1005, test_acc: 0.7410, best: 0.7499, time: 0:00:36
 Epoch: 234, lr: 2.0e-03, train_loss: 0.3864, train_acc: 0.8692 test_loss: 1.0744, test_acc: 0.7458, best: 0.7499, time: 0:00:36
 Epoch: 235, lr: 2.0e-03, train_loss: 0.3751, train_acc: 0.8694 test_loss: 1.0738, test_acc: 0.7438, best: 0.7499, time: 0:00:36
 Epoch: 236, lr: 2.0e-03, train_loss: 0.3766, train_acc: 0.8670 test_loss: 1.0523, test_acc: 0.7439, best: 0.7499, time: 0:00:36
 Epoch: 237, lr: 2.0e-03, train_loss: 0.3821, train_acc: 0.8696 test_loss: 1.0839, test_acc: 0.7428, best: 0.7499, time: 0:00:36
 Epoch: 238, lr: 2.0e-03, train_loss: 0.3631, train_acc: 0.8742 test_loss: 1.0745, test_acc: 0.7476, best: 0.7499, time: 0:00:36
 Epoch: 239, lr: 2.0e-03, train_loss: 0.3735, train_acc: 0.8730 test_loss: 1.0535, test_acc: 0.7520, best: 0.7520, time: 0:00:36
 Epoch: 240, lr: 4.0e-04, train_loss: 0.3426, train_acc: 0.8848 test_loss: 1.0663, test_acc: 0.7520, best: 0.7520, time: 0:00:36
 Epoch: 241, lr: 4.0e-04, train_loss: 0.3518, train_acc: 0.8784 test_loss: 1.0143, test_acc: 0.7558, best: 0.7558, time: 0:00:36
 Epoch: 242, lr: 4.0e-04, train_loss: 0.3471, train_acc: 0.8874 test_loss: 1.0323, test_acc: 0.7526, best: 0.7558, time: 0:00:36
 Epoch: 243, lr: 4.0e-04, train_loss: 0.3370, train_acc: 0.8812 test_loss: 1.0587, test_acc: 0.7535, best: 0.7558, time: 0:00:36
 Epoch: 244, lr: 4.0e-04, train_loss: 0.3460, train_acc: 0.8762 test_loss: 1.0349, test_acc: 0.7535, best: 0.7558, time: 0:00:36
 Epoch: 245, lr: 4.0e-04, train_loss: 0.3467, train_acc: 0.8776 test_loss: 1.0057, test_acc: 0.7558, best: 0.7558, time: 0:00:36
 Epoch: 246, lr: 4.0e-04, train_loss: 0.3645, train_acc: 0.8712 test_loss: 1.0557, test_acc: 0.7509, best: 0.7558, time: 0:00:36
 Epoch: 247, lr: 4.0e-04, train_loss: 0.3568, train_acc: 0.8770 test_loss: 1.0478, test_acc: 0.7511, best: 0.7558, time: 0:00:36
 Epoch: 248, lr: 4.0e-04, train_loss: 0.3580, train_acc: 0.8842 test_loss: 1.0404, test_acc: 0.7489, best: 0.7558, time: 0:00:36
 Epoch: 249, lr: 4.0e-04, train_loss: 0.3652, train_acc: 0.8686 test_loss: 1.0315, test_acc: 0.7521, best: 0.7558, time: 0:00:36
 Epoch: 250, lr: 4.0e-04, train_loss: 0.3531, train_acc: 0.8754 test_loss: 1.0447, test_acc: 0.7516, best: 0.7558, time: 0:00:36
 Epoch: 251, lr: 4.0e-04, train_loss: 0.3450, train_acc: 0.8792 test_loss: 1.1167, test_acc: 0.7460, best: 0.7558, time: 0:00:36
 Epoch: 252, lr: 4.0e-04, train_loss: 0.3534, train_acc: 0.8758 test_loss: 1.0493, test_acc: 0.7492, best: 0.7558, time: 0:00:36
 Epoch: 253, lr: 4.0e-04, train_loss: 0.3373, train_acc: 0.8790 test_loss: 1.0640, test_acc: 0.7506, best: 0.7558, time: 0:00:36
 Epoch: 254, lr: 4.0e-04, train_loss: 0.3416, train_acc: 0.8800 test_loss: 1.0415, test_acc: 0.7498, best: 0.7558, time: 0:00:36
 Epoch: 255, lr: 4.0e-04, train_loss: 0.3427, train_acc: 0.8802 test_loss: 1.0966, test_acc: 0.7461, best: 0.7558, time: 0:00:36
 Epoch: 256, lr: 4.0e-04, train_loss: 0.3317, train_acc: 0.8876 test_loss: 1.0583, test_acc: 0.7494, best: 0.7558, time: 0:00:36
 Epoch: 257, lr: 4.0e-04, train_loss: 0.3628, train_acc: 0.8766 test_loss: 1.0654, test_acc: 0.7511, best: 0.7558, time: 0:00:36
 Epoch: 258, lr: 4.0e-04, train_loss: 0.3408, train_acc: 0.8788 test_loss: 1.0906, test_acc: 0.7462, best: 0.7558, time: 0:00:36
 Epoch: 259, lr: 4.0e-04, train_loss: 0.3584, train_acc: 0.8752 test_loss: 1.0683, test_acc: 0.7448, best: 0.7558, time: 0:00:36
 Epoch: 260, lr: 4.0e-04, train_loss: 0.3477, train_acc: 0.8814 test_loss: 1.0701, test_acc: 0.7494, best: 0.7558, time: 0:00:36
 Epoch: 261, lr: 4.0e-04, train_loss: 0.3556, train_acc: 0.8802 test_loss: 1.0737, test_acc: 0.7529, best: 0.7558, time: 0:00:36
 Epoch: 262, lr: 4.0e-04, train_loss: 0.3510, train_acc: 0.8752 test_loss: 1.0733, test_acc: 0.7506, best: 0.7558, time: 0:00:36
 Epoch: 263, lr: 4.0e-04, train_loss: 0.3487, train_acc: 0.8790 test_loss: 1.0754, test_acc: 0.7488, best: 0.7558, time: 0:00:36
 Epoch: 264, lr: 4.0e-04, train_loss: 0.3373, train_acc: 0.8852 test_loss: 1.0932, test_acc: 0.7452, best: 0.7558, time: 0:00:36
 Epoch: 265, lr: 4.0e-04, train_loss: 0.3555, train_acc: 0.8726 test_loss: 1.0688, test_acc: 0.7465, best: 0.7558, time: 0:00:36
 Epoch: 266, lr: 4.0e-04, train_loss: 0.3364, train_acc: 0.8846 test_loss: 1.0773, test_acc: 0.7500, best: 0.7558, time: 0:00:36
 Epoch: 267, lr: 4.0e-04, train_loss: 0.3413, train_acc: 0.8796 test_loss: 1.0729, test_acc: 0.7502, best: 0.7558, time: 0:00:36
 Epoch: 268, lr: 4.0e-04, train_loss: 0.3216, train_acc: 0.8880 test_loss: 1.0528, test_acc: 0.7506, best: 0.7558, time: 0:00:36
 Epoch: 269, lr: 4.0e-04, train_loss: 0.3420, train_acc: 0.8776 test_loss: 1.0542, test_acc: 0.7501, best: 0.7558, time: 0:00:36
 Epoch: 270, lr: 8.0e-05, train_loss: 0.3417, train_acc: 0.8774 test_loss: 1.0573, test_acc: 0.7522, best: 0.7558, time: 0:00:36
 Epoch: 271, lr: 8.0e-05, train_loss: 0.3279, train_acc: 0.8894 test_loss: 1.0347, test_acc: 0.7528, best: 0.7558, time: 0:00:36
 Epoch: 272, lr: 8.0e-05, train_loss: 0.3375, train_acc: 0.8788 test_loss: 1.0608, test_acc: 0.7502, best: 0.7558, time: 0:00:36
 Epoch: 273, lr: 8.0e-05, train_loss: 0.3531, train_acc: 0.8782 test_loss: 1.0574, test_acc: 0.7502, best: 0.7558, time: 0:00:36
 Epoch: 274, lr: 8.0e-05, train_loss: 0.3430, train_acc: 0.8788 test_loss: 1.0754, test_acc: 0.7530, best: 0.7558, time: 0:00:36
 Epoch: 275, lr: 8.0e-05, train_loss: 0.3578, train_acc: 0.8782 test_loss: 1.0748, test_acc: 0.7526, best: 0.7558, time: 0:00:36
 Epoch: 276, lr: 8.0e-05, train_loss: 0.3430, train_acc: 0.8792 test_loss: 1.0273, test_acc: 0.7545, best: 0.7558, time: 0:00:36
 Epoch: 277, lr: 8.0e-05, train_loss: 0.3429, train_acc: 0.8878 test_loss: 1.0418, test_acc: 0.7522, best: 0.7558, time: 0:00:36
 Epoch: 278, lr: 8.0e-05, train_loss: 0.3474, train_acc: 0.8840 test_loss: 1.0771, test_acc: 0.7516, best: 0.7558, time: 0:00:36
 Epoch: 279, lr: 8.0e-05, train_loss: 0.3338, train_acc: 0.8826 test_loss: 1.0413, test_acc: 0.7501, best: 0.7558, time: 0:00:36
 Epoch: 280, lr: 8.0e-05, train_loss: 0.3670, train_acc: 0.8732 test_loss: 1.0695, test_acc: 0.7482, best: 0.7558, time: 0:00:36
 Epoch: 281, lr: 8.0e-05, train_loss: 0.3446, train_acc: 0.8794 test_loss: 1.0634, test_acc: 0.7488, best: 0.7558, time: 0:00:36
 Epoch: 282, lr: 8.0e-05, train_loss: 0.3504, train_acc: 0.8804 test_loss: 1.0549, test_acc: 0.7515, best: 0.7558, time: 0:00:36
 Epoch: 283, lr: 8.0e-05, train_loss: 0.3303, train_acc: 0.8910 test_loss: 1.0449, test_acc: 0.7538, best: 0.7558, time: 0:00:36
 Epoch: 284, lr: 8.0e-05, train_loss: 0.3390, train_acc: 0.8842 test_loss: 1.0691, test_acc: 0.7479, best: 0.7558, time: 0:00:36
 Epoch: 285, lr: 8.0e-05, train_loss: 0.3309, train_acc: 0.8834 test_loss: 1.0607, test_acc: 0.7510, best: 0.7558, time: 0:00:36
 Epoch: 286, lr: 8.0e-05, train_loss: 0.3329, train_acc: 0.8882 test_loss: 1.0495, test_acc: 0.7505, best: 0.7558, time: 0:00:36
 Epoch: 287, lr: 8.0e-05, train_loss: 0.3427, train_acc: 0.8856 test_loss: 1.0862, test_acc: 0.7499, best: 0.7558, time: 0:00:36
 Epoch: 288, lr: 8.0e-05, train_loss: 0.3485, train_acc: 0.8764 test_loss: 1.0552, test_acc: 0.7510, best: 0.7558, time: 0:00:36
 Epoch: 289, lr: 8.0e-05, train_loss: 0.3280, train_acc: 0.8854 test_loss: 1.0465, test_acc: 0.7525, best: 0.7558, time: 0:00:36
 Epoch: 290, lr: 8.0e-05, train_loss: 0.3314, train_acc: 0.8882 test_loss: 1.0571, test_acc: 0.7489, best: 0.7558, time: 0:00:36
 Epoch: 291, lr: 8.0e-05, train_loss: 0.3363, train_acc: 0.8884 test_loss: 1.0539, test_acc: 0.7508, best: 0.7558, time: 0:00:36
 Epoch: 292, lr: 8.0e-05, train_loss: 0.3423, train_acc: 0.8808 test_loss: 1.0475, test_acc: 0.7465, best: 0.7558, time: 0:00:36
 Epoch: 293, lr: 8.0e-05, train_loss: 0.3302, train_acc: 0.8886 test_loss: 1.0584, test_acc: 0.7498, best: 0.7558, time: 0:00:36
 Epoch: 294, lr: 8.0e-05, train_loss: 0.3044, train_acc: 0.8916 test_loss: 1.0329, test_acc: 0.7524, best: 0.7558, time: 0:00:36
 Epoch: 295, lr: 8.0e-05, train_loss: 0.3539, train_acc: 0.8756 test_loss: 1.0594, test_acc: 0.7506, best: 0.7558, time: 0:00:36
 Epoch: 296, lr: 8.0e-05, train_loss: 0.3332, train_acc: 0.8882 test_loss: 1.0711, test_acc: 0.7484, best: 0.7558, time: 0:00:36
 Epoch: 297, lr: 8.0e-05, train_loss: 0.3544, train_acc: 0.8782 test_loss: 1.0641, test_acc: 0.7538, best: 0.7558, time: 0:00:36
 Epoch: 298, lr: 8.0e-05, train_loss: 0.3340, train_acc: 0.8812 test_loss: 1.0930, test_acc: 0.7502, best: 0.7558, time: 0:00:36
 Epoch: 299, lr: 8.0e-05, train_loss: 0.3518, train_acc: 0.8830 test_loss: 1.0667, test_acc: 0.7504, best: 0.7558, time: 0:00:36
 Highest accuracy: 0.7558