
 Run on time: 2022-06-30 11:44:14.853054

 Arguments:
	 gpu                  : True
	 log                  : True
	 seed                 : 0
	 momentum             : 0.9
	 amsgrad              : True
	 dataset              : STL10
	 batch_size           : 8
	 architecture         : PREPOOL_RESNET18_LIP_8
	 im_size              : None
	 relu_threshold       : 4.0
	 learning_rate        : 0.01
	 pretrained_backbone  : 
	 pretrained_ann       : 
	 weight_decay         : 0.0
	 test_only            : False
	 epochs               : 300
	 lr_interval          : [180, 240, 270]
	 lr_reduce            : 5
	 optimizer            : SGD
	 dropout              : 0.2
	 kernel_size          : 3
	 dont_save            : False
	 visualize            : False
	 devices              : 0
 DataParallel(
  (module): NetworkByName(
    (net): ResNet(
      (conv1): Conv2d(3, 64, kernel_size=(7, 7), stride=(1, 1), padding=(3, 3), bias=False)
      (bn1): BatchNorm2d(64, eps=1e-05, momentum=0.1, affine=True, track_running_stats=True)
      (relu): ReLU(inplace=True)
      (pool): Pool2d(
        (logit): Sequential(
          (pool_weight): LIP_BASE(
            (logit): Sequential(
              (0): Conv2d(64, 64, kernel_size=(1, 1), stride=(1, 1))
              (1): BatchNorm2d(64, eps=1e-05, momentum=0.1, affine=True, track_running_stats=True)
              (2): Sigmoid()
            )
          )
        )
        (pool): AvgPool2d(kernel_size=8, stride=8, padding=0)
      )
      (layer1): Sequential(
        (0): BasicBlock(
          (conv1): Conv2d(64, 64, kernel_size=(3, 3), stride=(1, 1), padding=(1, 1), bias=False)
          (bn1): BatchNorm2d(64, eps=1e-05, momentum=0.1, affine=True, track_running_stats=True)
          (relu): ReLU(inplace=True)
          (conv2): Conv2d(64, 64, kernel_size=(3, 3), stride=(1, 1), padding=(1, 1), bias=False)
          (bn2): BatchNorm2d(64, eps=1e-05, momentum=0.1, affine=True, track_running_stats=True)
        )
        (1): BasicBlock(
          (conv1): Conv2d(64, 64, kernel_size=(3, 3), stride=(1, 1), padding=(1, 1), bias=False)
          (bn1): BatchNorm2d(64, eps=1e-05, momentum=0.1, affine=True, track_running_stats=True)
          (relu): ReLU(inplace=True)
          (conv2): Conv2d(64, 64, kernel_size=(3, 3), stride=(1, 1), padding=(1, 1), bias=False)
          (bn2): BatchNorm2d(64, eps=1e-05, momentum=0.1, affine=True, track_running_stats=True)
        )
      )
      (layer2): Sequential(
        (0): BasicBlock(
          (conv1): Conv2d(64, 128, kernel_size=(3, 3), stride=(2, 2), padding=(1, 1), bias=False)
          (bn1): BatchNorm2d(128, eps=1e-05, momentum=0.1, affine=True, track_running_stats=True)
          (relu): ReLU(inplace=True)
          (conv2): Conv2d(128, 128, kernel_size=(3, 3), stride=(1, 1), padding=(1, 1), bias=False)
          (bn2): BatchNorm2d(128, eps=1e-05, momentum=0.1, affine=True, track_running_stats=True)
          (downsample): Sequential(
            (0): Conv2d(64, 128, kernel_size=(1, 1), stride=(2, 2), bias=False)
            (1): BatchNorm2d(128, eps=1e-05, momentum=0.1, affine=True, track_running_stats=True)
          )
        )
        (1): BasicBlock(
          (conv1): Conv2d(128, 128, kernel_size=(3, 3), stride=(1, 1), padding=(1, 1), bias=False)
          (bn1): BatchNorm2d(128, eps=1e-05, momentum=0.1, affine=True, track_running_stats=True)
          (relu): ReLU(inplace=True)
          (conv2): Conv2d(128, 128, kernel_size=(3, 3), stride=(1, 1), padding=(1, 1), bias=False)
          (bn2): BatchNorm2d(128, eps=1e-05, momentum=0.1, affine=True, track_running_stats=True)
        )
      )
      (layer3): Sequential(
        (0): BasicBlock(
          (conv1): Conv2d(128, 256, kernel_size=(3, 3), stride=(2, 2), padding=(1, 1), bias=False)
          (bn1): BatchNorm2d(256, eps=1e-05, momentum=0.1, affine=True, track_running_stats=True)
          (relu): ReLU(inplace=True)
          (conv2): Conv2d(256, 256, kernel_size=(3, 3), stride=(1, 1), padding=(1, 1), bias=False)
          (bn2): BatchNorm2d(256, eps=1e-05, momentum=0.1, affine=True, track_running_stats=True)
          (downsample): Sequential(
            (0): Conv2d(128, 256, kernel_size=(1, 1), stride=(2, 2), bias=False)
            (1): BatchNorm2d(256, eps=1e-05, momentum=0.1, affine=True, track_running_stats=True)
          )
        )
        (1): BasicBlock(
          (conv1): Conv2d(256, 256, kernel_size=(3, 3), stride=(1, 1), padding=(1, 1), bias=False)
          (bn1): BatchNorm2d(256, eps=1e-05, momentum=0.1, affine=True, track_running_stats=True)
          (relu): ReLU(inplace=True)
          (conv2): Conv2d(256, 256, kernel_size=(3, 3), stride=(1, 1), padding=(1, 1), bias=False)
          (bn2): BatchNorm2d(256, eps=1e-05, momentum=0.1, affine=True, track_running_stats=True)
        )
      )
      (layer4): Sequential(
        (0): BasicBlock(
          (conv1): Conv2d(256, 512, kernel_size=(3, 3), stride=(2, 2), padding=(1, 1), bias=False)
          (bn1): BatchNorm2d(512, eps=1e-05, momentum=0.1, affine=True, track_running_stats=True)
          (relu): ReLU(inplace=True)
          (conv2): Conv2d(512, 512, kernel_size=(3, 3), stride=(1, 1), padding=(1, 1), bias=False)
          (bn2): BatchNorm2d(512, eps=1e-05, momentum=0.1, affine=True, track_running_stats=True)
          (downsample): Sequential(
            (0): Conv2d(256, 512, kernel_size=(1, 1), stride=(2, 2), bias=False)
            (1): BatchNorm2d(512, eps=1e-05, momentum=0.1, affine=True, track_running_stats=True)
          )
        )
        (1): BasicBlock(
          (conv1): Conv2d(512, 512, kernel_size=(3, 3), stride=(1, 1), padding=(1, 1), bias=False)
          (bn1): BatchNorm2d(512, eps=1e-05, momentum=0.1, affine=True, track_running_stats=True)
          (relu): ReLU(inplace=True)
          (conv2): Conv2d(512, 512, kernel_size=(3, 3), stride=(1, 1), padding=(1, 1), bias=False)
          (bn2): BatchNorm2d(512, eps=1e-05, momentum=0.1, affine=True, track_running_stats=True)
        )
      )
      (avgpool): AdaptiveAvgPool2d(output_size=(1, 1))
      (fc): Linear(in_features=512, out_features=10, bias=True)
    )
  )
)
 SGD (
Parameter Group 0
    dampening: 0
    lr: 0.01
    momentum: 0.9
    nesterov: False
    weight_decay: 0.0
)
 Epoch: 1, lr: 1.0e-02, train_loss: 2.3543, train_acc: 0.1938 test_loss: 1.8995, test_acc: 0.2569, best: 0.2569, time: 0:00:42
 Epoch: 2, lr: 1.0e-02, train_loss: 2.0285, train_acc: 0.2348 test_loss: 1.7502, test_acc: 0.3364, best: 0.3364, time: 0:00:41
 Epoch: 3, lr: 1.0e-02, train_loss: 1.9270, train_acc: 0.2742 test_loss: 1.7857, test_acc: 0.3249, best: 0.3364, time: 0:00:41
 Epoch: 4, lr: 1.0e-02, train_loss: 1.8898, train_acc: 0.2860 test_loss: 1.6180, test_acc: 0.3730, best: 0.3730, time: 0:00:41
 Epoch: 5, lr: 1.0e-02, train_loss: 1.8460, train_acc: 0.3020 test_loss: 1.6343, test_acc: 0.3794, best: 0.3794, time: 0:00:41
 Epoch: 6, lr: 1.0e-02, train_loss: 1.8124, train_acc: 0.3196 test_loss: 1.6032, test_acc: 0.3961, best: 0.3961, time: 0:00:41
 Epoch: 7, lr: 1.0e-02, train_loss: 1.7781, train_acc: 0.3206 test_loss: 1.5506, test_acc: 0.4100, best: 0.4100, time: 0:00:41
 Epoch: 8, lr: 1.0e-02, train_loss: 1.7652, train_acc: 0.3398 test_loss: 1.5370, test_acc: 0.4188, best: 0.4188, time: 0:00:42
 Epoch: 9, lr: 1.0e-02, train_loss: 1.7123, train_acc: 0.3614 test_loss: 1.5393, test_acc: 0.4175, best: 0.4188, time: 0:00:41
 Epoch: 10, lr: 1.0e-02, train_loss: 1.6970, train_acc: 0.3702 test_loss: 1.4383, test_acc: 0.4590, best: 0.4590, time: 0:00:42
 Epoch: 11, lr: 1.0e-02, train_loss: 1.6654, train_acc: 0.3770 test_loss: 1.5238, test_acc: 0.4266, best: 0.4590, time: 0:00:41
 Epoch: 12, lr: 1.0e-02, train_loss: 1.6405, train_acc: 0.3898 test_loss: 1.3868, test_acc: 0.4786, best: 0.4786, time: 0:00:41
 Epoch: 13, lr: 1.0e-02, train_loss: 1.6062, train_acc: 0.4000 test_loss: 1.4608, test_acc: 0.4630, best: 0.4786, time: 0:00:41
 Epoch: 14, lr: 1.0e-02, train_loss: 1.6076, train_acc: 0.4126 test_loss: 1.4421, test_acc: 0.4693, best: 0.4786, time: 0:00:41
 Epoch: 15, lr: 1.0e-02, train_loss: 1.5768, train_acc: 0.4154 test_loss: 1.4195, test_acc: 0.4657, best: 0.4786, time: 0:00:41
 Epoch: 16, lr: 1.0e-02, train_loss: 1.5399, train_acc: 0.4314 test_loss: 1.3316, test_acc: 0.5032, best: 0.5032, time: 0:00:41
 Epoch: 17, lr: 1.0e-02, train_loss: 1.5071, train_acc: 0.4424 test_loss: 1.2837, test_acc: 0.5251, best: 0.5251, time: 0:00:41
 Epoch: 18, lr: 1.0e-02, train_loss: 1.5142, train_acc: 0.4428 test_loss: 1.3183, test_acc: 0.5089, best: 0.5251, time: 0:00:41
 Epoch: 19, lr: 1.0e-02, train_loss: 1.4750, train_acc: 0.4564 test_loss: 1.2486, test_acc: 0.5381, best: 0.5381, time: 0:00:42
 Epoch: 20, lr: 1.0e-02, train_loss: 1.4630, train_acc: 0.4678 test_loss: 1.3600, test_acc: 0.5024, best: 0.5381, time: 0:00:41
 Epoch: 21, lr: 1.0e-02, train_loss: 1.4276, train_acc: 0.4756 test_loss: 1.2267, test_acc: 0.5425, best: 0.5425, time: 0:00:41
 Epoch: 22, lr: 1.0e-02, train_loss: 1.4342, train_acc: 0.4690 test_loss: 1.2185, test_acc: 0.5511, best: 0.5511, time: 0:00:41
 Epoch: 23, lr: 1.0e-02, train_loss: 1.4122, train_acc: 0.4866 test_loss: 1.2553, test_acc: 0.5347, best: 0.5511, time: 0:00:41
 Epoch: 24, lr: 1.0e-02, train_loss: 1.4084, train_acc: 0.4878 test_loss: 1.2275, test_acc: 0.5510, best: 0.5511, time: 0:00:41
 Epoch: 25, lr: 1.0e-02, train_loss: 1.3660, train_acc: 0.5060 test_loss: 1.2328, test_acc: 0.5419, best: 0.5511, time: 0:00:41
 Epoch: 26, lr: 1.0e-02, train_loss: 1.3368, train_acc: 0.5102 test_loss: 1.2152, test_acc: 0.5594, best: 0.5594, time: 0:00:41
 Epoch: 27, lr: 1.0e-02, train_loss: 1.3326, train_acc: 0.5162 test_loss: 1.1332, test_acc: 0.5880, best: 0.5880, time: 0:00:41
 Epoch: 28, lr: 1.0e-02, train_loss: 1.3194, train_acc: 0.5140 test_loss: 1.1951, test_acc: 0.5737, best: 0.5880, time: 0:00:41
 Epoch: 29, lr: 1.0e-02, train_loss: 1.3085, train_acc: 0.5164 test_loss: 1.1228, test_acc: 0.5915, best: 0.5915, time: 0:00:41
 Epoch: 30, lr: 1.0e-02, train_loss: 1.2988, train_acc: 0.5250 test_loss: 1.2496, test_acc: 0.5531, best: 0.5915, time: 0:00:41
 Epoch: 31, lr: 1.0e-02, train_loss: 1.2720, train_acc: 0.5240 test_loss: 1.2359, test_acc: 0.5661, best: 0.5915, time: 0:00:41
 Epoch: 32, lr: 1.0e-02, train_loss: 1.2872, train_acc: 0.5316 test_loss: 1.1265, test_acc: 0.5923, best: 0.5923, time: 0:00:41
 Epoch: 33, lr: 1.0e-02, train_loss: 1.2637, train_acc: 0.5324 test_loss: 1.1390, test_acc: 0.5917, best: 0.5923, time: 0:00:41
 Epoch: 34, lr: 1.0e-02, train_loss: 1.2646, train_acc: 0.5420 test_loss: 1.2404, test_acc: 0.5599, best: 0.5923, time: 0:00:41
 Epoch: 35, lr: 1.0e-02, train_loss: 1.2539, train_acc: 0.5528 test_loss: 1.2005, test_acc: 0.5764, best: 0.5923, time: 0:00:41
 Epoch: 36, lr: 1.0e-02, train_loss: 1.2199, train_acc: 0.5480 test_loss: 1.1065, test_acc: 0.5976, best: 0.5976, time: 0:00:41
 Epoch: 37, lr: 1.0e-02, train_loss: 1.2345, train_acc: 0.5522 test_loss: 1.1928, test_acc: 0.5784, best: 0.5976, time: 0:00:41
 Epoch: 38, lr: 1.0e-02, train_loss: 1.2163, train_acc: 0.5626 test_loss: 1.2286, test_acc: 0.5687, best: 0.5976, time: 0:00:41
 Epoch: 39, lr: 1.0e-02, train_loss: 1.2104, train_acc: 0.5602 test_loss: 1.0796, test_acc: 0.6231, best: 0.6231, time: 0:00:41
 Epoch: 40, lr: 1.0e-02, train_loss: 1.1953, train_acc: 0.5632 test_loss: 1.0624, test_acc: 0.6245, best: 0.6245, time: 0:00:41
 Epoch: 41, lr: 1.0e-02, train_loss: 1.2005, train_acc: 0.5640 test_loss: 1.1104, test_acc: 0.6018, best: 0.6245, time: 0:00:41
 Epoch: 42, lr: 1.0e-02, train_loss: 1.1709, train_acc: 0.5706 test_loss: 1.0910, test_acc: 0.6109, best: 0.6245, time: 0:00:41
 Epoch: 43, lr: 1.0e-02, train_loss: 1.1743, train_acc: 0.5790 test_loss: 1.1837, test_acc: 0.5866, best: 0.6245, time: 0:00:41
 Epoch: 44, lr: 1.0e-02, train_loss: 1.1435, train_acc: 0.5812 test_loss: 1.0521, test_acc: 0.6200, best: 0.6245, time: 0:00:41
 Epoch: 45, lr: 1.0e-02, train_loss: 1.1499, train_acc: 0.5868 test_loss: 1.0631, test_acc: 0.6174, best: 0.6245, time: 0:00:41
 Epoch: 46, lr: 1.0e-02, train_loss: 1.1533, train_acc: 0.5834 test_loss: 1.1191, test_acc: 0.6055, best: 0.6245, time: 0:00:41
 Epoch: 47, lr: 1.0e-02, train_loss: 1.1405, train_acc: 0.5852 test_loss: 1.0408, test_acc: 0.6311, best: 0.6311, time: 0:00:41
 Epoch: 48, lr: 1.0e-02, train_loss: 1.1206, train_acc: 0.5920 test_loss: 1.1173, test_acc: 0.6070, best: 0.6311, time: 0:00:41
 Epoch: 49, lr: 1.0e-02, train_loss: 1.1165, train_acc: 0.5974 test_loss: 1.0557, test_acc: 0.6229, best: 0.6311, time: 0:00:41
 Epoch: 50, lr: 1.0e-02, train_loss: 1.1025, train_acc: 0.6058 test_loss: 1.0757, test_acc: 0.6241, best: 0.6311, time: 0:00:41
 Epoch: 51, lr: 1.0e-02, train_loss: 1.1077, train_acc: 0.6038 test_loss: 1.0838, test_acc: 0.6285, best: 0.6311, time: 0:00:41
 Epoch: 52, lr: 1.0e-02, train_loss: 1.0964, train_acc: 0.6130 test_loss: 1.0119, test_acc: 0.6498, best: 0.6498, time: 0:00:41
 Epoch: 53, lr: 1.0e-02, train_loss: 1.0830, train_acc: 0.6110 test_loss: 1.0188, test_acc: 0.6412, best: 0.6498, time: 0:00:41
 Epoch: 54, lr: 1.0e-02, train_loss: 1.0727, train_acc: 0.6142 test_loss: 1.1197, test_acc: 0.6262, best: 0.6498, time: 0:00:41
 Epoch: 55, lr: 1.0e-02, train_loss: 1.0630, train_acc: 0.6224 test_loss: 1.0575, test_acc: 0.6265, best: 0.6498, time: 0:00:41
 Epoch: 56, lr: 1.0e-02, train_loss: 1.0618, train_acc: 0.6246 test_loss: 1.0469, test_acc: 0.6448, best: 0.6498, time: 0:00:41
 Epoch: 57, lr: 1.0e-02, train_loss: 1.0508, train_acc: 0.6302 test_loss: 1.1217, test_acc: 0.6075, best: 0.6498, time: 0:00:41
 Epoch: 58, lr: 1.0e-02, train_loss: 1.0426, train_acc: 0.6246 test_loss: 1.0202, test_acc: 0.6334, best: 0.6498, time: 0:00:41
 Epoch: 59, lr: 1.0e-02, train_loss: 1.0441, train_acc: 0.6242 test_loss: 1.0463, test_acc: 0.6340, best: 0.6498, time: 0:00:41
 Epoch: 60, lr: 1.0e-02, train_loss: 1.0345, train_acc: 0.6336 test_loss: 1.0434, test_acc: 0.6389, best: 0.6498, time: 0:00:41
 Epoch: 61, lr: 1.0e-02, train_loss: 1.0131, train_acc: 0.6302 test_loss: 1.0323, test_acc: 0.6494, best: 0.6498, time: 0:00:41
 Epoch: 62, lr: 1.0e-02, train_loss: 0.9980, train_acc: 0.6418 test_loss: 1.1138, test_acc: 0.6220, best: 0.6498, time: 0:00:41
 Epoch: 63, lr: 1.0e-02, train_loss: 0.9968, train_acc: 0.6424 test_loss: 1.0287, test_acc: 0.6426, best: 0.6498, time: 0:00:41
 Epoch: 64, lr: 1.0e-02, train_loss: 0.9924, train_acc: 0.6450 test_loss: 1.1251, test_acc: 0.6319, best: 0.6498, time: 0:00:41
 Epoch: 65, lr: 1.0e-02, train_loss: 0.9967, train_acc: 0.6476 test_loss: 1.0855, test_acc: 0.6306, best: 0.6498, time: 0:00:41
 Epoch: 66, lr: 1.0e-02, train_loss: 0.9950, train_acc: 0.6356 test_loss: 1.0423, test_acc: 0.6449, best: 0.6498, time: 0:00:41
 Epoch: 67, lr: 1.0e-02, train_loss: 0.9855, train_acc: 0.6452 test_loss: 1.0415, test_acc: 0.6411, best: 0.6498, time: 0:00:41
 Epoch: 68, lr: 1.0e-02, train_loss: 0.9778, train_acc: 0.6494 test_loss: 1.0059, test_acc: 0.6502, best: 0.6502, time: 0:00:42
 Epoch: 69, lr: 1.0e-02, train_loss: 0.9712, train_acc: 0.6466 test_loss: 0.9890, test_acc: 0.6544, best: 0.6544, time: 0:00:41
 Epoch: 70, lr: 1.0e-02, train_loss: 0.9511, train_acc: 0.6544 test_loss: 1.0740, test_acc: 0.6458, best: 0.6544, time: 0:00:41
 Epoch: 71, lr: 1.0e-02, train_loss: 0.9595, train_acc: 0.6610 test_loss: 1.0164, test_acc: 0.6525, best: 0.6544, time: 0:00:41
 Epoch: 72, lr: 1.0e-02, train_loss: 0.9388, train_acc: 0.6636 test_loss: 1.0778, test_acc: 0.6361, best: 0.6544, time: 0:00:41
 Epoch: 73, lr: 1.0e-02, train_loss: 0.9469, train_acc: 0.6622 test_loss: 1.0254, test_acc: 0.6556, best: 0.6556, time: 0:00:42
 Epoch: 74, lr: 1.0e-02, train_loss: 0.9475, train_acc: 0.6660 test_loss: 1.0481, test_acc: 0.6509, best: 0.6556, time: 0:00:41
 Epoch: 75, lr: 1.0e-02, train_loss: 0.9234, train_acc: 0.6660 test_loss: 1.0658, test_acc: 0.6470, best: 0.6556, time: 0:00:41
 Epoch: 76, lr: 1.0e-02, train_loss: 0.9297, train_acc: 0.6774 test_loss: 1.1122, test_acc: 0.6371, best: 0.6556, time: 0:00:41
 Epoch: 77, lr: 1.0e-02, train_loss: 0.9564, train_acc: 0.6626 test_loss: 0.9505, test_acc: 0.6689, best: 0.6689, time: 0:00:41
 Epoch: 78, lr: 1.0e-02, train_loss: 0.9016, train_acc: 0.6720 test_loss: 1.0060, test_acc: 0.6554, best: 0.6689, time: 0:00:41
 Epoch: 79, lr: 1.0e-02, train_loss: 0.8978, train_acc: 0.6812 test_loss: 1.0398, test_acc: 0.6521, best: 0.6689, time: 0:00:41
 Epoch: 80, lr: 1.0e-02, train_loss: 0.8981, train_acc: 0.6842 test_loss: 1.0555, test_acc: 0.6506, best: 0.6689, time: 0:00:41
 Epoch: 81, lr: 1.0e-02, train_loss: 0.9283, train_acc: 0.6710 test_loss: 0.9888, test_acc: 0.6606, best: 0.6689, time: 0:00:41
 Epoch: 82, lr: 1.0e-02, train_loss: 0.8803, train_acc: 0.6808 test_loss: 1.0240, test_acc: 0.6590, best: 0.6689, time: 0:00:41
 Epoch: 83, lr: 1.0e-02, train_loss: 0.8839, train_acc: 0.6812 test_loss: 1.0928, test_acc: 0.6474, best: 0.6689, time: 0:00:41
 Epoch: 84, lr: 1.0e-02, train_loss: 0.8897, train_acc: 0.6776 test_loss: 1.1377, test_acc: 0.6352, best: 0.6689, time: 0:00:41
 Epoch: 85, lr: 1.0e-02, train_loss: 0.8839, train_acc: 0.6902 test_loss: 1.0763, test_acc: 0.6529, best: 0.6689, time: 0:00:41
 Epoch: 86, lr: 1.0e-02, train_loss: 0.8835, train_acc: 0.6904 test_loss: 1.0143, test_acc: 0.6624, best: 0.6689, time: 0:00:41
 Epoch: 87, lr: 1.0e-02, train_loss: 0.8680, train_acc: 0.6950 test_loss: 0.9658, test_acc: 0.6817, best: 0.6817, time: 0:00:41
 Epoch: 88, lr: 1.0e-02, train_loss: 0.8671, train_acc: 0.6892 test_loss: 1.0338, test_acc: 0.6635, best: 0.6817, time: 0:00:41
 Epoch: 89, lr: 1.0e-02, train_loss: 0.8653, train_acc: 0.6992 test_loss: 1.0075, test_acc: 0.6691, best: 0.6817, time: 0:00:41
 Epoch: 90, lr: 1.0e-02, train_loss: 0.8632, train_acc: 0.6922 test_loss: 0.9694, test_acc: 0.6766, best: 0.6817, time: 0:00:41
 Epoch: 91, lr: 1.0e-02, train_loss: 0.8336, train_acc: 0.7006 test_loss: 0.9730, test_acc: 0.6770, best: 0.6817, time: 0:00:41
 Epoch: 92, lr: 1.0e-02, train_loss: 0.8471, train_acc: 0.6960 test_loss: 1.0965, test_acc: 0.6469, best: 0.6817, time: 0:00:41
 Epoch: 93, lr: 1.0e-02, train_loss: 0.8528, train_acc: 0.7012 test_loss: 1.0611, test_acc: 0.6675, best: 0.6817, time: 0:00:41
 Epoch: 94, lr: 1.0e-02, train_loss: 0.8738, train_acc: 0.6968 test_loss: 1.0751, test_acc: 0.6531, best: 0.6817, time: 0:00:41
 Epoch: 95, lr: 1.0e-02, train_loss: 0.8114, train_acc: 0.7112 test_loss: 1.0124, test_acc: 0.6704, best: 0.6817, time: 0:00:41
 Epoch: 96, lr: 1.0e-02, train_loss: 0.8240, train_acc: 0.7084 test_loss: 1.1860, test_acc: 0.6338, best: 0.6817, time: 0:00:41
 Epoch: 97, lr: 1.0e-02, train_loss: 0.8264, train_acc: 0.7020 test_loss: 1.0831, test_acc: 0.6538, best: 0.6817, time: 0:00:41
 Epoch: 98, lr: 1.0e-02, train_loss: 0.8285, train_acc: 0.7146 test_loss: 0.9911, test_acc: 0.6744, best: 0.6817, time: 0:00:41
 Epoch: 99, lr: 1.0e-02, train_loss: 0.8072, train_acc: 0.7192 test_loss: 0.9831, test_acc: 0.6787, best: 0.6817, time: 0:00:41
 Epoch: 100, lr: 1.0e-02, train_loss: 0.8432, train_acc: 0.6978 test_loss: 1.1016, test_acc: 0.6562, best: 0.6817, time: 0:00:41
 Epoch: 101, lr: 1.0e-02, train_loss: 0.8141, train_acc: 0.7110 test_loss: 1.0615, test_acc: 0.6651, best: 0.6817, time: 0:00:41
 Epoch: 102, lr: 1.0e-02, train_loss: 0.8089, train_acc: 0.7166 test_loss: 0.9995, test_acc: 0.6694, best: 0.6817, time: 0:00:41
 Epoch: 103, lr: 1.0e-02, train_loss: 0.7966, train_acc: 0.7204 test_loss: 1.1107, test_acc: 0.6614, best: 0.6817, time: 0:00:41
 Epoch: 104, lr: 1.0e-02, train_loss: 0.7938, train_acc: 0.7160 test_loss: 1.0172, test_acc: 0.6724, best: 0.6817, time: 0:00:41
 Epoch: 105, lr: 1.0e-02, train_loss: 0.7859, train_acc: 0.7140 test_loss: 1.0321, test_acc: 0.6770, best: 0.6817, time: 0:00:41
 Epoch: 106, lr: 1.0e-02, train_loss: 0.7820, train_acc: 0.7218 test_loss: 1.0038, test_acc: 0.6785, best: 0.6817, time: 0:00:41
 Epoch: 107, lr: 1.0e-02, train_loss: 0.7751, train_acc: 0.7296 test_loss: 0.9781, test_acc: 0.6780, best: 0.6817, time: 0:00:41
 Epoch: 108, lr: 1.0e-02, train_loss: 0.7754, train_acc: 0.7258 test_loss: 1.0326, test_acc: 0.6701, best: 0.6817, time: 0:00:41
 Epoch: 109, lr: 1.0e-02, train_loss: 0.7697, train_acc: 0.7232 test_loss: 1.1506, test_acc: 0.6630, best: 0.6817, time: 0:00:41
 Epoch: 110, lr: 1.0e-02, train_loss: 0.7698, train_acc: 0.7272 test_loss: 1.1072, test_acc: 0.6561, best: 0.6817, time: 0:00:41
 Epoch: 111, lr: 1.0e-02, train_loss: 0.7642, train_acc: 0.7290 test_loss: 1.1392, test_acc: 0.6510, best: 0.6817, time: 0:00:41
 Epoch: 112, lr: 1.0e-02, train_loss: 0.7437, train_acc: 0.7334 test_loss: 1.0397, test_acc: 0.6769, best: 0.6817, time: 0:00:41
 Epoch: 113, lr: 1.0e-02, train_loss: 0.7590, train_acc: 0.7320 test_loss: 1.0526, test_acc: 0.6665, best: 0.6817, time: 0:00:41
 Epoch: 114, lr: 1.0e-02, train_loss: 0.7641, train_acc: 0.7322 test_loss: 1.0636, test_acc: 0.6704, best: 0.6817, time: 0:00:41
 Epoch: 115, lr: 1.0e-02, train_loss: 0.7609, train_acc: 0.7336 test_loss: 1.0889, test_acc: 0.6689, best: 0.6817, time: 0:00:41
 Epoch: 116, lr: 1.0e-02, train_loss: 0.7610, train_acc: 0.7336 test_loss: 1.0590, test_acc: 0.6741, best: 0.6817, time: 0:00:41
 Epoch: 117, lr: 1.0e-02, train_loss: 0.7351, train_acc: 0.7450 test_loss: 1.0977, test_acc: 0.6614, best: 0.6817, time: 0:00:41
 Epoch: 118, lr: 1.0e-02, train_loss: 0.7568, train_acc: 0.7430 test_loss: 1.0264, test_acc: 0.6853, best: 0.6853, time: 0:00:41
 Epoch: 119, lr: 1.0e-02, train_loss: 0.7509, train_acc: 0.7338 test_loss: 0.9839, test_acc: 0.6934, best: 0.6934, time: 0:00:41
 Epoch: 120, lr: 1.0e-02, train_loss: 0.7503, train_acc: 0.7346 test_loss: 1.0214, test_acc: 0.6797, best: 0.6934, time: 0:00:41
 Epoch: 121, lr: 1.0e-02, train_loss: 0.7185, train_acc: 0.7484 test_loss: 1.0272, test_acc: 0.6774, best: 0.6934, time: 0:00:41
 Epoch: 122, lr: 1.0e-02, train_loss: 0.7275, train_acc: 0.7450 test_loss: 1.0015, test_acc: 0.6809, best: 0.6934, time: 0:00:41
 Epoch: 123, lr: 1.0e-02, train_loss: 0.7533, train_acc: 0.7400 test_loss: 1.0266, test_acc: 0.6866, best: 0.6934, time: 0:00:41
 Epoch: 124, lr: 1.0e-02, train_loss: 0.7207, train_acc: 0.7450 test_loss: 1.0440, test_acc: 0.6790, best: 0.6934, time: 0:00:41
 Epoch: 125, lr: 1.0e-02, train_loss: 0.7186, train_acc: 0.7402 test_loss: 1.0838, test_acc: 0.6695, best: 0.6934, time: 0:00:41
 Epoch: 126, lr: 1.0e-02, train_loss: 0.7325, train_acc: 0.7442 test_loss: 1.0386, test_acc: 0.6664, best: 0.6934, time: 0:00:41
 Epoch: 127, lr: 1.0e-02, train_loss: 0.7125, train_acc: 0.7568 test_loss: 1.0466, test_acc: 0.6799, best: 0.6934, time: 0:00:41
 Epoch: 128, lr: 1.0e-02, train_loss: 0.7139, train_acc: 0.7482 test_loss: 1.0443, test_acc: 0.6806, best: 0.6934, time: 0:00:41
 Epoch: 129, lr: 1.0e-02, train_loss: 0.7249, train_acc: 0.7466 test_loss: 1.0476, test_acc: 0.6836, best: 0.6934, time: 0:00:41
 Epoch: 130, lr: 1.0e-02, train_loss: 0.7171, train_acc: 0.7480 test_loss: 1.0466, test_acc: 0.6830, best: 0.6934, time: 0:00:41
 Epoch: 131, lr: 1.0e-02, train_loss: 0.7070, train_acc: 0.7540 test_loss: 1.0931, test_acc: 0.6755, best: 0.6934, time: 0:00:41
 Epoch: 132, lr: 1.0e-02, train_loss: 0.7074, train_acc: 0.7472 test_loss: 0.9942, test_acc: 0.6904, best: 0.6934, time: 0:00:41
 Epoch: 133, lr: 1.0e-02, train_loss: 0.6925, train_acc: 0.7542 test_loss: 1.1574, test_acc: 0.6597, best: 0.6934, time: 0:00:41
 Epoch: 134, lr: 1.0e-02, train_loss: 0.6964, train_acc: 0.7578 test_loss: 1.0492, test_acc: 0.6805, best: 0.6934, time: 0:00:41
 Epoch: 135, lr: 1.0e-02, train_loss: 0.6831, train_acc: 0.7582 test_loss: 1.0320, test_acc: 0.6827, best: 0.6934, time: 0:00:41
 Epoch: 136, lr: 1.0e-02, train_loss: 0.6867, train_acc: 0.7606 test_loss: 0.9888, test_acc: 0.6843, best: 0.6934, time: 0:00:41
 Epoch: 137, lr: 1.0e-02, train_loss: 0.6681, train_acc: 0.7618 test_loss: 1.0562, test_acc: 0.6863, best: 0.6934, time: 0:00:41
 Epoch: 138, lr: 1.0e-02, train_loss: 0.6774, train_acc: 0.7552 test_loss: 0.9715, test_acc: 0.6979, best: 0.6979, time: 0:00:41
 Epoch: 139, lr: 1.0e-02, train_loss: 0.6889, train_acc: 0.7590 test_loss: 1.0572, test_acc: 0.6857, best: 0.6979, time: 0:00:41
 Epoch: 140, lr: 1.0e-02, train_loss: 0.6930, train_acc: 0.7662 test_loss: 1.0198, test_acc: 0.6941, best: 0.6979, time: 0:00:41
 Epoch: 141, lr: 1.0e-02, train_loss: 0.6646, train_acc: 0.7734 test_loss: 0.9892, test_acc: 0.6940, best: 0.6979, time: 0:00:41
 Epoch: 142, lr: 1.0e-02, train_loss: 0.6613, train_acc: 0.7678 test_loss: 1.1444, test_acc: 0.6684, best: 0.6979, time: 0:00:41
 Epoch: 143, lr: 1.0e-02, train_loss: 0.6847, train_acc: 0.7610 test_loss: 1.0673, test_acc: 0.6860, best: 0.6979, time: 0:00:41
 Epoch: 144, lr: 1.0e-02, train_loss: 0.6870, train_acc: 0.7560 test_loss: 1.0639, test_acc: 0.6917, best: 0.6979, time: 0:00:41
 Epoch: 145, lr: 1.0e-02, train_loss: 0.6657, train_acc: 0.7692 test_loss: 1.0882, test_acc: 0.6789, best: 0.6979, time: 0:00:41
 Epoch: 146, lr: 1.0e-02, train_loss: 0.6565, train_acc: 0.7768 test_loss: 1.0673, test_acc: 0.6857, best: 0.6979, time: 0:00:41
 Epoch: 147, lr: 1.0e-02, train_loss: 0.6611, train_acc: 0.7656 test_loss: 1.1313, test_acc: 0.6596, best: 0.6979, time: 0:00:41
 Epoch: 148, lr: 1.0e-02, train_loss: 0.6637, train_acc: 0.7690 test_loss: 1.1203, test_acc: 0.6761, best: 0.6979, time: 0:00:41
 Epoch: 149, lr: 1.0e-02, train_loss: 0.6531, train_acc: 0.7710 test_loss: 1.0926, test_acc: 0.6750, best: 0.6979, time: 0:00:41
 Epoch: 150, lr: 1.0e-02, train_loss: 0.6284, train_acc: 0.7888 test_loss: 1.0434, test_acc: 0.6945, best: 0.6979, time: 0:00:41
 Epoch: 151, lr: 1.0e-02, train_loss: 0.6595, train_acc: 0.7710 test_loss: 1.1264, test_acc: 0.6757, best: 0.6979, time: 0:00:41
 Epoch: 152, lr: 1.0e-02, train_loss: 0.6541, train_acc: 0.7752 test_loss: 1.0477, test_acc: 0.6893, best: 0.6979, time: 0:00:41
 Epoch: 153, lr: 1.0e-02, train_loss: 0.6525, train_acc: 0.7748 test_loss: 1.0341, test_acc: 0.6909, best: 0.6979, time: 0:00:41
 Epoch: 154, lr: 1.0e-02, train_loss: 0.6218, train_acc: 0.7812 test_loss: 1.1042, test_acc: 0.6881, best: 0.6979, time: 0:00:41
 Epoch: 155, lr: 1.0e-02, train_loss: 0.6463, train_acc: 0.7792 test_loss: 1.1460, test_acc: 0.6790, best: 0.6979, time: 0:00:41
 Epoch: 156, lr: 1.0e-02, train_loss: 0.6343, train_acc: 0.7742 test_loss: 1.0871, test_acc: 0.6809, best: 0.6979, time: 0:00:41
 Epoch: 157, lr: 1.0e-02, train_loss: 0.6507, train_acc: 0.7782 test_loss: 1.0864, test_acc: 0.6824, best: 0.6979, time: 0:00:41
 Epoch: 158, lr: 1.0e-02, train_loss: 0.6380, train_acc: 0.7810 test_loss: 1.1011, test_acc: 0.6857, best: 0.6979, time: 0:00:41
 Epoch: 159, lr: 1.0e-02, train_loss: 0.6582, train_acc: 0.7734 test_loss: 1.0903, test_acc: 0.6859, best: 0.6979, time: 0:00:41
 Epoch: 160, lr: 1.0e-02, train_loss: 0.6182, train_acc: 0.7804 test_loss: 1.1263, test_acc: 0.6825, best: 0.6979, time: 0:00:41
 Epoch: 161, lr: 1.0e-02, train_loss: 0.6101, train_acc: 0.7806 test_loss: 1.0817, test_acc: 0.6917, best: 0.6979, time: 0:00:41
 Epoch: 162, lr: 1.0e-02, train_loss: 0.6239, train_acc: 0.7824 test_loss: 1.0908, test_acc: 0.6739, best: 0.6979, time: 0:00:41
 Epoch: 163, lr: 1.0e-02, train_loss: 0.6217, train_acc: 0.7878 test_loss: 1.0482, test_acc: 0.6941, best: 0.6979, time: 0:00:41
 Epoch: 164, lr: 1.0e-02, train_loss: 0.6255, train_acc: 0.7902 test_loss: 1.0328, test_acc: 0.6970, best: 0.6979, time: 0:00:41
 Epoch: 165, lr: 1.0e-02, train_loss: 0.6226, train_acc: 0.7802 test_loss: 1.1416, test_acc: 0.6874, best: 0.6979, time: 0:00:41
 Epoch: 166, lr: 1.0e-02, train_loss: 0.6054, train_acc: 0.7916 test_loss: 1.0422, test_acc: 0.6935, best: 0.6979, time: 0:00:41
 Epoch: 167, lr: 1.0e-02, train_loss: 0.6044, train_acc: 0.7888 test_loss: 1.0323, test_acc: 0.6917, best: 0.6979, time: 0:00:41
 Epoch: 168, lr: 1.0e-02, train_loss: 0.5687, train_acc: 0.8076 test_loss: 1.0612, test_acc: 0.6974, best: 0.6979, time: 0:00:41
 Epoch: 169, lr: 1.0e-02, train_loss: 0.6012, train_acc: 0.7966 test_loss: 1.1582, test_acc: 0.6844, best: 0.6979, time: 0:00:41
 Epoch: 170, lr: 1.0e-02, train_loss: 0.6090, train_acc: 0.7862 test_loss: 1.0073, test_acc: 0.7054, best: 0.7054, time: 0:00:41
 Epoch: 171, lr: 1.0e-02, train_loss: 0.6050, train_acc: 0.7912 test_loss: 1.0197, test_acc: 0.6997, best: 0.7054, time: 0:00:41
 Epoch: 172, lr: 1.0e-02, train_loss: 0.5908, train_acc: 0.7962 test_loss: 1.1791, test_acc: 0.6766, best: 0.7054, time: 0:00:41
 Epoch: 173, lr: 1.0e-02, train_loss: 0.6101, train_acc: 0.7864 test_loss: 1.1117, test_acc: 0.6889, best: 0.7054, time: 0:00:41
 Epoch: 174, lr: 1.0e-02, train_loss: 0.5902, train_acc: 0.8010 test_loss: 1.1035, test_acc: 0.6953, best: 0.7054, time: 0:00:41
 Epoch: 175, lr: 1.0e-02, train_loss: 0.5924, train_acc: 0.8016 test_loss: 1.0870, test_acc: 0.6855, best: 0.7054, time: 0:00:41
 Epoch: 176, lr: 1.0e-02, train_loss: 0.5737, train_acc: 0.8004 test_loss: 1.1542, test_acc: 0.6843, best: 0.7054, time: 0:00:41
 Epoch: 177, lr: 1.0e-02, train_loss: 0.5848, train_acc: 0.7930 test_loss: 1.0357, test_acc: 0.6960, best: 0.7054, time: 0:00:41
 Epoch: 178, lr: 1.0e-02, train_loss: 0.5806, train_acc: 0.7990 test_loss: 1.0863, test_acc: 0.6915, best: 0.7054, time: 0:00:41
 Epoch: 179, lr: 1.0e-02, train_loss: 0.5647, train_acc: 0.8062 test_loss: 1.0845, test_acc: 0.6920, best: 0.7054, time: 0:00:41
 Epoch: 180, lr: 2.0e-03, train_loss: 0.5531, train_acc: 0.8128 test_loss: 1.1054, test_acc: 0.6963, best: 0.7054, time: 0:00:41
 Epoch: 181, lr: 2.0e-03, train_loss: 0.4932, train_acc: 0.8348 test_loss: 1.0385, test_acc: 0.7116, best: 0.7116, time: 0:00:41
 Epoch: 182, lr: 2.0e-03, train_loss: 0.5150, train_acc: 0.8262 test_loss: 1.0563, test_acc: 0.7111, best: 0.7116, time: 0:00:41
 Epoch: 183, lr: 2.0e-03, train_loss: 0.4761, train_acc: 0.8410 test_loss: 1.0584, test_acc: 0.7107, best: 0.7116, time: 0:00:41
 Epoch: 184, lr: 2.0e-03, train_loss: 0.4664, train_acc: 0.8418 test_loss: 1.0372, test_acc: 0.7107, best: 0.7116, time: 0:00:41
 Epoch: 185, lr: 2.0e-03, train_loss: 0.4775, train_acc: 0.8400 test_loss: 1.0401, test_acc: 0.7106, best: 0.7116, time: 0:00:41
 Epoch: 186, lr: 2.0e-03, train_loss: 0.4624, train_acc: 0.8426 test_loss: 1.0371, test_acc: 0.7169, best: 0.7169, time: 0:00:41
 Epoch: 187, lr: 2.0e-03, train_loss: 0.4669, train_acc: 0.8400 test_loss: 1.0760, test_acc: 0.7116, best: 0.7169, time: 0:00:41
 Epoch: 188, lr: 2.0e-03, train_loss: 0.4493, train_acc: 0.8466 test_loss: 1.0847, test_acc: 0.7150, best: 0.7169, time: 0:00:41
 Epoch: 189, lr: 2.0e-03, train_loss: 0.4638, train_acc: 0.8402 test_loss: 1.0618, test_acc: 0.7116, best: 0.7169, time: 0:00:41
 Epoch: 190, lr: 2.0e-03, train_loss: 0.4466, train_acc: 0.8468 test_loss: 1.0891, test_acc: 0.7123, best: 0.7169, time: 0:00:41
 Epoch: 191, lr: 2.0e-03, train_loss: 0.4337, train_acc: 0.8506 test_loss: 1.0952, test_acc: 0.7139, best: 0.7169, time: 0:00:41
 Epoch: 192, lr: 2.0e-03, train_loss: 0.4498, train_acc: 0.8432 test_loss: 1.0622, test_acc: 0.7133, best: 0.7169, time: 0:00:41
 Epoch: 193, lr: 2.0e-03, train_loss: 0.4266, train_acc: 0.8540 test_loss: 1.0809, test_acc: 0.7113, best: 0.7169, time: 0:00:41
 Epoch: 194, lr: 2.0e-03, train_loss: 0.4589, train_acc: 0.8382 test_loss: 1.1063, test_acc: 0.7046, best: 0.7169, time: 0:00:41
 Epoch: 195, lr: 2.0e-03, train_loss: 0.4529, train_acc: 0.8426 test_loss: 1.1276, test_acc: 0.7031, best: 0.7169, time: 0:00:41
 Epoch: 196, lr: 2.0e-03, train_loss: 0.4351, train_acc: 0.8536 test_loss: 1.0981, test_acc: 0.7110, best: 0.7169, time: 0:00:41
 Epoch: 197, lr: 2.0e-03, train_loss: 0.4494, train_acc: 0.8444 test_loss: 1.0606, test_acc: 0.7093, best: 0.7169, time: 0:00:41
 Epoch: 198, lr: 2.0e-03, train_loss: 0.4473, train_acc: 0.8470 test_loss: 1.0690, test_acc: 0.7120, best: 0.7169, time: 0:00:41
 Epoch: 199, lr: 2.0e-03, train_loss: 0.4624, train_acc: 0.8418 test_loss: 1.1316, test_acc: 0.7003, best: 0.7169, time: 0:00:41
 Epoch: 200, lr: 2.0e-03, train_loss: 0.4400, train_acc: 0.8484 test_loss: 1.1208, test_acc: 0.7061, best: 0.7169, time: 0:00:41
 Epoch: 201, lr: 2.0e-03, train_loss: 0.4379, train_acc: 0.8514 test_loss: 1.1080, test_acc: 0.7081, best: 0.7169, time: 0:00:41
 Epoch: 202, lr: 2.0e-03, train_loss: 0.4167, train_acc: 0.8582 test_loss: 1.0917, test_acc: 0.7089, best: 0.7169, time: 0:00:41
 Epoch: 203, lr: 2.0e-03, train_loss: 0.4447, train_acc: 0.8470 test_loss: 1.1017, test_acc: 0.7093, best: 0.7169, time: 0:00:41
 Epoch: 204, lr: 2.0e-03, train_loss: 0.4281, train_acc: 0.8566 test_loss: 1.0991, test_acc: 0.7137, best: 0.7169, time: 0:00:41
 Epoch: 205, lr: 2.0e-03, train_loss: 0.4288, train_acc: 0.8524 test_loss: 1.0885, test_acc: 0.7133, best: 0.7169, time: 0:00:41
 Epoch: 206, lr: 2.0e-03, train_loss: 0.4199, train_acc: 0.8560 test_loss: 1.0831, test_acc: 0.7117, best: 0.7169, time: 0:00:41
 Epoch: 207, lr: 2.0e-03, train_loss: 0.4295, train_acc: 0.8542 test_loss: 1.1471, test_acc: 0.7095, best: 0.7169, time: 0:00:41
 Epoch: 208, lr: 2.0e-03, train_loss: 0.4257, train_acc: 0.8614 test_loss: 1.1012, test_acc: 0.7164, best: 0.7169, time: 0:00:41
 Epoch: 209, lr: 2.0e-03, train_loss: 0.4063, train_acc: 0.8614 test_loss: 1.0946, test_acc: 0.7115, best: 0.7169, time: 0:00:41
 Epoch: 210, lr: 2.0e-03, train_loss: 0.4331, train_acc: 0.8526 test_loss: 1.0992, test_acc: 0.7095, best: 0.7169, time: 0:00:41
 Epoch: 211, lr: 2.0e-03, train_loss: 0.4294, train_acc: 0.8564 test_loss: 1.0807, test_acc: 0.7159, best: 0.7169, time: 0:00:41
 Epoch: 212, lr: 2.0e-03, train_loss: 0.4148, train_acc: 0.8622 test_loss: 1.1026, test_acc: 0.7091, best: 0.7169, time: 0:00:41
 Epoch: 213, lr: 2.0e-03, train_loss: 0.4077, train_acc: 0.8614 test_loss: 1.1406, test_acc: 0.7106, best: 0.7169, time: 0:00:41
 Epoch: 214, lr: 2.0e-03, train_loss: 0.4143, train_acc: 0.8590 test_loss: 1.1432, test_acc: 0.7124, best: 0.7169, time: 0:00:41
 Epoch: 215, lr: 2.0e-03, train_loss: 0.4255, train_acc: 0.8542 test_loss: 1.1217, test_acc: 0.7087, best: 0.7169, time: 0:00:41
 Epoch: 216, lr: 2.0e-03, train_loss: 0.4113, train_acc: 0.8590 test_loss: 1.1261, test_acc: 0.7099, best: 0.7169, time: 0:00:41
 Epoch: 217, lr: 2.0e-03, train_loss: 0.4023, train_acc: 0.8660 test_loss: 1.1083, test_acc: 0.7146, best: 0.7169, time: 0:00:41
 Epoch: 218, lr: 2.0e-03, train_loss: 0.4134, train_acc: 0.8600 test_loss: 1.1219, test_acc: 0.7171, best: 0.7171, time: 0:00:41
 Epoch: 219, lr: 2.0e-03, train_loss: 0.3960, train_acc: 0.8688 test_loss: 1.1071, test_acc: 0.7184, best: 0.7184, time: 0:00:41
 Epoch: 220, lr: 2.0e-03, train_loss: 0.4116, train_acc: 0.8608 test_loss: 1.1382, test_acc: 0.7116, best: 0.7184, time: 0:00:41
 Epoch: 221, lr: 2.0e-03, train_loss: 0.4150, train_acc: 0.8594 test_loss: 1.1254, test_acc: 0.7119, best: 0.7184, time: 0:00:41
 Epoch: 222, lr: 2.0e-03, train_loss: 0.4142, train_acc: 0.8552 test_loss: 1.1442, test_acc: 0.7054, best: 0.7184, time: 0:00:41
 Epoch: 223, lr: 2.0e-03, train_loss: 0.4455, train_acc: 0.8528 test_loss: 1.1323, test_acc: 0.7019, best: 0.7184, time: 0:00:41
 Epoch: 224, lr: 2.0e-03, train_loss: 0.4343, train_acc: 0.8542 test_loss: 1.1154, test_acc: 0.7115, best: 0.7184, time: 0:00:41
 Epoch: 225, lr: 2.0e-03, train_loss: 0.4153, train_acc: 0.8598 test_loss: 1.1496, test_acc: 0.7093, best: 0.7184, time: 0:00:41
 Epoch: 226, lr: 2.0e-03, train_loss: 0.4141, train_acc: 0.8612 test_loss: 1.0924, test_acc: 0.7185, best: 0.7185, time: 0:00:41
 Epoch: 227, lr: 2.0e-03, train_loss: 0.3958, train_acc: 0.8616 test_loss: 1.0955, test_acc: 0.7176, best: 0.7185, time: 0:00:41
 Epoch: 228, lr: 2.0e-03, train_loss: 0.4137, train_acc: 0.8576 test_loss: 1.1397, test_acc: 0.7115, best: 0.7185, time: 0:00:41
 Epoch: 229, lr: 2.0e-03, train_loss: 0.4022, train_acc: 0.8620 test_loss: 1.0827, test_acc: 0.7115, best: 0.7185, time: 0:00:41
 Epoch: 230, lr: 2.0e-03, train_loss: 0.4185, train_acc: 0.8562 test_loss: 1.1509, test_acc: 0.7070, best: 0.7185, time: 0:00:41
 Epoch: 231, lr: 2.0e-03, train_loss: 0.3906, train_acc: 0.8648 test_loss: 1.1632, test_acc: 0.7041, best: 0.7185, time: 0:00:41
 Epoch: 232, lr: 2.0e-03, train_loss: 0.4042, train_acc: 0.8636 test_loss: 1.1154, test_acc: 0.7100, best: 0.7185, time: 0:00:41
 Epoch: 233, lr: 2.0e-03, train_loss: 0.3917, train_acc: 0.8668 test_loss: 1.1563, test_acc: 0.7097, best: 0.7185, time: 0:00:41
 Epoch: 234, lr: 2.0e-03, train_loss: 0.4009, train_acc: 0.8604 test_loss: 1.1859, test_acc: 0.6974, best: 0.7185, time: 0:00:41
 Epoch: 235, lr: 2.0e-03, train_loss: 0.4159, train_acc: 0.8626 test_loss: 1.0988, test_acc: 0.7166, best: 0.7185, time: 0:00:41
 Epoch: 236, lr: 2.0e-03, train_loss: 0.3921, train_acc: 0.8650 test_loss: 1.1368, test_acc: 0.7113, best: 0.7185, time: 0:00:41
 Epoch: 237, lr: 2.0e-03, train_loss: 0.3915, train_acc: 0.8730 test_loss: 1.1508, test_acc: 0.7097, best: 0.7185, time: 0:00:41
 Epoch: 238, lr: 2.0e-03, train_loss: 0.4017, train_acc: 0.8626 test_loss: 1.1724, test_acc: 0.7065, best: 0.7185, time: 0:00:41
 Epoch: 239, lr: 2.0e-03, train_loss: 0.4073, train_acc: 0.8648 test_loss: 1.0965, test_acc: 0.7117, best: 0.7185, time: 0:00:41
 Epoch: 240, lr: 4.0e-04, train_loss: 0.4080, train_acc: 0.8612 test_loss: 1.1189, test_acc: 0.7123, best: 0.7185, time: 0:00:41
 Epoch: 241, lr: 4.0e-04, train_loss: 0.3848, train_acc: 0.8698 test_loss: 1.0975, test_acc: 0.7149, best: 0.7185, time: 0:00:41
 Epoch: 242, lr: 4.0e-04, train_loss: 0.3898, train_acc: 0.8666 test_loss: 1.0893, test_acc: 0.7143, best: 0.7185, time: 0:00:41
 Epoch: 243, lr: 4.0e-04, train_loss: 0.3763, train_acc: 0.8722 test_loss: 1.1022, test_acc: 0.7189, best: 0.7189, time: 0:00:41
 Epoch: 244, lr: 4.0e-04, train_loss: 0.3645, train_acc: 0.8812 test_loss: 1.1132, test_acc: 0.7150, best: 0.7189, time: 0:00:41
 Epoch: 245, lr: 4.0e-04, train_loss: 0.3535, train_acc: 0.8798 test_loss: 1.1276, test_acc: 0.7143, best: 0.7189, time: 0:00:41
 Epoch: 246, lr: 4.0e-04, train_loss: 0.3859, train_acc: 0.8668 test_loss: 1.1362, test_acc: 0.7147, best: 0.7189, time: 0:00:41
 Epoch: 247, lr: 4.0e-04, train_loss: 0.3903, train_acc: 0.8672 test_loss: 1.1479, test_acc: 0.7115, best: 0.7189, time: 0:00:40
 Epoch: 248, lr: 4.0e-04, train_loss: 0.3786, train_acc: 0.8658 test_loss: 1.1274, test_acc: 0.7145, best: 0.7189, time: 0:00:40
 Epoch: 249, lr: 4.0e-04, train_loss: 0.3793, train_acc: 0.8698 test_loss: 1.1431, test_acc: 0.7116, best: 0.7189, time: 0:00:40
 Epoch: 250, lr: 4.0e-04, train_loss: 0.3733, train_acc: 0.8768 test_loss: 1.1291, test_acc: 0.7121, best: 0.7189, time: 0:00:40
 Epoch: 251, lr: 4.0e-04, train_loss: 0.3724, train_acc: 0.8690 test_loss: 1.1246, test_acc: 0.7137, best: 0.7189, time: 0:00:40
 Epoch: 252, lr: 4.0e-04, train_loss: 0.3682, train_acc: 0.8764 test_loss: 1.1461, test_acc: 0.7101, best: 0.7189, time: 0:00:40
 Epoch: 253, lr: 4.0e-04, train_loss: 0.3658, train_acc: 0.8742 test_loss: 1.1332, test_acc: 0.7134, best: 0.7189, time: 0:00:40
 Epoch: 254, lr: 4.0e-04, train_loss: 0.3822, train_acc: 0.8696 test_loss: 1.1410, test_acc: 0.7117, best: 0.7189, time: 0:00:40
 Epoch: 255, lr: 4.0e-04, train_loss: 0.3888, train_acc: 0.8692 test_loss: 1.1421, test_acc: 0.7131, best: 0.7189, time: 0:00:40
 Epoch: 256, lr: 4.0e-04, train_loss: 0.3704, train_acc: 0.8744 test_loss: 1.1192, test_acc: 0.7137, best: 0.7189, time: 0:00:40
 Epoch: 257, lr: 4.0e-04, train_loss: 0.3789, train_acc: 0.8742 test_loss: 1.1446, test_acc: 0.7119, best: 0.7189, time: 0:00:40
 Epoch: 258, lr: 4.0e-04, train_loss: 0.3680, train_acc: 0.8716 test_loss: 1.1015, test_acc: 0.7183, best: 0.7189, time: 0:00:40
 Epoch: 259, lr: 4.0e-04, train_loss: 0.3729, train_acc: 0.8790 test_loss: 1.1168, test_acc: 0.7141, best: 0.7189, time: 0:00:40
 Epoch: 260, lr: 4.0e-04, train_loss: 0.3855, train_acc: 0.8720 test_loss: 1.1434, test_acc: 0.7096, best: 0.7189, time: 0:00:40
 Epoch: 261, lr: 4.0e-04, train_loss: 0.3549, train_acc: 0.8804 test_loss: 1.1293, test_acc: 0.7143, best: 0.7189, time: 0:00:40
 Epoch: 262, lr: 4.0e-04, train_loss: 0.3815, train_acc: 0.8716 test_loss: 1.1847, test_acc: 0.7089, best: 0.7189, time: 0:00:40
 Epoch: 263, lr: 4.0e-04, train_loss: 0.3665, train_acc: 0.8792 test_loss: 1.1052, test_acc: 0.7147, best: 0.7189, time: 0:00:40
 Epoch: 264, lr: 4.0e-04, train_loss: 0.3591, train_acc: 0.8760 test_loss: 1.1355, test_acc: 0.7159, best: 0.7189, time: 0:00:40
 Epoch: 265, lr: 4.0e-04, train_loss: 0.3671, train_acc: 0.8794 test_loss: 1.1293, test_acc: 0.7143, best: 0.7189, time: 0:00:40
 Epoch: 266, lr: 4.0e-04, train_loss: 0.3787, train_acc: 0.8720 test_loss: 1.1345, test_acc: 0.7120, best: 0.7189, time: 0:00:40
 Epoch: 267, lr: 4.0e-04, train_loss: 0.3736, train_acc: 0.8748 test_loss: 1.1358, test_acc: 0.7169, best: 0.7189, time: 0:00:40
 Epoch: 268, lr: 4.0e-04, train_loss: 0.3651, train_acc: 0.8782 test_loss: 1.1320, test_acc: 0.7155, best: 0.7189, time: 0:00:40
 Epoch: 269, lr: 4.0e-04, train_loss: 0.3751, train_acc: 0.8708 test_loss: 1.1515, test_acc: 0.7176, best: 0.7189, time: 0:00:40
 Epoch: 270, lr: 8.0e-05, train_loss: 0.3505, train_acc: 0.8810 test_loss: 1.1474, test_acc: 0.7147, best: 0.7189, time: 0:00:40
 Epoch: 271, lr: 8.0e-05, train_loss: 0.3516, train_acc: 0.8818 test_loss: 1.1096, test_acc: 0.7216, best: 0.7216, time: 0:00:40
 Epoch: 272, lr: 8.0e-05, train_loss: 0.3590, train_acc: 0.8766 test_loss: 1.1434, test_acc: 0.7131, best: 0.7216, time: 0:00:40
 Epoch: 273, lr: 8.0e-05, train_loss: 0.3782, train_acc: 0.8724 test_loss: 1.1266, test_acc: 0.7154, best: 0.7216, time: 0:00:40
 Epoch: 274, lr: 8.0e-05, train_loss: 0.3577, train_acc: 0.8780 test_loss: 1.1284, test_acc: 0.7166, best: 0.7216, time: 0:00:40
 Epoch: 275, lr: 8.0e-05, train_loss: 0.3653, train_acc: 0.8748 test_loss: 1.1466, test_acc: 0.7141, best: 0.7216, time: 0:00:40
 Epoch: 276, lr: 8.0e-05, train_loss: 0.3627, train_acc: 0.8820 test_loss: 1.1627, test_acc: 0.7099, best: 0.7216, time: 0:00:40
 Epoch: 277, lr: 8.0e-05, train_loss: 0.3676, train_acc: 0.8728 test_loss: 1.1337, test_acc: 0.7164, best: 0.7216, time: 0:00:40
 Epoch: 278, lr: 8.0e-05, train_loss: 0.3608, train_acc: 0.8804 test_loss: 1.1403, test_acc: 0.7155, best: 0.7216, time: 0:00:40
 Epoch: 279, lr: 8.0e-05, train_loss: 0.3734, train_acc: 0.8718 test_loss: 1.1415, test_acc: 0.7157, best: 0.7216, time: 0:00:40
 Epoch: 280, lr: 8.0e-05, train_loss: 0.3748, train_acc: 0.8746 test_loss: 1.1372, test_acc: 0.7173, best: 0.7216, time: 0:00:40
 Epoch: 281, lr: 8.0e-05, train_loss: 0.3534, train_acc: 0.8818 test_loss: 1.1303, test_acc: 0.7149, best: 0.7216, time: 0:00:40
 Epoch: 282, lr: 8.0e-05, train_loss: 0.3771, train_acc: 0.8720 test_loss: 1.1344, test_acc: 0.7161, best: 0.7216, time: 0:00:40
 Epoch: 283, lr: 8.0e-05, train_loss: 0.3564, train_acc: 0.8814 test_loss: 1.1226, test_acc: 0.7155, best: 0.7216, time: 0:00:40
 Epoch: 284, lr: 8.0e-05, train_loss: 0.3719, train_acc: 0.8756 test_loss: 1.1251, test_acc: 0.7177, best: 0.7216, time: 0:00:40
 Epoch: 285, lr: 8.0e-05, train_loss: 0.3595, train_acc: 0.8778 test_loss: 1.1547, test_acc: 0.7110, best: 0.7216, time: 0:00:40
 Epoch: 286, lr: 8.0e-05, train_loss: 0.3536, train_acc: 0.8822 test_loss: 1.1222, test_acc: 0.7165, best: 0.7216, time: 0:00:40
 Epoch: 287, lr: 8.0e-05, train_loss: 0.3651, train_acc: 0.8800 test_loss: 1.1342, test_acc: 0.7150, best: 0.7216, time: 0:00:40
 Epoch: 288, lr: 8.0e-05, train_loss: 0.3863, train_acc: 0.8694 test_loss: 1.1412, test_acc: 0.7114, best: 0.7216, time: 0:00:40
 Epoch: 289, lr: 8.0e-05, train_loss: 0.3651, train_acc: 0.8762 test_loss: 1.1435, test_acc: 0.7179, best: 0.7216, time: 0:00:40
 Epoch: 290, lr: 8.0e-05, train_loss: 0.3672, train_acc: 0.8768 test_loss: 1.1347, test_acc: 0.7179, best: 0.7216, time: 0:00:40
 Epoch: 291, lr: 8.0e-05, train_loss: 0.3579, train_acc: 0.8816 test_loss: 1.1180, test_acc: 0.7171, best: 0.7216, time: 0:00:40
 Epoch: 292, lr: 8.0e-05, train_loss: 0.3355, train_acc: 0.8906 test_loss: 1.1386, test_acc: 0.7157, best: 0.7216, time: 0:00:40
 Epoch: 293, lr: 8.0e-05, train_loss: 0.3713, train_acc: 0.8712 test_loss: 1.1310, test_acc: 0.7166, best: 0.7216, time: 0:00:40
 Epoch: 294, lr: 8.0e-05, train_loss: 0.3633, train_acc: 0.8760 test_loss: 1.1490, test_acc: 0.7134, best: 0.7216, time: 0:00:40
 Epoch: 295, lr: 8.0e-05, train_loss: 0.3847, train_acc: 0.8700 test_loss: 1.1378, test_acc: 0.7174, best: 0.7216, time: 0:00:40
 Epoch: 296, lr: 8.0e-05, train_loss: 0.3676, train_acc: 0.8740 test_loss: 1.1320, test_acc: 0.7151, best: 0.7216, time: 0:00:40
 Epoch: 297, lr: 8.0e-05, train_loss: 0.3800, train_acc: 0.8726 test_loss: 1.1465, test_acc: 0.7120, best: 0.7216, time: 0:00:40
 Epoch: 298, lr: 8.0e-05, train_loss: 0.3699, train_acc: 0.8728 test_loss: 1.1220, test_acc: 0.7135, best: 0.7216, time: 0:00:40
 Epoch: 299, lr: 8.0e-05, train_loss: 0.3590, train_acc: 0.8804 test_loss: 1.1240, test_acc: 0.7174, best: 0.7216, time: 0:00:40
 Highest accuracy: 0.7216