
 Run on time: 2022-07-01 02:39:03.604282

 Architecture: prepool-resnet18-nlp_headfix2-8

 Pool Config: {
    "arch": "resnet18",
    "conv1": {
        "_conv2d": "norm",
        "pool_cfg": {
            "_ptype": "skip",
            "_stride": 1,
            "_psize": null,
            "_dim_reduced_ratio": null,
            "_num_heads": null,
            "_conv2d": null,
            "_win_norm": null
        }
    },
    "pool": {
        "_conv2d": "norm",
        "pool_cfg": {
            "_ptype": "nlp",
            "_stride": 8,
            "_psize": 2,
            "_dim_reduced_ratio": 1,
            "_num_heads": 2,
            "_conv2d": "norm",
            "_win_norm": true
        }
    },
    "layer1": {
        "_conv2d": "norm",
        "pool_cfg": {
            "_ptype": "skip",
            "_stride": 1,
            "_psize": null,
            "_dim_reduced_ratio": null,
            "_num_heads": null,
            "_conv2d": null,
            "_win_norm": null
        }
    },
    "layer2": {
        "_conv2d": "norm",
        "pool_cfg": {
            "_ptype": "skip",
            "_stride": 2,
            "_psize": null,
            "_dim_reduced_ratio": null,
            "_num_heads": null,
            "_conv2d": null,
            "_win_norm": null
        }
    },
    "layer3": {
        "_conv2d": "norm",
        "pool_cfg": {
            "_ptype": "skip",
            "_stride": 2,
            "_psize": null,
            "_dim_reduced_ratio": null,
            "_num_heads": null,
            "_conv2d": null,
            "_win_norm": null
        }
    },
    "layer4": {
        "_conv2d": "norm",
        "pool_cfg": {
            "_ptype": "skip",
            "_stride": 2,
            "_psize": null,
            "_dim_reduced_ratio": null,
            "_num_heads": null,
            "_conv2d": null,
            "_win_norm": null
        }
    }
}

 Arguments:
	 gpu                  : True
	 log                  : True
	 seed                 : 0
	 momentum             : 0.9
	 amsgrad              : True
	 dataset              : STL10
	 batch_size           : 8
	 architecture         : PREPOOL-RESNET18-NLP_HEADFIX2-8
	 im_size              : None
	 relu_threshold       : 4.0
	 learning_rate        : 0.01
	 pretrained_backbone  : 
	 pretrained_ann       : 
	 weight_decay         : 0.0
	 test_only            : False
	 epochs               : 300
	 lr_interval          : [180, 240, 270]
	 lr_reduce            : 5
	 optimizer            : SGD
	 dropout              : 0.2
	 kernel_size          : 3
	 dont_save            : False
	 visualize            : False
	 devices              : 0
 DataParallel(
  (module): Network(
    (net): ResNet(
      (conv1): Conv2d(3, 64, kernel_size=(7, 7), stride=(1, 1), padding=(3, 3), bias=False)
      (bn1): BatchNorm2d(64, eps=1e-05, momentum=0.1, affine=True, track_running_stats=True)
      (relu): ReLU(inplace=True)
      (pool): Pool2d(
        (logit): Sequential(
          (pool_weight): NLP_BASE(
            (downsample): Sequential(
              (0): Conv2d(64, 64, kernel_size=(2, 2), stride=(2, 2))
              (1): BatchNorm2d(64, eps=1e-05, momentum=0.1, affine=True, track_running_stats=True)
              (2): ReLU(inplace=True)
            )
            (multihead_attn): MultiheadAttention(
              (out_proj): NonDynamicallyQuantizableLinear(in_features=64, out_features=64, bias=True)
            )
            (restore): Sequential(
              (0): Conv2d(64, 64, kernel_size=(1, 1), stride=(1, 1))
              (1): BatchNorm2d(64, eps=1e-05, momentum=0.1, affine=True, track_running_stats=True)
              (2): Sigmoid()
            )
            (pos_embed): PositionEmbeddingLearned(
              (row_embed): Embedding(256, 32)
              (col_embed): Embedding(256, 32)
            )
          )
        )
        (pool): AvgPool2d(kernel_size=8, stride=8, padding=0)
      )
      (layer1): Sequential(
        (0): BasicBlock(
          (conv1): Conv2d(64, 64, kernel_size=(3, 3), stride=(1, 1), padding=(1, 1), bias=False)
          (bn1): BatchNorm2d(64, eps=1e-05, momentum=0.1, affine=True, track_running_stats=True)
          (relu): ReLU(inplace=True)
          (conv2): Conv2d(64, 64, kernel_size=(3, 3), stride=(1, 1), padding=(1, 1), bias=False)
          (bn2): BatchNorm2d(64, eps=1e-05, momentum=0.1, affine=True, track_running_stats=True)
        )
        (1): BasicBlock(
          (conv1): Conv2d(64, 64, kernel_size=(3, 3), stride=(1, 1), padding=(1, 1), bias=False)
          (bn1): BatchNorm2d(64, eps=1e-05, momentum=0.1, affine=True, track_running_stats=True)
          (relu): ReLU(inplace=True)
          (conv2): Conv2d(64, 64, kernel_size=(3, 3), stride=(1, 1), padding=(1, 1), bias=False)
          (bn2): BatchNorm2d(64, eps=1e-05, momentum=0.1, affine=True, track_running_stats=True)
        )
      )
      (layer2): Sequential(
        (0): BasicBlock(
          (conv1): Conv2d(64, 128, kernel_size=(3, 3), stride=(2, 2), padding=(1, 1), bias=False)
          (bn1): BatchNorm2d(128, eps=1e-05, momentum=0.1, affine=True, track_running_stats=True)
          (relu): ReLU(inplace=True)
          (conv2): Conv2d(128, 128, kernel_size=(3, 3), stride=(1, 1), padding=(1, 1), bias=False)
          (bn2): BatchNorm2d(128, eps=1e-05, momentum=0.1, affine=True, track_running_stats=True)
          (downsample): Sequential(
            (0): Conv2d(64, 128, kernel_size=(1, 1), stride=(2, 2), bias=False)
            (1): BatchNorm2d(128, eps=1e-05, momentum=0.1, affine=True, track_running_stats=True)
          )
        )
        (1): BasicBlock(
          (conv1): Conv2d(128, 128, kernel_size=(3, 3), stride=(1, 1), padding=(1, 1), bias=False)
          (bn1): BatchNorm2d(128, eps=1e-05, momentum=0.1, affine=True, track_running_stats=True)
          (relu): ReLU(inplace=True)
          (conv2): Conv2d(128, 128, kernel_size=(3, 3), stride=(1, 1), padding=(1, 1), bias=False)
          (bn2): BatchNorm2d(128, eps=1e-05, momentum=0.1, affine=True, track_running_stats=True)
        )
      )
      (layer3): Sequential(
        (0): BasicBlock(
          (conv1): Conv2d(128, 256, kernel_size=(3, 3), stride=(2, 2), padding=(1, 1), bias=False)
          (bn1): BatchNorm2d(256, eps=1e-05, momentum=0.1, affine=True, track_running_stats=True)
          (relu): ReLU(inplace=True)
          (conv2): Conv2d(256, 256, kernel_size=(3, 3), stride=(1, 1), padding=(1, 1), bias=False)
          (bn2): BatchNorm2d(256, eps=1e-05, momentum=0.1, affine=True, track_running_stats=True)
          (downsample): Sequential(
            (0): Conv2d(128, 256, kernel_size=(1, 1), stride=(2, 2), bias=False)
            (1): BatchNorm2d(256, eps=1e-05, momentum=0.1, affine=True, track_running_stats=True)
          )
        )
        (1): BasicBlock(
          (conv1): Conv2d(256, 256, kernel_size=(3, 3), stride=(1, 1), padding=(1, 1), bias=False)
          (bn1): BatchNorm2d(256, eps=1e-05, momentum=0.1, affine=True, track_running_stats=True)
          (relu): ReLU(inplace=True)
          (conv2): Conv2d(256, 256, kernel_size=(3, 3), stride=(1, 1), padding=(1, 1), bias=False)
          (bn2): BatchNorm2d(256, eps=1e-05, momentum=0.1, affine=True, track_running_stats=True)
        )
      )
      (layer4): Sequential(
        (0): BasicBlock(
          (conv1): Conv2d(256, 512, kernel_size=(3, 3), stride=(2, 2), padding=(1, 1), bias=False)
          (bn1): BatchNorm2d(512, eps=1e-05, momentum=0.1, affine=True, track_running_stats=True)
          (relu): ReLU(inplace=True)
          (conv2): Conv2d(512, 512, kernel_size=(3, 3), stride=(1, 1), padding=(1, 1), bias=False)
          (bn2): BatchNorm2d(512, eps=1e-05, momentum=0.1, affine=True, track_running_stats=True)
          (downsample): Sequential(
            (0): Conv2d(256, 512, kernel_size=(1, 1), stride=(2, 2), bias=False)
            (1): BatchNorm2d(512, eps=1e-05, momentum=0.1, affine=True, track_running_stats=True)
          )
        )
        (1): BasicBlock(
          (conv1): Conv2d(512, 512, kernel_size=(3, 3), stride=(1, 1), padding=(1, 1), bias=False)
          (bn1): BatchNorm2d(512, eps=1e-05, momentum=0.1, affine=True, track_running_stats=True)
          (relu): ReLU(inplace=True)
          (conv2): Conv2d(512, 512, kernel_size=(3, 3), stride=(1, 1), padding=(1, 1), bias=False)
          (bn2): BatchNorm2d(512, eps=1e-05, momentum=0.1, affine=True, track_running_stats=True)
        )
      )
      (avgpool): AdaptiveAvgPool2d(output_size=(1, 1))
      (fc): Linear(in_features=512, out_features=10, bias=True)
    )
  )
)
 SGD (
Parameter Group 0
    dampening: 0
    lr: 0.01
    momentum: 0.9
    nesterov: False
    weight_decay: 0.0
)
 Epoch: 1, lr: 1.0e-02, train_loss: 2.3826, train_acc: 0.1780 test_loss: 2.0698, test_acc: 0.2021, best: 0.2021, time: 0:01:23
 Epoch: 2, lr: 1.0e-02, train_loss: 2.0173, train_acc: 0.2324 test_loss: 1.8595, test_acc: 0.2802, best: 0.2802, time: 0:01:21
 Epoch: 3, lr: 1.0e-02, train_loss: 1.9405, train_acc: 0.2606 test_loss: 1.7001, test_acc: 0.3560, best: 0.3560, time: 0:01:21
 Epoch: 4, lr: 1.0e-02, train_loss: 1.8847, train_acc: 0.2806 test_loss: 1.7391, test_acc: 0.3458, best: 0.3560, time: 0:01:20
 Epoch: 5, lr: 1.0e-02, train_loss: 1.8599, train_acc: 0.2986 test_loss: 1.6159, test_acc: 0.3957, best: 0.3957, time: 0:01:21
 Epoch: 6, lr: 1.0e-02, train_loss: 1.8170, train_acc: 0.3120 test_loss: 1.7208, test_acc: 0.3784, best: 0.3957, time: 0:01:21
 Epoch: 7, lr: 1.0e-02, train_loss: 1.7920, train_acc: 0.3308 test_loss: 1.7432, test_acc: 0.3856, best: 0.3957, time: 0:01:21
 Epoch: 8, lr: 1.0e-02, train_loss: 1.7914, train_acc: 0.3320 test_loss: 1.5747, test_acc: 0.4030, best: 0.4030, time: 0:01:21
 Epoch: 9, lr: 1.0e-02, train_loss: 1.7636, train_acc: 0.3430 test_loss: 1.5031, test_acc: 0.4343, best: 0.4343, time: 0:01:22
 Epoch: 10, lr: 1.0e-02, train_loss: 1.7197, train_acc: 0.3500 test_loss: 1.5421, test_acc: 0.4265, best: 0.4343, time: 0:01:21
 Epoch: 11, lr: 1.0e-02, train_loss: 1.6873, train_acc: 0.3710 test_loss: 1.4485, test_acc: 0.4652, best: 0.4652, time: 0:01:22
 Epoch: 12, lr: 1.0e-02, train_loss: 1.6722, train_acc: 0.3840 test_loss: 1.5385, test_acc: 0.4244, best: 0.4652, time: 0:01:21
 Epoch: 13, lr: 1.0e-02, train_loss: 1.6381, train_acc: 0.3936 test_loss: 1.5263, test_acc: 0.4530, best: 0.4652, time: 0:01:21
 Epoch: 14, lr: 1.0e-02, train_loss: 1.5936, train_acc: 0.4102 test_loss: 1.4794, test_acc: 0.4581, best: 0.4652, time: 0:01:21
 Epoch: 15, lr: 1.0e-02, train_loss: 1.5933, train_acc: 0.4066 test_loss: 1.3862, test_acc: 0.4935, best: 0.4935, time: 0:01:21
 Epoch: 16, lr: 1.0e-02, train_loss: 1.5556, train_acc: 0.4162 test_loss: 1.4988, test_acc: 0.4477, best: 0.4935, time: 0:01:21
 Epoch: 17, lr: 1.0e-02, train_loss: 1.5543, train_acc: 0.4282 test_loss: 1.4176, test_acc: 0.4691, best: 0.4935, time: 0:01:21
 Epoch: 18, lr: 1.0e-02, train_loss: 1.5258, train_acc: 0.4410 test_loss: 1.2922, test_acc: 0.5124, best: 0.5124, time: 0:01:21
 Epoch: 19, lr: 1.0e-02, train_loss: 1.5105, train_acc: 0.4434 test_loss: 1.4330, test_acc: 0.4729, best: 0.5124, time: 0:01:21
 Epoch: 20, lr: 1.0e-02, train_loss: 1.4640, train_acc: 0.4542 test_loss: 1.2663, test_acc: 0.5285, best: 0.5285, time: 0:01:21
 Epoch: 21, lr: 1.0e-02, train_loss: 1.4684, train_acc: 0.4554 test_loss: 1.3392, test_acc: 0.5011, best: 0.5285, time: 0:01:21
 Epoch: 22, lr: 1.0e-02, train_loss: 1.4446, train_acc: 0.4636 test_loss: 1.2868, test_acc: 0.5231, best: 0.5285, time: 0:01:21
 Epoch: 23, lr: 1.0e-02, train_loss: 1.4198, train_acc: 0.4770 test_loss: 1.2438, test_acc: 0.5423, best: 0.5423, time: 0:01:21
 Epoch: 24, lr: 1.0e-02, train_loss: 1.4194, train_acc: 0.4786 test_loss: 1.2227, test_acc: 0.5410, best: 0.5423, time: 0:01:21
 Epoch: 25, lr: 1.0e-02, train_loss: 1.3963, train_acc: 0.4886 test_loss: 1.4685, test_acc: 0.5109, best: 0.5423, time: 0:01:21
 Epoch: 26, lr: 1.0e-02, train_loss: 1.3810, train_acc: 0.4990 test_loss: 1.3201, test_acc: 0.5216, best: 0.5423, time: 0:01:21
 Epoch: 27, lr: 1.0e-02, train_loss: 1.3630, train_acc: 0.5096 test_loss: 1.1939, test_acc: 0.5660, best: 0.5660, time: 0:01:21
 Epoch: 28, lr: 1.0e-02, train_loss: 1.3449, train_acc: 0.5122 test_loss: 1.2213, test_acc: 0.5624, best: 0.5660, time: 0:01:21
 Epoch: 29, lr: 1.0e-02, train_loss: 1.3266, train_acc: 0.5084 test_loss: 1.3023, test_acc: 0.5473, best: 0.5660, time: 0:01:21
 Epoch: 30, lr: 1.0e-02, train_loss: 1.3214, train_acc: 0.5144 test_loss: 1.1679, test_acc: 0.5706, best: 0.5706, time: 0:01:21
 Epoch: 31, lr: 1.0e-02, train_loss: 1.3229, train_acc: 0.5160 test_loss: 1.2194, test_acc: 0.5641, best: 0.5706, time: 0:01:21
 Epoch: 32, lr: 1.0e-02, train_loss: 1.2880, train_acc: 0.5334 test_loss: 1.1003, test_acc: 0.6049, best: 0.6049, time: 0:01:21
 Epoch: 33, lr: 1.0e-02, train_loss: 1.2901, train_acc: 0.5280 test_loss: 1.2097, test_acc: 0.5760, best: 0.6049, time: 0:01:21
 Epoch: 34, lr: 1.0e-02, train_loss: 1.2645, train_acc: 0.5380 test_loss: 1.1553, test_acc: 0.5839, best: 0.6049, time: 0:01:21
 Epoch: 35, lr: 1.0e-02, train_loss: 1.2531, train_acc: 0.5498 test_loss: 1.1380, test_acc: 0.5959, best: 0.6049, time: 0:01:21
 Epoch: 36, lr: 1.0e-02, train_loss: 1.2591, train_acc: 0.5466 test_loss: 1.1285, test_acc: 0.5859, best: 0.6049, time: 0:01:21
 Epoch: 37, lr: 1.0e-02, train_loss: 1.2273, train_acc: 0.5462 test_loss: 1.1281, test_acc: 0.5990, best: 0.6049, time: 0:01:21
 Epoch: 38, lr: 1.0e-02, train_loss: 1.2335, train_acc: 0.5598 test_loss: 1.1459, test_acc: 0.5945, best: 0.6049, time: 0:01:21
 Epoch: 39, lr: 1.0e-02, train_loss: 1.2095, train_acc: 0.5626 test_loss: 1.1875, test_acc: 0.5780, best: 0.6049, time: 0:01:21
 Epoch: 40, lr: 1.0e-02, train_loss: 1.2154, train_acc: 0.5618 test_loss: 1.1931, test_acc: 0.5760, best: 0.6049, time: 0:01:21
 Epoch: 41, lr: 1.0e-02, train_loss: 1.1926, train_acc: 0.5708 test_loss: 1.0918, test_acc: 0.6129, best: 0.6129, time: 0:01:21
 Epoch: 42, lr: 1.0e-02, train_loss: 1.1848, train_acc: 0.5550 test_loss: 1.1591, test_acc: 0.5962, best: 0.6129, time: 0:01:21
 Epoch: 43, lr: 1.0e-02, train_loss: 1.1818, train_acc: 0.5700 test_loss: 1.0901, test_acc: 0.6040, best: 0.6129, time: 0:01:21
 Epoch: 44, lr: 1.0e-02, train_loss: 1.1821, train_acc: 0.5648 test_loss: 1.1212, test_acc: 0.6072, best: 0.6129, time: 0:01:21
 Epoch: 45, lr: 1.0e-02, train_loss: 1.1496, train_acc: 0.5892 test_loss: 1.0212, test_acc: 0.6399, best: 0.6399, time: 0:01:21
 Epoch: 46, lr: 1.0e-02, train_loss: 1.1574, train_acc: 0.5814 test_loss: 1.1771, test_acc: 0.5933, best: 0.6399, time: 0:01:21
 Epoch: 47, lr: 1.0e-02, train_loss: 1.1396, train_acc: 0.5828 test_loss: 1.1503, test_acc: 0.5905, best: 0.6399, time: 0:01:21
 Epoch: 48, lr: 1.0e-02, train_loss: 1.1492, train_acc: 0.5902 test_loss: 1.1107, test_acc: 0.6079, best: 0.6399, time: 0:01:21
 Epoch: 49, lr: 1.0e-02, train_loss: 1.1251, train_acc: 0.6000 test_loss: 1.0389, test_acc: 0.6315, best: 0.6399, time: 0:01:21
 Epoch: 50, lr: 1.0e-02, train_loss: 1.0948, train_acc: 0.6060 test_loss: 1.0318, test_acc: 0.6309, best: 0.6399, time: 0:01:21
 Epoch: 51, lr: 1.0e-02, train_loss: 1.1197, train_acc: 0.5968 test_loss: 1.0495, test_acc: 0.6332, best: 0.6399, time: 0:01:21
 Epoch: 52, lr: 1.0e-02, train_loss: 1.0948, train_acc: 0.6072 test_loss: 1.0640, test_acc: 0.6261, best: 0.6399, time: 0:01:21
 Epoch: 53, lr: 1.0e-02, train_loss: 1.1120, train_acc: 0.5972 test_loss: 1.0908, test_acc: 0.6204, best: 0.6399, time: 0:01:21
 Epoch: 54, lr: 1.0e-02, train_loss: 1.1039, train_acc: 0.6068 test_loss: 1.1509, test_acc: 0.6141, best: 0.6399, time: 0:01:21
 Epoch: 55, lr: 1.0e-02, train_loss: 1.1192, train_acc: 0.5986 test_loss: 1.0723, test_acc: 0.6210, best: 0.6399, time: 0:01:21
 Epoch: 56, lr: 1.0e-02, train_loss: 1.0794, train_acc: 0.6072 test_loss: 1.0413, test_acc: 0.6342, best: 0.6399, time: 0:01:21
 Epoch: 57, lr: 1.0e-02, train_loss: 1.0512, train_acc: 0.6224 test_loss: 0.9934, test_acc: 0.6515, best: 0.6515, time: 0:01:21
 Epoch: 58, lr: 1.0e-02, train_loss: 1.0540, train_acc: 0.6178 test_loss: 1.0964, test_acc: 0.6259, best: 0.6515, time: 0:01:21
 Epoch: 59, lr: 1.0e-02, train_loss: 1.0438, train_acc: 0.6302 test_loss: 0.9946, test_acc: 0.6489, best: 0.6515, time: 0:01:21
 Epoch: 60, lr: 1.0e-02, train_loss: 1.0348, train_acc: 0.6280 test_loss: 1.0657, test_acc: 0.6306, best: 0.6515, time: 0:01:21
 Epoch: 61, lr: 1.0e-02, train_loss: 1.0404, train_acc: 0.6318 test_loss: 1.0782, test_acc: 0.6245, best: 0.6515, time: 0:01:21
 Epoch: 62, lr: 1.0e-02, train_loss: 1.0283, train_acc: 0.6312 test_loss: 1.0895, test_acc: 0.6166, best: 0.6515, time: 0:01:21
 Epoch: 63, lr: 1.0e-02, train_loss: 1.0321, train_acc: 0.6326 test_loss: 1.0773, test_acc: 0.6362, best: 0.6515, time: 0:01:21
 Epoch: 64, lr: 1.0e-02, train_loss: 0.9925, train_acc: 0.6426 test_loss: 1.0758, test_acc: 0.6350, best: 0.6515, time: 0:01:21
 Epoch: 65, lr: 1.0e-02, train_loss: 0.9946, train_acc: 0.6394 test_loss: 1.0243, test_acc: 0.6416, best: 0.6515, time: 0:01:21
 Epoch: 66, lr: 1.0e-02, train_loss: 0.9940, train_acc: 0.6402 test_loss: 1.0350, test_acc: 0.6358, best: 0.6515, time: 0:01:21
 Epoch: 67, lr: 1.0e-02, train_loss: 0.9650, train_acc: 0.6568 test_loss: 1.0182, test_acc: 0.6531, best: 0.6531, time: 0:01:21
 Epoch: 68, lr: 1.0e-02, train_loss: 0.9722, train_acc: 0.6518 test_loss: 1.0715, test_acc: 0.6390, best: 0.6531, time: 0:01:21
 Epoch: 69, lr: 1.0e-02, train_loss: 0.9900, train_acc: 0.6514 test_loss: 1.0033, test_acc: 0.6585, best: 0.6585, time: 0:01:21
 Epoch: 70, lr: 1.0e-02, train_loss: 0.9814, train_acc: 0.6486 test_loss: 1.0615, test_acc: 0.6369, best: 0.6585, time: 0:01:21
 Epoch: 71, lr: 1.0e-02, train_loss: 0.9672, train_acc: 0.6574 test_loss: 1.0440, test_acc: 0.6420, best: 0.6585, time: 0:01:21
 Epoch: 72, lr: 1.0e-02, train_loss: 0.9458, train_acc: 0.6678 test_loss: 1.0049, test_acc: 0.6600, best: 0.6600, time: 0:01:21
 Epoch: 73, lr: 1.0e-02, train_loss: 0.9771, train_acc: 0.6468 test_loss: 0.9826, test_acc: 0.6635, best: 0.6635, time: 0:01:21
 Epoch: 74, lr: 1.0e-02, train_loss: 0.9577, train_acc: 0.6550 test_loss: 1.0616, test_acc: 0.6440, best: 0.6635, time: 0:01:21
 Epoch: 75, lr: 1.0e-02, train_loss: 0.9425, train_acc: 0.6658 test_loss: 1.0569, test_acc: 0.6480, best: 0.6635, time: 0:01:21
 Epoch: 76, lr: 1.0e-02, train_loss: 0.9388, train_acc: 0.6580 test_loss: 1.0208, test_acc: 0.6535, best: 0.6635, time: 0:01:21
 Epoch: 77, lr: 1.0e-02, train_loss: 0.9236, train_acc: 0.6666 test_loss: 1.0987, test_acc: 0.6470, best: 0.6635, time: 0:01:21
 Epoch: 78, lr: 1.0e-02, train_loss: 0.9273, train_acc: 0.6600 test_loss: 1.0725, test_acc: 0.6444, best: 0.6635, time: 0:01:21
 Epoch: 79, lr: 1.0e-02, train_loss: 0.9329, train_acc: 0.6676 test_loss: 0.9535, test_acc: 0.6786, best: 0.6786, time: 0:01:21
 Epoch: 80, lr: 1.0e-02, train_loss: 0.9063, train_acc: 0.6784 test_loss: 0.9645, test_acc: 0.6649, best: 0.6786, time: 0:01:21
 Epoch: 81, lr: 1.0e-02, train_loss: 0.9199, train_acc: 0.6736 test_loss: 1.0113, test_acc: 0.6627, best: 0.6786, time: 0:01:21
 Epoch: 82, lr: 1.0e-02, train_loss: 0.8811, train_acc: 0.6876 test_loss: 1.0216, test_acc: 0.6634, best: 0.6786, time: 0:01:21
 Epoch: 83, lr: 1.0e-02, train_loss: 0.9098, train_acc: 0.6876 test_loss: 0.9904, test_acc: 0.6635, best: 0.6786, time: 0:01:21
 Epoch: 84, lr: 1.0e-02, train_loss: 0.8870, train_acc: 0.6874 test_loss: 0.9759, test_acc: 0.6751, best: 0.6786, time: 0:01:21
 Epoch: 85, lr: 1.0e-02, train_loss: 0.8835, train_acc: 0.6882 test_loss: 0.9797, test_acc: 0.6687, best: 0.6786, time: 0:01:21
 Epoch: 86, lr: 1.0e-02, train_loss: 0.8918, train_acc: 0.6868 test_loss: 1.0279, test_acc: 0.6485, best: 0.6786, time: 0:01:21
 Epoch: 87, lr: 1.0e-02, train_loss: 0.8632, train_acc: 0.6916 test_loss: 1.1295, test_acc: 0.6448, best: 0.6786, time: 0:01:21
 Epoch: 88, lr: 1.0e-02, train_loss: 0.8870, train_acc: 0.6862 test_loss: 0.9813, test_acc: 0.6691, best: 0.6786, time: 0:01:21
 Epoch: 89, lr: 1.0e-02, train_loss: 0.8916, train_acc: 0.6836 test_loss: 0.9908, test_acc: 0.6681, best: 0.6786, time: 0:01:21
 Epoch: 90, lr: 1.0e-02, train_loss: 0.8541, train_acc: 0.6946 test_loss: 1.0319, test_acc: 0.6574, best: 0.6786, time: 0:01:21
 Epoch: 91, lr: 1.0e-02, train_loss: 0.8746, train_acc: 0.6816 test_loss: 0.9891, test_acc: 0.6714, best: 0.6786, time: 0:01:21
 Epoch: 92, lr: 1.0e-02, train_loss: 0.8583, train_acc: 0.6876 test_loss: 1.0752, test_acc: 0.6594, best: 0.6786, time: 0:01:21
 Epoch: 93, lr: 1.0e-02, train_loss: 0.8465, train_acc: 0.6982 test_loss: 1.0323, test_acc: 0.6570, best: 0.6786, time: 0:01:21
 Epoch: 94, lr: 1.0e-02, train_loss: 0.8492, train_acc: 0.7064 test_loss: 1.0915, test_acc: 0.6489, best: 0.6786, time: 0:01:21
 Epoch: 95, lr: 1.0e-02, train_loss: 0.8215, train_acc: 0.7118 test_loss: 0.9489, test_acc: 0.6811, best: 0.6811, time: 0:01:21
 Epoch: 96, lr: 1.0e-02, train_loss: 0.8442, train_acc: 0.7038 test_loss: 0.9978, test_acc: 0.6724, best: 0.6811, time: 0:01:21
 Epoch: 97, lr: 1.0e-02, train_loss: 0.8244, train_acc: 0.7030 test_loss: 0.9683, test_acc: 0.6785, best: 0.6811, time: 0:01:21
 Epoch: 98, lr: 1.0e-02, train_loss: 0.8387, train_acc: 0.7006 test_loss: 0.9140, test_acc: 0.6865, best: 0.6865, time: 0:01:21
 Epoch: 99, lr: 1.0e-02, train_loss: 0.8225, train_acc: 0.7116 test_loss: 1.0392, test_acc: 0.6639, best: 0.6865, time: 0:01:21
 Epoch: 100, lr: 1.0e-02, train_loss: 0.8367, train_acc: 0.7074 test_loss: 0.9802, test_acc: 0.6763, best: 0.6865, time: 0:01:21
 Epoch: 101, lr: 1.0e-02, train_loss: 0.8106, train_acc: 0.7126 test_loss: 0.9936, test_acc: 0.6725, best: 0.6865, time: 0:01:21
 Epoch: 102, lr: 1.0e-02, train_loss: 0.8276, train_acc: 0.7038 test_loss: 1.0486, test_acc: 0.6660, best: 0.6865, time: 0:01:21
 Epoch: 103, lr: 1.0e-02, train_loss: 0.8025, train_acc: 0.7142 test_loss: 1.0405, test_acc: 0.6649, best: 0.6865, time: 0:01:21
 Epoch: 104, lr: 1.0e-02, train_loss: 0.8146, train_acc: 0.7176 test_loss: 1.0207, test_acc: 0.6723, best: 0.6865, time: 0:01:21
 Epoch: 105, lr: 1.0e-02, train_loss: 0.8114, train_acc: 0.7134 test_loss: 0.9556, test_acc: 0.6781, best: 0.6865, time: 0:01:21
 Epoch: 106, lr: 1.0e-02, train_loss: 0.7808, train_acc: 0.7266 test_loss: 1.0003, test_acc: 0.6729, best: 0.6865, time: 0:01:21
 Epoch: 107, lr: 1.0e-02, train_loss: 0.7846, train_acc: 0.7156 test_loss: 1.0164, test_acc: 0.6665, best: 0.6865, time: 0:01:21
 Epoch: 108, lr: 1.0e-02, train_loss: 0.7902, train_acc: 0.7216 test_loss: 1.1779, test_acc: 0.6406, best: 0.6865, time: 0:01:21
 Epoch: 109, lr: 1.0e-02, train_loss: 0.7672, train_acc: 0.7238 test_loss: 1.0621, test_acc: 0.6623, best: 0.6865, time: 0:01:21
 Epoch: 110, lr: 1.0e-02, train_loss: 0.7594, train_acc: 0.7320 test_loss: 1.0582, test_acc: 0.6591, best: 0.6865, time: 0:01:21
 Epoch: 111, lr: 1.0e-02, train_loss: 0.7933, train_acc: 0.7248 test_loss: 0.9282, test_acc: 0.6904, best: 0.6904, time: 0:01:21
 Epoch: 112, lr: 1.0e-02, train_loss: 0.7846, train_acc: 0.7172 test_loss: 0.9630, test_acc: 0.6830, best: 0.6904, time: 0:01:21
 Epoch: 113, lr: 1.0e-02, train_loss: 0.7635, train_acc: 0.7282 test_loss: 0.9966, test_acc: 0.6771, best: 0.6904, time: 0:01:21
 Epoch: 114, lr: 1.0e-02, train_loss: 0.7487, train_acc: 0.7324 test_loss: 1.0081, test_acc: 0.6743, best: 0.6904, time: 0:01:21
 Epoch: 115, lr: 1.0e-02, train_loss: 0.7658, train_acc: 0.7246 test_loss: 1.0368, test_acc: 0.6719, best: 0.6904, time: 0:01:21
 Epoch: 116, lr: 1.0e-02, train_loss: 0.7340, train_acc: 0.7406 test_loss: 1.0178, test_acc: 0.6786, best: 0.6904, time: 0:01:21
 Epoch: 117, lr: 1.0e-02, train_loss: 0.7565, train_acc: 0.7298 test_loss: 0.9747, test_acc: 0.6863, best: 0.6904, time: 0:01:21
 Epoch: 118, lr: 1.0e-02, train_loss: 0.7232, train_acc: 0.7408 test_loss: 1.0730, test_acc: 0.6691, best: 0.6904, time: 0:01:21
 Epoch: 119, lr: 1.0e-02, train_loss: 0.7471, train_acc: 0.7410 test_loss: 1.0752, test_acc: 0.6683, best: 0.6904, time: 0:01:21
 Epoch: 120, lr: 1.0e-02, train_loss: 0.7403, train_acc: 0.7388 test_loss: 0.9985, test_acc: 0.6827, best: 0.6904, time: 0:01:21
 Epoch: 121, lr: 1.0e-02, train_loss: 0.7251, train_acc: 0.7422 test_loss: 1.0172, test_acc: 0.6820, best: 0.6904, time: 0:01:21
 Epoch: 122, lr: 1.0e-02, train_loss: 0.7446, train_acc: 0.7360 test_loss: 1.0334, test_acc: 0.6715, best: 0.6904, time: 0:01:21
 Epoch: 123, lr: 1.0e-02, train_loss: 0.7460, train_acc: 0.7328 test_loss: 1.0966, test_acc: 0.6625, best: 0.6904, time: 0:01:21
 Epoch: 124, lr: 1.0e-02, train_loss: 0.7202, train_acc: 0.7446 test_loss: 0.9786, test_acc: 0.6944, best: 0.6944, time: 0:01:21
 Epoch: 125, lr: 1.0e-02, train_loss: 0.7119, train_acc: 0.7496 test_loss: 0.9809, test_acc: 0.6883, best: 0.6944, time: 0:01:21
 Epoch: 126, lr: 1.0e-02, train_loss: 0.7167, train_acc: 0.7520 test_loss: 0.9601, test_acc: 0.6981, best: 0.6981, time: 0:01:21
 Epoch: 127, lr: 1.0e-02, train_loss: 0.7213, train_acc: 0.7422 test_loss: 0.9288, test_acc: 0.6993, best: 0.6993, time: 0:01:21
 Epoch: 128, lr: 1.0e-02, train_loss: 0.7220, train_acc: 0.7462 test_loss: 0.9751, test_acc: 0.6901, best: 0.6993, time: 0:01:21
 Epoch: 129, lr: 1.0e-02, train_loss: 0.6953, train_acc: 0.7534 test_loss: 1.0692, test_acc: 0.6783, best: 0.6993, time: 0:01:21
 Epoch: 130, lr: 1.0e-02, train_loss: 0.6922, train_acc: 0.7546 test_loss: 0.9917, test_acc: 0.6936, best: 0.6993, time: 0:01:21
 Epoch: 131, lr: 1.0e-02, train_loss: 0.7437, train_acc: 0.7448 test_loss: 1.0040, test_acc: 0.6871, best: 0.6993, time: 0:01:21
 Epoch: 132, lr: 1.0e-02, train_loss: 0.7111, train_acc: 0.7566 test_loss: 1.0818, test_acc: 0.6757, best: 0.6993, time: 0:01:21
 Epoch: 133, lr: 1.0e-02, train_loss: 0.6792, train_acc: 0.7710 test_loss: 1.0734, test_acc: 0.6749, best: 0.6993, time: 0:01:21
 Epoch: 134, lr: 1.0e-02, train_loss: 0.6846, train_acc: 0.7560 test_loss: 0.9935, test_acc: 0.6873, best: 0.6993, time: 0:01:21
 Epoch: 135, lr: 1.0e-02, train_loss: 0.6855, train_acc: 0.7630 test_loss: 1.0604, test_acc: 0.6783, best: 0.6993, time: 0:01:21
 Epoch: 136, lr: 1.0e-02, train_loss: 0.6775, train_acc: 0.7648 test_loss: 1.0702, test_acc: 0.6783, best: 0.6993, time: 0:01:21
 Epoch: 137, lr: 1.0e-02, train_loss: 0.6762, train_acc: 0.7640 test_loss: 1.0253, test_acc: 0.6815, best: 0.6993, time: 0:01:21
 Epoch: 138, lr: 1.0e-02, train_loss: 0.6738, train_acc: 0.7656 test_loss: 1.0232, test_acc: 0.6869, best: 0.6993, time: 0:01:21
 Epoch: 139, lr: 1.0e-02, train_loss: 0.6917, train_acc: 0.7612 test_loss: 1.1453, test_acc: 0.6531, best: 0.6993, time: 0:01:21
 Epoch: 140, lr: 1.0e-02, train_loss: 0.6806, train_acc: 0.7626 test_loss: 1.0166, test_acc: 0.6867, best: 0.6993, time: 0:01:21
 Epoch: 141, lr: 1.0e-02, train_loss: 0.7015, train_acc: 0.7548 test_loss: 1.0916, test_acc: 0.6779, best: 0.6993, time: 0:01:21
 Epoch: 142, lr: 1.0e-02, train_loss: 0.6752, train_acc: 0.7646 test_loss: 0.9947, test_acc: 0.6896, best: 0.6993, time: 0:01:21
 Epoch: 143, lr: 1.0e-02, train_loss: 0.6763, train_acc: 0.7644 test_loss: 1.0128, test_acc: 0.6871, best: 0.6993, time: 0:01:21
 Epoch: 144, lr: 1.0e-02, train_loss: 0.6487, train_acc: 0.7634 test_loss: 1.0236, test_acc: 0.6919, best: 0.6993, time: 0:01:21
 Epoch: 145, lr: 1.0e-02, train_loss: 0.6576, train_acc: 0.7722 test_loss: 1.0119, test_acc: 0.6884, best: 0.6993, time: 0:01:21
 Epoch: 146, lr: 1.0e-02, train_loss: 0.6745, train_acc: 0.7666 test_loss: 1.0512, test_acc: 0.6729, best: 0.6993, time: 0:01:21
 Epoch: 147, lr: 1.0e-02, train_loss: 0.6320, train_acc: 0.7832 test_loss: 1.0896, test_acc: 0.6671, best: 0.6993, time: 0:01:21
 Epoch: 148, lr: 1.0e-02, train_loss: 0.6687, train_acc: 0.7630 test_loss: 1.0057, test_acc: 0.6863, best: 0.6993, time: 0:01:21
 Epoch: 149, lr: 1.0e-02, train_loss: 0.6500, train_acc: 0.7724 test_loss: 1.0534, test_acc: 0.6797, best: 0.6993, time: 0:01:21
 Epoch: 150, lr: 1.0e-02, train_loss: 0.6410, train_acc: 0.7798 test_loss: 1.0074, test_acc: 0.6965, best: 0.6993, time: 0:01:21
 Epoch: 151, lr: 1.0e-02, train_loss: 0.6452, train_acc: 0.7768 test_loss: 1.0531, test_acc: 0.6824, best: 0.6993, time: 0:01:21
 Epoch: 152, lr: 1.0e-02, train_loss: 0.6626, train_acc: 0.7672 test_loss: 1.0418, test_acc: 0.6753, best: 0.6993, time: 0:01:21
 Epoch: 153, lr: 1.0e-02, train_loss: 0.6616, train_acc: 0.7722 test_loss: 1.0893, test_acc: 0.6814, best: 0.6993, time: 0:01:21
 Epoch: 154, lr: 1.0e-02, train_loss: 0.6326, train_acc: 0.7830 test_loss: 1.0067, test_acc: 0.6969, best: 0.6993, time: 0:01:21
 Epoch: 155, lr: 1.0e-02, train_loss: 0.6485, train_acc: 0.7732 test_loss: 1.0914, test_acc: 0.6889, best: 0.6993, time: 0:01:21
 Epoch: 156, lr: 1.0e-02, train_loss: 0.6418, train_acc: 0.7790 test_loss: 0.9986, test_acc: 0.6957, best: 0.6993, time: 0:01:21
 Epoch: 157, lr: 1.0e-02, train_loss: 0.6324, train_acc: 0.7802 test_loss: 1.0606, test_acc: 0.6834, best: 0.6993, time: 0:01:21
 Epoch: 158, lr: 1.0e-02, train_loss: 0.6241, train_acc: 0.7948 test_loss: 1.0982, test_acc: 0.6927, best: 0.6993, time: 0:01:21
 Epoch: 159, lr: 1.0e-02, train_loss: 0.6348, train_acc: 0.7768 test_loss: 1.0441, test_acc: 0.6861, best: 0.6993, time: 0:01:21
 Epoch: 160, lr: 1.0e-02, train_loss: 0.6210, train_acc: 0.7898 test_loss: 1.0592, test_acc: 0.6897, best: 0.6993, time: 0:01:21
 Epoch: 161, lr: 1.0e-02, train_loss: 0.6136, train_acc: 0.7876 test_loss: 1.0689, test_acc: 0.6831, best: 0.6993, time: 0:01:21
 Epoch: 162, lr: 1.0e-02, train_loss: 0.6077, train_acc: 0.7926 test_loss: 1.0440, test_acc: 0.6903, best: 0.6993, time: 0:01:21
 Epoch: 163, lr: 1.0e-02, train_loss: 0.5875, train_acc: 0.7980 test_loss: 1.1008, test_acc: 0.6910, best: 0.6993, time: 0:01:21
 Epoch: 164, lr: 1.0e-02, train_loss: 0.6037, train_acc: 0.7976 test_loss: 1.0606, test_acc: 0.6865, best: 0.6993, time: 0:01:21
 Epoch: 165, lr: 1.0e-02, train_loss: 0.6030, train_acc: 0.7912 test_loss: 0.9992, test_acc: 0.7006, best: 0.7006, time: 0:01:21
 Epoch: 166, lr: 1.0e-02, train_loss: 0.6102, train_acc: 0.7856 test_loss: 1.0704, test_acc: 0.6864, best: 0.7006, time: 0:01:21
 Epoch: 167, lr: 1.0e-02, train_loss: 0.6301, train_acc: 0.7846 test_loss: 1.0204, test_acc: 0.6935, best: 0.7006, time: 0:01:21
 Epoch: 168, lr: 1.0e-02, train_loss: 0.5961, train_acc: 0.8014 test_loss: 1.1723, test_acc: 0.6674, best: 0.7006, time: 0:01:21
 Epoch: 169, lr: 1.0e-02, train_loss: 0.6094, train_acc: 0.7874 test_loss: 1.0774, test_acc: 0.6893, best: 0.7006, time: 0:01:21
 Epoch: 170, lr: 1.0e-02, train_loss: 0.5961, train_acc: 0.7924 test_loss: 1.1158, test_acc: 0.6774, best: 0.7006, time: 0:01:21
 Epoch: 171, lr: 1.0e-02, train_loss: 0.5960, train_acc: 0.7922 test_loss: 1.0388, test_acc: 0.6955, best: 0.7006, time: 0:01:21
 Epoch: 172, lr: 1.0e-02, train_loss: 0.5981, train_acc: 0.7942 test_loss: 1.1294, test_acc: 0.6714, best: 0.7006, time: 0:01:21
 Epoch: 173, lr: 1.0e-02, train_loss: 0.6106, train_acc: 0.7886 test_loss: 1.0593, test_acc: 0.6983, best: 0.7006, time: 0:01:21
 Epoch: 174, lr: 1.0e-02, train_loss: 0.5967, train_acc: 0.7950 test_loss: 1.1006, test_acc: 0.6829, best: 0.7006, time: 0:01:21
 Epoch: 175, lr: 1.0e-02, train_loss: 0.5842, train_acc: 0.7970 test_loss: 1.0357, test_acc: 0.7040, best: 0.7040, time: 0:01:21
 Epoch: 176, lr: 1.0e-02, train_loss: 0.5900, train_acc: 0.8006 test_loss: 1.1040, test_acc: 0.6801, best: 0.7040, time: 0:01:21
 Epoch: 177, lr: 1.0e-02, train_loss: 0.5946, train_acc: 0.7982 test_loss: 1.0464, test_acc: 0.6955, best: 0.7040, time: 0:01:21
 Epoch: 178, lr: 1.0e-02, train_loss: 0.5950, train_acc: 0.7920 test_loss: 1.0759, test_acc: 0.6991, best: 0.7040, time: 0:01:21
 Epoch: 179, lr: 1.0e-02, train_loss: 0.5926, train_acc: 0.7876 test_loss: 1.0661, test_acc: 0.6986, best: 0.7040, time: 0:01:21
 Epoch: 180, lr: 2.0e-03, train_loss: 0.5310, train_acc: 0.8214 test_loss: 1.0227, test_acc: 0.7106, best: 0.7106, time: 0:01:21
 Epoch: 181, lr: 2.0e-03, train_loss: 0.4818, train_acc: 0.8394 test_loss: 1.0228, test_acc: 0.7136, best: 0.7136, time: 0:01:21
 Epoch: 182, lr: 2.0e-03, train_loss: 0.4861, train_acc: 0.8356 test_loss: 0.9964, test_acc: 0.7166, best: 0.7166, time: 0:01:21
 Epoch: 183, lr: 2.0e-03, train_loss: 0.4716, train_acc: 0.8356 test_loss: 0.9951, test_acc: 0.7103, best: 0.7166, time: 0:01:21
 Epoch: 184, lr: 2.0e-03, train_loss: 0.4803, train_acc: 0.8394 test_loss: 1.0003, test_acc: 0.7125, best: 0.7166, time: 0:01:21
 Epoch: 185, lr: 2.0e-03, train_loss: 0.4796, train_acc: 0.8418 test_loss: 1.0448, test_acc: 0.7083, best: 0.7166, time: 0:01:21
 Epoch: 186, lr: 2.0e-03, train_loss: 0.4665, train_acc: 0.8412 test_loss: 0.9997, test_acc: 0.7139, best: 0.7166, time: 0:01:21
 Epoch: 187, lr: 2.0e-03, train_loss: 0.4422, train_acc: 0.8530 test_loss: 1.0145, test_acc: 0.7154, best: 0.7166, time: 0:01:21
 Epoch: 188, lr: 2.0e-03, train_loss: 0.4501, train_acc: 0.8476 test_loss: 1.0122, test_acc: 0.7173, best: 0.7173, time: 0:01:21
 Epoch: 189, lr: 2.0e-03, train_loss: 0.4736, train_acc: 0.8420 test_loss: 1.0351, test_acc: 0.7113, best: 0.7173, time: 0:01:21
 Epoch: 190, lr: 2.0e-03, train_loss: 0.4401, train_acc: 0.8504 test_loss: 1.0471, test_acc: 0.7049, best: 0.7173, time: 0:01:21
 Epoch: 191, lr: 2.0e-03, train_loss: 0.4680, train_acc: 0.8390 test_loss: 1.0120, test_acc: 0.7127, best: 0.7173, time: 0:01:21
 Epoch: 192, lr: 2.0e-03, train_loss: 0.4261, train_acc: 0.8530 test_loss: 1.0576, test_acc: 0.7085, best: 0.7173, time: 0:01:21
 Epoch: 193, lr: 2.0e-03, train_loss: 0.4410, train_acc: 0.8536 test_loss: 1.0484, test_acc: 0.7070, best: 0.7173, time: 0:01:21
 Epoch: 194, lr: 2.0e-03, train_loss: 0.4553, train_acc: 0.8406 test_loss: 1.0406, test_acc: 0.7103, best: 0.7173, time: 0:01:21
 Epoch: 195, lr: 2.0e-03, train_loss: 0.4304, train_acc: 0.8584 test_loss: 1.0328, test_acc: 0.7065, best: 0.7173, time: 0:01:21
 Epoch: 196, lr: 2.0e-03, train_loss: 0.4337, train_acc: 0.8562 test_loss: 1.0590, test_acc: 0.7134, best: 0.7173, time: 0:01:21
 Epoch: 197, lr: 2.0e-03, train_loss: 0.4578, train_acc: 0.8486 test_loss: 1.0249, test_acc: 0.7134, best: 0.7173, time: 0:01:21
 Epoch: 198, lr: 2.0e-03, train_loss: 0.4156, train_acc: 0.8582 test_loss: 1.0622, test_acc: 0.7163, best: 0.7173, time: 0:01:21
 Epoch: 199, lr: 2.0e-03, train_loss: 0.4065, train_acc: 0.8618 test_loss: 1.0427, test_acc: 0.7137, best: 0.7173, time: 0:01:21
 Epoch: 200, lr: 2.0e-03, train_loss: 0.4274, train_acc: 0.8528 test_loss: 1.0542, test_acc: 0.7143, best: 0.7173, time: 0:01:21
 Epoch: 201, lr: 2.0e-03, train_loss: 0.4331, train_acc: 0.8520 test_loss: 1.0650, test_acc: 0.7064, best: 0.7173, time: 0:01:21
 Epoch: 202, lr: 2.0e-03, train_loss: 0.4373, train_acc: 0.8458 test_loss: 1.0592, test_acc: 0.7127, best: 0.7173, time: 0:01:21
 Epoch: 203, lr: 2.0e-03, train_loss: 0.4092, train_acc: 0.8568 test_loss: 1.0551, test_acc: 0.7129, best: 0.7173, time: 0:01:21
 Epoch: 204, lr: 2.0e-03, train_loss: 0.4235, train_acc: 0.8586 test_loss: 1.0605, test_acc: 0.7103, best: 0.7173, time: 0:01:21
 Epoch: 205, lr: 2.0e-03, train_loss: 0.4358, train_acc: 0.8474 test_loss: 1.0479, test_acc: 0.7109, best: 0.7173, time: 0:01:21
 Epoch: 206, lr: 2.0e-03, train_loss: 0.4093, train_acc: 0.8632 test_loss: 1.0842, test_acc: 0.7144, best: 0.7173, time: 0:01:21
 Epoch: 207, lr: 2.0e-03, train_loss: 0.4136, train_acc: 0.8618 test_loss: 1.0500, test_acc: 0.7153, best: 0.7173, time: 0:01:21
 Epoch: 208, lr: 2.0e-03, train_loss: 0.4226, train_acc: 0.8556 test_loss: 1.0711, test_acc: 0.7133, best: 0.7173, time: 0:01:21
 Epoch: 209, lr: 2.0e-03, train_loss: 0.4119, train_acc: 0.8626 test_loss: 1.0595, test_acc: 0.7177, best: 0.7177, time: 0:01:21
 Epoch: 210, lr: 2.0e-03, train_loss: 0.4043, train_acc: 0.8616 test_loss: 1.0607, test_acc: 0.7127, best: 0.7177, time: 0:01:21
 Epoch: 211, lr: 2.0e-03, train_loss: 0.4202, train_acc: 0.8584 test_loss: 1.0559, test_acc: 0.7140, best: 0.7177, time: 0:01:21
 Epoch: 212, lr: 2.0e-03, train_loss: 0.4159, train_acc: 0.8566 test_loss: 1.0691, test_acc: 0.7174, best: 0.7177, time: 0:01:21
 Epoch: 213, lr: 2.0e-03, train_loss: 0.4135, train_acc: 0.8594 test_loss: 1.0525, test_acc: 0.7164, best: 0.7177, time: 0:01:21
 Epoch: 214, lr: 2.0e-03, train_loss: 0.4093, train_acc: 0.8596 test_loss: 1.0452, test_acc: 0.7161, best: 0.7177, time: 0:01:21
 Epoch: 215, lr: 2.0e-03, train_loss: 0.4269, train_acc: 0.8538 test_loss: 1.0905, test_acc: 0.7106, best: 0.7177, time: 0:01:21
 Epoch: 216, lr: 2.0e-03, train_loss: 0.4085, train_acc: 0.8652 test_loss: 1.1032, test_acc: 0.7044, best: 0.7177, time: 0:01:21
 Epoch: 217, lr: 2.0e-03, train_loss: 0.4075, train_acc: 0.8626 test_loss: 1.0599, test_acc: 0.7165, best: 0.7177, time: 0:01:21
 Epoch: 218, lr: 2.0e-03, train_loss: 0.4098, train_acc: 0.8610 test_loss: 1.0721, test_acc: 0.7166, best: 0.7177, time: 0:01:21
 Epoch: 219, lr: 2.0e-03, train_loss: 0.4050, train_acc: 0.8588 test_loss: 1.0790, test_acc: 0.7149, best: 0.7177, time: 0:01:21
 Epoch: 220, lr: 2.0e-03, train_loss: 0.4342, train_acc: 0.8474 test_loss: 1.0411, test_acc: 0.7147, best: 0.7177, time: 0:01:21
 Epoch: 221, lr: 2.0e-03, train_loss: 0.3962, train_acc: 0.8634 test_loss: 1.0837, test_acc: 0.7100, best: 0.7177, time: 0:01:21
 Epoch: 222, lr: 2.0e-03, train_loss: 0.4038, train_acc: 0.8614 test_loss: 1.0273, test_acc: 0.7191, best: 0.7191, time: 0:01:21
 Epoch: 223, lr: 2.0e-03, train_loss: 0.4027, train_acc: 0.8670 test_loss: 1.0719, test_acc: 0.7180, best: 0.7191, time: 0:01:21
 Epoch: 224, lr: 2.0e-03, train_loss: 0.4101, train_acc: 0.8586 test_loss: 1.0523, test_acc: 0.7185, best: 0.7191, time: 0:01:21
 Epoch: 225, lr: 2.0e-03, train_loss: 0.3893, train_acc: 0.8688 test_loss: 1.0514, test_acc: 0.7157, best: 0.7191, time: 0:01:21
 Epoch: 226, lr: 2.0e-03, train_loss: 0.3966, train_acc: 0.8656 test_loss: 1.0664, test_acc: 0.7181, best: 0.7191, time: 0:01:21
 Epoch: 227, lr: 2.0e-03, train_loss: 0.4075, train_acc: 0.8618 test_loss: 1.0896, test_acc: 0.7133, best: 0.7191, time: 0:01:21
 Epoch: 228, lr: 2.0e-03, train_loss: 0.4102, train_acc: 0.8638 test_loss: 1.1168, test_acc: 0.7113, best: 0.7191, time: 0:01:21
 Epoch: 229, lr: 2.0e-03, train_loss: 0.3860, train_acc: 0.8690 test_loss: 1.1241, test_acc: 0.7099, best: 0.7191, time: 0:01:21
 Epoch: 230, lr: 2.0e-03, train_loss: 0.3907, train_acc: 0.8680 test_loss: 1.0650, test_acc: 0.7141, best: 0.7191, time: 0:01:21
 Epoch: 231, lr: 2.0e-03, train_loss: 0.3826, train_acc: 0.8722 test_loss: 1.0570, test_acc: 0.7136, best: 0.7191, time: 0:01:21
 Epoch: 232, lr: 2.0e-03, train_loss: 0.3873, train_acc: 0.8698 test_loss: 1.0777, test_acc: 0.7185, best: 0.7191, time: 0:01:21
 Epoch: 233, lr: 2.0e-03, train_loss: 0.3944, train_acc: 0.8650 test_loss: 1.1023, test_acc: 0.7066, best: 0.7191, time: 0:01:21
 Epoch: 234, lr: 2.0e-03, train_loss: 0.3819, train_acc: 0.8668 test_loss: 1.0738, test_acc: 0.7143, best: 0.7191, time: 0:01:21
 Epoch: 235, lr: 2.0e-03, train_loss: 0.4251, train_acc: 0.8602 test_loss: 1.0787, test_acc: 0.7125, best: 0.7191, time: 0:01:21
 Epoch: 236, lr: 2.0e-03, train_loss: 0.3954, train_acc: 0.8696 test_loss: 1.0221, test_acc: 0.7177, best: 0.7191, time: 0:01:21
 Epoch: 237, lr: 2.0e-03, train_loss: 0.4086, train_acc: 0.8552 test_loss: 1.0633, test_acc: 0.7095, best: 0.7191, time: 0:01:21
 Epoch: 238, lr: 2.0e-03, train_loss: 0.3885, train_acc: 0.8692 test_loss: 1.0774, test_acc: 0.7125, best: 0.7191, time: 0:01:21
 Epoch: 239, lr: 2.0e-03, train_loss: 0.3901, train_acc: 0.8734 test_loss: 1.0283, test_acc: 0.7181, best: 0.7191, time: 0:01:21
 Epoch: 240, lr: 4.0e-04, train_loss: 0.3950, train_acc: 0.8662 test_loss: 1.0817, test_acc: 0.7129, best: 0.7191, time: 0:01:21
 Epoch: 241, lr: 4.0e-04, train_loss: 0.3710, train_acc: 0.8694 test_loss: 1.0602, test_acc: 0.7181, best: 0.7191, time: 0:01:21
 Epoch: 242, lr: 4.0e-04, train_loss: 0.3851, train_acc: 0.8690 test_loss: 1.0683, test_acc: 0.7180, best: 0.7191, time: 0:01:21
 Epoch: 243, lr: 4.0e-04, train_loss: 0.3821, train_acc: 0.8698 test_loss: 1.0530, test_acc: 0.7170, best: 0.7191, time: 0:01:21
 Epoch: 244, lr: 4.0e-04, train_loss: 0.3777, train_acc: 0.8740 test_loss: 1.0699, test_acc: 0.7205, best: 0.7205, time: 0:01:21
 Epoch: 245, lr: 4.0e-04, train_loss: 0.3729, train_acc: 0.8726 test_loss: 1.0650, test_acc: 0.7186, best: 0.7205, time: 0:01:21
 Epoch: 246, lr: 4.0e-04, train_loss: 0.3821, train_acc: 0.8668 test_loss: 1.0598, test_acc: 0.7216, best: 0.7216, time: 0:01:21
 Epoch: 247, lr: 4.0e-04, train_loss: 0.3546, train_acc: 0.8780 test_loss: 1.0619, test_acc: 0.7173, best: 0.7216, time: 0:01:21
 Epoch: 248, lr: 4.0e-04, train_loss: 0.3798, train_acc: 0.8736 test_loss: 1.0666, test_acc: 0.7200, best: 0.7216, time: 0:01:21
 Epoch: 249, lr: 4.0e-04, train_loss: 0.3573, train_acc: 0.8846 test_loss: 1.0407, test_acc: 0.7210, best: 0.7216, time: 0:01:21
 Epoch: 250, lr: 4.0e-04, train_loss: 0.3492, train_acc: 0.8832 test_loss: 1.0591, test_acc: 0.7209, best: 0.7216, time: 0:01:20
 Epoch: 251, lr: 4.0e-04, train_loss: 0.3832, train_acc: 0.8710 test_loss: 1.0721, test_acc: 0.7184, best: 0.7216, time: 0:01:20
 Epoch: 252, lr: 4.0e-04, train_loss: 0.3863, train_acc: 0.8696 test_loss: 1.0608, test_acc: 0.7164, best: 0.7216, time: 0:01:20
 Epoch: 253, lr: 4.0e-04, train_loss: 0.3692, train_acc: 0.8742 test_loss: 1.0615, test_acc: 0.7204, best: 0.7216, time: 0:01:20
 Epoch: 254, lr: 4.0e-04, train_loss: 0.3765, train_acc: 0.8768 test_loss: 1.0575, test_acc: 0.7190, best: 0.7216, time: 0:01:20
 Epoch: 255, lr: 4.0e-04, train_loss: 0.3645, train_acc: 0.8798 test_loss: 1.0952, test_acc: 0.7119, best: 0.7216, time: 0:01:20
 Epoch: 256, lr: 4.0e-04, train_loss: 0.3543, train_acc: 0.8768 test_loss: 1.0836, test_acc: 0.7141, best: 0.7216, time: 0:01:20
 Epoch: 257, lr: 4.0e-04, train_loss: 0.3614, train_acc: 0.8794 test_loss: 1.0569, test_acc: 0.7175, best: 0.7216, time: 0:01:20
 Epoch: 258, lr: 4.0e-04, train_loss: 0.3641, train_acc: 0.8782 test_loss: 1.0819, test_acc: 0.7179, best: 0.7216, time: 0:01:20
 Epoch: 259, lr: 4.0e-04, train_loss: 0.3803, train_acc: 0.8736 test_loss: 1.0701, test_acc: 0.7173, best: 0.7216, time: 0:01:20
 Epoch: 260, lr: 4.0e-04, train_loss: 0.3769, train_acc: 0.8712 test_loss: 1.0835, test_acc: 0.7136, best: 0.7216, time: 0:01:20
 Epoch: 261, lr: 4.0e-04, train_loss: 0.3563, train_acc: 0.8814 test_loss: 1.0954, test_acc: 0.7151, best: 0.7216, time: 0:01:20
 Epoch: 262, lr: 4.0e-04, train_loss: 0.3622, train_acc: 0.8728 test_loss: 1.1007, test_acc: 0.7191, best: 0.7216, time: 0:01:20
 Epoch: 263, lr: 4.0e-04, train_loss: 0.3618, train_acc: 0.8812 test_loss: 1.0475, test_acc: 0.7209, best: 0.7216, time: 0:01:20
 Epoch: 264, lr: 4.0e-04, train_loss: 0.3563, train_acc: 0.8790 test_loss: 1.0696, test_acc: 0.7151, best: 0.7216, time: 0:01:20
 Epoch: 265, lr: 4.0e-04, train_loss: 0.3614, train_acc: 0.8816 test_loss: 1.0881, test_acc: 0.7143, best: 0.7216, time: 0:01:20
 Epoch: 266, lr: 4.0e-04, train_loss: 0.3819, train_acc: 0.8702 test_loss: 1.0939, test_acc: 0.7169, best: 0.7216, time: 0:01:20
 Epoch: 267, lr: 4.0e-04, train_loss: 0.3496, train_acc: 0.8804 test_loss: 1.0959, test_acc: 0.7184, best: 0.7216, time: 0:01:20
 Epoch: 268, lr: 4.0e-04, train_loss: 0.3371, train_acc: 0.8838 test_loss: 1.0813, test_acc: 0.7151, best: 0.7216, time: 0:01:20
 Epoch: 269, lr: 4.0e-04, train_loss: 0.3852, train_acc: 0.8680 test_loss: 1.0930, test_acc: 0.7160, best: 0.7216, time: 0:01:20
 Epoch: 270, lr: 8.0e-05, train_loss: 0.3645, train_acc: 0.8766 test_loss: 1.0651, test_acc: 0.7184, best: 0.7216, time: 0:01:20
 Epoch: 271, lr: 8.0e-05, train_loss: 0.3618, train_acc: 0.8744 test_loss: 1.0572, test_acc: 0.7167, best: 0.7216, time: 0:01:20
 Epoch: 272, lr: 8.0e-05, train_loss: 0.3788, train_acc: 0.8744 test_loss: 1.0716, test_acc: 0.7199, best: 0.7216, time: 0:01:20
 Epoch: 273, lr: 8.0e-05, train_loss: 0.3643, train_acc: 0.8780 test_loss: 1.0642, test_acc: 0.7188, best: 0.7216, time: 0:01:20
 Epoch: 274, lr: 8.0e-05, train_loss: 0.3736, train_acc: 0.8718 test_loss: 1.0678, test_acc: 0.7191, best: 0.7216, time: 0:01:20
 Epoch: 275, lr: 8.0e-05, train_loss: 0.3484, train_acc: 0.8828 test_loss: 1.0757, test_acc: 0.7169, best: 0.7216, time: 0:01:20
 Epoch: 276, lr: 8.0e-05, train_loss: 0.3697, train_acc: 0.8730 test_loss: 1.0592, test_acc: 0.7141, best: 0.7216, time: 0:01:20
 Epoch: 277, lr: 8.0e-05, train_loss: 0.3740, train_acc: 0.8746 test_loss: 1.0753, test_acc: 0.7189, best: 0.7216, time: 0:01:20
 Epoch: 278, lr: 8.0e-05, train_loss: 0.3559, train_acc: 0.8764 test_loss: 1.0737, test_acc: 0.7161, best: 0.7216, time: 0:01:20
 Epoch: 279, lr: 8.0e-05, train_loss: 0.3706, train_acc: 0.8724 test_loss: 1.0856, test_acc: 0.7166, best: 0.7216, time: 0:01:20
 Epoch: 280, lr: 8.0e-05, train_loss: 0.3551, train_acc: 0.8808 test_loss: 1.0932, test_acc: 0.7164, best: 0.7216, time: 0:01:20
 Epoch: 281, lr: 8.0e-05, train_loss: 0.3409, train_acc: 0.8814 test_loss: 1.0681, test_acc: 0.7188, best: 0.7216, time: 0:01:20
 Epoch: 282, lr: 8.0e-05, train_loss: 0.3406, train_acc: 0.8858 test_loss: 1.0889, test_acc: 0.7175, best: 0.7216, time: 0:01:20
 Epoch: 283, lr: 8.0e-05, train_loss: 0.3618, train_acc: 0.8820 test_loss: 1.0678, test_acc: 0.7189, best: 0.7216, time: 0:01:20
 Epoch: 284, lr: 8.0e-05, train_loss: 0.3623, train_acc: 0.8750 test_loss: 1.0605, test_acc: 0.7199, best: 0.7216, time: 0:01:20
 Epoch: 285, lr: 8.0e-05, train_loss: 0.3761, train_acc: 0.8762 test_loss: 1.0638, test_acc: 0.7179, best: 0.7216, time: 0:01:20
 Epoch: 286, lr: 8.0e-05, train_loss: 0.3579, train_acc: 0.8774 test_loss: 1.0911, test_acc: 0.7137, best: 0.7216, time: 0:01:20
 Epoch: 287, lr: 8.0e-05, train_loss: 0.3593, train_acc: 0.8800 test_loss: 1.0791, test_acc: 0.7155, best: 0.7216, time: 0:01:20
 Epoch: 288, lr: 8.0e-05, train_loss: 0.3515, train_acc: 0.8832 test_loss: 1.0847, test_acc: 0.7170, best: 0.7216, time: 0:01:20
 Epoch: 289, lr: 8.0e-05, train_loss: 0.3672, train_acc: 0.8736 test_loss: 1.0840, test_acc: 0.7150, best: 0.7216, time: 0:01:20
 Epoch: 290, lr: 8.0e-05, train_loss: 0.3405, train_acc: 0.8870 test_loss: 1.0533, test_acc: 0.7196, best: 0.7216, time: 0:01:20
 Epoch: 291, lr: 8.0e-05, train_loss: 0.3387, train_acc: 0.8884 test_loss: 1.0824, test_acc: 0.7153, best: 0.7216, time: 0:01:20
 Epoch: 292, lr: 8.0e-05, train_loss: 0.3626, train_acc: 0.8750 test_loss: 1.0657, test_acc: 0.7177, best: 0.7216, time: 0:01:20
 Epoch: 293, lr: 8.0e-05, train_loss: 0.3645, train_acc: 0.8776 test_loss: 1.1021, test_acc: 0.7120, best: 0.7216, time: 0:01:20
 Epoch: 294, lr: 8.0e-05, train_loss: 0.3599, train_acc: 0.8844 test_loss: 1.0629, test_acc: 0.7190, best: 0.7216, time: 0:01:20
 Epoch: 295, lr: 8.0e-05, train_loss: 0.3662, train_acc: 0.8786 test_loss: 1.0566, test_acc: 0.7183, best: 0.7216, time: 0:01:20
 Epoch: 296, lr: 8.0e-05, train_loss: 0.3519, train_acc: 0.8782 test_loss: 1.0632, test_acc: 0.7214, best: 0.7216, time: 0:01:20
 Epoch: 297, lr: 8.0e-05, train_loss: 0.3646, train_acc: 0.8782 test_loss: 1.0593, test_acc: 0.7225, best: 0.7225, time: 0:01:20
 Epoch: 298, lr: 8.0e-05, train_loss: 0.3477, train_acc: 0.8820 test_loss: 1.0813, test_acc: 0.7160, best: 0.7225, time: 0:01:20
 Epoch: 299, lr: 8.0e-05, train_loss: 0.3662, train_acc: 0.8762 test_loss: 1.0902, test_acc: 0.7204, best: 0.7225, time: 0:01:20
 Highest accuracy: 0.7225