
 Run on time: 2022-06-30 11:23:31.338756

 Arguments:
	 gpu                  : True
	 log                  : True
	 seed                 : 0
	 momentum             : 0.9
	 amsgrad              : True
	 dataset              : STL10
	 batch_size           : 8
	 architecture         : PREPOOL_RESNET18
	 im_size              : None
	 relu_threshold       : 4.0
	 learning_rate        : 0.01
	 pretrained_backbone  : 
	 pretrained_ann       : 
	 weight_decay         : 0.0
	 test_only            : False
	 epochs               : 300
	 lr_interval          : [180, 240, 270]
	 lr_reduce            : 5
	 optimizer            : SGD
	 dropout              : 0.2
	 kernel_size          : 3
	 dont_save            : False
	 visualize            : False
	 devices              : 0
 DataParallel(
  (module): NetworkByName(
    (net): ResNet(
      (conv1): Conv2d(3, 64, kernel_size=(7, 7), stride=(2, 2), padding=(3, 3), bias=False)
      (bn1): BatchNorm2d(64, eps=1e-05, momentum=0.1, affine=True, track_running_stats=True)
      (relu): ReLU(inplace=True)
      (pool): MaxPool2d(kernel_size=2, stride=2, padding=0, dilation=1, ceil_mode=False)
      (layer1): Sequential(
        (0): BasicBlock(
          (conv1): Conv2d(64, 64, kernel_size=(3, 3), stride=(1, 1), padding=(1, 1), bias=False)
          (bn1): BatchNorm2d(64, eps=1e-05, momentum=0.1, affine=True, track_running_stats=True)
          (relu): ReLU(inplace=True)
          (conv2): Conv2d(64, 64, kernel_size=(3, 3), stride=(1, 1), padding=(1, 1), bias=False)
          (bn2): BatchNorm2d(64, eps=1e-05, momentum=0.1, affine=True, track_running_stats=True)
        )
        (1): BasicBlock(
          (conv1): Conv2d(64, 64, kernel_size=(3, 3), stride=(1, 1), padding=(1, 1), bias=False)
          (bn1): BatchNorm2d(64, eps=1e-05, momentum=0.1, affine=True, track_running_stats=True)
          (relu): ReLU(inplace=True)
          (conv2): Conv2d(64, 64, kernel_size=(3, 3), stride=(1, 1), padding=(1, 1), bias=False)
          (bn2): BatchNorm2d(64, eps=1e-05, momentum=0.1, affine=True, track_running_stats=True)
        )
      )
      (layer2): Sequential(
        (0): BasicBlock(
          (conv1): Conv2d(64, 128, kernel_size=(3, 3), stride=(2, 2), padding=(1, 1), bias=False)
          (bn1): BatchNorm2d(128, eps=1e-05, momentum=0.1, affine=True, track_running_stats=True)
          (relu): ReLU(inplace=True)
          (conv2): Conv2d(128, 128, kernel_size=(3, 3), stride=(1, 1), padding=(1, 1), bias=False)
          (bn2): BatchNorm2d(128, eps=1e-05, momentum=0.1, affine=True, track_running_stats=True)
          (downsample): Sequential(
            (0): Conv2d(64, 128, kernel_size=(1, 1), stride=(2, 2), bias=False)
            (1): BatchNorm2d(128, eps=1e-05, momentum=0.1, affine=True, track_running_stats=True)
          )
        )
        (1): BasicBlock(
          (conv1): Conv2d(128, 128, kernel_size=(3, 3), stride=(1, 1), padding=(1, 1), bias=False)
          (bn1): BatchNorm2d(128, eps=1e-05, momentum=0.1, affine=True, track_running_stats=True)
          (relu): ReLU(inplace=True)
          (conv2): Conv2d(128, 128, kernel_size=(3, 3), stride=(1, 1), padding=(1, 1), bias=False)
          (bn2): BatchNorm2d(128, eps=1e-05, momentum=0.1, affine=True, track_running_stats=True)
        )
      )
      (layer3): Sequential(
        (0): BasicBlock(
          (conv1): Conv2d(128, 256, kernel_size=(3, 3), stride=(2, 2), padding=(1, 1), bias=False)
          (bn1): BatchNorm2d(256, eps=1e-05, momentum=0.1, affine=True, track_running_stats=True)
          (relu): ReLU(inplace=True)
          (conv2): Conv2d(256, 256, kernel_size=(3, 3), stride=(1, 1), padding=(1, 1), bias=False)
          (bn2): BatchNorm2d(256, eps=1e-05, momentum=0.1, affine=True, track_running_stats=True)
          (downsample): Sequential(
            (0): Conv2d(128, 256, kernel_size=(1, 1), stride=(2, 2), bias=False)
            (1): BatchNorm2d(256, eps=1e-05, momentum=0.1, affine=True, track_running_stats=True)
          )
        )
        (1): BasicBlock(
          (conv1): Conv2d(256, 256, kernel_size=(3, 3), stride=(1, 1), padding=(1, 1), bias=False)
          (bn1): BatchNorm2d(256, eps=1e-05, momentum=0.1, affine=True, track_running_stats=True)
          (relu): ReLU(inplace=True)
          (conv2): Conv2d(256, 256, kernel_size=(3, 3), stride=(1, 1), padding=(1, 1), bias=False)
          (bn2): BatchNorm2d(256, eps=1e-05, momentum=0.1, affine=True, track_running_stats=True)
        )
      )
      (layer4): Sequential(
        (0): BasicBlock(
          (conv1): Conv2d(256, 512, kernel_size=(3, 3), stride=(2, 2), padding=(1, 1), bias=False)
          (bn1): BatchNorm2d(512, eps=1e-05, momentum=0.1, affine=True, track_running_stats=True)
          (relu): ReLU(inplace=True)
          (conv2): Conv2d(512, 512, kernel_size=(3, 3), stride=(1, 1), padding=(1, 1), bias=False)
          (bn2): BatchNorm2d(512, eps=1e-05, momentum=0.1, affine=True, track_running_stats=True)
          (downsample): Sequential(
            (0): Conv2d(256, 512, kernel_size=(1, 1), stride=(2, 2), bias=False)
            (1): BatchNorm2d(512, eps=1e-05, momentum=0.1, affine=True, track_running_stats=True)
          )
        )
        (1): BasicBlock(
          (conv1): Conv2d(512, 512, kernel_size=(3, 3), stride=(1, 1), padding=(1, 1), bias=False)
          (bn1): BatchNorm2d(512, eps=1e-05, momentum=0.1, affine=True, track_running_stats=True)
          (relu): ReLU(inplace=True)
          (conv2): Conv2d(512, 512, kernel_size=(3, 3), stride=(1, 1), padding=(1, 1), bias=False)
          (bn2): BatchNorm2d(512, eps=1e-05, momentum=0.1, affine=True, track_running_stats=True)
        )
      )
      (avgpool): AdaptiveAvgPool2d(output_size=(1, 1))
      (fc): Linear(in_features=512, out_features=10, bias=True)
    )
  )
)
 SGD (
Parameter Group 0
    dampening: 0
    lr: 0.01
    momentum: 0.9
    nesterov: False
    weight_decay: 0.0
)
 Epoch: 1, lr: 1.0e-02, train_loss: 2.3632, train_acc: 0.1862 test_loss: 1.8968, test_acc: 0.2750, best: 0.2750, time: 0:00:52
 Epoch: 2, lr: 1.0e-02, train_loss: 1.9818, train_acc: 0.2446 test_loss: 1.7063, test_acc: 0.3431, best: 0.3431, time: 0:00:49
 Epoch: 3, lr: 1.0e-02, train_loss: 1.8893, train_acc: 0.2774 test_loss: 1.7371, test_acc: 0.3179, best: 0.3431, time: 0:00:44
 Epoch: 4, lr: 1.0e-02, train_loss: 1.8496, train_acc: 0.2970 test_loss: 1.6314, test_acc: 0.3651, best: 0.3651, time: 0:00:48
 Epoch: 5, lr: 1.0e-02, train_loss: 1.8013, train_acc: 0.3228 test_loss: 1.6406, test_acc: 0.3691, best: 0.3691, time: 0:00:49
 Epoch: 6, lr: 1.0e-02, train_loss: 1.7467, train_acc: 0.3320 test_loss: 1.5978, test_acc: 0.4098, best: 0.4098, time: 0:00:47
 Epoch: 7, lr: 1.0e-02, train_loss: 1.7005, train_acc: 0.3596 test_loss: 1.5887, test_acc: 0.4068, best: 0.4098, time: 0:00:45
 Epoch: 8, lr: 1.0e-02, train_loss: 1.6923, train_acc: 0.3736 test_loss: 1.5072, test_acc: 0.4373, best: 0.4373, time: 0:00:44
 Epoch: 9, lr: 1.0e-02, train_loss: 1.6246, train_acc: 0.3998 test_loss: 1.5070, test_acc: 0.4713, best: 0.4713, time: 0:00:43
 Epoch: 10, lr: 1.0e-02, train_loss: 1.5993, train_acc: 0.4084 test_loss: 1.3391, test_acc: 0.5054, best: 0.5054, time: 0:00:45
 Epoch: 11, lr: 1.0e-02, train_loss: 1.5442, train_acc: 0.4342 test_loss: 1.3614, test_acc: 0.4973, best: 0.5054, time: 0:00:44
 Epoch: 12, lr: 1.0e-02, train_loss: 1.5089, train_acc: 0.4400 test_loss: 1.2758, test_acc: 0.5295, best: 0.5295, time: 0:00:44
 Epoch: 13, lr: 1.0e-02, train_loss: 1.4912, train_acc: 0.4468 test_loss: 1.3214, test_acc: 0.5196, best: 0.5295, time: 0:00:43
 Epoch: 14, lr: 1.0e-02, train_loss: 1.4537, train_acc: 0.4690 test_loss: 1.2678, test_acc: 0.5289, best: 0.5295, time: 0:00:43
 Epoch: 15, lr: 1.0e-02, train_loss: 1.4408, train_acc: 0.4716 test_loss: 1.2959, test_acc: 0.5341, best: 0.5341, time: 0:00:45
 Epoch: 16, lr: 1.0e-02, train_loss: 1.4056, train_acc: 0.4848 test_loss: 1.3159, test_acc: 0.5343, best: 0.5343, time: 0:00:43
 Epoch: 17, lr: 1.0e-02, train_loss: 1.3709, train_acc: 0.5010 test_loss: 1.3554, test_acc: 0.5165, best: 0.5343, time: 0:00:42
 Epoch: 18, lr: 1.0e-02, train_loss: 1.3612, train_acc: 0.5006 test_loss: 1.2402, test_acc: 0.5523, best: 0.5523, time: 0:00:46
 Epoch: 19, lr: 1.0e-02, train_loss: 1.3154, train_acc: 0.5176 test_loss: 1.2804, test_acc: 0.5459, best: 0.5523, time: 0:00:44
 Epoch: 20, lr: 1.0e-02, train_loss: 1.3028, train_acc: 0.5186 test_loss: 1.1360, test_acc: 0.5886, best: 0.5886, time: 0:00:46
 Epoch: 21, lr: 1.0e-02, train_loss: 1.2818, train_acc: 0.5312 test_loss: 1.1461, test_acc: 0.5814, best: 0.5886, time: 0:00:47
 Epoch: 22, lr: 1.0e-02, train_loss: 1.2763, train_acc: 0.5294 test_loss: 1.0856, test_acc: 0.6032, best: 0.6032, time: 0:00:53
 Epoch: 23, lr: 1.0e-02, train_loss: 1.2396, train_acc: 0.5458 test_loss: 1.1340, test_acc: 0.5980, best: 0.6032, time: 0:00:51
 Epoch: 24, lr: 1.0e-02, train_loss: 1.2529, train_acc: 0.5396 test_loss: 1.0828, test_acc: 0.6114, best: 0.6114, time: 0:00:48
 Epoch: 25, lr: 1.0e-02, train_loss: 1.2245, train_acc: 0.5528 test_loss: 1.1626, test_acc: 0.5913, best: 0.6114, time: 0:00:47
 Epoch: 26, lr: 1.0e-02, train_loss: 1.1902, train_acc: 0.5664 test_loss: 1.0142, test_acc: 0.6355, best: 0.6355, time: 0:00:49
 Epoch: 27, lr: 1.0e-02, train_loss: 1.1841, train_acc: 0.5716 test_loss: 1.1969, test_acc: 0.5904, best: 0.6355, time: 0:00:52
 Epoch: 28, lr: 1.0e-02, train_loss: 1.1575, train_acc: 0.5844 test_loss: 1.0198, test_acc: 0.6321, best: 0.6355, time: 0:00:49
 Epoch: 29, lr: 1.0e-02, train_loss: 1.1619, train_acc: 0.5790 test_loss: 1.1051, test_acc: 0.6179, best: 0.6355, time: 0:00:49
 Epoch: 30, lr: 1.0e-02, train_loss: 1.1397, train_acc: 0.5816 test_loss: 1.0495, test_acc: 0.6119, best: 0.6355, time: 0:00:48
 Epoch: 31, lr: 1.0e-02, train_loss: 1.1015, train_acc: 0.5980 test_loss: 1.0794, test_acc: 0.6168, best: 0.6355, time: 0:00:50
 Epoch: 32, lr: 1.0e-02, train_loss: 1.1139, train_acc: 0.5952 test_loss: 1.0867, test_acc: 0.6098, best: 0.6355, time: 0:00:48
 Epoch: 33, lr: 1.0e-02, train_loss: 1.1095, train_acc: 0.5930 test_loss: 0.9753, test_acc: 0.6424, best: 0.6424, time: 0:00:48
 Epoch: 34, lr: 1.0e-02, train_loss: 1.0738, train_acc: 0.6064 test_loss: 0.9946, test_acc: 0.6485, best: 0.6485, time: 0:00:48
 Epoch: 35, lr: 1.0e-02, train_loss: 1.0556, train_acc: 0.6214 test_loss: 1.0129, test_acc: 0.6440, best: 0.6485, time: 0:00:48
 Epoch: 36, lr: 1.0e-02, train_loss: 1.0459, train_acc: 0.6164 test_loss: 1.0810, test_acc: 0.6258, best: 0.6485, time: 0:00:46
 Epoch: 37, lr: 1.0e-02, train_loss: 1.0396, train_acc: 0.6210 test_loss: 1.0161, test_acc: 0.6444, best: 0.6485, time: 0:00:47
 Epoch: 38, lr: 1.0e-02, train_loss: 1.0146, train_acc: 0.6260 test_loss: 1.0070, test_acc: 0.6429, best: 0.6485, time: 0:00:49
 Epoch: 39, lr: 1.0e-02, train_loss: 1.0254, train_acc: 0.6280 test_loss: 0.9779, test_acc: 0.6491, best: 0.6491, time: 0:00:48
 Epoch: 40, lr: 1.0e-02, train_loss: 1.0121, train_acc: 0.6312 test_loss: 0.9297, test_acc: 0.6636, best: 0.6636, time: 0:00:47
 Epoch: 41, lr: 1.0e-02, train_loss: 0.9854, train_acc: 0.6478 test_loss: 0.9681, test_acc: 0.6661, best: 0.6661, time: 0:00:48
 Epoch: 42, lr: 1.0e-02, train_loss: 1.0017, train_acc: 0.6350 test_loss: 0.9914, test_acc: 0.6555, best: 0.6661, time: 0:00:47
 Epoch: 43, lr: 1.0e-02, train_loss: 0.9726, train_acc: 0.6480 test_loss: 0.9817, test_acc: 0.6626, best: 0.6661, time: 0:00:47
 Epoch: 44, lr: 1.0e-02, train_loss: 0.9640, train_acc: 0.6492 test_loss: 0.9685, test_acc: 0.6538, best: 0.6661, time: 0:00:48
 Epoch: 45, lr: 1.0e-02, train_loss: 0.9502, train_acc: 0.6504 test_loss: 0.9393, test_acc: 0.6789, best: 0.6789, time: 0:00:48
 Epoch: 46, lr: 1.0e-02, train_loss: 0.9486, train_acc: 0.6562 test_loss: 0.9745, test_acc: 0.6681, best: 0.6789, time: 0:00:48
 Epoch: 47, lr: 1.0e-02, train_loss: 0.9489, train_acc: 0.6544 test_loss: 0.9968, test_acc: 0.6646, best: 0.6789, time: 0:00:47
 Epoch: 48, lr: 1.0e-02, train_loss: 0.9246, train_acc: 0.6672 test_loss: 0.9055, test_acc: 0.6843, best: 0.6843, time: 0:00:49
 Epoch: 49, lr: 1.0e-02, train_loss: 0.9228, train_acc: 0.6656 test_loss: 0.8984, test_acc: 0.6855, best: 0.6855, time: 0:00:47
 Epoch: 50, lr: 1.0e-02, train_loss: 0.9011, train_acc: 0.6684 test_loss: 0.8955, test_acc: 0.6787, best: 0.6855, time: 0:00:48
 Epoch: 51, lr: 1.0e-02, train_loss: 0.9108, train_acc: 0.6782 test_loss: 0.9871, test_acc: 0.6616, best: 0.6855, time: 0:00:47
 Epoch: 52, lr: 1.0e-02, train_loss: 0.9003, train_acc: 0.6744 test_loss: 0.9005, test_acc: 0.6901, best: 0.6901, time: 0:00:48
 Epoch: 53, lr: 1.0e-02, train_loss: 0.8772, train_acc: 0.6878 test_loss: 0.9252, test_acc: 0.6844, best: 0.6901, time: 0:00:48
 Epoch: 54, lr: 1.0e-02, train_loss: 0.8642, train_acc: 0.6884 test_loss: 0.9414, test_acc: 0.6791, best: 0.6901, time: 0:00:48
 Epoch: 55, lr: 1.0e-02, train_loss: 0.8513, train_acc: 0.6918 test_loss: 0.9325, test_acc: 0.6826, best: 0.6901, time: 0:00:49
 Epoch: 56, lr: 1.0e-02, train_loss: 0.8515, train_acc: 0.6904 test_loss: 0.9503, test_acc: 0.6810, best: 0.6901, time: 0:00:48
 Epoch: 57, lr: 1.0e-02, train_loss: 0.8577, train_acc: 0.6926 test_loss: 1.0101, test_acc: 0.6667, best: 0.6901, time: 0:00:47
 Epoch: 58, lr: 1.0e-02, train_loss: 0.8546, train_acc: 0.6940 test_loss: 0.9134, test_acc: 0.6946, best: 0.6946, time: 0:00:48
 Epoch: 59, lr: 1.0e-02, train_loss: 0.8321, train_acc: 0.7078 test_loss: 0.9081, test_acc: 0.6924, best: 0.6946, time: 0:00:49
 Epoch: 60, lr: 1.0e-02, train_loss: 0.8303, train_acc: 0.7104 test_loss: 0.9737, test_acc: 0.6755, best: 0.6946, time: 0:00:47
 Epoch: 61, lr: 1.0e-02, train_loss: 0.8124, train_acc: 0.7070 test_loss: 1.0187, test_acc: 0.6721, best: 0.6946, time: 0:00:48
 Epoch: 62, lr: 1.0e-02, train_loss: 0.8127, train_acc: 0.7116 test_loss: 0.8989, test_acc: 0.6934, best: 0.6946, time: 0:00:46
 Epoch: 63, lr: 1.0e-02, train_loss: 0.7944, train_acc: 0.7228 test_loss: 0.9176, test_acc: 0.6841, best: 0.6946, time: 0:00:48
 Epoch: 64, lr: 1.0e-02, train_loss: 0.7970, train_acc: 0.7176 test_loss: 0.9966, test_acc: 0.6845, best: 0.6946, time: 0:00:46
 Epoch: 65, lr: 1.0e-02, train_loss: 0.8121, train_acc: 0.7006 test_loss: 0.8989, test_acc: 0.7047, best: 0.7047, time: 0:00:48
 Epoch: 66, lr: 1.0e-02, train_loss: 0.7916, train_acc: 0.7238 test_loss: 0.9000, test_acc: 0.7054, best: 0.7054, time: 0:00:46
 Epoch: 67, lr: 1.0e-02, train_loss: 0.7622, train_acc: 0.7236 test_loss: 0.9401, test_acc: 0.6974, best: 0.7054, time: 0:00:49
 Epoch: 68, lr: 1.0e-02, train_loss: 0.7599, train_acc: 0.7316 test_loss: 1.1925, test_acc: 0.6375, best: 0.7054, time: 0:00:47
 Epoch: 69, lr: 1.0e-02, train_loss: 0.7624, train_acc: 0.7234 test_loss: 0.9175, test_acc: 0.6931, best: 0.7054, time: 0:00:49
 Epoch: 70, lr: 1.0e-02, train_loss: 0.7455, train_acc: 0.7306 test_loss: 0.9102, test_acc: 0.7036, best: 0.7054, time: 0:00:48
 Epoch: 71, lr: 1.0e-02, train_loss: 0.7270, train_acc: 0.7396 test_loss: 0.8368, test_acc: 0.7155, best: 0.7155, time: 0:00:47
 Epoch: 72, lr: 1.0e-02, train_loss: 0.7514, train_acc: 0.7246 test_loss: 0.8612, test_acc: 0.7169, best: 0.7169, time: 0:00:47
 Epoch: 73, lr: 1.0e-02, train_loss: 0.7224, train_acc: 0.7424 test_loss: 0.8586, test_acc: 0.7165, best: 0.7169, time: 0:00:47
 Epoch: 74, lr: 1.0e-02, train_loss: 0.7244, train_acc: 0.7374 test_loss: 0.9191, test_acc: 0.7131, best: 0.7169, time: 0:00:49
 Epoch: 75, lr: 1.0e-02, train_loss: 0.7358, train_acc: 0.7400 test_loss: 0.8606, test_acc: 0.7175, best: 0.7175, time: 0:00:48
 Epoch: 76, lr: 1.0e-02, train_loss: 0.7162, train_acc: 0.7432 test_loss: 0.9290, test_acc: 0.7040, best: 0.7175, time: 0:00:47
 Epoch: 77, lr: 1.0e-02, train_loss: 0.7266, train_acc: 0.7422 test_loss: 0.9651, test_acc: 0.7069, best: 0.7175, time: 0:00:48
 Epoch: 78, lr: 1.0e-02, train_loss: 0.7178, train_acc: 0.7574 test_loss: 0.9248, test_acc: 0.7015, best: 0.7175, time: 0:00:49
 Epoch: 79, lr: 1.0e-02, train_loss: 0.7090, train_acc: 0.7468 test_loss: 0.8867, test_acc: 0.7285, best: 0.7285, time: 0:00:47
 Epoch: 80, lr: 1.0e-02, train_loss: 0.7090, train_acc: 0.7526 test_loss: 1.0006, test_acc: 0.6927, best: 0.7285, time: 0:00:49
 Epoch: 81, lr: 1.0e-02, train_loss: 0.6754, train_acc: 0.7636 test_loss: 0.9423, test_acc: 0.7120, best: 0.7285, time: 0:00:46
 Epoch: 82, lr: 1.0e-02, train_loss: 0.6861, train_acc: 0.7534 test_loss: 0.8272, test_acc: 0.7399, best: 0.7399, time: 0:00:49
 Epoch: 83, lr: 1.0e-02, train_loss: 0.6719, train_acc: 0.7590 test_loss: 0.9295, test_acc: 0.7167, best: 0.7399, time: 0:00:45
 Epoch: 84, lr: 1.0e-02, train_loss: 0.6653, train_acc: 0.7632 test_loss: 0.8966, test_acc: 0.7139, best: 0.7399, time: 0:00:48
 Epoch: 85, lr: 1.0e-02, train_loss: 0.6916, train_acc: 0.7532 test_loss: 0.9034, test_acc: 0.7143, best: 0.7399, time: 0:00:46
 Epoch: 86, lr: 1.0e-02, train_loss: 0.6890, train_acc: 0.7516 test_loss: 0.9779, test_acc: 0.7035, best: 0.7399, time: 0:00:47
 Epoch: 87, lr: 1.0e-02, train_loss: 0.6556, train_acc: 0.7648 test_loss: 0.8325, test_acc: 0.7374, best: 0.7399, time: 0:00:48
 Epoch: 88, lr: 1.0e-02, train_loss: 0.6462, train_acc: 0.7696 test_loss: 0.8806, test_acc: 0.7266, best: 0.7399, time: 0:00:48
 Epoch: 89, lr: 1.0e-02, train_loss: 0.6439, train_acc: 0.7724 test_loss: 0.9322, test_acc: 0.7146, best: 0.7399, time: 0:00:47
 Epoch: 90, lr: 1.0e-02, train_loss: 0.6496, train_acc: 0.7692 test_loss: 0.8936, test_acc: 0.7245, best: 0.7399, time: 0:00:48
 Epoch: 91, lr: 1.0e-02, train_loss: 0.6292, train_acc: 0.7756 test_loss: 0.9559, test_acc: 0.7167, best: 0.7399, time: 0:00:47
 Epoch: 92, lr: 1.0e-02, train_loss: 0.6547, train_acc: 0.7674 test_loss: 0.8662, test_acc: 0.7258, best: 0.7399, time: 0:00:49
 Epoch: 93, lr: 1.0e-02, train_loss: 0.6222, train_acc: 0.7814 test_loss: 0.8725, test_acc: 0.7255, best: 0.7399, time: 0:00:47
 Epoch: 94, lr: 1.0e-02, train_loss: 0.6178, train_acc: 0.7786 test_loss: 0.9704, test_acc: 0.7155, best: 0.7399, time: 0:00:49
 Epoch: 95, lr: 1.0e-02, train_loss: 0.6210, train_acc: 0.7828 test_loss: 0.9280, test_acc: 0.7214, best: 0.7399, time: 0:00:48
 Epoch: 96, lr: 1.0e-02, train_loss: 0.6190, train_acc: 0.7840 test_loss: 0.8982, test_acc: 0.7354, best: 0.7399, time: 0:00:49
 Epoch: 97, lr: 1.0e-02, train_loss: 0.6076, train_acc: 0.7894 test_loss: 0.8717, test_acc: 0.7405, best: 0.7405, time: 0:00:48
 Epoch: 98, lr: 1.0e-02, train_loss: 0.5893, train_acc: 0.7922 test_loss: 0.8537, test_acc: 0.7360, best: 0.7405, time: 0:00:49
 Epoch: 99, lr: 1.0e-02, train_loss: 0.5846, train_acc: 0.7878 test_loss: 0.8866, test_acc: 0.7408, best: 0.7408, time: 0:00:48
 Epoch: 100, lr: 1.0e-02, train_loss: 0.6081, train_acc: 0.7856 test_loss: 0.9351, test_acc: 0.7254, best: 0.7408, time: 0:00:48
 Epoch: 101, lr: 1.0e-02, train_loss: 0.5903, train_acc: 0.7904 test_loss: 0.8969, test_acc: 0.7266, best: 0.7408, time: 0:00:49
 Epoch: 102, lr: 1.0e-02, train_loss: 0.5972, train_acc: 0.7918 test_loss: 0.8485, test_acc: 0.7416, best: 0.7416, time: 0:00:48
 Epoch: 103, lr: 1.0e-02, train_loss: 0.5741, train_acc: 0.7956 test_loss: 0.8573, test_acc: 0.7412, best: 0.7416, time: 0:00:49
 Epoch: 104, lr: 1.0e-02, train_loss: 0.5697, train_acc: 0.7960 test_loss: 0.9240, test_acc: 0.7272, best: 0.7416, time: 0:00:47
 Epoch: 105, lr: 1.0e-02, train_loss: 0.5679, train_acc: 0.8002 test_loss: 0.8829, test_acc: 0.7366, best: 0.7416, time: 0:00:49
 Epoch: 106, lr: 1.0e-02, train_loss: 0.5631, train_acc: 0.8016 test_loss: 0.8899, test_acc: 0.7334, best: 0.7416, time: 0:00:48
 Epoch: 107, lr: 1.0e-02, train_loss: 0.5665, train_acc: 0.7952 test_loss: 0.8652, test_acc: 0.7426, best: 0.7426, time: 0:00:46
 Epoch: 108, lr: 1.0e-02, train_loss: 0.5815, train_acc: 0.8016 test_loss: 0.8814, test_acc: 0.7384, best: 0.7426, time: 0:00:47
 Epoch: 109, lr: 1.0e-02, train_loss: 0.5646, train_acc: 0.8030 test_loss: 0.9056, test_acc: 0.7422, best: 0.7426, time: 0:00:48
 Epoch: 110, lr: 1.0e-02, train_loss: 0.5449, train_acc: 0.8066 test_loss: 0.8757, test_acc: 0.7360, best: 0.7426, time: 0:00:48
 Epoch: 111, lr: 1.0e-02, train_loss: 0.5575, train_acc: 0.8040 test_loss: 0.9206, test_acc: 0.7291, best: 0.7426, time: 0:00:48
 Epoch: 112, lr: 1.0e-02, train_loss: 0.5617, train_acc: 0.8096 test_loss: 0.8900, test_acc: 0.7400, best: 0.7426, time: 0:00:49
 Epoch: 113, lr: 1.0e-02, train_loss: 0.5354, train_acc: 0.8058 test_loss: 1.0117, test_acc: 0.7300, best: 0.7426, time: 0:00:49
 Epoch: 114, lr: 1.0e-02, train_loss: 0.5595, train_acc: 0.7994 test_loss: 0.9032, test_acc: 0.7399, best: 0.7426, time: 0:00:47
 Epoch: 115, lr: 1.0e-02, train_loss: 0.5532, train_acc: 0.8050 test_loss: 0.9453, test_acc: 0.7281, best: 0.7426, time: 0:00:48
 Epoch: 116, lr: 1.0e-02, train_loss: 0.5455, train_acc: 0.8064 test_loss: 0.9522, test_acc: 0.7339, best: 0.7426, time: 0:00:48
 Epoch: 117, lr: 1.0e-02, train_loss: 0.5287, train_acc: 0.8158 test_loss: 0.8954, test_acc: 0.7379, best: 0.7426, time: 0:00:48
 Epoch: 118, lr: 1.0e-02, train_loss: 0.5434, train_acc: 0.8106 test_loss: 0.9075, test_acc: 0.7314, best: 0.7426, time: 0:00:48
 Epoch: 119, lr: 1.0e-02, train_loss: 0.5048, train_acc: 0.8220 test_loss: 0.8835, test_acc: 0.7446, best: 0.7446, time: 0:00:47
 Epoch: 120, lr: 1.0e-02, train_loss: 0.5358, train_acc: 0.8134 test_loss: 0.9088, test_acc: 0.7410, best: 0.7446, time: 0:00:48
 Epoch: 121, lr: 1.0e-02, train_loss: 0.5070, train_acc: 0.8190 test_loss: 0.9547, test_acc: 0.7298, best: 0.7446, time: 0:00:46
 Epoch: 122, lr: 1.0e-02, train_loss: 0.5068, train_acc: 0.8246 test_loss: 0.9022, test_acc: 0.7396, best: 0.7446, time: 0:00:48
 Epoch: 123, lr: 1.0e-02, train_loss: 0.4956, train_acc: 0.8288 test_loss: 0.9324, test_acc: 0.7354, best: 0.7446, time: 0:00:46
 Epoch: 124, lr: 1.0e-02, train_loss: 0.5127, train_acc: 0.8170 test_loss: 0.9787, test_acc: 0.7400, best: 0.7446, time: 0:00:50
 Epoch: 125, lr: 1.0e-02, train_loss: 0.5163, train_acc: 0.8210 test_loss: 0.9289, test_acc: 0.7352, best: 0.7446, time: 0:00:47
 Epoch: 126, lr: 1.0e-02, train_loss: 0.4955, train_acc: 0.8270 test_loss: 0.9379, test_acc: 0.7469, best: 0.7469, time: 0:00:48
 Epoch: 127, lr: 1.0e-02, train_loss: 0.4962, train_acc: 0.8264 test_loss: 1.0580, test_acc: 0.7194, best: 0.7469, time: 0:00:47
 Epoch: 128, lr: 1.0e-02, train_loss: 0.4898, train_acc: 0.8282 test_loss: 0.9205, test_acc: 0.7494, best: 0.7494, time: 0:00:49
 Epoch: 129, lr: 1.0e-02, train_loss: 0.5236, train_acc: 0.8132 test_loss: 0.9747, test_acc: 0.7235, best: 0.7494, time: 0:00:46
 Epoch: 130, lr: 1.0e-02, train_loss: 0.4976, train_acc: 0.8268 test_loss: 0.9340, test_acc: 0.7402, best: 0.7494, time: 0:00:48
 Epoch: 131, lr: 1.0e-02, train_loss: 0.5097, train_acc: 0.8220 test_loss: 0.8661, test_acc: 0.7511, best: 0.7511, time: 0:00:48
 Epoch: 132, lr: 1.0e-02, train_loss: 0.4702, train_acc: 0.8332 test_loss: 0.9676, test_acc: 0.7448, best: 0.7511, time: 0:00:48
 Epoch: 133, lr: 1.0e-02, train_loss: 0.4700, train_acc: 0.8376 test_loss: 0.8797, test_acc: 0.7519, best: 0.7519, time: 0:00:49
 Epoch: 134, lr: 1.0e-02, train_loss: 0.4893, train_acc: 0.8250 test_loss: 0.9389, test_acc: 0.7398, best: 0.7519, time: 0:00:47
 Epoch: 135, lr: 1.0e-02, train_loss: 0.4869, train_acc: 0.8306 test_loss: 1.0678, test_acc: 0.7274, best: 0.7519, time: 0:00:48
 Epoch: 136, lr: 1.0e-02, train_loss: 0.4813, train_acc: 0.8372 test_loss: 0.9882, test_acc: 0.7440, best: 0.7519, time: 0:00:48
 Epoch: 137, lr: 1.0e-02, train_loss: 0.4886, train_acc: 0.8280 test_loss: 0.8737, test_acc: 0.7531, best: 0.7531, time: 0:00:49
 Epoch: 138, lr: 1.0e-02, train_loss: 0.4695, train_acc: 0.8426 test_loss: 0.9476, test_acc: 0.7399, best: 0.7531, time: 0:00:48
 Epoch: 139, lr: 1.0e-02, train_loss: 0.4579, train_acc: 0.8390 test_loss: 1.0119, test_acc: 0.7324, best: 0.7531, time: 0:00:49
 Epoch: 140, lr: 1.0e-02, train_loss: 0.4610, train_acc: 0.8392 test_loss: 0.9259, test_acc: 0.7319, best: 0.7531, time: 0:00:47
 Epoch: 141, lr: 1.0e-02, train_loss: 0.4484, train_acc: 0.8448 test_loss: 0.9398, test_acc: 0.7448, best: 0.7531, time: 0:00:48
 Epoch: 142, lr: 1.0e-02, train_loss: 0.4598, train_acc: 0.8384 test_loss: 0.9438, test_acc: 0.7389, best: 0.7531, time: 0:00:47
 Epoch: 143, lr: 1.0e-02, train_loss: 0.4465, train_acc: 0.8456 test_loss: 0.8970, test_acc: 0.7584, best: 0.7584, time: 0:00:48
 Epoch: 144, lr: 1.0e-02, train_loss: 0.4661, train_acc: 0.8346 test_loss: 0.9980, test_acc: 0.7388, best: 0.7584, time: 0:00:47
 Epoch: 145, lr: 1.0e-02, train_loss: 0.4499, train_acc: 0.8412 test_loss: 1.0110, test_acc: 0.7396, best: 0.7584, time: 0:00:48
 Epoch: 146, lr: 1.0e-02, train_loss: 0.4497, train_acc: 0.8406 test_loss: 0.9596, test_acc: 0.7479, best: 0.7584, time: 0:00:48
 Epoch: 147, lr: 1.0e-02, train_loss: 0.4480, train_acc: 0.8418 test_loss: 1.0419, test_acc: 0.7271, best: 0.7584, time: 0:00:49
 Epoch: 148, lr: 1.0e-02, train_loss: 0.4373, train_acc: 0.8478 test_loss: 0.9872, test_acc: 0.7412, best: 0.7584, time: 0:00:49
 Epoch: 149, lr: 1.0e-02, train_loss: 0.4809, train_acc: 0.8408 test_loss: 0.8952, test_acc: 0.7475, best: 0.7584, time: 0:00:48
 Epoch: 150, lr: 1.0e-02, train_loss: 0.4206, train_acc: 0.8514 test_loss: 0.9428, test_acc: 0.7520, best: 0.7584, time: 0:00:47
 Epoch: 151, lr: 1.0e-02, train_loss: 0.4276, train_acc: 0.8534 test_loss: 0.9151, test_acc: 0.7586, best: 0.7586, time: 0:00:48
 Epoch: 152, lr: 1.0e-02, train_loss: 0.4542, train_acc: 0.8456 test_loss: 0.8969, test_acc: 0.7489, best: 0.7586, time: 0:00:48
 Epoch: 153, lr: 1.0e-02, train_loss: 0.4117, train_acc: 0.8576 test_loss: 1.0445, test_acc: 0.7304, best: 0.7586, time: 0:00:46
 Epoch: 154, lr: 1.0e-02, train_loss: 0.4360, train_acc: 0.8456 test_loss: 1.0027, test_acc: 0.7356, best: 0.7586, time: 0:00:48
 Epoch: 155, lr: 1.0e-02, train_loss: 0.4200, train_acc: 0.8592 test_loss: 0.9891, test_acc: 0.7478, best: 0.7586, time: 0:00:48
 Epoch: 156, lr: 1.0e-02, train_loss: 0.4463, train_acc: 0.8486 test_loss: 0.8935, test_acc: 0.7576, best: 0.7586, time: 0:00:48
 Epoch: 157, lr: 1.0e-02, train_loss: 0.4354, train_acc: 0.8494 test_loss: 1.0784, test_acc: 0.7220, best: 0.7586, time: 0:00:47
 Epoch: 158, lr: 1.0e-02, train_loss: 0.4157, train_acc: 0.8552 test_loss: 0.9397, test_acc: 0.7461, best: 0.7586, time: 0:00:45
 Epoch: 159, lr: 1.0e-02, train_loss: 0.4190, train_acc: 0.8566 test_loss: 0.9404, test_acc: 0.7442, best: 0.7586, time: 0:00:47
 Epoch: 160, lr: 1.0e-02, train_loss: 0.4156, train_acc: 0.8510 test_loss: 0.9440, test_acc: 0.7460, best: 0.7586, time: 0:00:49
 Epoch: 161, lr: 1.0e-02, train_loss: 0.4244, train_acc: 0.8450 test_loss: 1.0292, test_acc: 0.7411, best: 0.7586, time: 0:00:49
 Epoch: 162, lr: 1.0e-02, train_loss: 0.4081, train_acc: 0.8606 test_loss: 0.9175, test_acc: 0.7636, best: 0.7636, time: 0:00:48
 Epoch: 163, lr: 1.0e-02, train_loss: 0.4042, train_acc: 0.8588 test_loss: 1.0018, test_acc: 0.7430, best: 0.7636, time: 0:00:47
 Epoch: 164, lr: 1.0e-02, train_loss: 0.3925, train_acc: 0.8580 test_loss: 1.1285, test_acc: 0.7355, best: 0.7636, time: 0:00:48
 Epoch: 165, lr: 1.0e-02, train_loss: 0.4015, train_acc: 0.8588 test_loss: 0.9380, test_acc: 0.7526, best: 0.7636, time: 0:00:46
 Epoch: 166, lr: 1.0e-02, train_loss: 0.4176, train_acc: 0.8530 test_loss: 1.0894, test_acc: 0.7332, best: 0.7636, time: 0:00:50
 Epoch: 167, lr: 1.0e-02, train_loss: 0.4181, train_acc: 0.8534 test_loss: 1.0251, test_acc: 0.7309, best: 0.7636, time: 0:00:46
 Epoch: 168, lr: 1.0e-02, train_loss: 0.3981, train_acc: 0.8628 test_loss: 0.9434, test_acc: 0.7490, best: 0.7636, time: 0:00:45
 Epoch: 169, lr: 1.0e-02, train_loss: 0.4144, train_acc: 0.8616 test_loss: 0.9479, test_acc: 0.7524, best: 0.7636, time: 0:00:46
 Epoch: 170, lr: 1.0e-02, train_loss: 0.4005, train_acc: 0.8622 test_loss: 1.0076, test_acc: 0.7425, best: 0.7636, time: 0:00:47
 Epoch: 171, lr: 1.0e-02, train_loss: 0.3986, train_acc: 0.8638 test_loss: 1.0444, test_acc: 0.7415, best: 0.7636, time: 0:00:45
 Epoch: 172, lr: 1.0e-02, train_loss: 0.3846, train_acc: 0.8688 test_loss: 0.9869, test_acc: 0.7519, best: 0.7636, time: 0:00:44
 Epoch: 173, lr: 1.0e-02, train_loss: 0.4110, train_acc: 0.8600 test_loss: 0.9153, test_acc: 0.7571, best: 0.7636, time: 0:00:43
 Epoch: 174, lr: 1.0e-02, train_loss: 0.3834, train_acc: 0.8644 test_loss: 1.0500, test_acc: 0.7475, best: 0.7636, time: 0:00:47
 Epoch: 175, lr: 1.0e-02, train_loss: 0.3799, train_acc: 0.8672 test_loss: 1.0655, test_acc: 0.7391, best: 0.7636, time: 0:00:46
 Epoch: 176, lr: 1.0e-02, train_loss: 0.3907, train_acc: 0.8660 test_loss: 1.0703, test_acc: 0.7491, best: 0.7636, time: 0:00:48
 Epoch: 177, lr: 1.0e-02, train_loss: 0.3873, train_acc: 0.8654 test_loss: 0.9684, test_acc: 0.7530, best: 0.7636, time: 0:00:44
 Epoch: 178, lr: 1.0e-02, train_loss: 0.3817, train_acc: 0.8688 test_loss: 0.9846, test_acc: 0.7565, best: 0.7636, time: 0:00:44
 Epoch: 179, lr: 1.0e-02, train_loss: 0.3798, train_acc: 0.8670 test_loss: 0.9164, test_acc: 0.7565, best: 0.7636, time: 0:00:50
 Epoch: 180, lr: 2.0e-03, train_loss: 0.3434, train_acc: 0.8840 test_loss: 0.8723, test_acc: 0.7710, best: 0.7710, time: 0:00:45
 Epoch: 181, lr: 2.0e-03, train_loss: 0.3086, train_acc: 0.8960 test_loss: 0.8889, test_acc: 0.7740, best: 0.7740, time: 0:00:46
 Epoch: 182, lr: 2.0e-03, train_loss: 0.3150, train_acc: 0.8916 test_loss: 0.8954, test_acc: 0.7711, best: 0.7740, time: 0:00:45
 Epoch: 183, lr: 2.0e-03, train_loss: 0.3034, train_acc: 0.9012 test_loss: 0.9074, test_acc: 0.7710, best: 0.7740, time: 0:00:45
 Epoch: 184, lr: 2.0e-03, train_loss: 0.3089, train_acc: 0.8946 test_loss: 0.9138, test_acc: 0.7720, best: 0.7740, time: 0:00:50
 Epoch: 185, lr: 2.0e-03, train_loss: 0.2896, train_acc: 0.9004 test_loss: 0.9464, test_acc: 0.7716, best: 0.7740, time: 0:00:48
 Epoch: 186, lr: 2.0e-03, train_loss: 0.2900, train_acc: 0.9044 test_loss: 0.9276, test_acc: 0.7730, best: 0.7740, time: 0:00:51
 Epoch: 187, lr: 2.0e-03, train_loss: 0.2968, train_acc: 0.8974 test_loss: 0.9276, test_acc: 0.7718, best: 0.7740, time: 0:00:46
 Epoch: 188, lr: 2.0e-03, train_loss: 0.2894, train_acc: 0.9010 test_loss: 0.9035, test_acc: 0.7738, best: 0.7740, time: 0:00:49
 Epoch: 189, lr: 2.0e-03, train_loss: 0.2782, train_acc: 0.9072 test_loss: 0.9337, test_acc: 0.7754, best: 0.7754, time: 0:00:47
 Epoch: 190, lr: 2.0e-03, train_loss: 0.2701, train_acc: 0.9040 test_loss: 0.9324, test_acc: 0.7776, best: 0.7776, time: 0:00:45
 Epoch: 191, lr: 2.0e-03, train_loss: 0.2696, train_acc: 0.9100 test_loss: 0.9395, test_acc: 0.7735, best: 0.7776, time: 0:00:46
 Epoch: 192, lr: 2.0e-03, train_loss: 0.2758, train_acc: 0.9042 test_loss: 0.9392, test_acc: 0.7741, best: 0.7776, time: 0:00:51
 Epoch: 193, lr: 2.0e-03, train_loss: 0.2812, train_acc: 0.9040 test_loss: 0.9577, test_acc: 0.7706, best: 0.7776, time: 0:00:48
 Epoch: 194, lr: 2.0e-03, train_loss: 0.2778, train_acc: 0.9018 test_loss: 0.9715, test_acc: 0.7689, best: 0.7776, time: 0:00:53
 Epoch: 195, lr: 2.0e-03, train_loss: 0.2600, train_acc: 0.9080 test_loss: 0.9300, test_acc: 0.7749, best: 0.7776, time: 0:00:49
 Epoch: 196, lr: 2.0e-03, train_loss: 0.2796, train_acc: 0.9032 test_loss: 0.9300, test_acc: 0.7719, best: 0.7776, time: 0:00:51
 Epoch: 197, lr: 2.0e-03, train_loss: 0.2741, train_acc: 0.9090 test_loss: 0.9641, test_acc: 0.7660, best: 0.7776, time: 0:00:51
 Epoch: 198, lr: 2.0e-03, train_loss: 0.2602, train_acc: 0.9140 test_loss: 0.9584, test_acc: 0.7734, best: 0.7776, time: 0:00:50
 Epoch: 199, lr: 2.0e-03, train_loss: 0.2598, train_acc: 0.9070 test_loss: 0.9744, test_acc: 0.7689, best: 0.7776, time: 0:00:50
 Epoch: 200, lr: 2.0e-03, train_loss: 0.2722, train_acc: 0.9080 test_loss: 0.9879, test_acc: 0.7665, best: 0.7776, time: 0:00:49
 Epoch: 201, lr: 2.0e-03, train_loss: 0.2662, train_acc: 0.9076 test_loss: 0.9775, test_acc: 0.7685, best: 0.7776, time: 0:00:46
 Epoch: 202, lr: 2.0e-03, train_loss: 0.2631, train_acc: 0.9086 test_loss: 0.9685, test_acc: 0.7721, best: 0.7776, time: 0:00:47
 Epoch: 203, lr: 2.0e-03, train_loss: 0.2676, train_acc: 0.9012 test_loss: 0.9386, test_acc: 0.7696, best: 0.7776, time: 0:00:46
 Epoch: 204, lr: 2.0e-03, train_loss: 0.2573, train_acc: 0.9136 test_loss: 0.9697, test_acc: 0.7711, best: 0.7776, time: 0:00:45
 Epoch: 205, lr: 2.0e-03, train_loss: 0.2799, train_acc: 0.9054 test_loss: 0.9568, test_acc: 0.7675, best: 0.7776, time: 0:00:48
 Epoch: 206, lr: 2.0e-03, train_loss: 0.2572, train_acc: 0.9114 test_loss: 0.9665, test_acc: 0.7731, best: 0.7776, time: 0:00:49
 Epoch: 207, lr: 2.0e-03, train_loss: 0.2578, train_acc: 0.9126 test_loss: 0.9407, test_acc: 0.7739, best: 0.7776, time: 0:00:47
 Epoch: 208, lr: 2.0e-03, train_loss: 0.2664, train_acc: 0.9072 test_loss: 0.9935, test_acc: 0.7630, best: 0.7776, time: 0:00:52
 Epoch: 209, lr: 2.0e-03, train_loss: 0.2588, train_acc: 0.9104 test_loss: 0.9953, test_acc: 0.7669, best: 0.7776, time: 0:00:53
 Epoch: 210, lr: 2.0e-03, train_loss: 0.2729, train_acc: 0.9076 test_loss: 0.9695, test_acc: 0.7704, best: 0.7776, time: 0:00:51
 Epoch: 211, lr: 2.0e-03, train_loss: 0.2681, train_acc: 0.9116 test_loss: 0.9665, test_acc: 0.7679, best: 0.7776, time: 0:00:46
 Epoch: 212, lr: 2.0e-03, train_loss: 0.2597, train_acc: 0.9138 test_loss: 0.9346, test_acc: 0.7700, best: 0.7776, time: 0:00:52
 Epoch: 213, lr: 2.0e-03, train_loss: 0.2349, train_acc: 0.9194 test_loss: 0.9379, test_acc: 0.7675, best: 0.7776, time: 0:00:50
 Epoch: 214, lr: 2.0e-03, train_loss: 0.2664, train_acc: 0.9096 test_loss: 1.0119, test_acc: 0.7720, best: 0.7776, time: 0:00:47
 Epoch: 215, lr: 2.0e-03, train_loss: 0.2650, train_acc: 0.9138 test_loss: 0.9712, test_acc: 0.7719, best: 0.7776, time: 0:00:49
 Epoch: 216, lr: 2.0e-03, train_loss: 0.2558, train_acc: 0.9098 test_loss: 0.9580, test_acc: 0.7676, best: 0.7776, time: 0:00:48
 Epoch: 217, lr: 2.0e-03, train_loss: 0.2539, train_acc: 0.9152 test_loss: 0.9474, test_acc: 0.7728, best: 0.7776, time: 0:00:48
 Epoch: 218, lr: 2.0e-03, train_loss: 0.2518, train_acc: 0.9108 test_loss: 0.9562, test_acc: 0.7666, best: 0.7776, time: 0:00:45
 Epoch: 219, lr: 2.0e-03, train_loss: 0.2392, train_acc: 0.9144 test_loss: 0.9255, test_acc: 0.7769, best: 0.7776, time: 0:00:45
 Epoch: 220, lr: 2.0e-03, train_loss: 0.2371, train_acc: 0.9188 test_loss: 0.9926, test_acc: 0.7695, best: 0.7776, time: 0:00:44
 Epoch: 221, lr: 2.0e-03, train_loss: 0.2751, train_acc: 0.9040 test_loss: 0.9560, test_acc: 0.7699, best: 0.7776, time: 0:00:47
 Epoch: 222, lr: 2.0e-03, train_loss: 0.2704, train_acc: 0.9092 test_loss: 0.9465, test_acc: 0.7749, best: 0.7776, time: 0:00:46
 Epoch: 223, lr: 2.0e-03, train_loss: 0.2612, train_acc: 0.9086 test_loss: 0.9519, test_acc: 0.7696, best: 0.7776, time: 0:00:48
 Epoch: 224, lr: 2.0e-03, train_loss: 0.2601, train_acc: 0.9062 test_loss: 0.9729, test_acc: 0.7720, best: 0.7776, time: 0:00:45
 Epoch: 225, lr: 2.0e-03, train_loss: 0.2439, train_acc: 0.9146 test_loss: 0.9848, test_acc: 0.7721, best: 0.7776, time: 0:00:47
 Epoch: 226, lr: 2.0e-03, train_loss: 0.2464, train_acc: 0.9148 test_loss: 0.9273, test_acc: 0.7750, best: 0.7776, time: 0:00:51
 Epoch: 227, lr: 2.0e-03, train_loss: 0.2574, train_acc: 0.9142 test_loss: 0.9681, test_acc: 0.7726, best: 0.7776, time: 0:00:50
 Epoch: 228, lr: 2.0e-03, train_loss: 0.2371, train_acc: 0.9210 test_loss: 0.9538, test_acc: 0.7710, best: 0.7776, time: 0:00:48
 Epoch: 229, lr: 2.0e-03, train_loss: 0.2415, train_acc: 0.9170 test_loss: 0.9679, test_acc: 0.7721, best: 0.7776, time: 0:00:50
 Epoch: 230, lr: 2.0e-03, train_loss: 0.2540, train_acc: 0.9142 test_loss: 0.9807, test_acc: 0.7692, best: 0.7776, time: 0:00:49
 Epoch: 231, lr: 2.0e-03, train_loss: 0.2464, train_acc: 0.9184 test_loss: 0.9655, test_acc: 0.7676, best: 0.7776, time: 0:00:51
 Epoch: 232, lr: 2.0e-03, train_loss: 0.2424, train_acc: 0.9180 test_loss: 0.9720, test_acc: 0.7658, best: 0.7776, time: 0:00:53
 Epoch: 233, lr: 2.0e-03, train_loss: 0.2321, train_acc: 0.9202 test_loss: 1.0067, test_acc: 0.7656, best: 0.7776, time: 0:00:50
 Epoch: 234, lr: 2.0e-03, train_loss: 0.2477, train_acc: 0.9120 test_loss: 0.9782, test_acc: 0.7731, best: 0.7776, time: 0:00:47
 Epoch: 235, lr: 2.0e-03, train_loss: 0.2463, train_acc: 0.9144 test_loss: 0.9809, test_acc: 0.7740, best: 0.7776, time: 0:00:50
 Epoch: 236, lr: 2.0e-03, train_loss: 0.2451, train_acc: 0.9124 test_loss: 0.9684, test_acc: 0.7696, best: 0.7776, time: 0:00:49
 Epoch: 237, lr: 2.0e-03, train_loss: 0.2543, train_acc: 0.9110 test_loss: 1.0040, test_acc: 0.7668, best: 0.7776, time: 0:00:46
 Epoch: 238, lr: 2.0e-03, train_loss: 0.2356, train_acc: 0.9182 test_loss: 0.9786, test_acc: 0.7716, best: 0.7776, time: 0:00:48
 Epoch: 239, lr: 2.0e-03, train_loss: 0.2555, train_acc: 0.9120 test_loss: 0.9622, test_acc: 0.7701, best: 0.7776, time: 0:00:52
 Epoch: 240, lr: 4.0e-04, train_loss: 0.2278, train_acc: 0.9246 test_loss: 0.9490, test_acc: 0.7754, best: 0.7776, time: 0:00:46
 Epoch: 241, lr: 4.0e-04, train_loss: 0.2253, train_acc: 0.9246 test_loss: 0.9207, test_acc: 0.7769, best: 0.7776, time: 0:00:48
 Epoch: 242, lr: 4.0e-04, train_loss: 0.2283, train_acc: 0.9214 test_loss: 0.9407, test_acc: 0.7754, best: 0.7776, time: 0:00:48
 Epoch: 243, lr: 4.0e-04, train_loss: 0.2265, train_acc: 0.9216 test_loss: 0.9635, test_acc: 0.7778, best: 0.7778, time: 0:00:49
 Epoch: 244, lr: 4.0e-04, train_loss: 0.2203, train_acc: 0.9244 test_loss: 0.9365, test_acc: 0.7782, best: 0.7782, time: 0:00:51
 Epoch: 245, lr: 4.0e-04, train_loss: 0.2200, train_acc: 0.9256 test_loss: 0.9344, test_acc: 0.7774, best: 0.7782, time: 0:00:50
 Epoch: 246, lr: 4.0e-04, train_loss: 0.2226, train_acc: 0.9228 test_loss: 0.9593, test_acc: 0.7784, best: 0.7784, time: 0:00:46
 Epoch: 247, lr: 4.0e-04, train_loss: 0.2440, train_acc: 0.9154 test_loss: 0.9462, test_acc: 0.7740, best: 0.7784, time: 0:00:45
 Epoch: 248, lr: 4.0e-04, train_loss: 0.2308, train_acc: 0.9196 test_loss: 0.9357, test_acc: 0.7795, best: 0.7795, time: 0:00:51
 Epoch: 249, lr: 4.0e-04, train_loss: 0.2446, train_acc: 0.9166 test_loss: 0.9129, test_acc: 0.7785, best: 0.7795, time: 0:00:50
 Epoch: 250, lr: 4.0e-04, train_loss: 0.2319, train_acc: 0.9216 test_loss: 0.9518, test_acc: 0.7791, best: 0.7795, time: 0:00:47
 Epoch: 251, lr: 4.0e-04, train_loss: 0.2171, train_acc: 0.9242 test_loss: 0.9927, test_acc: 0.7768, best: 0.7795, time: 0:00:50
 Epoch: 252, lr: 4.0e-04, train_loss: 0.2232, train_acc: 0.9216 test_loss: 0.9322, test_acc: 0.7786, best: 0.7795, time: 0:00:50
 Epoch: 253, lr: 4.0e-04, train_loss: 0.2138, train_acc: 0.9292 test_loss: 0.9503, test_acc: 0.7782, best: 0.7795, time: 0:00:45
 Epoch: 254, lr: 4.0e-04, train_loss: 0.2156, train_acc: 0.9264 test_loss: 0.9620, test_acc: 0.7760, best: 0.7795, time: 0:00:49
 Epoch: 255, lr: 4.0e-04, train_loss: 0.2126, train_acc: 0.9280 test_loss: 1.0003, test_acc: 0.7752, best: 0.7795, time: 0:00:49
 Epoch: 256, lr: 4.0e-04, train_loss: 0.2110, train_acc: 0.9322 test_loss: 0.9791, test_acc: 0.7766, best: 0.7795, time: 0:00:48
 Epoch: 257, lr: 4.0e-04, train_loss: 0.2310, train_acc: 0.9206 test_loss: 0.9372, test_acc: 0.7796, best: 0.7796, time: 0:00:47
 Epoch: 258, lr: 4.0e-04, train_loss: 0.2282, train_acc: 0.9162 test_loss: 0.9818, test_acc: 0.7739, best: 0.7796, time: 0:00:48
 Epoch: 259, lr: 4.0e-04, train_loss: 0.2245, train_acc: 0.9226 test_loss: 0.9516, test_acc: 0.7765, best: 0.7796, time: 0:00:44
 Epoch: 260, lr: 4.0e-04, train_loss: 0.2167, train_acc: 0.9298 test_loss: 0.9747, test_acc: 0.7771, best: 0.7796, time: 0:00:48
 Epoch: 261, lr: 4.0e-04, train_loss: 0.2201, train_acc: 0.9248 test_loss: 0.9545, test_acc: 0.7821, best: 0.7821, time: 0:00:46
 Epoch: 262, lr: 4.0e-04, train_loss: 0.2173, train_acc: 0.9282 test_loss: 0.9549, test_acc: 0.7795, best: 0.7821, time: 0:00:44
 Epoch: 263, lr: 4.0e-04, train_loss: 0.2185, train_acc: 0.9248 test_loss: 0.9842, test_acc: 0.7786, best: 0.7821, time: 0:00:44
 Epoch: 264, lr: 4.0e-04, train_loss: 0.2337, train_acc: 0.9212 test_loss: 0.9617, test_acc: 0.7764, best: 0.7821, time: 0:00:47
 Epoch: 265, lr: 4.0e-04, train_loss: 0.2321, train_acc: 0.9218 test_loss: 0.9507, test_acc: 0.7750, best: 0.7821, time: 0:00:52
 Epoch: 266, lr: 4.0e-04, train_loss: 0.2313, train_acc: 0.9200 test_loss: 0.9482, test_acc: 0.7779, best: 0.7821, time: 0:00:47
 Epoch: 267, lr: 4.0e-04, train_loss: 0.2134, train_acc: 0.9270 test_loss: 0.9429, test_acc: 0.7798, best: 0.7821, time: 0:00:52
 Epoch: 268, lr: 4.0e-04, train_loss: 0.2073, train_acc: 0.9292 test_loss: 0.9433, test_acc: 0.7780, best: 0.7821, time: 0:00:50
 Epoch: 269, lr: 4.0e-04, train_loss: 0.2163, train_acc: 0.9288 test_loss: 0.9499, test_acc: 0.7810, best: 0.7821, time: 0:00:52
 Epoch: 270, lr: 8.0e-05, train_loss: 0.2223, train_acc: 0.9216 test_loss: 0.9495, test_acc: 0.7775, best: 0.7821, time: 0:00:46
 Epoch: 271, lr: 8.0e-05, train_loss: 0.2074, train_acc: 0.9344 test_loss: 0.9426, test_acc: 0.7756, best: 0.7821, time: 0:00:44
 Epoch: 272, lr: 8.0e-05, train_loss: 0.2185, train_acc: 0.9224 test_loss: 0.9710, test_acc: 0.7796, best: 0.7821, time: 0:00:47
 Epoch: 273, lr: 8.0e-05, train_loss: 0.2275, train_acc: 0.9216 test_loss: 0.9549, test_acc: 0.7752, best: 0.7821, time: 0:00:47
 Epoch: 274, lr: 8.0e-05, train_loss: 0.2322, train_acc: 0.9176 test_loss: 0.9685, test_acc: 0.7755, best: 0.7821, time: 0:00:45
 Epoch: 275, lr: 8.0e-05, train_loss: 0.2388, train_acc: 0.9166 test_loss: 0.9611, test_acc: 0.7785, best: 0.7821, time: 0:00:51
 Epoch: 276, lr: 8.0e-05, train_loss: 0.2230, train_acc: 0.9250 test_loss: 0.9434, test_acc: 0.7802, best: 0.7821, time: 0:00:49
 Epoch: 277, lr: 8.0e-05, train_loss: 0.2241, train_acc: 0.9232 test_loss: 0.9368, test_acc: 0.7781, best: 0.7821, time: 0:00:49
 Epoch: 278, lr: 8.0e-05, train_loss: 0.2160, train_acc: 0.9250 test_loss: 0.9517, test_acc: 0.7784, best: 0.7821, time: 0:00:47
 Epoch: 279, lr: 8.0e-05, train_loss: 0.1974, train_acc: 0.9342 test_loss: 0.9543, test_acc: 0.7791, best: 0.7821, time: 0:00:48
 Epoch: 280, lr: 8.0e-05, train_loss: 0.2467, train_acc: 0.9184 test_loss: 0.9604, test_acc: 0.7788, best: 0.7821, time: 0:00:48
 Epoch: 281, lr: 8.0e-05, train_loss: 0.2241, train_acc: 0.9218 test_loss: 0.9492, test_acc: 0.7786, best: 0.7821, time: 0:00:50
 Epoch: 282, lr: 8.0e-05, train_loss: 0.2292, train_acc: 0.9174 test_loss: 0.9432, test_acc: 0.7771, best: 0.7821, time: 0:00:48
 Epoch: 283, lr: 8.0e-05, train_loss: 0.2177, train_acc: 0.9230 test_loss: 0.9528, test_acc: 0.7796, best: 0.7821, time: 0:00:46
 Epoch: 284, lr: 8.0e-05, train_loss: 0.2144, train_acc: 0.9278 test_loss: 0.9629, test_acc: 0.7778, best: 0.7821, time: 0:00:48
 Epoch: 285, lr: 8.0e-05, train_loss: 0.2101, train_acc: 0.9260 test_loss: 0.9380, test_acc: 0.7811, best: 0.7821, time: 0:00:51
 Epoch: 286, lr: 8.0e-05, train_loss: 0.2237, train_acc: 0.9270 test_loss: 0.9453, test_acc: 0.7794, best: 0.7821, time: 0:00:49
 Epoch: 287, lr: 8.0e-05, train_loss: 0.2171, train_acc: 0.9272 test_loss: 0.9948, test_acc: 0.7735, best: 0.7821, time: 0:00:51
 Epoch: 288, lr: 8.0e-05, train_loss: 0.2266, train_acc: 0.9200 test_loss: 0.9540, test_acc: 0.7786, best: 0.7821, time: 0:00:46
 Epoch: 289, lr: 8.0e-05, train_loss: 0.2135, train_acc: 0.9248 test_loss: 0.9496, test_acc: 0.7770, best: 0.7821, time: 0:00:51
 Epoch: 290, lr: 8.0e-05, train_loss: 0.2185, train_acc: 0.9216 test_loss: 0.9632, test_acc: 0.7770, best: 0.7821, time: 0:00:46
 Epoch: 291, lr: 8.0e-05, train_loss: 0.2223, train_acc: 0.9196 test_loss: 0.9559, test_acc: 0.7776, best: 0.7821, time: 0:00:51
 Epoch: 292, lr: 8.0e-05, train_loss: 0.2238, train_acc: 0.9190 test_loss: 0.9496, test_acc: 0.7780, best: 0.7821, time: 0:00:47
 Epoch: 293, lr: 8.0e-05, train_loss: 0.2098, train_acc: 0.9264 test_loss: 0.9498, test_acc: 0.7781, best: 0.7821, time: 0:00:51
 Epoch: 294, lr: 8.0e-05, train_loss: 0.1919, train_acc: 0.9312 test_loss: 0.9438, test_acc: 0.7764, best: 0.7821, time: 0:00:47
 Epoch: 295, lr: 8.0e-05, train_loss: 0.2366, train_acc: 0.9196 test_loss: 0.9535, test_acc: 0.7766, best: 0.7821, time: 0:00:51
 Epoch: 296, lr: 8.0e-05, train_loss: 0.2144, train_acc: 0.9280 test_loss: 0.9489, test_acc: 0.7790, best: 0.7821, time: 0:00:47
 Epoch: 297, lr: 8.0e-05, train_loss: 0.2308, train_acc: 0.9216 test_loss: 0.9364, test_acc: 0.7776, best: 0.7821, time: 0:00:51
 Epoch: 298, lr: 8.0e-05, train_loss: 0.2213, train_acc: 0.9210 test_loss: 0.9811, test_acc: 0.7758, best: 0.7821, time: 0:00:49
 Epoch: 299, lr: 8.0e-05, train_loss: 0.2195, train_acc: 0.9262 test_loss: 0.9719, test_acc: 0.7758, best: 0.7821, time: 0:00:50
 Highest accuracy: 0.7821